ERROR - 2022-06-05 01:28:10 --> MySQL server has gone away
CRITICAL - 2022-06-05 01:28:10 --> MySQL server has gone away
#0 C:\xampp\htdocs\littlegreenery\system\Database\MySQLi\Connection.php(292): mysqli->query('INSERT INTO `or...', 0)
#1 C:\xampp\htdocs\littlegreenery\system\Database\BaseConnection.php(670): CodeIgniter\Database\MySQLi\Connection->execute('INSERT INTO `or...')
#2 C:\xampp\htdocs\littlegreenery\system\Database\BaseConnection.php(598): CodeIgniter\Database\BaseConnection->simpleQuery('INSERT INTO `or...')
#3 C:\xampp\htdocs\littlegreenery\system\Database\BaseBuilder.php(1771): CodeIgniter\Database\BaseConnection->query('INSERT INTO `or...', Array, false)
#4 C:\xampp\htdocs\littlegreenery\app\Models\ProductModel.php(76): CodeIgniter\Database\BaseBuilder->insert(Array)
#5 C:\xampp\htdocs\littlegreenery\app\Controllers\Shop.php(177): App\Models\ProductModel->create_order(Array)
#6 C:\xampp\htdocs\littlegreenery\system\CodeIgniter.php(832): App\Controllers\Shop->checkout('order')
#7 C:\xampp\htdocs\littlegreenery\system\CodeIgniter.php(419): CodeIgniter\CodeIgniter->runController(Object(App\Controllers\Shop))
#8 C:\xampp\htdocs\littlegreenery\system\CodeIgniter.php(326): CodeIgniter\CodeIgniter->handleRequest(NULL, Object(Config\Cache), false)
#9 C:\xampp\htdocs\littlegreenery\public\index.php(37): CodeIgniter\CodeIgniter->run()
#10 C:\xampp\htdocs\littlegreenery\system\Commands\Server\rewrite.php(43): require_once('C:\\xampp\\htdocs...')
#11 {main}
ERROR - 2022-06-05 01:28:22 --> Error connecting to the database: No connection could be made because the target machine actively refused it
CRITICAL - 2022-06-05 01:28:22 --> Unable to connect to the database.
Main connection [MySQLi]: No connection could be made because the target machine actively refused it
#0 C:\xampp\htdocs\littlegreenery\system\Database\BaseConnection.php(577): CodeIgniter\Database\BaseConnection->initialize()
#1 C:\xampp\htdocs\littlegreenery\app\Helpers\global_helper.php(22): CodeIgniter\Database\BaseConnection->query('\r\n        SELEC...')
#2 C:\xampp\htdocs\littlegreenery\app\Controllers\Shop.php(47): get_settings('min_shop_to_fre...')
#3 C:\xampp\htdocs\littlegreenery\system\CodeIgniter.php(832): App\Controllers\Shop->cart()
#4 C:\xampp\htdocs\littlegreenery\system\CodeIgniter.php(419): CodeIgniter\CodeIgniter->runController(Object(App\Controllers\Shop))
#5 C:\xampp\htdocs\littlegreenery\system\CodeIgniter.php(326): CodeIgniter\CodeIgniter->handleRequest(NULL, Object(Config\Cache), false)
#6 C:\xampp\htdocs\littlegreenery\public\index.php(37): CodeIgniter\CodeIgniter->run()
#7 C:\xampp\htdocs\littlegreenery\system\Commands\Server\rewrite.php(43): require_once('C:\\xampp\\htdocs...')
#8 {main}
ERROR - 2022-06-05 01:28:38 --> Error connecting to the database: No connection could be made because the target machine actively refused it
CRITICAL - 2022-06-05 01:28:38 --> Unable to connect to the database.
Main connection [MySQLi]: No connection could be made because the target machine actively refused it
#0 C:\xampp\htdocs\littlegreenery\system\Database\BaseConnection.php(577): CodeIgniter\Database\BaseConnection->initialize()
#1 C:\xampp\htdocs\littlegreenery\system\Database\BaseBuilder.php(1455): CodeIgniter\Database\BaseConnection->query('SELECT *\nFROM `...', Array, false)
#2 C:\xampp\htdocs\littlegreenery\system\Model.php(210): CodeIgniter\Database\BaseBuilder->get()
#3 C:\xampp\htdocs\littlegreenery\system\BaseModel.php(622): CodeIgniter\Model->doFirst()
#4 C:\xampp\htdocs\littlegreenery\app\Controllers\Home.php(21): CodeIgniter\BaseModel->first()
#5 C:\xampp\htdocs\littlegreenery\system\CodeIgniter.php(832): App\Controllers\Home->index()
#6 C:\xampp\htdocs\littlegreenery\system\CodeIgniter.php(419): CodeIgniter\CodeIgniter->runController(Object(App\Controllers\Home))
#7 C:\xampp\htdocs\littlegreenery\system\CodeIgniter.php(326): CodeIgniter\CodeIgniter->handleRequest(NULL, Object(Config\Cache), false)
#8 C:\xampp\htdocs\littlegreenery\public\index.php(37): CodeIgniter\CodeIgniter->run()
#9 C:\xampp\htdocs\littlegreenery\system\Commands\Server\rewrite.php(43): require_once('C:\\xampp\\htdocs...')
#10 {main}
ERROR - 2022-06-05 01:29:01 --> Error connecting to the database: No connection could be made because the target machine actively refused it
CRITICAL - 2022-06-05 01:29:01 --> Unable to connect to the database.
Main connection [MySQLi]: No connection could be made because the target machine actively refused it
#0 C:\xampp\htdocs\littlegreenery\system\Database\BaseConnection.php(577): CodeIgniter\Database\BaseConnection->initialize()
#1 C:\xampp\htdocs\littlegreenery\system\Database\BaseBuilder.php(1455): CodeIgniter\Database\BaseConnection->query('SELECT *\nFROM `...', Array, false)
#2 C:\xampp\htdocs\littlegreenery\system\Model.php(210): CodeIgniter\Database\BaseBuilder->get()
#3 C:\xampp\htdocs\littlegreenery\system\BaseModel.php(622): CodeIgniter\Model->doFirst()
#4 C:\xampp\htdocs\littlegreenery\vendor\myth\auth\src\Authentication\LocalAuthenticator.php(156): CodeIgniter\BaseModel->first()
#5 C:\xampp\htdocs\littlegreenery\vendor\myth\auth\src\Authentication\LocalAuthenticator.php(20): Myth\Auth\Authentication\LocalAuthenticator->validate(Array, true)
#6 C:\xampp\htdocs\littlegreenery\vendor\myth\auth\src\Controllers\AuthController.php(87): Myth\Auth\Authentication\LocalAuthenticator->attempt(Array, false)
#7 C:\xampp\htdocs\littlegreenery\system\CodeIgniter.php(832): Myth\Auth\Controllers\AuthController->attemptLogin()
#8 C:\xampp\htdocs\littlegreenery\system\CodeIgniter.php(419): CodeIgniter\CodeIgniter->runController(Object(Myth\Auth\Controllers\AuthController))
#9 C:\xampp\htdocs\littlegreenery\system\CodeIgniter.php(326): CodeIgniter\CodeIgniter->handleRequest(NULL, Object(Config\Cache), false)
#10 C:\xampp\htdocs\littlegreenery\public\index.php(37): CodeIgniter\CodeIgniter->run()
#11 C:\xampp\htdocs\littlegreenery\system\Commands\Server\rewrite.php(43): require_once('C:\\xampp\\htdocs...')
#12 {main}
ERROR - 2022-06-05 01:29:23 --> Error connecting to the database: No connection could be made because the target machine actively refused it
CRITICAL - 2022-06-05 01:29:23 --> Unable to connect to the database.
Main connection [MySQLi]: No connection could be made because the target machine actively refused it
#0 C:\xampp\htdocs\littlegreenery\system\Database\BaseConnection.php(577): CodeIgniter\Database\BaseConnection->initialize()
#1 C:\xampp\htdocs\littlegreenery\system\Database\BaseBuilder.php(1455): CodeIgniter\Database\BaseConnection->query('SELECT *\nFROM `...', Array, false)
#2 C:\xampp\htdocs\littlegreenery\system\Model.php(210): CodeIgniter\Database\BaseBuilder->get()
#3 C:\xampp\htdocs\littlegreenery\system\BaseModel.php(622): CodeIgniter\Model->doFirst()
#4 C:\xampp\htdocs\littlegreenery\vendor\myth\auth\src\Authentication\LocalAuthenticator.php(156): CodeIgniter\BaseModel->first()
#5 C:\xampp\htdocs\littlegreenery\vendor\myth\auth\src\Authentication\LocalAuthenticator.php(20): Myth\Auth\Authentication\LocalAuthenticator->validate(Array, true)
#6 C:\xampp\htdocs\littlegreenery\vendor\myth\auth\src\Controllers\AuthController.php(87): Myth\Auth\Authentication\LocalAuthenticator->attempt(Array, false)
#7 C:\xampp\htdocs\littlegreenery\system\CodeIgniter.php(832): Myth\Auth\Controllers\AuthController->attemptLogin()
#8 C:\xampp\htdocs\littlegreenery\system\CodeIgniter.php(419): CodeIgniter\CodeIgniter->runController(Object(Myth\Auth\Controllers\AuthController))
#9 C:\xampp\htdocs\littlegreenery\system\CodeIgniter.php(326): CodeIgniter\CodeIgniter->handleRequest(NULL, Object(Config\Cache), false)
#10 C:\xampp\htdocs\littlegreenery\public\index.php(37): CodeIgniter\CodeIgniter->run()
#11 C:\xampp\htdocs\littlegreenery\system\Commands\Server\rewrite.php(43): require_once('C:\\xampp\\htdocs...')
#12 {main}
ERROR - 2022-06-05 01:30:12 --> Error connecting to the database: No connection could be made because the target machine actively refused it
CRITICAL - 2022-06-05 01:30:12 --> Unable to connect to the database.
Main connection [MySQLi]: No connection could be made because the target machine actively refused it
#0 C:\xampp\htdocs\littlegreenery\system\Database\BaseConnection.php(577): CodeIgniter\Database\BaseConnection->initialize()
#1 C:\xampp\htdocs\littlegreenery\system\Database\BaseBuilder.php(1455): CodeIgniter\Database\BaseConnection->query('SELECT *\nFROM `...', Array, false)
#2 C:\xampp\htdocs\littlegreenery\system\Model.php(210): CodeIgniter\Database\BaseBuilder->get()
#3 C:\xampp\htdocs\littlegreenery\system\BaseModel.php(622): CodeIgniter\Model->doFirst()
#4 C:\xampp\htdocs\littlegreenery\app\Controllers\Home.php(21): CodeIgniter\BaseModel->first()
#5 C:\xampp\htdocs\littlegreenery\system\CodeIgniter.php(832): App\Controllers\Home->index()
#6 C:\xampp\htdocs\littlegreenery\system\CodeIgniter.php(419): CodeIgniter\CodeIgniter->runController(Object(App\Controllers\Home))
#7 C:\xampp\htdocs\littlegreenery\system\CodeIgniter.php(326): CodeIgniter\CodeIgniter->handleRequest(NULL, Object(Config\Cache), false)
#8 C:\xampp\htdocs\littlegreenery\public\index.php(37): CodeIgniter\CodeIgniter->run()
#9 C:\xampp\htdocs\littlegreenery\system\Commands\Server\rewrite.php(43): require_once('C:\\xampp\\htdocs...')
#10 {main}
ERROR - 2022-06-05 01:30:31 --> Error connecting to the database: No connection could be made because the target machine actively refused it
CRITICAL - 2022-06-05 01:30:31 --> Unable to connect to the database.
Main connection [MySQLi]: No connection could be made because the target machine actively refused it
#0 C:\xampp\htdocs\littlegreenery\system\Database\BaseConnection.php(577): CodeIgniter\Database\BaseConnection->initialize()
#1 C:\xampp\htdocs\littlegreenery\system\Database\BaseBuilder.php(1455): CodeIgniter\Database\BaseConnection->query('SELECT *\nFROM `...', Array, false)
#2 C:\xampp\htdocs\littlegreenery\system\Model.php(210): CodeIgniter\Database\BaseBuilder->get()
#3 C:\xampp\htdocs\littlegreenery\system\BaseModel.php(622): CodeIgniter\Model->doFirst()
#4 C:\xampp\htdocs\littlegreenery\app\Controllers\Home.php(21): CodeIgniter\BaseModel->first()
#5 C:\xampp\htdocs\littlegreenery\system\CodeIgniter.php(832): App\Controllers\Home->index()
#6 C:\xampp\htdocs\littlegreenery\system\CodeIgniter.php(419): CodeIgniter\CodeIgniter->runController(Object(App\Controllers\Home))
#7 C:\xampp\htdocs\littlegreenery\system\CodeIgniter.php(326): CodeIgniter\CodeIgniter->handleRequest(NULL, Object(Config\Cache), false)
#8 C:\xampp\htdocs\littlegreenery\public\index.php(37): CodeIgniter\CodeIgniter->run()
#9 C:\xampp\htdocs\littlegreenery\system\Commands\Server\rewrite.php(43): require_once('C:\\xampp\\htdocs...')
#10 {main}
CRITICAL - 2022-06-05 01:50:53 --> Undefined variable $data
#0 C:\xampp\htdocs\littlegreenery\app\Views\themes\littlegreenery\shop\cart.php(7): CodeIgniter\Debug\Exceptions->errorHandler(2, 'Undefined varia...', 'C:\\xampp\\htdocs...', 7)
#1 C:\xampp\htdocs\littlegreenery\system\View\View.php(210): include('C:\\xampp\\htdocs...')
#2 C:\xampp\htdocs\littlegreenery\system\View\View.php(213): CodeIgniter\View\View->CodeIgniter\View\{closure}()
#3 C:\xampp\htdocs\littlegreenery\system\Common.php(1089): CodeIgniter\View\View->render('themes\\vegefood...', Array, true)
#4 C:\xampp\htdocs\littlegreenery\app\Controllers\Shop.php(50): view('themes\\vegefood...', Array)
#5 C:\xampp\htdocs\littlegreenery\system\CodeIgniter.php(832): App\Controllers\Shop->cart()
#6 C:\xampp\htdocs\littlegreenery\system\CodeIgniter.php(419): CodeIgniter\CodeIgniter->runController(Object(App\Controllers\Shop))
#7 C:\xampp\htdocs\littlegreenery\system\CodeIgniter.php(326): CodeIgniter\CodeIgniter->handleRequest(NULL, Object(Config\Cache), false)
#8 C:\xampp\htdocs\littlegreenery\public\index.php(37): CodeIgniter\CodeIgniter->run()
#9 C:\xampp\htdocs\littlegreenery\system\Commands\Server\rewrite.php(43): require_once('C:\\xampp\\htdocs...')
#10 {main}
CRITICAL - 2022-06-05 01:50:55 --> Undefined variable $data
#0 C:\xampp\htdocs\littlegreenery\app\Views\themes\littlegreenery\shop\cart.php(7): CodeIgniter\Debug\Exceptions->errorHandler(2, 'Undefined varia...', 'C:\\xampp\\htdocs...', 7)
#1 C:\xampp\htdocs\littlegreenery\system\View\View.php(210): include('C:\\xampp\\htdocs...')
#2 C:\xampp\htdocs\littlegreenery\system\View\View.php(213): CodeIgniter\View\View->CodeIgniter\View\{closure}()
#3 C:\xampp\htdocs\littlegreenery\system\Common.php(1089): CodeIgniter\View\View->render('themes\\vegefood...', Array, true)
#4 C:\xampp\htdocs\littlegreenery\app\Controllers\Shop.php(50): view('themes\\vegefood...', Array)
#5 C:\xampp\htdocs\littlegreenery\system\CodeIgniter.php(832): App\Controllers\Shop->cart()
#6 C:\xampp\htdocs\littlegreenery\system\CodeIgniter.php(419): CodeIgniter\CodeIgniter->runController(Object(App\Controllers\Shop))
#7 C:\xampp\htdocs\littlegreenery\system\CodeIgniter.php(326): CodeIgniter\CodeIgniter->handleRequest(NULL, Object(Config\Cache), false)
#8 C:\xampp\htdocs\littlegreenery\public\index.php(37): CodeIgniter\CodeIgniter->run()
#9 C:\xampp\htdocs\littlegreenery\system\Commands\Server\rewrite.php(43): require_once('C:\\xampp\\htdocs...')
#10 {main}
CRITICAL - 2022-06-05 03:09:45 --> Invalid file: auth\register.php
#0 C:\xampp\htdocs\littlegreenery\system\View\View.php(198): CodeIgniter\Exceptions\FrameworkException::forInvalidFile('auth\\register.p...')
#1 C:\xampp\htdocs\littlegreenery\system\Common.php(1089): CodeIgniter\View\View->render('auth\\register', Array, true)
#2 C:\xampp\htdocs\littlegreenery\app\Controllers\Login.php(28): view('auth\\register')
#3 C:\xampp\htdocs\littlegreenery\system\CodeIgniter.php(832): App\Controllers\Login->daftar()
#4 C:\xampp\htdocs\littlegreenery\system\CodeIgniter.php(419): CodeIgniter\CodeIgniter->runController(Object(App\Controllers\Login))
#5 C:\xampp\htdocs\littlegreenery\system\CodeIgniter.php(326): CodeIgniter\CodeIgniter->handleRequest(NULL, Object(Config\Cache), false)
#6 C:\xampp\htdocs\littlegreenery\public\index.php(37): CodeIgniter\CodeIgniter->run()
#7 C:\xampp\htdocs\littlegreenery\system\Commands\Server\rewrite.php(43): require_once('C:\\xampp\\htdocs...')
#8 {main}
CRITICAL - 2022-06-05 03:42:51 --> mb_strpos(): Passing null to parameter #1 ($haystack) of type string is deprecated
#0 [internal function]: CodeIgniter\Debug\Exceptions->errorHandler(8192, 'mb_strpos(): Pa...', 'C:\\xampp\\htdocs...', 138)
#1 C:\xampp\htdocs\littlegreenery\system\Validation\FileRules.php(138): mb_strpos(NULL, 'image')
#2 C:\xampp\htdocs\littlegreenery\system\Validation\Validation.php(292): CodeIgniter\Validation\FileRules->is_image(NULL, Array, Array, NULL)
#3 C:\xampp\htdocs\littlegreenery\system\Validation\Validation.php(157): CodeIgniter\Validation\Validation->processRules('picture', 'picture', NULL, Array, Array)
#4 C:\xampp\htdocs\littlegreenery\system\Controller.php(160): CodeIgniter\Validation\Validation->run()
#5 C:\xampp\htdocs\littlegreenery\app\Controllers\Customer_Profile.php(62): CodeIgniter\Controller->validate(Array)
#6 C:\xampp\htdocs\littlegreenery\system\CodeIgniter.php(832): App\Controllers\Customer_Profile->edit_name()
#7 C:\xampp\htdocs\littlegreenery\system\CodeIgniter.php(419): CodeIgniter\CodeIgniter->runController(Object(App\Controllers\Customer_Profile))
#8 C:\xampp\htdocs\littlegreenery\system\CodeIgniter.php(326): CodeIgniter\CodeIgniter->handleRequest(NULL, Object(Config\Cache), false)
#9 C:\xampp\htdocs\littlegreenery\public\index.php(37): CodeIgniter\CodeIgniter->run()
#10 C:\xampp\htdocs\littlegreenery\system\Commands\Server\rewrite.php(43): require_once('C:\\xampp\\htdocs...')
#11 {main}
CRITICAL - 2022-06-05 03:43:26 --> mb_strpos(): Passing null to parameter #1 ($haystack) of type string is deprecated
#0 [internal function]: CodeIgniter\Debug\Exceptions->errorHandler(8192, 'mb_strpos(): Pa...', 'C:\\xampp\\htdocs...', 138)
#1 C:\xampp\htdocs\littlegreenery\system\Validation\FileRules.php(138): mb_strpos(NULL, 'image')
#2 C:\xampp\htdocs\littlegreenery\system\Validation\Validation.php(292): CodeIgniter\Validation\FileRules->is_image(NULL, Array, Array, NULL)
#3 C:\xampp\htdocs\littlegreenery\system\Validation\Validation.php(157): CodeIgniter\Validation\Validation->processRules('picture', 'picture', NULL, Array, Array)
#4 C:\xampp\htdocs\littlegreenery\system\Controller.php(160): CodeIgniter\Validation\Validation->run()
#5 C:\xampp\htdocs\littlegreenery\app\Controllers\Customer_Profile.php(62): CodeIgniter\Controller->validate(Array)
#6 C:\xampp\htdocs\littlegreenery\system\CodeIgniter.php(832): App\Controllers\Customer_Profile->edit_name()
#7 C:\xampp\htdocs\littlegreenery\system\CodeIgniter.php(419): CodeIgniter\CodeIgniter->runController(Object(App\Controllers\Customer_Profile))
#8 C:\xampp\htdocs\littlegreenery\system\CodeIgniter.php(326): CodeIgniter\CodeIgniter->handleRequest(NULL, Object(Config\Cache), false)
#9 C:\xampp\htdocs\littlegreenery\public\index.php(37): CodeIgniter\CodeIgniter->run()
#10 C:\xampp\htdocs\littlegreenery\system\Commands\Server\rewrite.php(43): require_once('C:\\xampp\\htdocs...')
#11 {main}
CRITICAL - 2022-06-05 03:44:38 --> mb_strpos(): Passing null to parameter #1 ($haystack) of type string is deprecated
#0 [internal function]: CodeIgniter\Debug\Exceptions->errorHandler(8192, 'mb_strpos(): Pa...', 'C:\\xampp\\htdocs...', 138)
#1 C:\xampp\htdocs\littlegreenery\system\Validation\FileRules.php(138): mb_strpos(NULL, 'image')
#2 C:\xampp\htdocs\littlegreenery\system\Validation\Validation.php(292): CodeIgniter\Validation\FileRules->is_image(NULL, Array, Array, NULL)
#3 C:\xampp\htdocs\littlegreenery\system\Validation\Validation.php(157): CodeIgniter\Validation\Validation->processRules('picture', 'picture', NULL, Array, Array)
#4 C:\xampp\htdocs\littlegreenery\system\Controller.php(160): CodeIgniter\Validation\Validation->run()
#5 C:\xampp\htdocs\littlegreenery\app\Controllers\Customer_Profile.php(62): CodeIgniter\Controller->validate(Array)
#6 C:\xampp\htdocs\littlegreenery\system\CodeIgniter.php(832): App\Controllers\Customer_Profile->edit_name()
#7 C:\xampp\htdocs\littlegreenery\system\CodeIgniter.php(419): CodeIgniter\CodeIgniter->runController(Object(App\Controllers\Customer_Profile))
#8 C:\xampp\htdocs\littlegreenery\system\CodeIgniter.php(326): CodeIgniter\CodeIgniter->handleRequest(NULL, Object(Config\Cache), false)
#9 C:\xampp\htdocs\littlegreenery\public\index.php(37): CodeIgniter\CodeIgniter->run()
#10 C:\xampp\htdocs\littlegreenery\system\Commands\Server\rewrite.php(43): require_once('C:\\xampp\\htdocs...')
#11 {main}
CRITICAL - 2022-06-05 03:52:29 --> Attempt to read property "name" on null
#0 C:\xampp\htdocs\littlegreenery\app\Controllers\Customer_Profile.php(25): CodeIgniter\Debug\Exceptions->errorHandler(2, 'Attempt to read...', 'C:\\xampp\\htdocs...', 25)
#1 C:\xampp\htdocs\littlegreenery\system\CodeIgniter.php(832): App\Controllers\Customer_Profile->index()
#2 C:\xampp\htdocs\littlegreenery\system\CodeIgniter.php(419): CodeIgniter\CodeIgniter->runController(Object(App\Controllers\Customer_Profile))
#3 C:\xampp\htdocs\littlegreenery\system\CodeIgniter.php(326): CodeIgniter\CodeIgniter->handleRequest(NULL, Object(Config\Cache), false)
#4 C:\xampp\htdocs\littlegreenery\public\index.php(37): CodeIgniter\CodeIgniter->run()
#5 C:\xampp\htdocs\littlegreenery\system\Commands\Server\rewrite.php(43): require_once('C:\\xampp\\htdocs...')
#6 {main}
CRITICAL - 2022-06-05 04:55:21 --> Invalid file: themes\littlegreenery\pages\product.php
#0 C:\xampp\htdocs\littlegreenery\system\View\View.php(198): CodeIgniter\Exceptions\FrameworkException::forInvalidFile('themes\\vegefood...')
#1 C:\xampp\htdocs\littlegreenery\system\Common.php(1089): CodeIgniter\View\View->render('themes\\vegefood...', Array, true)
#2 C:\xampp\htdocs\littlegreenery\app\Controllers\Product.php(27): view('themes\\vegefood...', Array)
#3 C:\xampp\htdocs\littlegreenery\system\CodeIgniter.php(832): App\Controllers\Product->index()
#4 C:\xampp\htdocs\littlegreenery\system\CodeIgniter.php(419): CodeIgniter\CodeIgniter->runController(Object(App\Controllers\Product))
#5 C:\xampp\htdocs\littlegreenery\system\CodeIgniter.php(326): CodeIgniter\CodeIgniter->handleRequest(NULL, Object(Config\Cache), false)
#6 C:\xampp\htdocs\littlegreenery\public\index.php(37): CodeIgniter\CodeIgniter->run()
#7 C:\xampp\htdocs\littlegreenery\system\Commands\Server\rewrite.php(43): require_once('C:\\xampp\\htdocs...')
#8 {main}
CRITICAL - 2022-06-05 05:20:48 --> Invalid file: admin/orders/view.php
#0 C:\xampp\htdocs\littlegreenery\system\View\View.php(198): CodeIgniter\Exceptions\FrameworkException::forInvalidFile('admin/orders/vi...')
#1 C:\xampp\htdocs\littlegreenery\system\Common.php(1089): CodeIgniter\View\View->render('admin/orders/vi...', Array, true)
#2 C:\xampp\htdocs\littlegreenery\app\Controllers\admin/orders.php(51): view('admin/orders/vi...', Array)
#3 C:\xampp\htdocs\littlegreenery\system\CodeIgniter.php(832): App\Controllers\admin/orders->view('54')
#4 C:\xampp\htdocs\littlegreenery\system\CodeIgniter.php(419): CodeIgniter\CodeIgniter->runController(Object(App\Controllers\admin/orders))
#5 C:\xampp\htdocs\littlegreenery\system\CodeIgniter.php(326): CodeIgniter\CodeIgniter->handleRequest(NULL, Object(Config\Cache), false)
#6 C:\xampp\htdocs\littlegreenery\public\index.php(37): CodeIgniter\CodeIgniter->run()
#7 C:\xampp\htdocs\littlegreenery\system\Commands\Server\rewrite.php(43): require_once('C:\\xampp\\htdocs...')
#8 {main}
CRITICAL - 2022-06-05 06:57:45 --> number_format(): Passing null to parameter #1 ($num) of type float is deprecated
#0 [internal function]: CodeIgniter\Debug\Exceptions->errorHandler(8192, 'number_format()...', 'C:\\xampp\\htdocs...', 29)
#1 C:\xampp\htdocs\littlegreenery\app\Helpers\global_helper.php(29): number_format(NULL, 2, ',', '.')
#2 C:\xampp\htdocs\littlegreenery\app\Views\admin\orders\orders.php(63): format_rupiah(NULL)
#3 C:\xampp\htdocs\littlegreenery\system\View\View.php(210): include('C:\\xampp\\htdocs...')
#4 C:\xampp\htdocs\littlegreenery\system\View\View.php(213): CodeIgniter\View\View->CodeIgniter\View\{closure}()
#5 C:\xampp\htdocs\littlegreenery\system\Common.php(1089): CodeIgniter\View\View->render('admin/orders/or...', Array, true)
#6 C:\xampp\htdocs\littlegreenery\app\Controllers\Admin_Orders.php(31): view('admin/orders/or...', Array)
#7 C:\xampp\htdocs\littlegreenery\system\CodeIgniter.php(832): App\Controllers\Admin_Orders->index()
#8 C:\xampp\htdocs\littlegreenery\system\CodeIgniter.php(419): CodeIgniter\CodeIgniter->runController(Object(App\Controllers\Admin_Orders))
#9 C:\xampp\htdocs\littlegreenery\system\CodeIgniter.php(326): CodeIgniter\CodeIgniter->handleRequest(NULL, Object(Config\Cache), false)
#10 C:\xampp\htdocs\littlegreenery\public\index.php(37): CodeIgniter\CodeIgniter->run()
#11 C:\xampp\htdocs\littlegreenery\system\Commands\Server\rewrite.php(43): require_once('C:\\xampp\\htdocs...')
#12 {main}
CRITICAL - 2022-06-05 07:07:03 --> number_format(): Passing null to parameter #1 ($num) of type float is deprecated
#0 [internal function]: CodeIgniter\Debug\Exceptions->errorHandler(8192, 'number_format()...', 'C:\\xampp\\htdocs...', 29)
#1 C:\xampp\htdocs\littlegreenery\app\Helpers\global_helper.php(29): number_format(NULL, 2, ',', '.')
#2 C:\xampp\htdocs\littlegreenery\app\Views\admin\orders\orders.php(63): format_rupiah(NULL)
#3 C:\xampp\htdocs\littlegreenery\system\View\View.php(210): include('C:\\xampp\\htdocs...')
#4 C:\xampp\htdocs\littlegreenery\system\View\View.php(213): CodeIgniter\View\View->CodeIgniter\View\{closure}()
#5 C:\xampp\htdocs\littlegreenery\system\Common.php(1089): CodeIgniter\View\View->render('admin/orders/or...', Array, true)
#6 C:\xampp\htdocs\littlegreenery\app\Controllers\Admin_Orders.php(31): view('admin/orders/or...', Array)
#7 C:\xampp\htdocs\littlegreenery\system\CodeIgniter.php(832): App\Controllers\Admin_Orders->index()
#8 C:\xampp\htdocs\littlegreenery\system\CodeIgniter.php(419): CodeIgniter\CodeIgniter->runController(Object(App\Controllers\Admin_Orders))
#9 C:\xampp\htdocs\littlegreenery\system\CodeIgniter.php(326): CodeIgniter\CodeIgniter->handleRequest(NULL, Object(Config\Cache), false)
#10 C:\xampp\htdocs\littlegreenery\public\index.php(37): CodeIgniter\CodeIgniter->run()
#11 C:\xampp\htdocs\littlegreenery\system\Commands\Server\rewrite.php(43): require_once('C:\\xampp\\htdocs...')
#12 {main}
CRITICAL - 2022-06-05 07:16:29 --> number_format(): Passing null to parameter #1 ($num) of type float is deprecated
#0 [internal function]: CodeIgniter\Debug\Exceptions->errorHandler(8192, 'number_format()...', 'C:\\xampp\\htdocs...', 29)
#1 C:\xampp\htdocs\littlegreenery\app\Helpers\global_helper.php(29): number_format(NULL, 2, ',', '.')
#2 C:\xampp\htdocs\littlegreenery\app\Views\admin\orders\orders.php(63): format_rupiah(NULL)
#3 C:\xampp\htdocs\littlegreenery\system\View\View.php(210): include('C:\\xampp\\htdocs...')
#4 C:\xampp\htdocs\littlegreenery\system\View\View.php(213): CodeIgniter\View\View->CodeIgniter\View\{closure}()
#5 C:\xampp\htdocs\littlegreenery\system\Common.php(1089): CodeIgniter\View\View->render('admin/orders/or...', Array, true)
#6 C:\xampp\htdocs\littlegreenery\app\Controllers\Admin_Orders.php(31): view('admin/orders/or...', Array)
#7 C:\xampp\htdocs\littlegreenery\system\CodeIgniter.php(832): App\Controllers\Admin_Orders->index()
#8 C:\xampp\htdocs\littlegreenery\system\CodeIgniter.php(419): CodeIgniter\CodeIgniter->runController(Object(App\Controllers\Admin_Orders))
#9 C:\xampp\htdocs\littlegreenery\system\CodeIgniter.php(326): CodeIgniter\CodeIgniter->handleRequest(NULL, Object(Config\Cache), false)
#10 C:\xampp\htdocs\littlegreenery\public\index.php(37): CodeIgniter\CodeIgniter->run()
#11 C:\xampp\htdocs\littlegreenery\system\Commands\Server\rewrite.php(43): require_once('C:\\xampp\\htdocs...')
#12 {main}
CRITICAL - 2022-06-05 07:17:11 --> Attempt to read property "email" on null
#0 C:\xampp\htdocs\littlegreenery\app\Views\admin\settings\profile.php(55): CodeIgniter\Debug\Exceptions->errorHandler(2, 'Attempt to read...', 'C:\\xampp\\htdocs...', 55)
#1 C:\xampp\htdocs\littlegreenery\system\View\View.php(210): include('C:\\xampp\\htdocs...')
#2 C:\xampp\htdocs\littlegreenery\system\View\View.php(213): CodeIgniter\View\View->CodeIgniter\View\{closure}()
#3 C:\xampp\htdocs\littlegreenery\system\Common.php(1089): CodeIgniter\View\View->render('admin/settings/...', Array, true)
#4 C:\xampp\htdocs\littlegreenery\app\Controllers\Admin_Settings.php(126): view('admin/settings/...', Array)
#5 C:\xampp\htdocs\littlegreenery\system\CodeIgniter.php(832): App\Controllers\Admin_Settings->profile()
#6 C:\xampp\htdocs\littlegreenery\system\CodeIgniter.php(419): CodeIgniter\CodeIgniter->runController(Object(App\Controllers\Admin_Settings))
#7 C:\xampp\htdocs\littlegreenery\system\CodeIgniter.php(326): CodeIgniter\CodeIgniter->handleRequest(NULL, Object(Config\Cache), false)
#8 C:\xampp\htdocs\littlegreenery\public\index.php(37): CodeIgniter\CodeIgniter->run()
#9 C:\xampp\htdocs\littlegreenery\system\Commands\Server\rewrite.php(43): require_once('C:\\xampp\\htdocs...')
#10 {main}
ERROR - 2022-06-05 07:22:56 --> Duplicate entry 'widyanurulhuda@gmail.com' for key 'email'
CRITICAL - 2022-06-05 07:22:56 --> Duplicate entry 'widyanurulhuda@gmail.com' for key 'email'
#0 C:\xampp\htdocs\littlegreenery\system\Database\MySQLi\Connection.php(292): mysqli->query('UPDATE `users` ...', 0)
#1 C:\xampp\htdocs\littlegreenery\system\Database\BaseConnection.php(670): CodeIgniter\Database\MySQLi\Connection->execute('UPDATE `users` ...')
#2 C:\xampp\htdocs\littlegreenery\system\Database\BaseConnection.php(598): CodeIgniter\Database\BaseConnection->simpleQuery('UPDATE `users` ...')
#3 C:\xampp\htdocs\littlegreenery\system\Database\BaseBuilder.php(1913): CodeIgniter\Database\BaseConnection->query('UPDATE `users` ...', Array, false)
#4 C:\xampp\htdocs\littlegreenery\app\Models\Admin\Setting_model.php(26): CodeIgniter\Database\BaseBuilder->update(Array)
#5 C:\xampp\htdocs\littlegreenery\app\Controllers\Admin_Settings.php(197): App\Models\Admin\Setting_model->update_profile(Array)
#6 C:\xampp\htdocs\littlegreenery\system\CodeIgniter.php(832): App\Controllers\Admin_Settings->profile_update()
#7 C:\xampp\htdocs\littlegreenery\system\CodeIgniter.php(419): CodeIgniter\CodeIgniter->runController(Object(App\Controllers\Admin_Settings))
#8 C:\xampp\htdocs\littlegreenery\system\CodeIgniter.php(326): CodeIgniter\CodeIgniter->handleRequest(NULL, Object(Config\Cache), false)
#9 C:\xampp\htdocs\littlegreenery\public\index.php(37): CodeIgniter\CodeIgniter->run()
#10 C:\xampp\htdocs\littlegreenery\system\Commands\Server\rewrite.php(43): require_once('C:\\xampp\\htdocs...')
#11 {main}
ERROR - 2022-06-05 07:23:39 --> Duplicate entry 'widyanurulhuda@gmail.com' for key 'email'
CRITICAL - 2022-06-05 07:23:39 --> Duplicate entry 'widyanurulhuda@gmail.com' for key 'email'
#0 C:\xampp\htdocs\littlegreenery\system\Database\MySQLi\Connection.php(292): mysqli->query('UPDATE `users` ...', 0)
#1 C:\xampp\htdocs\littlegreenery\system\Database\BaseConnection.php(670): CodeIgniter\Database\MySQLi\Connection->execute('UPDATE `users` ...')
#2 C:\xampp\htdocs\littlegreenery\system\Database\BaseConnection.php(598): CodeIgniter\Database\BaseConnection->simpleQuery('UPDATE `users` ...')
#3 C:\xampp\htdocs\littlegreenery\system\Database\BaseBuilder.php(1913): CodeIgniter\Database\BaseConnection->query('UPDATE `users` ...', Array, false)
#4 C:\xampp\htdocs\littlegreenery\app\Models\Admin\Setting_model.php(26): CodeIgniter\Database\BaseBuilder->update(Array)
#5 C:\xampp\htdocs\littlegreenery\app\Controllers\Admin_Settings.php(197): App\Models\Admin\Setting_model->update_profile(Array)
#6 C:\xampp\htdocs\littlegreenery\system\CodeIgniter.php(832): App\Controllers\Admin_Settings->profile_update()
#7 C:\xampp\htdocs\littlegreenery\system\CodeIgniter.php(419): CodeIgniter\CodeIgniter->runController(Object(App\Controllers\Admin_Settings))
#8 C:\xampp\htdocs\littlegreenery\system\CodeIgniter.php(326): CodeIgniter\CodeIgniter->handleRequest(NULL, Object(Config\Cache), false)
#9 C:\xampp\htdocs\littlegreenery\public\index.php(37): CodeIgniter\CodeIgniter->run()
#10 C:\xampp\htdocs\littlegreenery\system\Commands\Server\rewrite.php(43): require_once('C:\\xampp\\htdocs...')
#11 {main}
CRITICAL - 2022-06-05 07:25:45 --> Attempt to read property "profile_picture" on null
#0 C:\xampp\htdocs\littlegreenery\app\Helpers\global_helper.php(94): CodeIgniter\Debug\Exceptions->errorHandler(2, 'Attempt to read...', 'C:\\xampp\\htdocs...', 94)
#1 C:\xampp\htdocs\littlegreenery\app\Views\admin\header.php(162): get_admin_image()
#2 C:\xampp\htdocs\littlegreenery\system\View\View.php(210): include('C:\\xampp\\htdocs...')
#3 C:\xampp\htdocs\littlegreenery\system\View\View.php(213): CodeIgniter\View\View->CodeIgniter\View\{closure}()
#4 C:\xampp\htdocs\littlegreenery\system\View\View.php(226): CodeIgniter\View\View->render('admin\\header', Array, true)
#5 C:\xampp\htdocs\littlegreenery\system\Common.php(1089): CodeIgniter\View\View->render('admin/reviews/r...', Array, true)
#6 C:\xampp\htdocs\littlegreenery\app\Controllers\Admin_Reviews.php(34): view('admin/reviews/r...', Array)
#7 C:\xampp\htdocs\littlegreenery\system\CodeIgniter.php(832): App\Controllers\Admin_Reviews->index()
#8 C:\xampp\htdocs\littlegreenery\system\CodeIgniter.php(419): CodeIgniter\CodeIgniter->runController(Object(App\Controllers\Admin_Reviews))
#9 C:\xampp\htdocs\littlegreenery\system\CodeIgniter.php(326): CodeIgniter\CodeIgniter->handleRequest(NULL, Object(Config\Cache), false)
#10 C:\xampp\htdocs\littlegreenery\public\index.php(37): CodeIgniter\CodeIgniter->run()
#11 C:\xampp\htdocs\littlegreenery\system\Commands\Server\rewrite.php(43): require_once('C:\\xampp\\htdocs...')
#12 {main}
CRITICAL - 2022-06-05 07:45:41 --> Attempt to read property "profile_picture" on null
#0 C:\xampp\htdocs\littlegreenery\app\Helpers\global_helper.php(94): CodeIgniter\Debug\Exceptions->errorHandler(2, 'Attempt to read...', 'C:\\xampp\\htdocs...', 94)
#1 C:\xampp\htdocs\littlegreenery\app\Views\admin\header.php(162): get_admin_image()
#2 C:\xampp\htdocs\littlegreenery\system\View\View.php(210): include('C:\\xampp\\htdocs...')
#3 C:\xampp\htdocs\littlegreenery\system\View\View.php(213): CodeIgniter\View\View->CodeIgniter\View\{closure}()
#4 C:\xampp\htdocs\littlegreenery\system\View\View.php(226): CodeIgniter\View\View->render('admin\\header', Array, true)
#5 C:\xampp\htdocs\littlegreenery\system\Common.php(1089): CodeIgniter\View\View->render('admin\\overview', Array, true)
#6 C:\xampp\htdocs\littlegreenery\app\Controllers\Admin.php(38): view('admin\\overview', Array)
#7 C:\xampp\htdocs\littlegreenery\system\CodeIgniter.php(832): App\Controllers\Admin->index()
#8 C:\xampp\htdocs\littlegreenery\system\CodeIgniter.php(419): CodeIgniter\CodeIgniter->runController(Object(App\Controllers\Admin))
#9 C:\xampp\htdocs\littlegreenery\system\CodeIgniter.php(326): CodeIgniter\CodeIgniter->handleRequest(NULL, Object(Config\Cache), false)
#10 C:\xampp\htdocs\littlegreenery\public\index.php(37): CodeIgniter\CodeIgniter->run()
#11 C:\xampp\htdocs\littlegreenery\system\Commands\Server\rewrite.php(43): require_once('C:\\xampp\\htdocs...')
#12 {main}
CRITICAL - 2022-06-05 08:53:32 --> Attempt to read property "name" on null
#0 C:\xampp\htdocs\littlegreenery\app\Controllers\Shop.php(33): CodeIgniter\Debug\Exceptions->errorHandler(2, 'Attempt to read...', 'C:\\xampp\\htdocs...', 33)
#1 C:\xampp\htdocs\littlegreenery\system\CodeIgniter.php(832): App\Controllers\Shop->product('9', 'AB450163')
#2 C:\xampp\htdocs\littlegreenery\system\CodeIgniter.php(419): CodeIgniter\CodeIgniter->runController(Object(App\Controllers\Shop))
#3 C:\xampp\htdocs\littlegreenery\system\CodeIgniter.php(326): CodeIgniter\CodeIgniter->handleRequest(NULL, Object(Config\Cache), false)
#4 C:\xampp\htdocs\littlegreenery\public\index.php(37): CodeIgniter\CodeIgniter->run()
#5 C:\xampp\htdocs\littlegreenery\system\Commands\Server\rewrite.php(43): require_once('C:\\xampp\\htdocs...')
#6 {main}
CRITICAL - 2022-06-05 08:53:47 --> Attempt to read property "picture_name" on null
#0 C:\xampp\htdocs\littlegreenery\app\Helpers\global_helper.php(206): CodeIgniter\Debug\Exceptions->errorHandler(2, 'Attempt to read...', 'C:\\xampp\\htdocs...', 206)
#1 C:\xampp\htdocs\littlegreenery\app\Views\themes\littlegreenery\shop\cart.php(39): get_product_image('9')
#2 C:\xampp\htdocs\littlegreenery\system\View\View.php(210): include('C:\\xampp\\htdocs...')
#3 C:\xampp\htdocs\littlegreenery\system\View\View.php(213): CodeIgniter\View\View->CodeIgniter\View\{closure}()
#4 C:\xampp\htdocs\littlegreenery\system\Common.php(1089): CodeIgniter\View\View->render('themes\\vegefood...', Array, true)
#5 C:\xampp\htdocs\littlegreenery\app\Controllers\Shop.php(51): view('themes\\vegefood...', Array)
#6 C:\xampp\htdocs\littlegreenery\system\CodeIgniter.php(832): App\Controllers\Shop->cart()
#7 C:\xampp\htdocs\littlegreenery\system\CodeIgniter.php(419): CodeIgniter\CodeIgniter->runController(Object(App\Controllers\Shop))
#8 C:\xampp\htdocs\littlegreenery\system\CodeIgniter.php(326): CodeIgniter\CodeIgniter->handleRequest(NULL, Object(Config\Cache), false)
#9 C:\xampp\htdocs\littlegreenery\public\index.php(37): CodeIgniter\CodeIgniter->run()
#10 C:\xampp\htdocs\littlegreenery\system\Commands\Server\rewrite.php(43): require_once('C:\\xampp\\htdocs...')
#11 {main}
CRITICAL - 2022-06-05 08:55:43 --> Attempt to read property "picture_name" on null
#0 C:\xampp\htdocs\littlegreenery\app\Helpers\global_helper.php(206): CodeIgniter\Debug\Exceptions->errorHandler(2, 'Attempt to read...', 'C:\\xampp\\htdocs...', 206)
#1 C:\xampp\htdocs\littlegreenery\app\Views\themes\littlegreenery\shop\cart.php(39): get_product_image('9')
#2 C:\xampp\htdocs\littlegreenery\system\View\View.php(210): include('C:\\xampp\\htdocs...')
#3 C:\xampp\htdocs\littlegreenery\system\View\View.php(213): CodeIgniter\View\View->CodeIgniter\View\{closure}()
#4 C:\xampp\htdocs\littlegreenery\system\Common.php(1089): CodeIgniter\View\View->render('themes\\vegefood...', Array, true)
#5 C:\xampp\htdocs\littlegreenery\app\Controllers\Shop.php(51): view('themes\\vegefood...', Array)
#6 C:\xampp\htdocs\littlegreenery\system\CodeIgniter.php(832): App\Controllers\Shop->cart()
#7 C:\xampp\htdocs\littlegreenery\system\CodeIgniter.php(419): CodeIgniter\CodeIgniter->runController(Object(App\Controllers\Shop))
#8 C:\xampp\htdocs\littlegreenery\system\CodeIgniter.php(326): CodeIgniter\CodeIgniter->handleRequest(NULL, Object(Config\Cache), false)
#9 C:\xampp\htdocs\littlegreenery\public\index.php(37): CodeIgniter\CodeIgniter->run()
#10 C:\xampp\htdocs\littlegreenery\system\Commands\Server\rewrite.php(43): require_once('C:\\xampp\\htdocs...')
#11 {main}
CRITICAL - 2022-06-05 08:56:13 --> Attempt to read property "picture_name" on null
#0 C:\xampp\htdocs\littlegreenery\app\Helpers\global_helper.php(206): CodeIgniter\Debug\Exceptions->errorHandler(2, 'Attempt to read...', 'C:\\xampp\\htdocs...', 206)
#1 C:\xampp\htdocs\littlegreenery\app\Views\themes\littlegreenery\shop\cart.php(39): get_product_image('9')
#2 C:\xampp\htdocs\littlegreenery\system\View\View.php(210): include('C:\\xampp\\htdocs...')
#3 C:\xampp\htdocs\littlegreenery\system\View\View.php(213): CodeIgniter\View\View->CodeIgniter\View\{closure}()
#4 C:\xampp\htdocs\littlegreenery\system\Common.php(1089): CodeIgniter\View\View->render('themes\\vegefood...', Array, true)
#5 C:\xampp\htdocs\littlegreenery\app\Controllers\Shop.php(51): view('themes\\vegefood...', Array)
#6 C:\xampp\htdocs\littlegreenery\system\CodeIgniter.php(832): App\Controllers\Shop->cart()
#7 C:\xampp\htdocs\littlegreenery\system\CodeIgniter.php(419): CodeIgniter\CodeIgniter->runController(Object(App\Controllers\Shop))
#8 C:\xampp\htdocs\littlegreenery\system\CodeIgniter.php(326): CodeIgniter\CodeIgniter->handleRequest(NULL, Object(Config\Cache), false)
#9 C:\xampp\htdocs\littlegreenery\public\index.php(37): CodeIgniter\CodeIgniter->run()
#10 C:\xampp\htdocs\littlegreenery\system\Commands\Server\rewrite.php(43): require_once('C:\\xampp\\htdocs...')
#11 {main}
CRITICAL - 2022-06-05 08:57:19 --> Attempt to read property "picture_name" on null
#0 C:\xampp\htdocs\littlegreenery\app\Helpers\global_helper.php(206): CodeIgniter\Debug\Exceptions->errorHandler(2, 'Attempt to read...', 'C:\\xampp\\htdocs...', 206)
#1 C:\xampp\htdocs\littlegreenery\app\Views\themes\littlegreenery\shop\cart.php(39): get_product_image('9')
#2 C:\xampp\htdocs\littlegreenery\system\View\View.php(210): include('C:\\xampp\\htdocs...')
#3 C:\xampp\htdocs\littlegreenery\system\View\View.php(213): CodeIgniter\View\View->CodeIgniter\View\{closure}()
#4 C:\xampp\htdocs\littlegreenery\system\Common.php(1089): CodeIgniter\View\View->render('themes\\vegefood...', Array, true)
#5 C:\xampp\htdocs\littlegreenery\app\Controllers\Shop.php(51): view('themes\\vegefood...', Array)
#6 C:\xampp\htdocs\littlegreenery\system\CodeIgniter.php(832): App\Controllers\Shop->cart()
#7 C:\xampp\htdocs\littlegreenery\system\CodeIgniter.php(419): CodeIgniter\CodeIgniter->runController(Object(App\Controllers\Shop))
#8 C:\xampp\htdocs\littlegreenery\system\CodeIgniter.php(326): CodeIgniter\CodeIgniter->handleRequest(NULL, Object(Config\Cache), false)
#9 C:\xampp\htdocs\littlegreenery\public\index.php(37): CodeIgniter\CodeIgniter->run()
#10 C:\xampp\htdocs\littlegreenery\system\Commands\Server\rewrite.php(43): require_once('C:\\xampp\\htdocs...')
#11 {main}
CRITICAL - 2022-06-05 08:57:24 --> Attempt to read property "picture_name" on null
#0 C:\xampp\htdocs\littlegreenery\app\Helpers\global_helper.php(206): CodeIgniter\Debug\Exceptions->errorHandler(2, 'Attempt to read...', 'C:\\xampp\\htdocs...', 206)
#1 C:\xampp\htdocs\littlegreenery\app\Views\themes\littlegreenery\shop\cart.php(39): get_product_image('9')
#2 C:\xampp\htdocs\littlegreenery\system\View\View.php(210): include('C:\\xampp\\htdocs...')
#3 C:\xampp\htdocs\littlegreenery\system\View\View.php(213): CodeIgniter\View\View->CodeIgniter\View\{closure}()
#4 C:\xampp\htdocs\littlegreenery\system\Common.php(1089): CodeIgniter\View\View->render('themes\\vegefood...', Array, true)
#5 C:\xampp\htdocs\littlegreenery\app\Controllers\Shop.php(51): view('themes\\vegefood...', Array)
#6 C:\xampp\htdocs\littlegreenery\system\CodeIgniter.php(832): App\Controllers\Shop->cart()
#7 C:\xampp\htdocs\littlegreenery\system\CodeIgniter.php(419): CodeIgniter\CodeIgniter->runController(Object(App\Controllers\Shop))
#8 C:\xampp\htdocs\littlegreenery\system\CodeIgniter.php(326): CodeIgniter\CodeIgniter->handleRequest(NULL, Object(Config\Cache), false)
#9 C:\xampp\htdocs\littlegreenery\public\index.php(37): CodeIgniter\CodeIgniter->run()
#10 C:\xampp\htdocs\littlegreenery\system\Commands\Server\rewrite.php(43): require_once('C:\\xampp\\htdocs...')
#11 {main}
CRITICAL - 2022-06-05 08:58:11 --> Attempt to read property "picture_name" on null
#0 C:\xampp\htdocs\littlegreenery\app\Helpers\global_helper.php(206): CodeIgniter\Debug\Exceptions->errorHandler(2, 'Attempt to read...', 'C:\\xampp\\htdocs...', 206)
#1 C:\xampp\htdocs\littlegreenery\app\Views\themes\littlegreenery\shop\cart.php(39): get_product_image('9')
#2 C:\xampp\htdocs\littlegreenery\system\View\View.php(210): include('C:\\xampp\\htdocs...')
#3 C:\xampp\htdocs\littlegreenery\system\View\View.php(213): CodeIgniter\View\View->CodeIgniter\View\{closure}()
#4 C:\xampp\htdocs\littlegreenery\system\Common.php(1089): CodeIgniter\View\View->render('themes\\vegefood...', Array, true)
#5 C:\xampp\htdocs\littlegreenery\app\Controllers\Shop.php(51): view('themes\\vegefood...', Array)
#6 C:\xampp\htdocs\littlegreenery\system\CodeIgniter.php(832): App\Controllers\Shop->cart()
#7 C:\xampp\htdocs\littlegreenery\system\CodeIgniter.php(419): CodeIgniter\CodeIgniter->runController(Object(App\Controllers\Shop))
#8 C:\xampp\htdocs\littlegreenery\system\CodeIgniter.php(326): CodeIgniter\CodeIgniter->handleRequest(NULL, Object(Config\Cache), false)
#9 C:\xampp\htdocs\littlegreenery\public\index.php(37): CodeIgniter\CodeIgniter->run()
#10 C:\xampp\htdocs\littlegreenery\system\Commands\Server\rewrite.php(43): require_once('C:\\xampp\\htdocs...')
#11 {main}
CRITICAL - 2022-06-05 19:16:19 --> Attempt to read property "picture_name" on null
#0 C:\xampp\htdocs\littlegreenery\app\Helpers\global_helper.php(206): CodeIgniter\Debug\Exceptions->errorHandler(2, 'Attempt to read...', 'C:\\xampp\\htdocs...', 206)
#1 C:\xampp\htdocs\littlegreenery\app\Views\themes\littlegreenery\shop\cart.php(39): get_product_image('12')
#2 C:\xampp\htdocs\littlegreenery\system\View\View.php(210): include('C:\\xampp\\htdocs...')
#3 C:\xampp\htdocs\littlegreenery\system\View\View.php(213): CodeIgniter\View\View->CodeIgniter\View\{closure}()
#4 C:\xampp\htdocs\littlegreenery\system\Common.php(1089): CodeIgniter\View\View->render('themes\\vegefood...', Array, true)
#5 C:\xampp\htdocs\littlegreenery\app\Controllers\Shop.php(51): view('themes\\vegefood...', Array)
#6 C:\xampp\htdocs\littlegreenery\system\CodeIgniter.php(832): App\Controllers\Shop->cart()
#7 C:\xampp\htdocs\littlegreenery\system\CodeIgniter.php(419): CodeIgniter\CodeIgniter->runController(Object(App\Controllers\Shop))
#8 C:\xampp\htdocs\littlegreenery\system\CodeIgniter.php(326): CodeIgniter\CodeIgniter->handleRequest(NULL, Object(Config\Cache), false)
#9 C:\xampp\htdocs\littlegreenery\public\index.php(37): CodeIgniter\CodeIgniter->run()
#10 C:\xampp\htdocs\littlegreenery\system\Commands\Server\rewrite.php(43): require_once('C:\\xampp\\htdocs...')
#11 {main}
CRITICAL - 2022-06-05 19:22:44 --> Attempt to read property "picture_name" on null
#0 C:\xampp\htdocs\littlegreenery\app\Helpers\global_helper.php(206): CodeIgniter\Debug\Exceptions->errorHandler(2, 'Attempt to read...', 'C:\\xampp\\htdocs...', 206)
#1 C:\xampp\htdocs\littlegreenery\app\Views\themes\littlegreenery\shop\cart.php(39): get_product_image('12')
#2 C:\xampp\htdocs\littlegreenery\system\View\View.php(210): include('C:\\xampp\\htdocs...')
#3 C:\xampp\htdocs\littlegreenery\system\View\View.php(213): CodeIgniter\View\View->CodeIgniter\View\{closure}()
#4 C:\xampp\htdocs\littlegreenery\system\Common.php(1089): CodeIgniter\View\View->render('themes\\vegefood...', Array, true)
#5 C:\xampp\htdocs\littlegreenery\app\Controllers\Shop.php(51): view('themes\\vegefood...', Array)
#6 C:\xampp\htdocs\littlegreenery\system\CodeIgniter.php(832): App\Controllers\Shop->cart()
#7 C:\xampp\htdocs\littlegreenery\system\CodeIgniter.php(419): CodeIgniter\CodeIgniter->runController(Object(App\Controllers\Shop))
#8 C:\xampp\htdocs\littlegreenery\system\CodeIgniter.php(326): CodeIgniter\CodeIgniter->handleRequest(NULL, Object(Config\Cache), false)
#9 C:\xampp\htdocs\littlegreenery\public\index.php(37): CodeIgniter\CodeIgniter->run()
#10 C:\xampp\htdocs\littlegreenery\system\Commands\Server\rewrite.php(43): require_once('C:\\xampp\\htdocs...')
#11 {main}
CRITICAL - 2022-06-05 19:23:23 --> Attempt to read property "picture_name" on null
#0 C:\xampp\htdocs\littlegreenery\app\Helpers\global_helper.php(206): CodeIgniter\Debug\Exceptions->errorHandler(2, 'Attempt to read...', 'C:\\xampp\\htdocs...', 206)
#1 C:\xampp\htdocs\littlegreenery\app\Views\themes\littlegreenery\shop\cart.php(39): get_product_image('12')
#2 C:\xampp\htdocs\littlegreenery\system\View\View.php(210): include('C:\\xampp\\htdocs...')
#3 C:\xampp\htdocs\littlegreenery\system\View\View.php(213): CodeIgniter\View\View->CodeIgniter\View\{closure}()
#4 C:\xampp\htdocs\littlegreenery\system\Common.php(1089): CodeIgniter\View\View->render('themes\\vegefood...', Array, true)
#5 C:\xampp\htdocs\littlegreenery\app\Controllers\Shop.php(51): view('themes\\vegefood...', Array)
#6 C:\xampp\htdocs\littlegreenery\system\CodeIgniter.php(832): App\Controllers\Shop->cart()
#7 C:\xampp\htdocs\littlegreenery\system\CodeIgniter.php(419): CodeIgniter\CodeIgniter->runController(Object(App\Controllers\Shop))
#8 C:\xampp\htdocs\littlegreenery\system\CodeIgniter.php(326): CodeIgniter\CodeIgniter->handleRequest(NULL, Object(Config\Cache), false)
#9 C:\xampp\htdocs\littlegreenery\public\index.php(37): CodeIgniter\CodeIgniter->run()
#10 C:\xampp\htdocs\littlegreenery\system\Commands\Server\rewrite.php(43): require_once('C:\\xampp\\htdocs...')
#11 {main}
CRITICAL - 2022-06-05 19:23:38 --> Attempt to read property "picture_name" on null
#0 C:\xampp\htdocs\littlegreenery\app\Helpers\global_helper.php(206): CodeIgniter\Debug\Exceptions->errorHandler(2, 'Attempt to read...', 'C:\\xampp\\htdocs...', 206)
#1 C:\xampp\htdocs\littlegreenery\app\Views\themes\littlegreenery\shop\cart.php(39): get_product_image('12')
#2 C:\xampp\htdocs\littlegreenery\system\View\View.php(210): include('C:\\xampp\\htdocs...')
#3 C:\xampp\htdocs\littlegreenery\system\View\View.php(213): CodeIgniter\View\View->CodeIgniter\View\{closure}()
#4 C:\xampp\htdocs\littlegreenery\system\Common.php(1089): CodeIgniter\View\View->render('themes\\vegefood...', Array, true)
#5 C:\xampp\htdocs\littlegreenery\app\Controllers\Shop.php(51): view('themes\\vegefood...', Array)
#6 C:\xampp\htdocs\littlegreenery\system\CodeIgniter.php(832): App\Controllers\Shop->cart()
#7 C:\xampp\htdocs\littlegreenery\system\CodeIgniter.php(419): CodeIgniter\CodeIgniter->runController(Object(App\Controllers\Shop))
#8 C:\xampp\htdocs\littlegreenery\system\CodeIgniter.php(326): CodeIgniter\CodeIgniter->handleRequest(NULL, Object(Config\Cache), false)
#9 C:\xampp\htdocs\littlegreenery\public\index.php(37): CodeIgniter\CodeIgniter->run()
#10 C:\xampp\htdocs\littlegreenery\system\Commands\Server\rewrite.php(43): require_once('C:\\xampp\\htdocs...')
#11 {main}
CRITICAL - 2022-06-05 19:44:21 --> Attempt to read property "picture_name" on null
#0 C:\xampp\htdocs\littlegreenery\app\Helpers\global_helper.php(206): CodeIgniter\Debug\Exceptions->errorHandler(2, 'Attempt to read...', 'C:\\xampp\\htdocs...', 206)
#1 C:\xampp\htdocs\littlegreenery\app\Views\themes\littlegreenery\shop\cart.php(39): get_product_image('1')
#2 C:\xampp\htdocs\littlegreenery\system\View\View.php(210): include('C:\\xampp\\htdocs...')
#3 C:\xampp\htdocs\littlegreenery\system\View\View.php(213): CodeIgniter\View\View->CodeIgniter\View\{closure}()
#4 C:\xampp\htdocs\littlegreenery\system\Common.php(1089): CodeIgniter\View\View->render('themes\\vegefood...', Array, true)
#5 C:\xampp\htdocs\littlegreenery\app\Controllers\Shop.php(51): view('themes\\vegefood...', Array)
#6 C:\xampp\htdocs\littlegreenery\system\CodeIgniter.php(832): App\Controllers\Shop->cart()
#7 C:\xampp\htdocs\littlegreenery\system\CodeIgniter.php(419): CodeIgniter\CodeIgniter->runController(Object(App\Controllers\Shop))
#8 C:\xampp\htdocs\littlegreenery\system\CodeIgniter.php(326): CodeIgniter\CodeIgniter->handleRequest(NULL, Object(Config\Cache), false)
#9 C:\xampp\htdocs\littlegreenery\public\index.php(37): CodeIgniter\CodeIgniter->run()
#10 C:\xampp\htdocs\littlegreenery\system\Commands\Server\rewrite.php(43): require_once('C:\\xampp\\htdocs...')
#11 {main}
CRITICAL - 2022-06-05 19:44:42 --> Attempt to read property "picture_name" on null
#0 C:\xampp\htdocs\littlegreenery\app\Helpers\global_helper.php(206): CodeIgniter\Debug\Exceptions->errorHandler(2, 'Attempt to read...', 'C:\\xampp\\htdocs...', 206)
#1 C:\xampp\htdocs\littlegreenery\app\Views\themes\littlegreenery\shop\cart.php(39): get_product_image('1')
#2 C:\xampp\htdocs\littlegreenery\system\View\View.php(210): include('C:\\xampp\\htdocs...')
#3 C:\xampp\htdocs\littlegreenery\system\View\View.php(213): CodeIgniter\View\View->CodeIgniter\View\{closure}()
#4 C:\xampp\htdocs\littlegreenery\system\Common.php(1089): CodeIgniter\View\View->render('themes\\vegefood...', Array, true)
#5 C:\xampp\htdocs\littlegreenery\app\Controllers\Shop.php(51): view('themes\\vegefood...', Array)
#6 C:\xampp\htdocs\littlegreenery\system\CodeIgniter.php(832): App\Controllers\Shop->cart()
#7 C:\xampp\htdocs\littlegreenery\system\CodeIgniter.php(419): CodeIgniter\CodeIgniter->runController(Object(App\Controllers\Shop))
#8 C:\xampp\htdocs\littlegreenery\system\CodeIgniter.php(326): CodeIgniter\CodeIgniter->handleRequest(NULL, Object(Config\Cache), false)
#9 C:\xampp\htdocs\littlegreenery\public\index.php(37): CodeIgniter\CodeIgniter->run()
#10 C:\xampp\htdocs\littlegreenery\system\Commands\Server\rewrite.php(43): require_once('C:\\xampp\\htdocs...')
#11 {main}
CRITICAL - 2022-06-05 19:45:59 --> Attempt to read property "picture_name" on null
#0 C:\xampp\htdocs\littlegreenery\app\Helpers\global_helper.php(206): CodeIgniter\Debug\Exceptions->errorHandler(2, 'Attempt to read...', 'C:\\xampp\\htdocs...', 206)
#1 C:\xampp\htdocs\littlegreenery\app\Views\themes\littlegreenery\shop\cart.php(39): get_product_image('1')
#2 C:\xampp\htdocs\littlegreenery\system\View\View.php(210): include('C:\\xampp\\htdocs...')
#3 C:\xampp\htdocs\littlegreenery\system\View\View.php(213): CodeIgniter\View\View->CodeIgniter\View\{closure}()
#4 C:\xampp\htdocs\littlegreenery\system\Common.php(1089): CodeIgniter\View\View->render('themes\\vegefood...', Array, true)
#5 C:\xampp\htdocs\littlegreenery\app\Controllers\Shop.php(51): view('themes\\vegefood...', Array)
#6 C:\xampp\htdocs\littlegreenery\system\CodeIgniter.php(832): App\Controllers\Shop->cart()
#7 C:\xampp\htdocs\littlegreenery\system\CodeIgniter.php(419): CodeIgniter\CodeIgniter->runController(Object(App\Controllers\Shop))
#8 C:\xampp\htdocs\littlegreenery\system\CodeIgniter.php(326): CodeIgniter\CodeIgniter->handleRequest(NULL, Object(Config\Cache), false)
#9 C:\xampp\htdocs\littlegreenery\public\index.php(37): CodeIgniter\CodeIgniter->run()
#10 C:\xampp\htdocs\littlegreenery\system\Commands\Server\rewrite.php(43): require_once('C:\\xampp\\htdocs...')
#11 {main}
CRITICAL - 2022-06-05 20:08:13 --> Attempt to read property "picture_name" on null
#0 C:\xampp\htdocs\littlegreenery\app\Helpers\global_helper.php(206): CodeIgniter\Debug\Exceptions->errorHandler(2, 'Attempt to read...', 'C:\\xampp\\htdocs...', 206)
#1 C:\xampp\htdocs\littlegreenery\app\Views\themes\littlegreenery\shop\cart.php(39): get_product_image('1')
#2 C:\xampp\htdocs\littlegreenery\system\View\View.php(210): include('C:\\xampp\\htdocs...')
#3 C:\xampp\htdocs\littlegreenery\system\View\View.php(213): CodeIgniter\View\View->CodeIgniter\View\{closure}()
#4 C:\xampp\htdocs\littlegreenery\system\Common.php(1089): CodeIgniter\View\View->render('themes\\vegefood...', Array, true)
#5 C:\xampp\htdocs\littlegreenery\app\Controllers\Shop.php(51): view('themes\\vegefood...', Array)
#6 C:\xampp\htdocs\littlegreenery\system\CodeIgniter.php(832): App\Controllers\Shop->cart()
#7 C:\xampp\htdocs\littlegreenery\system\CodeIgniter.php(419): CodeIgniter\CodeIgniter->runController(Object(App\Controllers\Shop))
#8 C:\xampp\htdocs\littlegreenery\system\CodeIgniter.php(326): CodeIgniter\CodeIgniter->handleRequest(NULL, Object(Config\Cache), false)
#9 C:\xampp\htdocs\littlegreenery\public\index.php(37): CodeIgniter\CodeIgniter->run()
#10 C:\xampp\htdocs\littlegreenery\system\Commands\Server\rewrite.php(43): require_once('C:\\xampp\\htdocs...')
#11 {main}
CRITICAL - 2022-06-05 20:08:25 --> Attempt to read property "picture_name" on null
#0 C:\xampp\htdocs\littlegreenery\app\Helpers\global_helper.php(206): CodeIgniter\Debug\Exceptions->errorHandler(2, 'Attempt to read...', 'C:\\xampp\\htdocs...', 206)
#1 C:\xampp\htdocs\littlegreenery\app\Views\themes\littlegreenery\shop\cart.php(39): get_product_image('1')
#2 C:\xampp\htdocs\littlegreenery\system\View\View.php(210): include('C:\\xampp\\htdocs...')
#3 C:\xampp\htdocs\littlegreenery\system\View\View.php(213): CodeIgniter\View\View->CodeIgniter\View\{closure}()
#4 C:\xampp\htdocs\littlegreenery\system\Common.php(1089): CodeIgniter\View\View->render('themes\\vegefood...', Array, true)
#5 C:\xampp\htdocs\littlegreenery\app\Controllers\Shop.php(51): view('themes\\vegefood...', Array)
#6 C:\xampp\htdocs\littlegreenery\system\CodeIgniter.php(832): App\Controllers\Shop->cart()
#7 C:\xampp\htdocs\littlegreenery\system\CodeIgniter.php(419): CodeIgniter\CodeIgniter->runController(Object(App\Controllers\Shop))
#8 C:\xampp\htdocs\littlegreenery\system\CodeIgniter.php(326): CodeIgniter\CodeIgniter->handleRequest(NULL, Object(Config\Cache), false)
#9 C:\xampp\htdocs\littlegreenery\public\index.php(37): CodeIgniter\CodeIgniter->run()
#10 C:\xampp\htdocs\littlegreenery\system\Commands\Server\rewrite.php(43): require_once('C:\\xampp\\htdocs...')
#11 {main}
CRITICAL - 2022-06-05 20:10:49 --> Attempt to read property "picture_name" on null
#0 C:\xampp\htdocs\littlegreenery\app\Helpers\global_helper.php(206): CodeIgniter\Debug\Exceptions->errorHandler(2, 'Attempt to read...', 'C:\\xampp\\htdocs...', 206)
#1 C:\xampp\htdocs\littlegreenery\app\Views\themes\littlegreenery\shop\cart.php(39): get_product_image('1')
#2 C:\xampp\htdocs\littlegreenery\system\View\View.php(210): include('C:\\xampp\\htdocs...')
#3 C:\xampp\htdocs\littlegreenery\system\View\View.php(213): CodeIgniter\View\View->CodeIgniter\View\{closure}()
#4 C:\xampp\htdocs\littlegreenery\system\Common.php(1089): CodeIgniter\View\View->render('themes\\vegefood...', Array, true)
#5 C:\xampp\htdocs\littlegreenery\app\Controllers\Shop.php(51): view('themes\\vegefood...', Array)
#6 C:\xampp\htdocs\littlegreenery\system\CodeIgniter.php(832): App\Controllers\Shop->cart()
#7 C:\xampp\htdocs\littlegreenery\system\CodeIgniter.php(419): CodeIgniter\CodeIgniter->runController(Object(App\Controllers\Shop))
#8 C:\xampp\htdocs\littlegreenery\system\CodeIgniter.php(326): CodeIgniter\CodeIgniter->handleRequest(NULL, Object(Config\Cache), false)
#9 C:\xampp\htdocs\littlegreenery\public\index.php(37): CodeIgniter\CodeIgniter->run()
#10 C:\xampp\htdocs\littlegreenery\system\Commands\Server\rewrite.php(43): require_once('C:\\xampp\\htdocs...')
#11 {main}
CRITICAL - 2022-06-05 20:13:25 --> Attempt to read property "picture_name" on null
#0 C:\xampp\htdocs\littlegreenery\app\Helpers\global_helper.php(206): CodeIgniter\Debug\Exceptions->errorHandler(2, 'Attempt to read...', 'C:\\xampp\\htdocs...', 206)
#1 C:\xampp\htdocs\littlegreenery\app\Views\themes\littlegreenery\shop\cart.php(39): get_product_image('1')
#2 C:\xampp\htdocs\littlegreenery\system\View\View.php(210): include('C:\\xampp\\htdocs...')
#3 C:\xampp\htdocs\littlegreenery\system\View\View.php(213): CodeIgniter\View\View->CodeIgniter\View\{closure}()
#4 C:\xampp\htdocs\littlegreenery\system\Common.php(1089): CodeIgniter\View\View->render('themes\\vegefood...', Array, true)
#5 C:\xampp\htdocs\littlegreenery\app\Controllers\Shop.php(51): view('themes\\vegefood...', Array)
#6 C:\xampp\htdocs\littlegreenery\system\CodeIgniter.php(832): App\Controllers\Shop->cart()
#7 C:\xampp\htdocs\littlegreenery\system\CodeIgniter.php(419): CodeIgniter\CodeIgniter->runController(Object(App\Controllers\Shop))
#8 C:\xampp\htdocs\littlegreenery\system\CodeIgniter.php(326): CodeIgniter\CodeIgniter->handleRequest(NULL, Object(Config\Cache), false)
#9 C:\xampp\htdocs\littlegreenery\public\index.php(37): CodeIgniter\CodeIgniter->run()
#10 C:\xampp\htdocs\littlegreenery\system\Commands\Server\rewrite.php(43): require_once('C:\\xampp\\htdocs...')
#11 {main}
CRITICAL - 2022-06-05 20:13:29 --> Attempt to read property "picture_name" on null
#0 C:\xampp\htdocs\littlegreenery\app\Helpers\global_helper.php(206): CodeIgniter\Debug\Exceptions->errorHandler(2, 'Attempt to read...', 'C:\\xampp\\htdocs...', 206)
#1 C:\xampp\htdocs\littlegreenery\app\Views\themes\littlegreenery\shop\cart.php(39): get_product_image('1')
#2 C:\xampp\htdocs\littlegreenery\system\View\View.php(210): include('C:\\xampp\\htdocs...')
#3 C:\xampp\htdocs\littlegreenery\system\View\View.php(213): CodeIgniter\View\View->CodeIgniter\View\{closure}()
#4 C:\xampp\htdocs\littlegreenery\system\Common.php(1089): CodeIgniter\View\View->render('themes\\vegefood...', Array, true)
#5 C:\xampp\htdocs\littlegreenery\app\Controllers\Shop.php(51): view('themes\\vegefood...', Array)
#6 C:\xampp\htdocs\littlegreenery\system\CodeIgniter.php(832): App\Controllers\Shop->cart()
#7 C:\xampp\htdocs\littlegreenery\system\CodeIgniter.php(419): CodeIgniter\CodeIgniter->runController(Object(App\Controllers\Shop))
#8 C:\xampp\htdocs\littlegreenery\system\CodeIgniter.php(326): CodeIgniter\CodeIgniter->handleRequest(NULL, Object(Config\Cache), false)
#9 C:\xampp\htdocs\littlegreenery\public\index.php(37): CodeIgniter\CodeIgniter->run()
#10 C:\xampp\htdocs\littlegreenery\system\Commands\Server\rewrite.php(43): require_once('C:\\xampp\\htdocs...')
#11 {main}
CRITICAL - 2022-06-05 20:14:45 --> Attempt to read property "picture_name" on null
#0 C:\xampp\htdocs\littlegreenery\app\Helpers\global_helper.php(206): CodeIgniter\Debug\Exceptions->errorHandler(2, 'Attempt to read...', 'C:\\xampp\\htdocs...', 206)
#1 C:\xampp\htdocs\littlegreenery\app\Views\themes\littlegreenery\shop\cart.php(39): get_product_image('1')
#2 C:\xampp\htdocs\littlegreenery\system\View\View.php(210): include('C:\\xampp\\htdocs...')
#3 C:\xampp\htdocs\littlegreenery\system\View\View.php(213): CodeIgniter\View\View->CodeIgniter\View\{closure}()
#4 C:\xampp\htdocs\littlegreenery\system\Common.php(1089): CodeIgniter\View\View->render('themes\\vegefood...', Array, true)
#5 C:\xampp\htdocs\littlegreenery\app\Controllers\Shop.php(51): view('themes\\vegefood...', Array)
#6 C:\xampp\htdocs\littlegreenery\system\CodeIgniter.php(832): App\Controllers\Shop->cart()
#7 C:\xampp\htdocs\littlegreenery\system\CodeIgniter.php(419): CodeIgniter\CodeIgniter->runController(Object(App\Controllers\Shop))
#8 C:\xampp\htdocs\littlegreenery\system\CodeIgniter.php(326): CodeIgniter\CodeIgniter->handleRequest(NULL, Object(Config\Cache), false)
#9 C:\xampp\htdocs\littlegreenery\public\index.php(37): CodeIgniter\CodeIgniter->run()
#10 C:\xampp\htdocs\littlegreenery\system\Commands\Server\rewrite.php(43): require_once('C:\\xampp\\htdocs...')
#11 {main}
CRITICAL - 2022-06-05 20:19:44 --> Attempt to read property "picture_name" on null
#0 C:\xampp\htdocs\littlegreenery\app\Helpers\global_helper.php(206): CodeIgniter\Debug\Exceptions->errorHandler(2, 'Attempt to read...', 'C:\\xampp\\htdocs...', 206)
#1 C:\xampp\htdocs\littlegreenery\app\Views\themes\littlegreenery\shop\cart.php(39): get_product_image('1')
#2 C:\xampp\htdocs\littlegreenery\system\View\View.php(210): include('C:\\xampp\\htdocs...')
#3 C:\xampp\htdocs\littlegreenery\system\View\View.php(213): CodeIgniter\View\View->CodeIgniter\View\{closure}()
#4 C:\xampp\htdocs\littlegreenery\system\Common.php(1089): CodeIgniter\View\View->render('themes\\vegefood...', Array, true)
#5 C:\xampp\htdocs\littlegreenery\app\Controllers\Shop.php(51): view('themes\\vegefood...', Array)
#6 C:\xampp\htdocs\littlegreenery\system\CodeIgniter.php(832): App\Controllers\Shop->cart()
#7 C:\xampp\htdocs\littlegreenery\system\CodeIgniter.php(419): CodeIgniter\CodeIgniter->runController(Object(App\Controllers\Shop))
#8 C:\xampp\htdocs\littlegreenery\system\CodeIgniter.php(326): CodeIgniter\CodeIgniter->handleRequest(NULL, Object(Config\Cache), false)
#9 C:\xampp\htdocs\littlegreenery\public\index.php(37): CodeIgniter\CodeIgniter->run()
#10 C:\xampp\htdocs\littlegreenery\system\Commands\Server\rewrite.php(43): require_once('C:\\xampp\\htdocs...')
#11 {main}
CRITICAL - 2022-06-05 21:42:53 --> Attempt to read property "picture_name" on null
#0 C:\xampp\htdocs\littlegreenery\app\Helpers\global_helper.php(206): CodeIgniter\Debug\Exceptions->errorHandler(2, 'Attempt to read...', 'C:\\xampp\\htdocs...', 206)
#1 C:\xampp\htdocs\littlegreenery\app\Views\themes\littlegreenery\shop\cart.php(39): get_product_image('1')
#2 C:\xampp\htdocs\littlegreenery\system\View\View.php(210): include('C:\\xampp\\htdocs...')
#3 C:\xampp\htdocs\littlegreenery\system\View\View.php(213): CodeIgniter\View\View->CodeIgniter\View\{closure}()
#4 C:\xampp\htdocs\littlegreenery\system\Common.php(1089): CodeIgniter\View\View->render('themes\\vegefood...', Array, true)
#5 C:\xampp\htdocs\littlegreenery\app\Controllers\Shop.php(51): view('themes\\vegefood...', Array)
#6 C:\xampp\htdocs\littlegreenery\system\CodeIgniter.php(832): App\Controllers\Shop->cart()
#7 C:\xampp\htdocs\littlegreenery\system\CodeIgniter.php(419): CodeIgniter\CodeIgniter->runController(Object(App\Controllers\Shop))
#8 C:\xampp\htdocs\littlegreenery\system\CodeIgniter.php(326): CodeIgniter\CodeIgniter->handleRequest(NULL, Object(Config\Cache), false)
#9 C:\xampp\htdocs\littlegreenery\public\index.php(37): CodeIgniter\CodeIgniter->run()
#10 C:\xampp\htdocs\littlegreenery\system\Commands\Server\rewrite.php(43): require_once('C:\\xampp\\htdocs...')
#11 {main}
CRITICAL - 2022-06-05 21:54:54 --> Attempt to read property "picture_name" on null
#0 C:\xampp\htdocs\littlegreenery\app\Helpers\global_helper.php(206): CodeIgniter\Debug\Exceptions->errorHandler(2, 'Attempt to read...', 'C:\\xampp\\htdocs...', 206)
#1 C:\xampp\htdocs\littlegreenery\app\Views\themes\littlegreenery\shop\cart.php(39): get_product_image('1')
#2 C:\xampp\htdocs\littlegreenery\system\View\View.php(210): include('C:\\xampp\\htdocs...')
#3 C:\xampp\htdocs\littlegreenery\system\View\View.php(213): CodeIgniter\View\View->CodeIgniter\View\{closure}()
#4 C:\xampp\htdocs\littlegreenery\system\Common.php(1089): CodeIgniter\View\View->render('themes\\vegefood...', Array, true)
#5 C:\xampp\htdocs\littlegreenery\app\Controllers\Shop.php(51): view('themes\\vegefood...', Array)
#6 C:\xampp\htdocs\littlegreenery\system\CodeIgniter.php(832): App\Controllers\Shop->cart()
#7 C:\xampp\htdocs\littlegreenery\system\CodeIgniter.php(419): CodeIgniter\CodeIgniter->runController(Object(App\Controllers\Shop))
#8 C:\xampp\htdocs\littlegreenery\system\CodeIgniter.php(326): CodeIgniter\CodeIgniter->handleRequest(NULL, Object(Config\Cache), false)
#9 C:\xampp\htdocs\littlegreenery\public\index.php(37): CodeIgniter\CodeIgniter->run()
#10 C:\xampp\htdocs\littlegreenery\system\Commands\Server\rewrite.php(43): require_once('C:\\xampp\\htdocs...')
#11 {main}
CRITICAL - 2022-06-05 21:55:41 --> Attempt to read property "name" on null
#0 C:\xampp\htdocs\littlegreenery\app\Controllers\Shop.php(33): CodeIgniter\Debug\Exceptions->errorHandler(2, 'Attempt to read...', 'C:\\xampp\\htdocs...', 33)
#1 C:\xampp\htdocs\littlegreenery\system\CodeIgniter.php(832): App\Controllers\Shop->product('12', 'BPS15347')
#2 C:\xampp\htdocs\littlegreenery\system\CodeIgniter.php(419): CodeIgniter\CodeIgniter->runController(Object(App\Controllers\Shop))
#3 C:\xampp\htdocs\littlegreenery\system\CodeIgniter.php(326): CodeIgniter\CodeIgniter->handleRequest(NULL, Object(Config\Cache), false)
#4 C:\xampp\htdocs\littlegreenery\public\index.php(37): CodeIgniter\CodeIgniter->run()
#5 C:\xampp\htdocs\littlegreenery\system\Commands\Server\rewrite.php(43): require_once('C:\\xampp\\htdocs...')
#6 {main}
CRITICAL - 2022-06-05 21:55:51 --> Attempt to read property "picture_name" on null
#0 C:\xampp\htdocs\littlegreenery\app\Helpers\global_helper.php(206): CodeIgniter\Debug\Exceptions->errorHandler(2, 'Attempt to read...', 'C:\\xampp\\htdocs...', 206)
#1 C:\xampp\htdocs\littlegreenery\app\Views\themes\littlegreenery\shop\cart.php(39): get_product_image('8')
#2 C:\xampp\htdocs\littlegreenery\system\View\View.php(210): include('C:\\xampp\\htdocs...')
#3 C:\xampp\htdocs\littlegreenery\system\View\View.php(213): CodeIgniter\View\View->CodeIgniter\View\{closure}()
#4 C:\xampp\htdocs\littlegreenery\system\Common.php(1089): CodeIgniter\View\View->render('themes\\vegefood...', Array, true)
#5 C:\xampp\htdocs\littlegreenery\app\Controllers\Shop.php(51): view('themes\\vegefood...', Array)
#6 C:\xampp\htdocs\littlegreenery\system\CodeIgniter.php(832): App\Controllers\Shop->cart()
#7 C:\xampp\htdocs\littlegreenery\system\CodeIgniter.php(419): CodeIgniter\CodeIgniter->runController(Object(App\Controllers\Shop))
#8 C:\xampp\htdocs\littlegreenery\system\CodeIgniter.php(326): CodeIgniter\CodeIgniter->handleRequest(NULL, Object(Config\Cache), false)
#9 C:\xampp\htdocs\littlegreenery\public\index.php(37): CodeIgniter\CodeIgniter->run()
#10 C:\xampp\htdocs\littlegreenery\system\Commands\Server\rewrite.php(43): require_once('C:\\xampp\\htdocs...')
#11 {main}
CRITICAL - 2022-06-05 22:36:33 --> Attempt to read property "name" on null
#0 C:\xampp\htdocs\littlegreenery\app\Controllers\Shop.php(33): CodeIgniter\Debug\Exceptions->errorHandler(2, 'Attempt to read...', 'C:\\xampp\\htdocs...', 33)
#1 C:\xampp\htdocs\littlegreenery\system\CodeIgniter.php(832): App\Controllers\Shop->product('13', 'KPS223370')
#2 C:\xampp\htdocs\littlegreenery\system\CodeIgniter.php(419): CodeIgniter\CodeIgniter->runController(Object(App\Controllers\Shop))
#3 C:\xampp\htdocs\littlegreenery\system\CodeIgniter.php(326): CodeIgniter\CodeIgniter->handleRequest(NULL, Object(Config\Cache), false)
#4 C:\xampp\htdocs\littlegreenery\public\index.php(37): CodeIgniter\CodeIgniter->run()
#5 C:\xampp\htdocs\littlegreenery\system\Commands\Server\rewrite.php(43): require_once('C:\\xampp\\htdocs...')
#6 {main}
CRITICAL - 2022-06-05 22:36:40 --> Attempt to read property "picture_name" on null
#0 C:\xampp\htdocs\littlegreenery\app\Helpers\global_helper.php(206): CodeIgniter\Debug\Exceptions->errorHandler(2, 'Attempt to read...', 'C:\\xampp\\htdocs...', 206)
#1 C:\xampp\htdocs\littlegreenery\app\Views\themes\littlegreenery\shop\cart.php(39): get_product_image('8')
#2 C:\xampp\htdocs\littlegreenery\system\View\View.php(210): include('C:\\xampp\\htdocs...')
#3 C:\xampp\htdocs\littlegreenery\system\View\View.php(213): CodeIgniter\View\View->CodeIgniter\View\{closure}()
#4 C:\xampp\htdocs\littlegreenery\system\Common.php(1089): CodeIgniter\View\View->render('themes\\vegefood...', Array, true)
#5 C:\xampp\htdocs\littlegreenery\app\Controllers\Shop.php(51): view('themes\\vegefood...', Array)
#6 C:\xampp\htdocs\littlegreenery\system\CodeIgniter.php(832): App\Controllers\Shop->cart()
#7 C:\xampp\htdocs\littlegreenery\system\CodeIgniter.php(419): CodeIgniter\CodeIgniter->runController(Object(App\Controllers\Shop))
#8 C:\xampp\htdocs\littlegreenery\system\CodeIgniter.php(326): CodeIgniter\CodeIgniter->handleRequest(NULL, Object(Config\Cache), false)
#9 C:\xampp\htdocs\littlegreenery\public\index.php(37): CodeIgniter\CodeIgniter->run()
#10 C:\xampp\htdocs\littlegreenery\system\Commands\Server\rewrite.php(43): require_once('C:\\xampp\\htdocs...')
#11 {main}
CRITICAL - 2022-06-05 23:16:02 --> Attempt to read property "picture_name" on null
#0 C:\xampp\htdocs\littlegreenery\app\Helpers\global_helper.php(206): CodeIgniter\Debug\Exceptions->errorHandler(2, 'Attempt to read...', 'C:\\xampp\\htdocs...', 206)
#1 C:\xampp\htdocs\littlegreenery\app\Views\themes\littlegreenery\shop\cart.php(39): get_product_image('8')
#2 C:\xampp\htdocs\littlegreenery\system\View\View.php(210): include('C:\\xampp\\htdocs...')
#3 C:\xampp\htdocs\littlegreenery\system\View\View.php(213): CodeIgniter\View\View->CodeIgniter\View\{closure}()
#4 C:\xampp\htdocs\littlegreenery\system\Common.php(1089): CodeIgniter\View\View->render('themes\\vegefood...', Array, true)
#5 C:\xampp\htdocs\littlegreenery\app\Controllers\Shop.php(51): view('themes\\vegefood...', Array)
#6 C:\xampp\htdocs\littlegreenery\system\CodeIgniter.php(832): App\Controllers\Shop->cart()
#7 C:\xampp\htdocs\littlegreenery\system\CodeIgniter.php(419): CodeIgniter\CodeIgniter->runController(Object(App\Controllers\Shop))
#8 C:\xampp\htdocs\littlegreenery\system\CodeIgniter.php(326): CodeIgniter\CodeIgniter->handleRequest(NULL, Object(Config\Cache), false)
#9 C:\xampp\htdocs\littlegreenery\public\index.php(37): CodeIgniter\CodeIgniter->run()
#10 C:\xampp\htdocs\littlegreenery\system\Commands\Server\rewrite.php(43): require_once('C:\\xampp\\htdocs...')
#11 {main}
