CRITICAL - 2022-06-06 00:27:19 --> Attempt to read property "name" on null
#0 C:\xampp\htdocs\littlegreenery\app\Controllers\Shop.php(33): CodeIgniter\Debug\Exceptions->errorHandler(2, 'Attempt to read...', 'C:\\xampp\\htdocs...', 33)
#1 C:\xampp\htdocs\littlegreenery\system\CodeIgniter.php(832): App\Controllers\Shop->product('8', 'PS220885')
#2 C:\xampp\htdocs\littlegreenery\system\CodeIgniter.php(419): CodeIgniter\CodeIgniter->runController(Object(App\Controllers\Shop))
#3 C:\xampp\htdocs\littlegreenery\system\CodeIgniter.php(326): CodeIgniter\CodeIgniter->handleRequest(NULL, Object(Config\Cache), false)
#4 C:\xampp\htdocs\littlegreenery\public\index.php(37): CodeIgniter\CodeIgniter->run()
#5 C:\xampp\htdocs\littlegreenery\system\Commands\Server\rewrite.php(43): require_once('C:\\xampp\\htdocs...')
#6 {main}
CRITICAL - 2022-06-06 00:27:24 --> Attempt to read property "picture_name" on null
#0 C:\xampp\htdocs\littlegreenery\app\Helpers\global_helper.php(206): CodeIgniter\Debug\Exceptions->errorHandler(2, 'Attempt to read...', 'C:\\xampp\\htdocs...', 206)
#1 C:\xampp\htdocs\littlegreenery\app\Views\themes\littlegreenery\shop\cart.php(39): get_product_image('8')
#2 C:\xampp\htdocs\littlegreenery\system\View\View.php(210): include('C:\\xampp\\htdocs...')
#3 C:\xampp\htdocs\littlegreenery\system\View\View.php(213): CodeIgniter\View\View->CodeIgniter\View\{closure}()
#4 C:\xampp\htdocs\littlegreenery\system\Common.php(1089): CodeIgniter\View\View->render('themes\\vegefood...', Array, true)
#5 C:\xampp\htdocs\littlegreenery\app\Controllers\Shop.php(51): view('themes\\vegefood...', Array)
#6 C:\xampp\htdocs\littlegreenery\system\CodeIgniter.php(832): App\Controllers\Shop->cart()
#7 C:\xampp\htdocs\littlegreenery\system\CodeIgniter.php(419): CodeIgniter\CodeIgniter->runController(Object(App\Controllers\Shop))
#8 C:\xampp\htdocs\littlegreenery\system\CodeIgniter.php(326): CodeIgniter\CodeIgniter->handleRequest(NULL, Object(Config\Cache), false)
#9 C:\xampp\htdocs\littlegreenery\public\index.php(37): CodeIgniter\CodeIgniter->run()
#10 C:\xampp\htdocs\littlegreenery\system\Commands\Server\rewrite.php(43): require_once('C:\\xampp\\htdocs...')
#11 {main}
CRITICAL - 2022-06-06 00:27:54 --> Attempt to read property "picture_name" on null
#0 C:\xampp\htdocs\littlegreenery\app\Helpers\global_helper.php(206): CodeIgniter\Debug\Exceptions->errorHandler(2, 'Attempt to read...', 'C:\\xampp\\htdocs...', 206)
#1 C:\xampp\htdocs\littlegreenery\app\Views\themes\littlegreenery\shop\cart.php(39): get_product_image('8')
#2 C:\xampp\htdocs\littlegreenery\system\View\View.php(210): include('C:\\xampp\\htdocs...')
#3 C:\xampp\htdocs\littlegreenery\system\View\View.php(213): CodeIgniter\View\View->CodeIgniter\View\{closure}()
#4 C:\xampp\htdocs\littlegreenery\system\Common.php(1089): CodeIgniter\View\View->render('themes\\vegefood...', Array, true)
#5 C:\xampp\htdocs\littlegreenery\app\Controllers\Shop.php(51): view('themes\\vegefood...', Array)
#6 C:\xampp\htdocs\littlegreenery\system\CodeIgniter.php(832): App\Controllers\Shop->cart()
#7 C:\xampp\htdocs\littlegreenery\system\CodeIgniter.php(419): CodeIgniter\CodeIgniter->runController(Object(App\Controllers\Shop))
#8 C:\xampp\htdocs\littlegreenery\system\CodeIgniter.php(326): CodeIgniter\CodeIgniter->handleRequest(NULL, Object(Config\Cache), false)
#9 C:\xampp\htdocs\littlegreenery\public\index.php(37): CodeIgniter\CodeIgniter->run()
#10 C:\xampp\htdocs\littlegreenery\system\Commands\Server\rewrite.php(43): require_once('C:\\xampp\\htdocs...')
#11 {main}
CRITICAL - 2022-06-06 00:32:29 --> Undefined variable $idS
#0 C:\xampp\htdocs\littlegreenery\app\Helpers\global_helper.php(203): CodeIgniter\Debug\Exceptions->errorHandler(2, 'Undefined varia...', 'C:\\xampp\\htdocs...', 203)
#1 C:\xampp\htdocs\littlegreenery\app\Views\themes\littlegreenery\shop\cart.php(39): get_product_image('8')
#2 C:\xampp\htdocs\littlegreenery\system\View\View.php(210): include('C:\\xampp\\htdocs...')
#3 C:\xampp\htdocs\littlegreenery\system\View\View.php(213): CodeIgniter\View\View->CodeIgniter\View\{closure}()
#4 C:\xampp\htdocs\littlegreenery\system\Common.php(1089): CodeIgniter\View\View->render('themes\\vegefood...', Array, true)
#5 C:\xampp\htdocs\littlegreenery\app\Controllers\Shop.php(51): view('themes\\vegefood...', Array)
#6 C:\xampp\htdocs\littlegreenery\system\CodeIgniter.php(832): App\Controllers\Shop->cart()
#7 C:\xampp\htdocs\littlegreenery\system\CodeIgniter.php(419): CodeIgniter\CodeIgniter->runController(Object(App\Controllers\Shop))
#8 C:\xampp\htdocs\littlegreenery\system\CodeIgniter.php(326): CodeIgniter\CodeIgniter->handleRequest(NULL, Object(Config\Cache), false)
#9 C:\xampp\htdocs\littlegreenery\public\index.php(37): CodeIgniter\CodeIgniter->run()
#10 C:\xampp\htdocs\littlegreenery\system\Commands\Server\rewrite.php(43): require_once('C:\\xampp\\htdocs...')
#11 {main}
CRITICAL - 2022-06-06 00:32:38 --> Attempt to read property "picture_name" on null
#0 C:\xampp\htdocs\littlegreenery\app\Helpers\global_helper.php(206): CodeIgniter\Debug\Exceptions->errorHandler(2, 'Attempt to read...', 'C:\\xampp\\htdocs...', 206)
#1 C:\xampp\htdocs\littlegreenery\app\Views\themes\littlegreenery\shop\cart.php(39): get_product_image('8')
#2 C:\xampp\htdocs\littlegreenery\system\View\View.php(210): include('C:\\xampp\\htdocs...')
#3 C:\xampp\htdocs\littlegreenery\system\View\View.php(213): CodeIgniter\View\View->CodeIgniter\View\{closure}()
#4 C:\xampp\htdocs\littlegreenery\system\Common.php(1089): CodeIgniter\View\View->render('themes\\vegefood...', Array, true)
#5 C:\xampp\htdocs\littlegreenery\app\Controllers\Shop.php(51): view('themes\\vegefood...', Array)
#6 C:\xampp\htdocs\littlegreenery\system\CodeIgniter.php(832): App\Controllers\Shop->cart()
#7 C:\xampp\htdocs\littlegreenery\system\CodeIgniter.php(419): CodeIgniter\CodeIgniter->runController(Object(App\Controllers\Shop))
#8 C:\xampp\htdocs\littlegreenery\system\CodeIgniter.php(326): CodeIgniter\CodeIgniter->handleRequest(NULL, Object(Config\Cache), false)
#9 C:\xampp\htdocs\littlegreenery\public\index.php(37): CodeIgniter\CodeIgniter->run()
#10 C:\xampp\htdocs\littlegreenery\system\Commands\Server\rewrite.php(43): require_once('C:\\xampp\\htdocs...')
#11 {main}
CRITICAL - 2022-06-06 00:43:57 --> Attempt to read property "picture_name" on null
#0 C:\xampp\htdocs\littlegreenery\app\Helpers\global_helper.php(205): CodeIgniter\Debug\Exceptions->errorHandler(2, 'Attempt to read...', 'C:\\xampp\\htdocs...', 205)
#1 C:\xampp\htdocs\littlegreenery\app\Views\themes\littlegreenery\shop\cart.php(39): get_product_image('8')
#2 C:\xampp\htdocs\littlegreenery\system\View\View.php(210): include('C:\\xampp\\htdocs...')
#3 C:\xampp\htdocs\littlegreenery\system\View\View.php(213): CodeIgniter\View\View->CodeIgniter\View\{closure}()
#4 C:\xampp\htdocs\littlegreenery\system\Common.php(1089): CodeIgniter\View\View->render('themes\\vegefood...', Array, true)
#5 C:\xampp\htdocs\littlegreenery\app\Controllers\Shop.php(50): view('themes\\vegefood...', Array)
#6 C:\xampp\htdocs\littlegreenery\system\CodeIgniter.php(832): App\Controllers\Shop->cart()
#7 C:\xampp\htdocs\littlegreenery\system\CodeIgniter.php(419): CodeIgniter\CodeIgniter->runController(Object(App\Controllers\Shop))
#8 C:\xampp\htdocs\littlegreenery\system\CodeIgniter.php(326): CodeIgniter\CodeIgniter->handleRequest(NULL, Object(Config\Cache), false)
#9 C:\xampp\htdocs\littlegreenery\public\index.php(37): CodeIgniter\CodeIgniter->run()
#10 C:\xampp\htdocs\littlegreenery\system\Commands\Server\rewrite.php(43): require_once('C:\\xampp\\htdocs...')
#11 {main}
CRITICAL - 2022-06-06 00:44:55 --> Attempt to read property "picture_name" on null
#0 C:\xampp\htdocs\littlegreenery\app\Helpers\global_helper.php(205): CodeIgniter\Debug\Exceptions->errorHandler(2, 'Attempt to read...', 'C:\\xampp\\htdocs...', 205)
#1 C:\xampp\htdocs\littlegreenery\app\Views\themes\littlegreenery\shop\cart.php(39): get_product_image('8')
#2 C:\xampp\htdocs\littlegreenery\system\View\View.php(210): include('C:\\xampp\\htdocs...')
#3 C:\xampp\htdocs\littlegreenery\system\View\View.php(213): CodeIgniter\View\View->CodeIgniter\View\{closure}()
#4 C:\xampp\htdocs\littlegreenery\system\Common.php(1089): CodeIgniter\View\View->render('themes\\vegefood...', Array, true)
#5 C:\xampp\htdocs\littlegreenery\app\Controllers\Shop.php(50): view('themes\\vegefood...', Array)
#6 C:\xampp\htdocs\littlegreenery\system\CodeIgniter.php(832): App\Controllers\Shop->cart()
#7 C:\xampp\htdocs\littlegreenery\system\CodeIgniter.php(419): CodeIgniter\CodeIgniter->runController(Object(App\Controllers\Shop))
#8 C:\xampp\htdocs\littlegreenery\system\CodeIgniter.php(326): CodeIgniter\CodeIgniter->handleRequest(NULL, Object(Config\Cache), false)
#9 C:\xampp\htdocs\littlegreenery\public\index.php(37): CodeIgniter\CodeIgniter->run()
#10 C:\xampp\htdocs\littlegreenery\system\Commands\Server\rewrite.php(43): require_once('C:\\xampp\\htdocs...')
#11 {main}
CRITICAL - 2022-06-06 01:06:00 --> Attempt to read property "picture_name" on null
#0 C:\xampp\htdocs\littlegreenery\app\Helpers\global_helper.php(205): CodeIgniter\Debug\Exceptions->errorHandler(2, 'Attempt to read...', 'C:\\xampp\\htdocs...', 205)
#1 C:\xampp\htdocs\littlegreenery\app\Views\themes\littlegreenery\shop\cart.php(39): get_product_image('4')
#2 C:\xampp\htdocs\littlegreenery\system\View\View.php(210): include('C:\\xampp\\htdocs...')
#3 C:\xampp\htdocs\littlegreenery\system\View\View.php(213): CodeIgniter\View\View->CodeIgniter\View\{closure}()
#4 C:\xampp\htdocs\littlegreenery\system\Common.php(1089): CodeIgniter\View\View->render('themes\\vegefood...', Array, true)
#5 C:\xampp\htdocs\littlegreenery\app\Controllers\Shop.php(50): view('themes\\vegefood...', Array)
#6 C:\xampp\htdocs\littlegreenery\system\CodeIgniter.php(832): App\Controllers\Shop->cart()
#7 C:\xampp\htdocs\littlegreenery\system\CodeIgniter.php(419): CodeIgniter\CodeIgniter->runController(Object(App\Controllers\Shop))
#8 C:\xampp\htdocs\littlegreenery\system\CodeIgniter.php(326): CodeIgniter\CodeIgniter->handleRequest(NULL, Object(Config\Cache), false)
#9 C:\xampp\htdocs\littlegreenery\public\index.php(37): CodeIgniter\CodeIgniter->run()
#10 C:\xampp\htdocs\littlegreenery\system\Commands\Server\rewrite.php(43): require_once('C:\\xampp\\htdocs...')
#11 {main}
CRITICAL - 2022-06-06 01:09:18 --> Attempt to read property "picture_name" on null
#0 C:\xampp\htdocs\littlegreenery\app\Helpers\global_helper.php(204): CodeIgniter\Debug\Exceptions->errorHandler(2, 'Attempt to read...', 'C:\\xampp\\htdocs...', 204)
#1 C:\xampp\htdocs\littlegreenery\app\Views\themes\littlegreenery\shop\cart.php(39): get_product_image('4')
#2 C:\xampp\htdocs\littlegreenery\system\View\View.php(210): include('C:\\xampp\\htdocs...')
#3 C:\xampp\htdocs\littlegreenery\system\View\View.php(213): CodeIgniter\View\View->CodeIgniter\View\{closure}()
#4 C:\xampp\htdocs\littlegreenery\system\Common.php(1089): CodeIgniter\View\View->render('themes\\vegefood...', Array, true)
#5 C:\xampp\htdocs\littlegreenery\app\Controllers\Shop.php(50): view('themes\\vegefood...', Array)
#6 C:\xampp\htdocs\littlegreenery\system\CodeIgniter.php(832): App\Controllers\Shop->cart()
#7 C:\xampp\htdocs\littlegreenery\system\CodeIgniter.php(419): CodeIgniter\CodeIgniter->runController(Object(App\Controllers\Shop))
#8 C:\xampp\htdocs\littlegreenery\system\CodeIgniter.php(326): CodeIgniter\CodeIgniter->handleRequest(NULL, Object(Config\Cache), false)
#9 C:\xampp\htdocs\littlegreenery\public\index.php(37): CodeIgniter\CodeIgniter->run()
#10 C:\xampp\htdocs\littlegreenery\system\Commands\Server\rewrite.php(43): require_once('C:\\xampp\\htdocs...')
#11 {main}
CRITICAL - 2022-06-06 02:57:09 --> Attempt to read property "profile_picture" on null
#0 C:\xampp\htdocs\littlegreenery\app\Helpers\global_helper.php(94): CodeIgniter\Debug\Exceptions->errorHandler(2, 'Attempt to read...', 'C:\\xampp\\htdocs...', 94)
#1 C:\xampp\htdocs\littlegreenery\app\Views\admin\header.php(162): get_admin_image()
#2 C:\xampp\htdocs\littlegreenery\system\View\View.php(210): include('C:\\xampp\\htdocs...')
#3 C:\xampp\htdocs\littlegreenery\system\View\View.php(213): CodeIgniter\View\View->CodeIgniter\View\{closure}()
#4 C:\xampp\htdocs\littlegreenery\system\View\View.php(226): CodeIgniter\View\View->render('admin\\header', Array, true)
#5 C:\xampp\htdocs\littlegreenery\system\Common.php(1089): CodeIgniter\View\View->render('admin/products/...', Array, true)
#6 C:\xampp\htdocs\littlegreenery\app\Controllers\Admin_Products.php(331): view('admin/products/...', Array)
#7 C:\xampp\htdocs\littlegreenery\system\CodeIgniter.php(832): App\Controllers\Admin_Products->category()
#8 C:\xampp\htdocs\littlegreenery\system\CodeIgniter.php(419): CodeIgniter\CodeIgniter->runController(Object(App\Controllers\Admin_Products))
#9 C:\xampp\htdocs\littlegreenery\system\CodeIgniter.php(326): CodeIgniter\CodeIgniter->handleRequest(NULL, Object(Config\Cache), false)
#10 C:\xampp\htdocs\littlegreenery\public\index.php(37): CodeIgniter\CodeIgniter->run()
#11 C:\xampp\htdocs\littlegreenery\system\Commands\Server\rewrite.php(43): require_once('C:\\xampp\\htdocs...')
#12 {main}
CRITICAL - 2022-06-06 04:00:58 --> foreach() argument must be of type array|object, null given
#0 C:\xampp\htdocs\littlegreenery\app\Controllers\Shop.php(82): CodeIgniter\Debug\Exceptions->errorHandler(2, 'foreach() argum...', 'C:\\xampp\\htdocs...', 82)
#1 C:\xampp\htdocs\littlegreenery\system\CodeIgniter.php(832): App\Controllers\Shop->checkout()
#2 C:\xampp\htdocs\littlegreenery\system\CodeIgniter.php(419): CodeIgniter\CodeIgniter->runController(Object(App\Controllers\Shop))
#3 C:\xampp\htdocs\littlegreenery\system\CodeIgniter.php(326): CodeIgniter\CodeIgniter->handleRequest(NULL, Object(Config\Cache), false)
#4 C:\xampp\htdocs\littlegreenery\public\index.php(37): CodeIgniter\CodeIgniter->run()
#5 C:\xampp\htdocs\littlegreenery\system\Commands\Server\rewrite.php(43): require_once('C:\\xampp\\htdocs...')
#6 {main}
