CRITICAL - 2022-05-15 00:06:09 --> You must set the database table to be used with your query.
#0 C:\xampp\htdocs\tokoku\system\Model.php(545): CodeIgniter\Database\BaseConnection->table(NULL)
#1 C:\xampp\htdocs\tokoku\system\Model.php(722): CodeIgniter\Model->builder()
#2 C:\xampp\htdocs\tokoku\app\Controllers\Home.php(20): CodeIgniter\Model->__call('where', Array)
#3 C:\xampp\htdocs\tokoku\system\CodeIgniter.php(832): App\Controllers\Home->index()
#4 C:\xampp\htdocs\tokoku\system\CodeIgniter.php(419): CodeIgniter\CodeIgniter->runController(Object(App\Controllers\Home))
#5 C:\xampp\htdocs\tokoku\system\CodeIgniter.php(326): CodeIgniter\CodeIgniter->handleRequest(NULL, Object(Config\Cache), false)
#6 C:\xampp\htdocs\tokoku\public\index.php(37): CodeIgniter\CodeIgniter->run()
#7 C:\xampp\htdocs\tokoku\system\Commands\Server\rewrite.php(43): require_once('C:\\xampp\\htdocs...')
#8 {main}
CRITICAL - 2022-05-15 00:08:10 --> You must set the database table to be used with your query.
#0 C:\xampp\htdocs\tokoku\system\Model.php(545): CodeIgniter\Database\BaseConnection->table(NULL)
#1 C:\xampp\htdocs\tokoku\system\Model.php(176): CodeIgniter\Model->builder()
#2 C:\xampp\htdocs\tokoku\system\BaseModel.php(584): CodeIgniter\Model->doFindAll(0, 0)
#3 C:\xampp\htdocs\tokoku\app\Controllers\Home.php(21): CodeIgniter\BaseModel->findAll()
#4 C:\xampp\htdocs\tokoku\system\CodeIgniter.php(832): App\Controllers\Home->index()
#5 C:\xampp\htdocs\tokoku\system\CodeIgniter.php(419): CodeIgniter\CodeIgniter->runController(Object(App\Controllers\Home))
#6 C:\xampp\htdocs\tokoku\system\CodeIgniter.php(326): CodeIgniter\CodeIgniter->handleRequest(NULL, Object(Config\Cache), false)
#7 C:\xampp\htdocs\tokoku\public\index.php(37): CodeIgniter\CodeIgniter->run()
#8 C:\xampp\htdocs\tokoku\system\Commands\Server\rewrite.php(43): require_once('C:\\xampp\\htdocs...')
#9 {main}
CRITICAL - 2022-05-15 00:08:56 --> You must set the database table to be used with your query.
#0 C:\xampp\htdocs\tokoku\system\Model.php(545): CodeIgniter\Database\BaseConnection->table(NULL)
#1 C:\xampp\htdocs\tokoku\system\Model.php(176): CodeIgniter\Model->builder()
#2 C:\xampp\htdocs\tokoku\system\BaseModel.php(584): CodeIgniter\Model->doFindAll(0, 0)
#3 C:\xampp\htdocs\tokoku\app\Controllers\Home.php(21): CodeIgniter\BaseModel->findAll()
#4 C:\xampp\htdocs\tokoku\system\CodeIgniter.php(832): App\Controllers\Home->index()
#5 C:\xampp\htdocs\tokoku\system\CodeIgniter.php(419): CodeIgniter\CodeIgniter->runController(Object(App\Controllers\Home))
#6 C:\xampp\htdocs\tokoku\system\CodeIgniter.php(326): CodeIgniter\CodeIgniter->handleRequest(NULL, Object(Config\Cache), false)
#7 C:\xampp\htdocs\tokoku\public\index.php(37): CodeIgniter\CodeIgniter->run()
#8 C:\xampp\htdocs\tokoku\system\Commands\Server\rewrite.php(43): require_once('C:\\xampp\\htdocs...')
#9 {main}
CRITICAL - 2022-05-15 00:12:16 --> count(): Argument #1 ($value) must be of type Countable|array, null given
#0 C:\xampp\htdocs\tokoku\system\View\View.php(210): include()
#1 C:\xampp\htdocs\tokoku\system\View\View.php(213): CodeIgniter\View\View->CodeIgniter\View\{closure}()
#2 C:\xampp\htdocs\tokoku\system\Common.php(1089): CodeIgniter\View\View->render('themes\\vegefood...', Array, true)
#3 C:\xampp\htdocs\tokoku\app\Controllers\Home.php(32): view('themes\\vegefood...', Array)
#4 C:\xampp\htdocs\tokoku\system\CodeIgniter.php(832): App\Controllers\Home->index()
#5 C:\xampp\htdocs\tokoku\system\CodeIgniter.php(419): CodeIgniter\CodeIgniter->runController(Object(App\Controllers\Home))
#6 C:\xampp\htdocs\tokoku\system\CodeIgniter.php(326): CodeIgniter\CodeIgniter->handleRequest(NULL, Object(Config\Cache), false)
#7 C:\xampp\htdocs\tokoku\public\index.php(37): CodeIgniter\CodeIgniter->run()
#8 C:\xampp\htdocs\tokoku\system\Commands\Server\rewrite.php(43): require_once('C:\\xampp\\htdocs...')
#9 {main}
CRITICAL - 2022-05-15 00:42:18 --> Call to a member function table() on null
#0 C:\xampp\htdocs\tokoku\app\Views\themes\littlegreenery\template.php(193): get_settings('store_email')
#1 C:\xampp\htdocs\tokoku\system\View\View.php(210): include('C:\\xampp\\htdocs...')
#2 C:\xampp\htdocs\tokoku\system\View\View.php(213): CodeIgniter\View\View->CodeIgniter\View\{closure}()
#3 C:\xampp\htdocs\tokoku\system\View\View.php(226): CodeIgniter\View\View->render('themes\\vegefood...', Array, true)
#4 C:\xampp\htdocs\tokoku\system\Common.php(1089): CodeIgniter\View\View->render('themes\\vegefood...', Array, true)
#5 C:\xampp\htdocs\tokoku\app\Controllers\Home.php(32): view('themes\\vegefood...', Array)
#6 C:\xampp\htdocs\tokoku\system\CodeIgniter.php(832): App\Controllers\Home->index()
#7 C:\xampp\htdocs\tokoku\system\CodeIgniter.php(419): CodeIgniter\CodeIgniter->runController(Object(App\Controllers\Home))
#8 C:\xampp\htdocs\tokoku\system\CodeIgniter.php(326): CodeIgniter\CodeIgniter->handleRequest(NULL, Object(Config\Cache), false)
#9 C:\xampp\htdocs\tokoku\public\index.php(37): CodeIgniter\CodeIgniter->run()
#10 C:\xampp\htdocs\tokoku\system\Commands\Server\rewrite.php(43): require_once('C:\\xampp\\htdocs...')
#11 {main}
CRITICAL - 2022-05-15 00:43:43 --> Cannot use object of type CodeIgniter\Database\MySQLi\Result as array
#0 C:\xampp\htdocs\tokoku\app\Views\themes\littlegreenery\template.php(193): get_settings('store_email')
#1 C:\xampp\htdocs\tokoku\system\View\View.php(210): include('C:\\xampp\\htdocs...')
#2 C:\xampp\htdocs\tokoku\system\View\View.php(213): CodeIgniter\View\View->CodeIgniter\View\{closure}()
#3 C:\xampp\htdocs\tokoku\system\View\View.php(226): CodeIgniter\View\View->render('themes\\vegefood...', Array, true)
#4 C:\xampp\htdocs\tokoku\system\Common.php(1089): CodeIgniter\View\View->render('themes\\vegefood...', Array, true)
#5 C:\xampp\htdocs\tokoku\app\Controllers\Home.php(32): view('themes\\vegefood...', Array)
#6 C:\xampp\htdocs\tokoku\system\CodeIgniter.php(832): App\Controllers\Home->index()
#7 C:\xampp\htdocs\tokoku\system\CodeIgniter.php(419): CodeIgniter\CodeIgniter->runController(Object(App\Controllers\Home))
#8 C:\xampp\htdocs\tokoku\system\CodeIgniter.php(326): CodeIgniter\CodeIgniter->handleRequest(NULL, Object(Config\Cache), false)
#9 C:\xampp\htdocs\tokoku\public\index.php(37): CodeIgniter\CodeIgniter->run()
#10 C:\xampp\htdocs\tokoku\system\Commands\Server\rewrite.php(43): require_once('C:\\xampp\\htdocs...')
#11 {main}
CRITICAL - 2022-05-15 00:44:15 --> Object of class CodeIgniter\Database\MySQLi\Result could not be converted to string
#0 C:\xampp\htdocs\tokoku\system\View\View.php(210): include()
#1 C:\xampp\htdocs\tokoku\system\View\View.php(213): CodeIgniter\View\View->CodeIgniter\View\{closure}()
#2 C:\xampp\htdocs\tokoku\system\View\View.php(226): CodeIgniter\View\View->render('themes\\vegefood...', Array, true)
#3 C:\xampp\htdocs\tokoku\system\Common.php(1089): CodeIgniter\View\View->render('themes\\vegefood...', Array, true)
#4 C:\xampp\htdocs\tokoku\app\Controllers\Home.php(32): view('themes\\vegefood...', Array)
#5 C:\xampp\htdocs\tokoku\system\CodeIgniter.php(832): App\Controllers\Home->index()
#6 C:\xampp\htdocs\tokoku\system\CodeIgniter.php(419): CodeIgniter\CodeIgniter->runController(Object(App\Controllers\Home))
#7 C:\xampp\htdocs\tokoku\system\CodeIgniter.php(326): CodeIgniter\CodeIgniter->handleRequest(NULL, Object(Config\Cache), false)
#8 C:\xampp\htdocs\tokoku\public\index.php(37): CodeIgniter\CodeIgniter->run()
#9 C:\xampp\htdocs\tokoku\system\Commands\Server\rewrite.php(43): require_once('C:\\xampp\\htdocs...')
#10 {main}
CRITICAL - 2022-05-15 00:44:32 --> Object of class CodeIgniter\Database\MySQLi\Result could not be converted to string
#0 C:\xampp\htdocs\tokoku\system\View\View.php(210): include()
#1 C:\xampp\htdocs\tokoku\system\View\View.php(213): CodeIgniter\View\View->CodeIgniter\View\{closure}()
#2 C:\xampp\htdocs\tokoku\system\View\View.php(226): CodeIgniter\View\View->render('themes\\vegefood...', Array, true)
#3 C:\xampp\htdocs\tokoku\system\Common.php(1089): CodeIgniter\View\View->render('themes\\vegefood...', Array, true)
#4 C:\xampp\htdocs\tokoku\app\Controllers\Home.php(32): view('themes\\vegefood...', Array)
#5 C:\xampp\htdocs\tokoku\system\CodeIgniter.php(832): App\Controllers\Home->index()
#6 C:\xampp\htdocs\tokoku\system\CodeIgniter.php(419): CodeIgniter\CodeIgniter->runController(Object(App\Controllers\Home))
#7 C:\xampp\htdocs\tokoku\system\CodeIgniter.php(326): CodeIgniter\CodeIgniter->handleRequest(NULL, Object(Config\Cache), false)
#8 C:\xampp\htdocs\tokoku\public\index.php(37): CodeIgniter\CodeIgniter->run()
#9 C:\xampp\htdocs\tokoku\system\Commands\Server\rewrite.php(43): require_once('C:\\xampp\\htdocs...')
#10 {main}
CRITICAL - 2022-05-15 00:44:38 --> Object of class CodeIgniter\Database\MySQLi\Result could not be converted to string
#0 C:\xampp\htdocs\tokoku\system\View\View.php(210): include()
#1 C:\xampp\htdocs\tokoku\system\View\View.php(213): CodeIgniter\View\View->CodeIgniter\View\{closure}()
#2 C:\xampp\htdocs\tokoku\system\View\View.php(226): CodeIgniter\View\View->render('themes\\vegefood...', Array, true)
#3 C:\xampp\htdocs\tokoku\system\Common.php(1089): CodeIgniter\View\View->render('themes\\vegefood...', Array, true)
#4 C:\xampp\htdocs\tokoku\app\Controllers\Home.php(32): view('themes\\vegefood...', Array)
#5 C:\xampp\htdocs\tokoku\system\CodeIgniter.php(832): App\Controllers\Home->index()
#6 C:\xampp\htdocs\tokoku\system\CodeIgniter.php(419): CodeIgniter\CodeIgniter->runController(Object(App\Controllers\Home))
#7 C:\xampp\htdocs\tokoku\system\CodeIgniter.php(326): CodeIgniter\CodeIgniter->handleRequest(NULL, Object(Config\Cache), false)
#8 C:\xampp\htdocs\tokoku\public\index.php(37): CodeIgniter\CodeIgniter->run()
#9 C:\xampp\htdocs\tokoku\system\Commands\Server\rewrite.php(43): require_once('C:\\xampp\\htdocs...')
#10 {main}
CRITICAL - 2022-05-15 00:45:07 --> Undefined property: CodeIgniter\Database\MySQLi\Result::$content
#0 C:\xampp\htdocs\tokoku\app\Helpers\global_helper.php(19): CodeIgniter\Debug\Exceptions->errorHandler(2, 'Undefined prope...', 'C:\\xampp\\htdocs...', 19)
#1 C:\xampp\htdocs\tokoku\app\Views\themes\littlegreenery\template.php(193): get_settings('store_email')
#2 C:\xampp\htdocs\tokoku\system\View\View.php(210): include('C:\\xampp\\htdocs...')
#3 C:\xampp\htdocs\tokoku\system\View\View.php(213): CodeIgniter\View\View->CodeIgniter\View\{closure}()
#4 C:\xampp\htdocs\tokoku\system\View\View.php(226): CodeIgniter\View\View->render('themes\\vegefood...', Array, true)
#5 C:\xampp\htdocs\tokoku\system\Common.php(1089): CodeIgniter\View\View->render('themes\\vegefood...', Array, true)
#6 C:\xampp\htdocs\tokoku\app\Controllers\Home.php(32): view('themes\\vegefood...', Array)
#7 C:\xampp\htdocs\tokoku\system\CodeIgniter.php(832): App\Controllers\Home->index()
#8 C:\xampp\htdocs\tokoku\system\CodeIgniter.php(419): CodeIgniter\CodeIgniter->runController(Object(App\Controllers\Home))
#9 C:\xampp\htdocs\tokoku\system\CodeIgniter.php(326): CodeIgniter\CodeIgniter->handleRequest(NULL, Object(Config\Cache), false)
#10 C:\xampp\htdocs\tokoku\public\index.php(37): CodeIgniter\CodeIgniter->run()
#11 C:\xampp\htdocs\tokoku\system\Commands\Server\rewrite.php(43): require_once('C:\\xampp\\htdocs...')
#12 {main}
CRITICAL - 2022-05-15 00:45:58 --> Undefined property: CodeIgniter\Database\MySQLi\Result::$content
#0 C:\xampp\htdocs\tokoku\app\Helpers\global_helper.php(19): CodeIgniter\Debug\Exceptions->errorHandler(2, 'Undefined prope...', 'C:\\xampp\\htdocs...', 19)
#1 C:\xampp\htdocs\tokoku\app\Views\themes\littlegreenery\template.php(193): get_settings('store_email')
#2 C:\xampp\htdocs\tokoku\system\View\View.php(210): include('C:\\xampp\\htdocs...')
#3 C:\xampp\htdocs\tokoku\system\View\View.php(213): CodeIgniter\View\View->CodeIgniter\View\{closure}()
#4 C:\xampp\htdocs\tokoku\system\View\View.php(226): CodeIgniter\View\View->render('themes\\vegefood...', Array, true)
#5 C:\xampp\htdocs\tokoku\system\Common.php(1089): CodeIgniter\View\View->render('themes\\vegefood...', Array, true)
#6 C:\xampp\htdocs\tokoku\app\Controllers\Home.php(32): view('themes\\vegefood...', Array)
#7 C:\xampp\htdocs\tokoku\system\CodeIgniter.php(832): App\Controllers\Home->index()
#8 C:\xampp\htdocs\tokoku\system\CodeIgniter.php(419): CodeIgniter\CodeIgniter->runController(Object(App\Controllers\Home))
#9 C:\xampp\htdocs\tokoku\system\CodeIgniter.php(326): CodeIgniter\CodeIgniter->handleRequest(NULL, Object(Config\Cache), false)
#10 C:\xampp\htdocs\tokoku\public\index.php(37): CodeIgniter\CodeIgniter->run()
#11 C:\xampp\htdocs\tokoku\system\Commands\Server\rewrite.php(43): require_once('C:\\xampp\\htdocs...')
#12 {main}
CRITICAL - 2022-05-15 00:46:22 --> Cannot use object of type CodeIgniter\Database\MySQLi\Result as array
#0 C:\xampp\htdocs\tokoku\app\Views\themes\littlegreenery\template.php(193): get_settings('store_email')
#1 C:\xampp\htdocs\tokoku\system\View\View.php(210): include('C:\\xampp\\htdocs...')
#2 C:\xampp\htdocs\tokoku\system\View\View.php(213): CodeIgniter\View\View->CodeIgniter\View\{closure}()
#3 C:\xampp\htdocs\tokoku\system\View\View.php(226): CodeIgniter\View\View->render('themes\\vegefood...', Array, true)
#4 C:\xampp\htdocs\tokoku\system\Common.php(1089): CodeIgniter\View\View->render('themes\\vegefood...', Array, true)
#5 C:\xampp\htdocs\tokoku\app\Controllers\Home.php(32): view('themes\\vegefood...', Array)
#6 C:\xampp\htdocs\tokoku\system\CodeIgniter.php(832): App\Controllers\Home->index()
#7 C:\xampp\htdocs\tokoku\system\CodeIgniter.php(419): CodeIgniter\CodeIgniter->runController(Object(App\Controllers\Home))
#8 C:\xampp\htdocs\tokoku\system\CodeIgniter.php(326): CodeIgniter\CodeIgniter->handleRequest(NULL, Object(Config\Cache), false)
#9 C:\xampp\htdocs\tokoku\public\index.php(37): CodeIgniter\CodeIgniter->run()
#10 C:\xampp\htdocs\tokoku\system\Commands\Server\rewrite.php(43): require_once('C:\\xampp\\htdocs...')
#11 {main}
CRITICAL - 2022-05-15 00:46:39 --> Cannot use object of type CodeIgniter\Database\MySQLi\Result as array
#0 C:\xampp\htdocs\tokoku\app\Views\themes\littlegreenery\template.php(193): get_settings('store_email')
#1 C:\xampp\htdocs\tokoku\system\View\View.php(210): include('C:\\xampp\\htdocs...')
#2 C:\xampp\htdocs\tokoku\system\View\View.php(213): CodeIgniter\View\View->CodeIgniter\View\{closure}()
#3 C:\xampp\htdocs\tokoku\system\View\View.php(226): CodeIgniter\View\View->render('themes\\vegefood...', Array, true)
#4 C:\xampp\htdocs\tokoku\system\Common.php(1089): CodeIgniter\View\View->render('themes\\vegefood...', Array, true)
#5 C:\xampp\htdocs\tokoku\app\Controllers\Home.php(32): view('themes\\vegefood...', Array)
#6 C:\xampp\htdocs\tokoku\system\CodeIgniter.php(832): App\Controllers\Home->index()
#7 C:\xampp\htdocs\tokoku\system\CodeIgniter.php(419): CodeIgniter\CodeIgniter->runController(Object(App\Controllers\Home))
#8 C:\xampp\htdocs\tokoku\system\CodeIgniter.php(326): CodeIgniter\CodeIgniter->handleRequest(NULL, Object(Config\Cache), false)
#9 C:\xampp\htdocs\tokoku\public\index.php(37): CodeIgniter\CodeIgniter->run()
#10 C:\xampp\htdocs\tokoku\system\Commands\Server\rewrite.php(43): require_once('C:\\xampp\\htdocs...')
#11 {main}
CRITICAL - 2022-05-15 00:48:34 --> Cannot use object of type CodeIgniter\Database\MySQLi\Result as array
#0 C:\xampp\htdocs\tokoku\app\Views\themes\littlegreenery\template.php(193): get_settings('store_email')
#1 C:\xampp\htdocs\tokoku\system\View\View.php(210): include('C:\\xampp\\htdocs...')
#2 C:\xampp\htdocs\tokoku\system\View\View.php(213): CodeIgniter\View\View->CodeIgniter\View\{closure}()
#3 C:\xampp\htdocs\tokoku\system\View\View.php(226): CodeIgniter\View\View->render('themes\\vegefood...', Array, true)
#4 C:\xampp\htdocs\tokoku\system\Common.php(1089): CodeIgniter\View\View->render('themes\\vegefood...', Array, true)
#5 C:\xampp\htdocs\tokoku\app\Controllers\Home.php(32): view('themes\\vegefood...', Array)
#6 C:\xampp\htdocs\tokoku\system\CodeIgniter.php(832): App\Controllers\Home->index()
#7 C:\xampp\htdocs\tokoku\system\CodeIgniter.php(419): CodeIgniter\CodeIgniter->runController(Object(App\Controllers\Home))
#8 C:\xampp\htdocs\tokoku\system\CodeIgniter.php(326): CodeIgniter\CodeIgniter->handleRequest(NULL, Object(Config\Cache), false)
#9 C:\xampp\htdocs\tokoku\public\index.php(37): CodeIgniter\CodeIgniter->run()
#10 C:\xampp\htdocs\tokoku\system\Commands\Server\rewrite.php(43): require_once('C:\\xampp\\htdocs...')
#11 {main}
CRITICAL - 2022-05-15 00:48:55 --> Undefined property: CodeIgniter\Database\MySQLi\Result::$content
#0 C:\xampp\htdocs\tokoku\app\Helpers\global_helper.php(18): CodeIgniter\Debug\Exceptions->errorHandler(2, 'Undefined prope...', 'C:\\xampp\\htdocs...', 18)
#1 C:\xampp\htdocs\tokoku\app\Views\themes\littlegreenery\template.php(193): get_settings('store_email')
#2 C:\xampp\htdocs\tokoku\system\View\View.php(210): include('C:\\xampp\\htdocs...')
#3 C:\xampp\htdocs\tokoku\system\View\View.php(213): CodeIgniter\View\View->CodeIgniter\View\{closure}()
#4 C:\xampp\htdocs\tokoku\system\View\View.php(226): CodeIgniter\View\View->render('themes\\vegefood...', Array, true)
#5 C:\xampp\htdocs\tokoku\system\Common.php(1089): CodeIgniter\View\View->render('themes\\vegefood...', Array, true)
#6 C:\xampp\htdocs\tokoku\app\Controllers\Home.php(32): view('themes\\vegefood...', Array)
#7 C:\xampp\htdocs\tokoku\system\CodeIgniter.php(832): App\Controllers\Home->index()
#8 C:\xampp\htdocs\tokoku\system\CodeIgniter.php(419): CodeIgniter\CodeIgniter->runController(Object(App\Controllers\Home))
#9 C:\xampp\htdocs\tokoku\system\CodeIgniter.php(326): CodeIgniter\CodeIgniter->handleRequest(NULL, Object(Config\Cache), false)
#10 C:\xampp\htdocs\tokoku\public\index.php(37): CodeIgniter\CodeIgniter->run()
#11 C:\xampp\htdocs\tokoku\system\Commands\Server\rewrite.php(43): require_once('C:\\xampp\\htdocs...')
#12 {main}
CRITICAL - 2022-05-15 00:56:27 --> Object of class CodeIgniter\Database\MySQLi\Result could not be converted to string
#0 C:\xampp\htdocs\tokoku\app\Views\themes\littlegreenery\template.php(193): get_settings('store_email')
#1 C:\xampp\htdocs\tokoku\system\View\View.php(210): include('C:\\xampp\\htdocs...')
#2 C:\xampp\htdocs\tokoku\system\View\View.php(213): CodeIgniter\View\View->CodeIgniter\View\{closure}()
#3 C:\xampp\htdocs\tokoku\system\View\View.php(226): CodeIgniter\View\View->render('themes\\vegefood...', Array, true)
#4 C:\xampp\htdocs\tokoku\system\Common.php(1089): CodeIgniter\View\View->render('themes\\vegefood...', Array, true)
#5 C:\xampp\htdocs\tokoku\app\Controllers\Home.php(32): view('themes\\vegefood...', Array)
#6 C:\xampp\htdocs\tokoku\system\CodeIgniter.php(832): App\Controllers\Home->index()
#7 C:\xampp\htdocs\tokoku\system\CodeIgniter.php(419): CodeIgniter\CodeIgniter->runController(Object(App\Controllers\Home))
#8 C:\xampp\htdocs\tokoku\system\CodeIgniter.php(326): CodeIgniter\CodeIgniter->handleRequest(NULL, Object(Config\Cache), false)
#9 C:\xampp\htdocs\tokoku\public\index.php(37): CodeIgniter\CodeIgniter->run()
#10 C:\xampp\htdocs\tokoku\system\Commands\Server\rewrite.php(43): require_once('C:\\xampp\\htdocs...')
#11 {main}
CRITICAL - 2022-05-15 00:56:39 --> Object of class CodeIgniter\Database\MySQLi\Result could not be converted to string
#0 C:\xampp\htdocs\tokoku\system\View\View.php(210): include()
#1 C:\xampp\htdocs\tokoku\system\View\View.php(213): CodeIgniter\View\View->CodeIgniter\View\{closure}()
#2 C:\xampp\htdocs\tokoku\system\View\View.php(226): CodeIgniter\View\View->render('themes\\vegefood...', Array, true)
#3 C:\xampp\htdocs\tokoku\system\Common.php(1089): CodeIgniter\View\View->render('themes\\vegefood...', Array, true)
#4 C:\xampp\htdocs\tokoku\app\Controllers\Home.php(32): view('themes\\vegefood...', Array)
#5 C:\xampp\htdocs\tokoku\system\CodeIgniter.php(832): App\Controllers\Home->index()
#6 C:\xampp\htdocs\tokoku\system\CodeIgniter.php(419): CodeIgniter\CodeIgniter->runController(Object(App\Controllers\Home))
#7 C:\xampp\htdocs\tokoku\system\CodeIgniter.php(326): CodeIgniter\CodeIgniter->handleRequest(NULL, Object(Config\Cache), false)
#8 C:\xampp\htdocs\tokoku\public\index.php(37): CodeIgniter\CodeIgniter->run()
#9 C:\xampp\htdocs\tokoku\system\Commands\Server\rewrite.php(43): require_once('C:\\xampp\\htdocs...')
#10 {main}
CRITICAL - 2022-05-15 00:58:14 --> Array to string conversion
#0 C:\xampp\htdocs\tokoku\app\Views\themes\littlegreenery\template.php(193): CodeIgniter\Debug\Exceptions->errorHandler(2, 'Array to string...', 'C:\\xampp\\htdocs...', 193)
#1 C:\xampp\htdocs\tokoku\system\View\View.php(210): include('C:\\xampp\\htdocs...')
#2 C:\xampp\htdocs\tokoku\system\View\View.php(213): CodeIgniter\View\View->CodeIgniter\View\{closure}()
#3 C:\xampp\htdocs\tokoku\system\View\View.php(226): CodeIgniter\View\View->render('themes\\vegefood...', Array, true)
#4 C:\xampp\htdocs\tokoku\system\Common.php(1089): CodeIgniter\View\View->render('themes\\vegefood...', Array, true)
#5 C:\xampp\htdocs\tokoku\app\Controllers\Home.php(32): view('themes\\vegefood...', Array)
#6 C:\xampp\htdocs\tokoku\system\CodeIgniter.php(832): App\Controllers\Home->index()
#7 C:\xampp\htdocs\tokoku\system\CodeIgniter.php(419): CodeIgniter\CodeIgniter->runController(Object(App\Controllers\Home))
#8 C:\xampp\htdocs\tokoku\system\CodeIgniter.php(326): CodeIgniter\CodeIgniter->handleRequest(NULL, Object(Config\Cache), false)
#9 C:\xampp\htdocs\tokoku\public\index.php(37): CodeIgniter\CodeIgniter->run()
#10 C:\xampp\htdocs\tokoku\system\Commands\Server\rewrite.php(43): require_once('C:\\xampp\\htdocs...')
#11 {main}
CRITICAL - 2022-05-15 00:58:48 --> Cannot use object of type CodeIgniter\Database\MySQLi\Result as array
#0 C:\xampp\htdocs\tokoku\app\Views\themes\littlegreenery\template.php(193): get_settings('store_email')
#1 C:\xampp\htdocs\tokoku\system\View\View.php(210): include('C:\\xampp\\htdocs...')
#2 C:\xampp\htdocs\tokoku\system\View\View.php(213): CodeIgniter\View\View->CodeIgniter\View\{closure}()
#3 C:\xampp\htdocs\tokoku\system\View\View.php(226): CodeIgniter\View\View->render('themes\\vegefood...', Array, true)
#4 C:\xampp\htdocs\tokoku\system\Common.php(1089): CodeIgniter\View\View->render('themes\\vegefood...', Array, true)
#5 C:\xampp\htdocs\tokoku\app\Controllers\Home.php(32): view('themes\\vegefood...', Array)
#6 C:\xampp\htdocs\tokoku\system\CodeIgniter.php(832): App\Controllers\Home->index()
#7 C:\xampp\htdocs\tokoku\system\CodeIgniter.php(419): CodeIgniter\CodeIgniter->runController(Object(App\Controllers\Home))
#8 C:\xampp\htdocs\tokoku\system\CodeIgniter.php(326): CodeIgniter\CodeIgniter->handleRequest(NULL, Object(Config\Cache), false)
#9 C:\xampp\htdocs\tokoku\public\index.php(37): CodeIgniter\CodeIgniter->run()
#10 C:\xampp\htdocs\tokoku\system\Commands\Server\rewrite.php(43): require_once('C:\\xampp\\htdocs...')
#11 {main}
CRITICAL - 2022-05-15 01:00:11 --> Cannot use object of type CodeIgniter\Database\MySQLi\Result as array
#0 C:\xampp\htdocs\tokoku\app\Views\themes\littlegreenery\template.php(193): get_settings('store_email')
#1 C:\xampp\htdocs\tokoku\system\View\View.php(210): include('C:\\xampp\\htdocs...')
#2 C:\xampp\htdocs\tokoku\system\View\View.php(213): CodeIgniter\View\View->CodeIgniter\View\{closure}()
#3 C:\xampp\htdocs\tokoku\system\View\View.php(226): CodeIgniter\View\View->render('themes\\vegefood...', Array, true)
#4 C:\xampp\htdocs\tokoku\system\Common.php(1089): CodeIgniter\View\View->render('themes\\vegefood...', Array, true)
#5 C:\xampp\htdocs\tokoku\app\Controllers\Home.php(32): view('themes\\vegefood...', Array)
#6 C:\xampp\htdocs\tokoku\system\CodeIgniter.php(832): App\Controllers\Home->index()
#7 C:\xampp\htdocs\tokoku\system\CodeIgniter.php(419): CodeIgniter\CodeIgniter->runController(Object(App\Controllers\Home))
#8 C:\xampp\htdocs\tokoku\system\CodeIgniter.php(326): CodeIgniter\CodeIgniter->handleRequest(NULL, Object(Config\Cache), false)
#9 C:\xampp\htdocs\tokoku\public\index.php(37): CodeIgniter\CodeIgniter->run()
#10 C:\xampp\htdocs\tokoku\system\Commands\Server\rewrite.php(43): require_once('C:\\xampp\\htdocs...')
#11 {main}
CRITICAL - 2022-05-15 01:00:19 --> Object of class CodeIgniter\Database\MySQLi\Result could not be converted to string
#0 C:\xampp\htdocs\tokoku\system\View\View.php(210): include()
#1 C:\xampp\htdocs\tokoku\system\View\View.php(213): CodeIgniter\View\View->CodeIgniter\View\{closure}()
#2 C:\xampp\htdocs\tokoku\system\View\View.php(226): CodeIgniter\View\View->render('themes\\vegefood...', Array, true)
#3 C:\xampp\htdocs\tokoku\system\Common.php(1089): CodeIgniter\View\View->render('themes\\vegefood...', Array, true)
#4 C:\xampp\htdocs\tokoku\app\Controllers\Home.php(32): view('themes\\vegefood...', Array)
#5 C:\xampp\htdocs\tokoku\system\CodeIgniter.php(832): App\Controllers\Home->index()
#6 C:\xampp\htdocs\tokoku\system\CodeIgniter.php(419): CodeIgniter\CodeIgniter->runController(Object(App\Controllers\Home))
#7 C:\xampp\htdocs\tokoku\system\CodeIgniter.php(326): CodeIgniter\CodeIgniter->handleRequest(NULL, Object(Config\Cache), false)
#8 C:\xampp\htdocs\tokoku\public\index.php(37): CodeIgniter\CodeIgniter->run()
#9 C:\xampp\htdocs\tokoku\system\Commands\Server\rewrite.php(43): require_once('C:\\xampp\\htdocs...')
#10 {main}
CRITICAL - 2022-05-15 01:00:31 --> Undefined property: CodeIgniter\Database\MySQLi\Result::$content
#0 C:\xampp\htdocs\tokoku\app\Helpers\global_helper.php(19): CodeIgniter\Debug\Exceptions->errorHandler(2, 'Undefined prope...', 'C:\\xampp\\htdocs...', 19)
#1 C:\xampp\htdocs\tokoku\app\Views\themes\littlegreenery\template.php(193): get_settings('store_email')
#2 C:\xampp\htdocs\tokoku\system\View\View.php(210): include('C:\\xampp\\htdocs...')
#3 C:\xampp\htdocs\tokoku\system\View\View.php(213): CodeIgniter\View\View->CodeIgniter\View\{closure}()
#4 C:\xampp\htdocs\tokoku\system\View\View.php(226): CodeIgniter\View\View->render('themes\\vegefood...', Array, true)
#5 C:\xampp\htdocs\tokoku\system\Common.php(1089): CodeIgniter\View\View->render('themes\\vegefood...', Array, true)
#6 C:\xampp\htdocs\tokoku\app\Controllers\Home.php(32): view('themes\\vegefood...', Array)
#7 C:\xampp\htdocs\tokoku\system\CodeIgniter.php(832): App\Controllers\Home->index()
#8 C:\xampp\htdocs\tokoku\system\CodeIgniter.php(419): CodeIgniter\CodeIgniter->runController(Object(App\Controllers\Home))
#9 C:\xampp\htdocs\tokoku\system\CodeIgniter.php(326): CodeIgniter\CodeIgniter->handleRequest(NULL, Object(Config\Cache), false)
#10 C:\xampp\htdocs\tokoku\public\index.php(37): CodeIgniter\CodeIgniter->run()
#11 C:\xampp\htdocs\tokoku\system\Commands\Server\rewrite.php(43): require_once('C:\\xampp\\htdocs...')
#12 {main}
CRITICAL - 2022-05-15 01:02:48 --> Cannot use object of type CodeIgniter\Database\MySQLi\Result as array
#0 C:\xampp\htdocs\tokoku\app\Views\themes\littlegreenery\template.php(193): get_settings('store_email')
#1 C:\xampp\htdocs\tokoku\system\View\View.php(210): include('C:\\xampp\\htdocs...')
#2 C:\xampp\htdocs\tokoku\system\View\View.php(213): CodeIgniter\View\View->CodeIgniter\View\{closure}()
#3 C:\xampp\htdocs\tokoku\system\View\View.php(226): CodeIgniter\View\View->render('themes\\vegefood...', Array, true)
#4 C:\xampp\htdocs\tokoku\system\Common.php(1089): CodeIgniter\View\View->render('themes\\vegefood...', Array, true)
#5 C:\xampp\htdocs\tokoku\app\Controllers\Home.php(32): view('themes\\vegefood...', Array)
#6 C:\xampp\htdocs\tokoku\system\CodeIgniter.php(832): App\Controllers\Home->index()
#7 C:\xampp\htdocs\tokoku\system\CodeIgniter.php(419): CodeIgniter\CodeIgniter->runController(Object(App\Controllers\Home))
#8 C:\xampp\htdocs\tokoku\system\CodeIgniter.php(326): CodeIgniter\CodeIgniter->handleRequest(NULL, Object(Config\Cache), false)
#9 C:\xampp\htdocs\tokoku\public\index.php(37): CodeIgniter\CodeIgniter->run()
#10 C:\xampp\htdocs\tokoku\system\Commands\Server\rewrite.php(43): require_once('C:\\xampp\\htdocs...')
#11 {main}
CRITICAL - 2022-05-15 01:03:00 --> Object of class CodeIgniter\Database\MySQLi\Result could not be converted to string
#0 C:\xampp\htdocs\tokoku\system\View\View.php(210): include()
#1 C:\xampp\htdocs\tokoku\system\View\View.php(213): CodeIgniter\View\View->CodeIgniter\View\{closure}()
#2 C:\xampp\htdocs\tokoku\system\View\View.php(226): CodeIgniter\View\View->render('themes\\vegefood...', Array, true)
#3 C:\xampp\htdocs\tokoku\system\Common.php(1089): CodeIgniter\View\View->render('themes\\vegefood...', Array, true)
#4 C:\xampp\htdocs\tokoku\app\Controllers\Home.php(32): view('themes\\vegefood...', Array)
#5 C:\xampp\htdocs\tokoku\system\CodeIgniter.php(832): App\Controllers\Home->index()
#6 C:\xampp\htdocs\tokoku\system\CodeIgniter.php(419): CodeIgniter\CodeIgniter->runController(Object(App\Controllers\Home))
#7 C:\xampp\htdocs\tokoku\system\CodeIgniter.php(326): CodeIgniter\CodeIgniter->handleRequest(NULL, Object(Config\Cache), false)
#8 C:\xampp\htdocs\tokoku\public\index.php(37): CodeIgniter\CodeIgniter->run()
#9 C:\xampp\htdocs\tokoku\system\Commands\Server\rewrite.php(43): require_once('C:\\xampp\\htdocs...')
#10 {main}
CRITICAL - 2022-05-15 01:04:55 --> Undefined property: CodeIgniter\Database\MySQLi\Result::$content
#0 C:\xampp\htdocs\tokoku\app\Helpers\global_helper.php(19): CodeIgniter\Debug\Exceptions->errorHandler(2, 'Undefined prope...', 'C:\\xampp\\htdocs...', 19)
#1 C:\xampp\htdocs\tokoku\app\Views\themes\littlegreenery\template.php(193): get_settings('store_email')
#2 C:\xampp\htdocs\tokoku\system\View\View.php(210): include('C:\\xampp\\htdocs...')
#3 C:\xampp\htdocs\tokoku\system\View\View.php(213): CodeIgniter\View\View->CodeIgniter\View\{closure}()
#4 C:\xampp\htdocs\tokoku\system\View\View.php(226): CodeIgniter\View\View->render('themes\\vegefood...', Array, true)
#5 C:\xampp\htdocs\tokoku\system\Common.php(1089): CodeIgniter\View\View->render('themes\\vegefood...', Array, true)
#6 C:\xampp\htdocs\tokoku\app\Controllers\Home.php(32): view('themes\\vegefood...', Array)
#7 C:\xampp\htdocs\tokoku\system\CodeIgniter.php(832): App\Controllers\Home->index()
#8 C:\xampp\htdocs\tokoku\system\CodeIgniter.php(419): CodeIgniter\CodeIgniter->runController(Object(App\Controllers\Home))
#9 C:\xampp\htdocs\tokoku\system\CodeIgniter.php(326): CodeIgniter\CodeIgniter->handleRequest(NULL, Object(Config\Cache), false)
#10 C:\xampp\htdocs\tokoku\public\index.php(37): CodeIgniter\CodeIgniter->run()
#11 C:\xampp\htdocs\tokoku\system\Commands\Server\rewrite.php(43): require_once('C:\\xampp\\htdocs...')
#12 {main}
CRITICAL - 2022-05-15 01:05:13 --> Cannot use object of type CodeIgniter\Database\MySQLi\Result as array
#0 C:\xampp\htdocs\tokoku\app\Views\themes\littlegreenery\template.php(193): get_settings('store_email')
#1 C:\xampp\htdocs\tokoku\system\View\View.php(210): include('C:\\xampp\\htdocs...')
#2 C:\xampp\htdocs\tokoku\system\View\View.php(213): CodeIgniter\View\View->CodeIgniter\View\{closure}()
#3 C:\xampp\htdocs\tokoku\system\View\View.php(226): CodeIgniter\View\View->render('themes\\vegefood...', Array, true)
#4 C:\xampp\htdocs\tokoku\system\Common.php(1089): CodeIgniter\View\View->render('themes\\vegefood...', Array, true)
#5 C:\xampp\htdocs\tokoku\app\Controllers\Home.php(32): view('themes\\vegefood...', Array)
#6 C:\xampp\htdocs\tokoku\system\CodeIgniter.php(832): App\Controllers\Home->index()
#7 C:\xampp\htdocs\tokoku\system\CodeIgniter.php(419): CodeIgniter\CodeIgniter->runController(Object(App\Controllers\Home))
#8 C:\xampp\htdocs\tokoku\system\CodeIgniter.php(326): CodeIgniter\CodeIgniter->handleRequest(NULL, Object(Config\Cache), false)
#9 C:\xampp\htdocs\tokoku\public\index.php(37): CodeIgniter\CodeIgniter->run()
#10 C:\xampp\htdocs\tokoku\system\Commands\Server\rewrite.php(43): require_once('C:\\xampp\\htdocs...')
#11 {main}
CRITICAL - 2022-05-15 01:07:31 --> Cannot use object of type CodeIgniter\Database\MySQLi\Result as array
#0 C:\xampp\htdocs\tokoku\app\Views\themes\littlegreenery\template.php(193): get_settings('store_email')
#1 C:\xampp\htdocs\tokoku\system\View\View.php(210): include('C:\\xampp\\htdocs...')
#2 C:\xampp\htdocs\tokoku\system\View\View.php(213): CodeIgniter\View\View->CodeIgniter\View\{closure}()
#3 C:\xampp\htdocs\tokoku\system\View\View.php(226): CodeIgniter\View\View->render('themes\\vegefood...', Array, true)
#4 C:\xampp\htdocs\tokoku\system\Common.php(1089): CodeIgniter\View\View->render('themes\\vegefood...', Array, true)
#5 C:\xampp\htdocs\tokoku\app\Controllers\Home.php(32): view('themes\\vegefood...', Array)
#6 C:\xampp\htdocs\tokoku\system\CodeIgniter.php(832): App\Controllers\Home->index()
#7 C:\xampp\htdocs\tokoku\system\CodeIgniter.php(419): CodeIgniter\CodeIgniter->runController(Object(App\Controllers\Home))
#8 C:\xampp\htdocs\tokoku\system\CodeIgniter.php(326): CodeIgniter\CodeIgniter->handleRequest(NULL, Object(Config\Cache), false)
#9 C:\xampp\htdocs\tokoku\public\index.php(37): CodeIgniter\CodeIgniter->run()
#10 C:\xampp\htdocs\tokoku\system\Commands\Server\rewrite.php(43): require_once('C:\\xampp\\htdocs...')
#11 {main}
CRITICAL - 2022-05-15 01:07:47 --> Undefined property: CodeIgniter\Database\MySQLi\Result::$content
#0 C:\xampp\htdocs\tokoku\app\Helpers\global_helper.php(19): CodeIgniter\Debug\Exceptions->errorHandler(2, 'Undefined prope...', 'C:\\xampp\\htdocs...', 19)
#1 C:\xampp\htdocs\tokoku\app\Views\themes\littlegreenery\template.php(193): get_settings('store_email')
#2 C:\xampp\htdocs\tokoku\system\View\View.php(210): include('C:\\xampp\\htdocs...')
#3 C:\xampp\htdocs\tokoku\system\View\View.php(213): CodeIgniter\View\View->CodeIgniter\View\{closure}()
#4 C:\xampp\htdocs\tokoku\system\View\View.php(226): CodeIgniter\View\View->render('themes\\vegefood...', Array, true)
#5 C:\xampp\htdocs\tokoku\system\Common.php(1089): CodeIgniter\View\View->render('themes\\vegefood...', Array, true)
#6 C:\xampp\htdocs\tokoku\app\Controllers\Home.php(32): view('themes\\vegefood...', Array)
#7 C:\xampp\htdocs\tokoku\system\CodeIgniter.php(832): App\Controllers\Home->index()
#8 C:\xampp\htdocs\tokoku\system\CodeIgniter.php(419): CodeIgniter\CodeIgniter->runController(Object(App\Controllers\Home))
#9 C:\xampp\htdocs\tokoku\system\CodeIgniter.php(326): CodeIgniter\CodeIgniter->handleRequest(NULL, Object(Config\Cache), false)
#10 C:\xampp\htdocs\tokoku\public\index.php(37): CodeIgniter\CodeIgniter->run()
#11 C:\xampp\htdocs\tokoku\system\Commands\Server\rewrite.php(43): require_once('C:\\xampp\\htdocs...')
#12 {main}
CRITICAL - 2022-05-15 01:07:55 --> Undefined property: CodeIgniter\Database\MySQLi\Result::$content
#0 C:\xampp\htdocs\tokoku\app\Helpers\global_helper.php(19): CodeIgniter\Debug\Exceptions->errorHandler(2, 'Undefined prope...', 'C:\\xampp\\htdocs...', 19)
#1 C:\xampp\htdocs\tokoku\app\Views\themes\littlegreenery\template.php(193): get_settings('store_email')
#2 C:\xampp\htdocs\tokoku\system\View\View.php(210): include('C:\\xampp\\htdocs...')
#3 C:\xampp\htdocs\tokoku\system\View\View.php(213): CodeIgniter\View\View->CodeIgniter\View\{closure}()
#4 C:\xampp\htdocs\tokoku\system\View\View.php(226): CodeIgniter\View\View->render('themes\\vegefood...', Array, true)
#5 C:\xampp\htdocs\tokoku\system\Common.php(1089): CodeIgniter\View\View->render('themes\\vegefood...', Array, true)
#6 C:\xampp\htdocs\tokoku\app\Controllers\Home.php(32): view('themes\\vegefood...', Array)
#7 C:\xampp\htdocs\tokoku\system\CodeIgniter.php(832): App\Controllers\Home->index()
#8 C:\xampp\htdocs\tokoku\system\CodeIgniter.php(419): CodeIgniter\CodeIgniter->runController(Object(App\Controllers\Home))
#9 C:\xampp\htdocs\tokoku\system\CodeIgniter.php(326): CodeIgniter\CodeIgniter->handleRequest(NULL, Object(Config\Cache), false)
#10 C:\xampp\htdocs\tokoku\public\index.php(37): CodeIgniter\CodeIgniter->run()
#11 C:\xampp\htdocs\tokoku\system\Commands\Server\rewrite.php(43): require_once('C:\\xampp\\htdocs...')
#12 {main}
CRITICAL - 2022-05-15 01:08:02 --> Undefined property: CodeIgniter\Database\MySQLi\Result::$content
#0 C:\xampp\htdocs\tokoku\app\Helpers\global_helper.php(19): CodeIgniter\Debug\Exceptions->errorHandler(2, 'Undefined prope...', 'C:\\xampp\\htdocs...', 19)
#1 C:\xampp\htdocs\tokoku\app\Views\themes\littlegreenery\template.php(193): get_settings('store_email')
#2 C:\xampp\htdocs\tokoku\system\View\View.php(210): include('C:\\xampp\\htdocs...')
#3 C:\xampp\htdocs\tokoku\system\View\View.php(213): CodeIgniter\View\View->CodeIgniter\View\{closure}()
#4 C:\xampp\htdocs\tokoku\system\View\View.php(226): CodeIgniter\View\View->render('themes\\vegefood...', Array, true)
#5 C:\xampp\htdocs\tokoku\system\Common.php(1089): CodeIgniter\View\View->render('themes\\vegefood...', Array, true)
#6 C:\xampp\htdocs\tokoku\app\Controllers\Home.php(32): view('themes\\vegefood...', Array)
#7 C:\xampp\htdocs\tokoku\system\CodeIgniter.php(832): App\Controllers\Home->index()
#8 C:\xampp\htdocs\tokoku\system\CodeIgniter.php(419): CodeIgniter\CodeIgniter->runController(Object(App\Controllers\Home))
#9 C:\xampp\htdocs\tokoku\system\CodeIgniter.php(326): CodeIgniter\CodeIgniter->handleRequest(NULL, Object(Config\Cache), false)
#10 C:\xampp\htdocs\tokoku\public\index.php(37): CodeIgniter\CodeIgniter->run()
#11 C:\xampp\htdocs\tokoku\system\Commands\Server\rewrite.php(43): require_once('C:\\xampp\\htdocs...')
#12 {main}
CRITICAL - 2022-05-15 01:09:05 --> Cannot use object of type CodeIgniter\Database\MySQLi\Result as array
#0 C:\xampp\htdocs\tokoku\app\Views\themes\littlegreenery\template.php(193): get_settings('store_email')
#1 C:\xampp\htdocs\tokoku\system\View\View.php(210): include('C:\\xampp\\htdocs...')
#2 C:\xampp\htdocs\tokoku\system\View\View.php(213): CodeIgniter\View\View->CodeIgniter\View\{closure}()
#3 C:\xampp\htdocs\tokoku\system\View\View.php(226): CodeIgniter\View\View->render('themes\\vegefood...', Array, true)
#4 C:\xampp\htdocs\tokoku\system\Common.php(1089): CodeIgniter\View\View->render('themes\\vegefood...', Array, true)
#5 C:\xampp\htdocs\tokoku\app\Controllers\Home.php(32): view('themes\\vegefood...', Array)
#6 C:\xampp\htdocs\tokoku\system\CodeIgniter.php(832): App\Controllers\Home->index()
#7 C:\xampp\htdocs\tokoku\system\CodeIgniter.php(419): CodeIgniter\CodeIgniter->runController(Object(App\Controllers\Home))
#8 C:\xampp\htdocs\tokoku\system\CodeIgniter.php(326): CodeIgniter\CodeIgniter->handleRequest(NULL, Object(Config\Cache), false)
#9 C:\xampp\htdocs\tokoku\public\index.php(37): CodeIgniter\CodeIgniter->run()
#10 C:\xampp\htdocs\tokoku\system\Commands\Server\rewrite.php(43): require_once('C:\\xampp\\htdocs...')
#11 {main}
CRITICAL - 2022-05-15 01:10:03 --> Undefined property: mysqli::$content
#0 C:\xampp\htdocs\tokoku\app\Helpers\global_helper.php(20): CodeIgniter\Debug\Exceptions->errorHandler(2, 'Undefined prope...', 'C:\\xampp\\htdocs...', 20)
#1 C:\xampp\htdocs\tokoku\app\Views\themes\littlegreenery\template.php(193): get_settings('store_email')
#2 C:\xampp\htdocs\tokoku\system\View\View.php(210): include('C:\\xampp\\htdocs...')
#3 C:\xampp\htdocs\tokoku\system\View\View.php(213): CodeIgniter\View\View->CodeIgniter\View\{closure}()
#4 C:\xampp\htdocs\tokoku\system\View\View.php(226): CodeIgniter\View\View->render('themes\\vegefood...', Array, true)
#5 C:\xampp\htdocs\tokoku\system\Common.php(1089): CodeIgniter\View\View->render('themes\\vegefood...', Array, true)
#6 C:\xampp\htdocs\tokoku\app\Controllers\Home.php(32): view('themes\\vegefood...', Array)
#7 C:\xampp\htdocs\tokoku\system\CodeIgniter.php(832): App\Controllers\Home->index()
#8 C:\xampp\htdocs\tokoku\system\CodeIgniter.php(419): CodeIgniter\CodeIgniter->runController(Object(App\Controllers\Home))
#9 C:\xampp\htdocs\tokoku\system\CodeIgniter.php(326): CodeIgniter\CodeIgniter->handleRequest(NULL, Object(Config\Cache), false)
#10 C:\xampp\htdocs\tokoku\public\index.php(37): CodeIgniter\CodeIgniter->run()
#11 C:\xampp\htdocs\tokoku\system\Commands\Server\rewrite.php(43): require_once('C:\\xampp\\htdocs...')
#12 {main}
CRITICAL - 2022-05-15 01:10:28 --> Cannot use object of type mysqli as array
#0 C:\xampp\htdocs\tokoku\app\Views\themes\littlegreenery\template.php(193): get_settings('store_email')
#1 C:\xampp\htdocs\tokoku\system\View\View.php(210): include('C:\\xampp\\htdocs...')
#2 C:\xampp\htdocs\tokoku\system\View\View.php(213): CodeIgniter\View\View->CodeIgniter\View\{closure}()
#3 C:\xampp\htdocs\tokoku\system\View\View.php(226): CodeIgniter\View\View->render('themes\\vegefood...', Array, true)
#4 C:\xampp\htdocs\tokoku\system\Common.php(1089): CodeIgniter\View\View->render('themes\\vegefood...', Array, true)
#5 C:\xampp\htdocs\tokoku\app\Controllers\Home.php(32): view('themes\\vegefood...', Array)
#6 C:\xampp\htdocs\tokoku\system\CodeIgniter.php(832): App\Controllers\Home->index()
#7 C:\xampp\htdocs\tokoku\system\CodeIgniter.php(419): CodeIgniter\CodeIgniter->runController(Object(App\Controllers\Home))
#8 C:\xampp\htdocs\tokoku\system\CodeIgniter.php(326): CodeIgniter\CodeIgniter->handleRequest(NULL, Object(Config\Cache), false)
#9 C:\xampp\htdocs\tokoku\public\index.php(37): CodeIgniter\CodeIgniter->run()
#10 C:\xampp\htdocs\tokoku\system\Commands\Server\rewrite.php(43): require_once('C:\\xampp\\htdocs...')
#11 {main}
CRITICAL - 2022-05-15 01:11:57 --> Cannot use object of type mysqli as array
#0 C:\xampp\htdocs\tokoku\app\Views\themes\littlegreenery\template.php(193): get_settings('store_email')
#1 C:\xampp\htdocs\tokoku\system\View\View.php(210): include('C:\\xampp\\htdocs...')
#2 C:\xampp\htdocs\tokoku\system\View\View.php(213): CodeIgniter\View\View->CodeIgniter\View\{closure}()
#3 C:\xampp\htdocs\tokoku\system\View\View.php(226): CodeIgniter\View\View->render('themes\\vegefood...', Array, true)
#4 C:\xampp\htdocs\tokoku\system\Common.php(1089): CodeIgniter\View\View->render('themes\\vegefood...', Array, true)
#5 C:\xampp\htdocs\tokoku\app\Controllers\Home.php(32): view('themes\\vegefood...', Array)
#6 C:\xampp\htdocs\tokoku\system\CodeIgniter.php(832): App\Controllers\Home->index()
#7 C:\xampp\htdocs\tokoku\system\CodeIgniter.php(419): CodeIgniter\CodeIgniter->runController(Object(App\Controllers\Home))
#8 C:\xampp\htdocs\tokoku\system\CodeIgniter.php(326): CodeIgniter\CodeIgniter->handleRequest(NULL, Object(Config\Cache), false)
#9 C:\xampp\htdocs\tokoku\public\index.php(37): CodeIgniter\CodeIgniter->run()
#10 C:\xampp\htdocs\tokoku\system\Commands\Server\rewrite.php(43): require_once('C:\\xampp\\htdocs...')
#11 {main}
CRITICAL - 2022-05-15 01:39:06 --> Call to undefined function get_theme_uri()
#0 C:\xampp\htdocs\tokoku\system\View\View.php(210): include()
#1 C:\xampp\htdocs\tokoku\system\View\View.php(213): CodeIgniter\View\View->CodeIgniter\View\{closure}()
#2 C:\xampp\htdocs\tokoku\system\Common.php(1089): CodeIgniter\View\View->render('themes\\vegefood...', Array, true)
#3 C:\xampp\htdocs\tokoku\app\Controllers\Pages.php(20): view('themes\\vegefood...')
#4 C:\xampp\htdocs\tokoku\system\CodeIgniter.php(832): App\Controllers\Pages->index()
#5 C:\xampp\htdocs\tokoku\system\CodeIgniter.php(419): CodeIgniter\CodeIgniter->runController(Object(App\Controllers\Pages))
#6 C:\xampp\htdocs\tokoku\system\CodeIgniter.php(326): CodeIgniter\CodeIgniter->handleRequest(NULL, Object(Config\Cache), false)
#7 C:\xampp\htdocs\tokoku\public\index.php(37): CodeIgniter\CodeIgniter->run()
#8 C:\xampp\htdocs\tokoku\system\Commands\Server\rewrite.php(43): require_once('C:\\xampp\\htdocs...')
#9 {main}
CRITICAL - 2022-05-15 01:40:42 --> count(): Argument #1 ($value) must be of type Countable|array, null given
#0 C:\xampp\htdocs\tokoku\system\View\View.php(210): include()
#1 C:\xampp\htdocs\tokoku\system\View\View.php(213): CodeIgniter\View\View->CodeIgniter\View\{closure}()
#2 C:\xampp\htdocs\tokoku\system\Common.php(1089): CodeIgniter\View\View->render('themes\\vegefood...', Array, true)
#3 C:\xampp\htdocs\tokoku\app\Controllers\Pages.php(20): view('themes\\vegefood...')
#4 C:\xampp\htdocs\tokoku\system\CodeIgniter.php(832): App\Controllers\Pages->index()
#5 C:\xampp\htdocs\tokoku\system\CodeIgniter.php(419): CodeIgniter\CodeIgniter->runController(Object(App\Controllers\Pages))
#6 C:\xampp\htdocs\tokoku\system\CodeIgniter.php(326): CodeIgniter\CodeIgniter->handleRequest(NULL, Object(Config\Cache), false)
#7 C:\xampp\htdocs\tokoku\public\index.php(37): CodeIgniter\CodeIgniter->run()
#8 C:\xampp\htdocs\tokoku\system\Commands\Server\rewrite.php(43): require_once('C:\\xampp\\htdocs...')
#9 {main}
CRITICAL - 2022-05-15 01:42:22 --> Attempt to read property "profile_picture" on array
#0 C:\xampp\htdocs\tokoku\app\Views\themes\littlegreenery\pages\about.php(53): CodeIgniter\Debug\Exceptions->errorHandler(2, 'Attempt to read...', 'C:\\xampp\\htdocs...', 53)
#1 C:\xampp\htdocs\tokoku\system\View\View.php(210): include('C:\\xampp\\htdocs...')
#2 C:\xampp\htdocs\tokoku\system\View\View.php(213): CodeIgniter\View\View->CodeIgniter\View\{closure}()
#3 C:\xampp\htdocs\tokoku\system\Common.php(1089): CodeIgniter\View\View->render('themes\\vegefood...', Array, true)
#4 C:\xampp\htdocs\tokoku\app\Controllers\Pages.php(26): view('themes\\vegefood...', Array)
#5 C:\xampp\htdocs\tokoku\system\CodeIgniter.php(832): App\Controllers\Pages->index()
#6 C:\xampp\htdocs\tokoku\system\CodeIgniter.php(419): CodeIgniter\CodeIgniter->runController(Object(App\Controllers\Pages))
#7 C:\xampp\htdocs\tokoku\system\CodeIgniter.php(326): CodeIgniter\CodeIgniter->handleRequest(NULL, Object(Config\Cache), false)
#8 C:\xampp\htdocs\tokoku\public\index.php(37): CodeIgniter\CodeIgniter->run()
#9 C:\xampp\htdocs\tokoku\system\Commands\Server\rewrite.php(43): require_once('C:\\xampp\\htdocs...')
#10 {main}
CRITICAL - 2022-05-15 01:44:28 --> Attempt to read property "profile_picture" on array
#0 C:\xampp\htdocs\tokoku\app\Views\themes\littlegreenery\pages\about.php(53): CodeIgniter\Debug\Exceptions->errorHandler(2, 'Attempt to read...', 'C:\\xampp\\htdocs...', 53)
#1 C:\xampp\htdocs\tokoku\system\View\View.php(210): include('C:\\xampp\\htdocs...')
#2 C:\xampp\htdocs\tokoku\system\View\View.php(213): CodeIgniter\View\View->CodeIgniter\View\{closure}()
#3 C:\xampp\htdocs\tokoku\system\Common.php(1089): CodeIgniter\View\View->render('themes\\vegefood...', Array, true)
#4 C:\xampp\htdocs\tokoku\app\Controllers\Pages.php(26): view('themes\\vegefood...', Array)
#5 C:\xampp\htdocs\tokoku\system\CodeIgniter.php(832): App\Controllers\Pages->index()
#6 C:\xampp\htdocs\tokoku\system\CodeIgniter.php(419): CodeIgniter\CodeIgniter->runController(Object(App\Controllers\Pages))
#7 C:\xampp\htdocs\tokoku\system\CodeIgniter.php(326): CodeIgniter\CodeIgniter->handleRequest(NULL, Object(Config\Cache), false)
#8 C:\xampp\htdocs\tokoku\public\index.php(37): CodeIgniter\CodeIgniter->run()
#9 C:\xampp\htdocs\tokoku\system\Commands\Server\rewrite.php(43): require_once('C:\\xampp\\htdocs...')
#10 {main}
CRITICAL - 2022-05-15 02:02:36 --> Unclosed '{' on line 9
#0 C:\xampp\htdocs\tokoku\system\Controller.php(85): helper(Array)
#1 C:\xampp\htdocs\tokoku\app\Controllers\BaseController.php(49): CodeIgniter\Controller->initController(Object(CodeIgniter\HTTP\IncomingRequest), Object(CodeIgniter\HTTP\Response), Object(CodeIgniter\Log\Logger))
#2 C:\xampp\htdocs\tokoku\system\CodeIgniter.php(810): App\Controllers\BaseController->initController(Object(CodeIgniter\HTTP\IncomingRequest), Object(CodeIgniter\HTTP\Response), Object(CodeIgniter\Log\Logger))
#3 C:\xampp\htdocs\tokoku\system\CodeIgniter.php(410): CodeIgniter\CodeIgniter->createController()
#4 C:\xampp\htdocs\tokoku\system\CodeIgniter.php(326): CodeIgniter\CodeIgniter->handleRequest(NULL, Object(Config\Cache), false)
#5 C:\xampp\htdocs\tokoku\public\index.php(37): CodeIgniter\CodeIgniter->run()
#6 C:\xampp\htdocs\tokoku\system\Commands\Server\rewrite.php(43): require_once('C:\\xampp\\htdocs...')
#7 {main}
CRITICAL - 2022-05-15 02:02:52 --> Call to undefined function init()
#0 C:\xampp\htdocs\tokoku\app\Controllers\Pages.php(31): user_data()
#1 C:\xampp\htdocs\tokoku\system\CodeIgniter.php(832): App\Controllers\Pages->contact()
#2 C:\xampp\htdocs\tokoku\system\CodeIgniter.php(419): CodeIgniter\CodeIgniter->runController(Object(App\Controllers\Pages))
#3 C:\xampp\htdocs\tokoku\system\CodeIgniter.php(326): CodeIgniter\CodeIgniter->handleRequest(NULL, Object(Config\Cache), false)
#4 C:\xampp\htdocs\tokoku\public\index.php(37): CodeIgniter\CodeIgniter->run()
#5 C:\xampp\htdocs\tokoku\system\Commands\Server\rewrite.php(43): require_once('C:\\xampp\\htdocs...')
#6 {main}
CRITICAL - 2022-05-15 02:47:26 --> Undefined variable $db
#0 C:\xampp\htdocs\tokoku\app\Helpers\session_helper.php(15): CodeIgniter\Debug\Exceptions->errorHandler(2, 'Undefined varia...', 'C:\\xampp\\htdocs...', 15)
#1 C:\xampp\htdocs\tokoku\app\Controllers\Pages.php(32): user_data()
#2 C:\xampp\htdocs\tokoku\system\CodeIgniter.php(832): App\Controllers\Pages->contact()
#3 C:\xampp\htdocs\tokoku\system\CodeIgniter.php(419): CodeIgniter\CodeIgniter->runController(Object(App\Controllers\Pages))
#4 C:\xampp\htdocs\tokoku\system\CodeIgniter.php(326): CodeIgniter\CodeIgniter->handleRequest(NULL, Object(Config\Cache), false)
#5 C:\xampp\htdocs\tokoku\public\index.php(37): CodeIgniter\CodeIgniter->run()
#6 C:\xampp\htdocs\tokoku\system\Commands\Server\rewrite.php(43): require_once('C:\\xampp\\htdocs...')
#7 {main}
CRITICAL - 2022-05-15 03:01:47 --> Call to a member function library() on null
#0 C:\xampp\htdocs\tokoku\app\Helpers\session_helper.php(70): session_data()
#1 C:\xampp\htdocs\tokoku\app\Helpers\session_helper.php(16): get_current_user_id()
#2 C:\xampp\htdocs\tokoku\app\Controllers\Pages.php(32): user_data()
#3 C:\xampp\htdocs\tokoku\system\CodeIgniter.php(832): App\Controllers\Pages->contact()
#4 C:\xampp\htdocs\tokoku\system\CodeIgniter.php(419): CodeIgniter\CodeIgniter->runController(Object(App\Controllers\Pages))
#5 C:\xampp\htdocs\tokoku\system\CodeIgniter.php(326): CodeIgniter\CodeIgniter->handleRequest(NULL, Object(Config\Cache), false)
#6 C:\xampp\htdocs\tokoku\public\index.php(37): CodeIgniter\CodeIgniter->run()
#7 C:\xampp\htdocs\tokoku\system\Commands\Server\rewrite.php(43): require_once('C:\\xampp\\htdocs...')
#8 {main}
CRITICAL - 2022-05-15 03:10:30 --> Encrypter needs a starter key.
#0 C:\xampp\htdocs\tokoku\system\Encryption\Encryption.php(124): CodeIgniter\Encryption\Exceptions\EncryptionException::forNeedsStarterKey()
#1 C:\xampp\htdocs\tokoku\system\Config\Services.php(215): CodeIgniter\Encryption\Encryption->initialize(Object(Config\Encryption))
#2 C:\xampp\htdocs\tokoku\system\Config\BaseService.php(248): CodeIgniter\Config\Services::encrypter()
#3 C:\xampp\htdocs\tokoku\app\Helpers\session_helper.php(29): CodeIgniter\Config\BaseService::__callStatic('encrypter', Array)
#4 C:\xampp\htdocs\tokoku\app\Helpers\session_helper.php(70): session_data()
#5 C:\xampp\htdocs\tokoku\app\Helpers\session_helper.php(16): get_current_user_id()
#6 C:\xampp\htdocs\tokoku\app\Controllers\Pages.php(32): user_data()
#7 C:\xampp\htdocs\tokoku\system\CodeIgniter.php(832): App\Controllers\Pages->contact()
#8 C:\xampp\htdocs\tokoku\system\CodeIgniter.php(419): CodeIgniter\CodeIgniter->runController(Object(App\Controllers\Pages))
#9 C:\xampp\htdocs\tokoku\system\CodeIgniter.php(326): CodeIgniter\CodeIgniter->handleRequest(NULL, Object(Config\Cache), false)
#10 C:\xampp\htdocs\tokoku\public\index.php(37): CodeIgniter\CodeIgniter->run()
#11 C:\xampp\htdocs\tokoku\system\Commands\Server\rewrite.php(43): require_once('C:\\xampp\\htdocs...')
#12 {main}
CRITICAL - 2022-05-15 03:15:06 --> Encrypter needs a starter key.
#0 C:\xampp\htdocs\tokoku\system\Encryption\Encryption.php(124): CodeIgniter\Encryption\Exceptions\EncryptionException::forNeedsStarterKey()
#1 C:\xampp\htdocs\tokoku\system\Config\Services.php(215): CodeIgniter\Encryption\Encryption->initialize(Object(Config\Encryption))
#2 C:\xampp\htdocs\tokoku\system\Config\BaseService.php(248): CodeIgniter\Config\Services::encrypter()
#3 C:\xampp\htdocs\tokoku\app\Helpers\session_helper.php(29): CodeIgniter\Config\BaseService::__callStatic('encrypter', Array)
#4 C:\xampp\htdocs\tokoku\app\Helpers\session_helper.php(70): session_data()
#5 C:\xampp\htdocs\tokoku\app\Helpers\session_helper.php(16): get_current_user_id()
#6 C:\xampp\htdocs\tokoku\app\Controllers\Pages.php(32): user_data()
#7 C:\xampp\htdocs\tokoku\system\CodeIgniter.php(832): App\Controllers\Pages->contact()
#8 C:\xampp\htdocs\tokoku\system\CodeIgniter.php(419): CodeIgniter\CodeIgniter->runController(Object(App\Controllers\Pages))
#9 C:\xampp\htdocs\tokoku\system\CodeIgniter.php(326): CodeIgniter\CodeIgniter->handleRequest(NULL, Object(Config\Cache), false)
#10 C:\xampp\htdocs\tokoku\public\index.php(37): CodeIgniter\CodeIgniter->run()
#11 C:\xampp\htdocs\tokoku\system\Commands\Server\rewrite.php(43): require_once('C:\\xampp\\htdocs...')
#12 {main}
CRITICAL - 2022-05-15 03:17:38 --> Encrypter needs a starter key.
#0 C:\xampp\htdocs\tokoku\system\Encryption\Encryption.php(124): CodeIgniter\Encryption\Exceptions\EncryptionException::forNeedsStarterKey()
#1 C:\xampp\htdocs\tokoku\system\Config\Services.php(215): CodeIgniter\Encryption\Encryption->initialize(Object(Config\Encryption))
#2 C:\xampp\htdocs\tokoku\system\Config\BaseService.php(248): CodeIgniter\Config\Services::encrypter()
#3 C:\xampp\htdocs\tokoku\app\Helpers\session_helper.php(29): CodeIgniter\Config\BaseService::__callStatic('encrypter', Array)
#4 C:\xampp\htdocs\tokoku\app\Helpers\session_helper.php(71): session_data()
#5 C:\xampp\htdocs\tokoku\app\Helpers\session_helper.php(16): get_current_user_id()
#6 C:\xampp\htdocs\tokoku\app\Controllers\Pages.php(32): user_data()
#7 C:\xampp\htdocs\tokoku\system\CodeIgniter.php(832): App\Controllers\Pages->contact()
#8 C:\xampp\htdocs\tokoku\system\CodeIgniter.php(419): CodeIgniter\CodeIgniter->runController(Object(App\Controllers\Pages))
#9 C:\xampp\htdocs\tokoku\system\CodeIgniter.php(326): CodeIgniter\CodeIgniter->handleRequest(NULL, Object(Config\Cache), false)
#10 C:\xampp\htdocs\tokoku\public\index.php(37): CodeIgniter\CodeIgniter->run()
#11 C:\xampp\htdocs\tokoku\system\Commands\Server\rewrite.php(43): require_once('C:\\xampp\\htdocs...')
#12 {main}
CRITICAL - 2022-05-15 03:18:21 --> Encrypter needs a starter key.
#0 C:\xampp\htdocs\tokoku\system\Encryption\Encryption.php(124): CodeIgniter\Encryption\Exceptions\EncryptionException::forNeedsStarterKey()
#1 C:\xampp\htdocs\tokoku\system\Config\Services.php(215): CodeIgniter\Encryption\Encryption->initialize(Object(Config\Encryption))
#2 C:\xampp\htdocs\tokoku\system\Config\BaseService.php(248): CodeIgniter\Config\Services::encrypter()
#3 C:\xampp\htdocs\tokoku\app\Helpers\session_helper.php(29): CodeIgniter\Config\BaseService::__callStatic('encrypter', Array)
#4 C:\xampp\htdocs\tokoku\app\Helpers\session_helper.php(71): session_data()
#5 C:\xampp\htdocs\tokoku\app\Helpers\session_helper.php(16): get_current_user_id()
#6 C:\xampp\htdocs\tokoku\app\Controllers\Pages.php(32): user_data()
#7 C:\xampp\htdocs\tokoku\system\CodeIgniter.php(832): App\Controllers\Pages->contact()
#8 C:\xampp\htdocs\tokoku\system\CodeIgniter.php(419): CodeIgniter\CodeIgniter->runController(Object(App\Controllers\Pages))
#9 C:\xampp\htdocs\tokoku\system\CodeIgniter.php(326): CodeIgniter\CodeIgniter->handleRequest(NULL, Object(Config\Cache), false)
#10 C:\xampp\htdocs\tokoku\public\index.php(37): CodeIgniter\CodeIgniter->run()
#11 C:\xampp\htdocs\tokoku\system\Commands\Server\rewrite.php(43): require_once('C:\\xampp\\htdocs...')
#12 {main}
CRITICAL - 2022-05-15 03:22:35 --> Call to undefined function session_data()
#0 C:\xampp\htdocs\tokoku\app\Helpers\session_helper.php(16): get_current_user_id()
#1 C:\xampp\htdocs\tokoku\app\Controllers\Pages.php(32): user_data()
#2 C:\xampp\htdocs\tokoku\system\CodeIgniter.php(832): App\Controllers\Pages->contact()
#3 C:\xampp\htdocs\tokoku\system\CodeIgniter.php(419): CodeIgniter\CodeIgniter->runController(Object(App\Controllers\Pages))
#4 C:\xampp\htdocs\tokoku\system\CodeIgniter.php(326): CodeIgniter\CodeIgniter->handleRequest(NULL, Object(Config\Cache), false)
#5 C:\xampp\htdocs\tokoku\public\index.php(37): CodeIgniter\CodeIgniter->run()
#6 C:\xampp\htdocs\tokoku\system\Commands\Server\rewrite.php(43): require_once('C:\\xampp\\htdocs...')
#7 {main}
CRITICAL - 2022-05-15 03:22:56 --> Call to undefined function get_current_user_id()
#0 C:\xampp\htdocs\tokoku\app\Controllers\Pages.php(32): user_data()
#1 C:\xampp\htdocs\tokoku\system\CodeIgniter.php(832): App\Controllers\Pages->contact()
#2 C:\xampp\htdocs\tokoku\system\CodeIgniter.php(419): CodeIgniter\CodeIgniter->runController(Object(App\Controllers\Pages))
#3 C:\xampp\htdocs\tokoku\system\CodeIgniter.php(326): CodeIgniter\CodeIgniter->handleRequest(NULL, Object(Config\Cache), false)
#4 C:\xampp\htdocs\tokoku\public\index.php(37): CodeIgniter\CodeIgniter->run()
#5 C:\xampp\htdocs\tokoku\system\Commands\Server\rewrite.php(43): require_once('C:\\xampp\\htdocs...')
#6 {main}
CRITICAL - 2022-05-15 03:23:20 --> Call to undefined function App\Controllers\user_data()
#0 C:\xampp\htdocs\tokoku\system\CodeIgniter.php(832): App\Controllers\Pages->contact()
#1 C:\xampp\htdocs\tokoku\system\CodeIgniter.php(419): CodeIgniter\CodeIgniter->runController(Object(App\Controllers\Pages))
#2 C:\xampp\htdocs\tokoku\system\CodeIgniter.php(326): CodeIgniter\CodeIgniter->handleRequest(NULL, Object(Config\Cache), false)
#3 C:\xampp\htdocs\tokoku\public\index.php(37): CodeIgniter\CodeIgniter->run()
#4 C:\xampp\htdocs\tokoku\system\Commands\Server\rewrite.php(43): require_once('C:\\xampp\\htdocs...')
#5 {main}
CRITICAL - 2022-05-15 03:29:17 --> Undefined variable $flash
#0 C:\xampp\htdocs\tokoku\app\Views\themes\littlegreenery\pages\contact.php(43): CodeIgniter\Debug\Exceptions->errorHandler(2, 'Undefined varia...', 'C:\\xampp\\htdocs...', 43)
#1 C:\xampp\htdocs\tokoku\system\View\View.php(210): include('C:\\xampp\\htdocs...')
#2 C:\xampp\htdocs\tokoku\system\View\View.php(213): CodeIgniter\View\View->CodeIgniter\View\{closure}()
#3 C:\xampp\htdocs\tokoku\system\Common.php(1089): CodeIgniter\View\View->render('themes\\vegefood...', Array, true)
#4 C:\xampp\htdocs\tokoku\app\Controllers\Pages.php(43): view('themes\\vegefood...', Array)
#5 C:\xampp\htdocs\tokoku\system\CodeIgniter.php(832): App\Controllers\Pages->contact()
#6 C:\xampp\htdocs\tokoku\system\CodeIgniter.php(419): CodeIgniter\CodeIgniter->runController(Object(App\Controllers\Pages))
#7 C:\xampp\htdocs\tokoku\system\CodeIgniter.php(326): CodeIgniter\CodeIgniter->handleRequest(NULL, Object(Config\Cache), false)
#8 C:\xampp\htdocs\tokoku\public\index.php(37): CodeIgniter\CodeIgniter->run()
#9 C:\xampp\htdocs\tokoku\system\Commands\Server\rewrite.php(43): require_once('C:\\xampp\\htdocs...')
#10 {main}
CRITICAL - 2022-05-15 03:31:06 --> Undefined variable $flash
#0 C:\xampp\htdocs\tokoku\app\Views\themes\littlegreenery\pages\contact.php(45): CodeIgniter\Debug\Exceptions->errorHandler(2, 'Undefined varia...', 'C:\\xampp\\htdocs...', 45)
#1 C:\xampp\htdocs\tokoku\system\View\View.php(210): include('C:\\xampp\\htdocs...')
#2 C:\xampp\htdocs\tokoku\system\View\View.php(213): CodeIgniter\View\View->CodeIgniter\View\{closure}()
#3 C:\xampp\htdocs\tokoku\system\Common.php(1089): CodeIgniter\View\View->render('themes\\vegefood...', Array, true)
#4 C:\xampp\htdocs\tokoku\app\Controllers\Pages.php(43): view('themes\\vegefood...', Array)
#5 C:\xampp\htdocs\tokoku\system\CodeIgniter.php(832): App\Controllers\Pages->contact()
#6 C:\xampp\htdocs\tokoku\system\CodeIgniter.php(419): CodeIgniter\CodeIgniter->runController(Object(App\Controllers\Pages))
#7 C:\xampp\htdocs\tokoku\system\CodeIgniter.php(326): CodeIgniter\CodeIgniter->handleRequest(NULL, Object(Config\Cache), false)
#8 C:\xampp\htdocs\tokoku\public\index.php(37): CodeIgniter\CodeIgniter->run()
#9 C:\xampp\htdocs\tokoku\system\Commands\Server\rewrite.php(43): require_once('C:\\xampp\\htdocs...')
#10 {main}
CRITICAL - 2022-05-15 17:00:57 --> Undefined variable $config
#0 C:\xampp\htdocs\tokoku\app\Views\auth\login.php(81): CodeIgniter\Debug\Exceptions->errorHandler(2, 'Undefined varia...', 'C:\\xampp\\htdocs...', 81)
#1 C:\xampp\htdocs\tokoku\system\View\View.php(210): include('C:\\xampp\\htdocs...')
#2 C:\xampp\htdocs\tokoku\system\View\View.php(213): CodeIgniter\View\View->CodeIgniter\View\{closure}()
#3 C:\xampp\htdocs\tokoku\system\Common.php(1089): CodeIgniter\View\View->render('auth\\login', Array, true)
#4 C:\xampp\htdocs\tokoku\app\Controllers\Login.php(21): view('auth\\login')
#5 C:\xampp\htdocs\tokoku\system\CodeIgniter.php(832): App\Controllers\Login->index()
#6 C:\xampp\htdocs\tokoku\system\CodeIgniter.php(419): CodeIgniter\CodeIgniter->runController(Object(App\Controllers\Login))
#7 C:\xampp\htdocs\tokoku\system\CodeIgniter.php(326): CodeIgniter\CodeIgniter->handleRequest(NULL, Object(Config\Cache), false)
#8 C:\xampp\htdocs\tokoku\public\index.php(37): CodeIgniter\CodeIgniter->run()
#9 C:\xampp\htdocs\tokoku\system\Commands\Server\rewrite.php(43): require_once('C:\\xampp\\htdocs...')
#10 {main}
CRITICAL - 2022-05-15 17:20:59 --> Undefined variable $config
#0 C:\xampp\htdocs\tokoku\app\Views\auth\login.php(96): CodeIgniter\Debug\Exceptions->errorHandler(2, 'Undefined varia...', 'C:\\xampp\\htdocs...', 96)
#1 C:\xampp\htdocs\tokoku\system\View\View.php(210): include('C:\\xampp\\htdocs...')
#2 C:\xampp\htdocs\tokoku\system\View\View.php(213): CodeIgniter\View\View->CodeIgniter\View\{closure}()
#3 C:\xampp\htdocs\tokoku\system\Common.php(1089): CodeIgniter\View\View->render('auth\\login', Array, true)
#4 C:\xampp\htdocs\tokoku\app\Controllers\Login.php(21): view('auth\\login')
#5 C:\xampp\htdocs\tokoku\system\CodeIgniter.php(832): App\Controllers\Login->index()
#6 C:\xampp\htdocs\tokoku\system\CodeIgniter.php(419): CodeIgniter\CodeIgniter->runController(Object(App\Controllers\Login))
#7 C:\xampp\htdocs\tokoku\system\CodeIgniter.php(326): CodeIgniter\CodeIgniter->handleRequest(NULL, Object(Config\Cache), false)
#8 C:\xampp\htdocs\tokoku\public\index.php(37): CodeIgniter\CodeIgniter->run()
#9 C:\xampp\htdocs\tokoku\system\Commands\Server\rewrite.php(43): require_once('C:\\xampp\\htdocs...')
#10 {main}
CRITICAL - 2022-05-15 17:41:07 --> Undefined property: Config\View::$allowRemembering
#0 C:\xampp\htdocs\tokoku\app\Views\auth\login.php(96): CodeIgniter\Debug\Exceptions->errorHandler(2, 'Undefined prope...', 'C:\\xampp\\htdocs...', 96)
#1 C:\xampp\htdocs\tokoku\system\View\View.php(210): include('C:\\xampp\\htdocs...')
#2 C:\xampp\htdocs\tokoku\system\View\View.php(213): CodeIgniter\View\View->CodeIgniter\View\{closure}()
#3 C:\xampp\htdocs\tokoku\system\Common.php(1089): CodeIgniter\View\View->render('auth\\login', Array, true)
#4 C:\xampp\htdocs\tokoku\app\Controllers\Login.php(21): view('auth\\login')
#5 C:\xampp\htdocs\tokoku\system\CodeIgniter.php(832): App\Controllers\Login->index()
#6 C:\xampp\htdocs\tokoku\system\CodeIgniter.php(419): CodeIgniter\CodeIgniter->runController(Object(App\Controllers\Login))
#7 C:\xampp\htdocs\tokoku\system\CodeIgniter.php(326): CodeIgniter\CodeIgniter->handleRequest(NULL, Object(Config\Cache), false)
#8 C:\xampp\htdocs\tokoku\public\index.php(37): CodeIgniter\CodeIgniter->run()
#9 C:\xampp\htdocs\tokoku\system\Commands\Server\rewrite.php(43): require_once('C:\\xampp\\htdocs...')
#10 {main}
CRITICAL - 2022-05-15 17:42:15 --> Undefined variable $config
#0 C:\xampp\htdocs\tokoku\app\Views\auth\login.php(81): CodeIgniter\Debug\Exceptions->errorHandler(2, 'Undefined varia...', 'C:\\xampp\\htdocs...', 81)
#1 C:\xampp\htdocs\tokoku\system\View\View.php(210): include('C:\\xampp\\htdocs...')
#2 C:\xampp\htdocs\tokoku\system\View\View.php(213): CodeIgniter\View\View->CodeIgniter\View\{closure}()
#3 C:\xampp\htdocs\tokoku\system\Common.php(1089): CodeIgniter\View\View->render('auth\\login', Array, true)
#4 C:\xampp\htdocs\tokoku\app\Controllers\Login.php(21): view('auth\\login')
#5 C:\xampp\htdocs\tokoku\system\CodeIgniter.php(832): App\Controllers\Login->index()
#6 C:\xampp\htdocs\tokoku\system\CodeIgniter.php(419): CodeIgniter\CodeIgniter->runController(Object(App\Controllers\Login))
#7 C:\xampp\htdocs\tokoku\system\CodeIgniter.php(326): CodeIgniter\CodeIgniter->handleRequest(NULL, Object(Config\Cache), false)
#8 C:\xampp\htdocs\tokoku\public\index.php(37): CodeIgniter\CodeIgniter->run()
#9 C:\xampp\htdocs\tokoku\system\Commands\Server\rewrite.php(43): require_once('C:\\xampp\\htdocs...')
#10 {main}
CRITICAL - 2022-05-15 18:08:01 --> Call to undefined function get_store_name()
#0 C:\xampp\htdocs\tokoku\system\View\View.php(210): include()
#1 C:\xampp\htdocs\tokoku\system\View\View.php(213): CodeIgniter\View\View->CodeIgniter\View\{closure}()
#2 C:\xampp\htdocs\tokoku\system\Common.php(1089): CodeIgniter\View\View->render('App\\Views\\auth\\...', Array, true)
#3 C:\xampp\htdocs\tokoku\vendor\myth\auth\src\Controllers\AuthController.php(429): view('App\\Views\\auth\\...', Array)
#4 C:\xampp\htdocs\tokoku\vendor\myth\auth\src\Controllers\AuthController.php(139): Myth\Auth\Controllers\AuthController->_render('App\\Views\\auth\\...', Array)
#5 C:\xampp\htdocs\tokoku\system\CodeIgniter.php(832): Myth\Auth\Controllers\AuthController->register()
#6 C:\xampp\htdocs\tokoku\system\CodeIgniter.php(419): CodeIgniter\CodeIgniter->runController(Object(Myth\Auth\Controllers\AuthController))
#7 C:\xampp\htdocs\tokoku\system\CodeIgniter.php(326): CodeIgniter\CodeIgniter->handleRequest(NULL, Object(Config\Cache), false)
#8 C:\xampp\htdocs\tokoku\public\index.php(37): CodeIgniter\CodeIgniter->run()
#9 C:\xampp\htdocs\tokoku\system\Commands\Server\rewrite.php(43): require_once('C:\\xampp\\htdocs...')
#10 {main}
CRITICAL - 2022-05-15 18:10:24 --> Call to undefined function get_store_name()
#0 C:\xampp\htdocs\tokoku\system\View\View.php(210): include()
#1 C:\xampp\htdocs\tokoku\system\View\View.php(213): CodeIgniter\View\View->CodeIgniter\View\{closure}()
#2 C:\xampp\htdocs\tokoku\system\Common.php(1089): CodeIgniter\View\View->render('App\\Views\\auth\\...', Array, true)
#3 C:\xampp\htdocs\tokoku\vendor\myth\auth\src\Controllers\AuthController.php(429): view('App\\Views\\auth\\...', Array)
#4 C:\xampp\htdocs\tokoku\vendor\myth\auth\src\Controllers\AuthController.php(139): Myth\Auth\Controllers\AuthController->_render('App\\Views\\auth\\...', Array)
#5 C:\xampp\htdocs\tokoku\system\CodeIgniter.php(832): Myth\Auth\Controllers\AuthController->register()
#6 C:\xampp\htdocs\tokoku\system\CodeIgniter.php(419): CodeIgniter\CodeIgniter->runController(Object(Myth\Auth\Controllers\AuthController))
#7 C:\xampp\htdocs\tokoku\system\CodeIgniter.php(326): CodeIgniter\CodeIgniter->handleRequest(NULL, Object(Config\Cache), false)
#8 C:\xampp\htdocs\tokoku\public\index.php(37): CodeIgniter\CodeIgniter->run()
#9 C:\xampp\htdocs\tokoku\system\Commands\Server\rewrite.php(43): require_once('C:\\xampp\\htdocs...')
#10 {main}
CRITICAL - 2022-05-15 18:14:00 --> Call to undefined function get_store_name()
#0 C:\xampp\htdocs\tokoku\system\View\View.php(210): include()
#1 C:\xampp\htdocs\tokoku\system\View\View.php(213): CodeIgniter\View\View->CodeIgniter\View\{closure}()
#2 C:\xampp\htdocs\tokoku\system\Common.php(1089): CodeIgniter\View\View->render('App\\Views\\auth\\...', Array, true)
#3 C:\xampp\htdocs\tokoku\vendor\myth\auth\src\Controllers\AuthController.php(429): view('App\\Views\\auth\\...', Array)
#4 C:\xampp\htdocs\tokoku\vendor\myth\auth\src\Controllers\AuthController.php(139): Myth\Auth\Controllers\AuthController->_render('App\\Views\\auth\\...', Array)
#5 C:\xampp\htdocs\tokoku\system\CodeIgniter.php(832): Myth\Auth\Controllers\AuthController->register()
#6 C:\xampp\htdocs\tokoku\system\CodeIgniter.php(419): CodeIgniter\CodeIgniter->runController(Object(Myth\Auth\Controllers\AuthController))
#7 C:\xampp\htdocs\tokoku\system\CodeIgniter.php(326): CodeIgniter\CodeIgniter->handleRequest(NULL, Object(Config\Cache), false)
#8 C:\xampp\htdocs\tokoku\public\index.php(37): CodeIgniter\CodeIgniter->run()
#9 C:\xampp\htdocs\tokoku\system\Commands\Server\rewrite.php(43): require_once('C:\\xampp\\htdocs...')
#10 {main}
ERROR - 2022-05-15 18:15:55 --> Email: sendWithMail throwed mail(): Failed to connect to mailserver at &quot;localhost&quot; port 25, verify your &quot;SMTP&quot; and &quot;smtp_port&quot; setting in php.ini or use ini_set()
ERROR - 2022-05-15 18:23:18 --> Email: sendWithMail throwed mail(): Failed to connect to mailserver at &quot;localhost&quot; port 25, verify your &quot;SMTP&quot; and &quot;smtp_port&quot; setting in php.ini or use ini_set()
CRITICAL - 2022-05-15 18:47:46 --> Class name must be a valid object or a string
#0 C:\xampp\htdocs\tokoku\system\Config\BaseService.php(248): Myth\Auth\Config\Services::activator(Object(Myth\Auth\Config\Auth), false)
#1 C:\xampp\htdocs\tokoku\system\Config\BaseService.php(189): CodeIgniter\Config\BaseService::__callStatic('activator', Array)
#2 C:\xampp\htdocs\tokoku\vendor\myth\auth\src\Config\Services.php(86): CodeIgniter\Config\BaseService::getSharedInstance('activator', NULL)
#3 C:\xampp\htdocs\tokoku\system\Config\BaseService.php(248): Myth\Auth\Config\Services::activator()
#4 C:\xampp\htdocs\tokoku\system\Common.php(929): CodeIgniter\Config\BaseService::__callStatic('activator', Array)
#5 C:\xampp\htdocs\tokoku\vendor\myth\auth\src\Controllers\AuthController.php(187): service('activator')
#6 C:\xampp\htdocs\tokoku\system\CodeIgniter.php(832): Myth\Auth\Controllers\AuthController->attemptRegister()
#7 C:\xampp\htdocs\tokoku\system\CodeIgniter.php(419): CodeIgniter\CodeIgniter->runController(Object(Myth\Auth\Controllers\AuthController))
#8 C:\xampp\htdocs\tokoku\system\CodeIgniter.php(326): CodeIgniter\CodeIgniter->handleRequest(NULL, Object(Config\Cache), false)
#9 C:\xampp\htdocs\tokoku\public\index.php(37): CodeIgniter\CodeIgniter->run()
#10 C:\xampp\htdocs\tokoku\system\Commands\Server\rewrite.php(43): require_once('C:\\xampp\\htdocs...')
#11 {main}
CRITICAL - 2022-05-15 19:40:47 --> Class "Myth\Auth\Authentication\Activator\EmailActivator" not found
#0 C:\xampp\htdocs\tokoku\system\Config\BaseService.php(248): Myth\Auth\Config\Services::activator(Object(Myth\Auth\Config\Auth), false)
#1 C:\xampp\htdocs\tokoku\system\Config\BaseService.php(189): CodeIgniter\Config\BaseService::__callStatic('activator', Array)
#2 C:\xampp\htdocs\tokoku\vendor\myth\auth\src\Config\Services.php(86): CodeIgniter\Config\BaseService::getSharedInstance('activator', NULL)
#3 C:\xampp\htdocs\tokoku\system\Config\BaseService.php(248): Myth\Auth\Config\Services::activator()
#4 C:\xampp\htdocs\tokoku\system\Common.php(929): CodeIgniter\Config\BaseService::__callStatic('activator', Array)
#5 C:\xampp\htdocs\tokoku\vendor\myth\auth\src\Controllers\AuthController.php(188): service('activator')
#6 C:\xampp\htdocs\tokoku\system\CodeIgniter.php(832): Myth\Auth\Controllers\AuthController->attemptRegister()
#7 C:\xampp\htdocs\tokoku\system\CodeIgniter.php(419): CodeIgniter\CodeIgniter->runController(Object(Myth\Auth\Controllers\AuthController))
#8 C:\xampp\htdocs\tokoku\system\CodeIgniter.php(326): CodeIgniter\CodeIgniter->handleRequest(NULL, Object(Config\Cache), false)
#9 C:\xampp\htdocs\tokoku\public\index.php(37): CodeIgniter\CodeIgniter->run()
#10 C:\xampp\htdocs\tokoku\system\Commands\Server\rewrite.php(43): require_once('C:\\xampp\\htdocs...')
#11 {main}
CRITICAL - 2022-05-15 19:47:29 --> Class "Myth\Auth\Authentication\Activator\EmailActivator" not found
#0 C:\xampp\htdocs\tokoku\system\Config\BaseService.php(248): Myth\Auth\Config\Services::activator(Object(Myth\Auth\Config\Auth), false)
#1 C:\xampp\htdocs\tokoku\system\Config\BaseService.php(189): CodeIgniter\Config\BaseService::__callStatic('activator', Array)
#2 C:\xampp\htdocs\tokoku\vendor\myth\auth\src\Config\Services.php(86): CodeIgniter\Config\BaseService::getSharedInstance('activator', NULL)
#3 C:\xampp\htdocs\tokoku\system\Config\BaseService.php(248): Myth\Auth\Config\Services::activator()
#4 C:\xampp\htdocs\tokoku\system\Common.php(929): CodeIgniter\Config\BaseService::__callStatic('activator', Array)
#5 C:\xampp\htdocs\tokoku\vendor\myth\auth\src\Controllers\AuthController.php(188): service('activator')
#6 C:\xampp\htdocs\tokoku\system\CodeIgniter.php(832): Myth\Auth\Controllers\AuthController->attemptRegister()
#7 C:\xampp\htdocs\tokoku\system\CodeIgniter.php(419): CodeIgniter\CodeIgniter->runController(Object(Myth\Auth\Controllers\AuthController))
#8 C:\xampp\htdocs\tokoku\system\CodeIgniter.php(326): CodeIgniter\CodeIgniter->handleRequest(NULL, Object(Config\Cache), false)
#9 C:\xampp\htdocs\tokoku\public\index.php(37): CodeIgniter\CodeIgniter->run()
#10 C:\xampp\htdocs\tokoku\system\Commands\Server\rewrite.php(43): require_once('C:\\xampp\\htdocs...')
#11 {main}
CRITICAL - 2022-05-15 20:29:19 --> You do not have sufficient permissions to access that page.
#0 C:\xampp\htdocs\tokoku\system\Filters\Filters.php(173): Myth\Auth\Filters\RoleFilter->before(Object(CodeIgniter\HTTP\IncomingRequest), Array)
#1 C:\xampp\htdocs\tokoku\system\CodeIgniter.php(393): CodeIgniter\Filters\Filters->run('/', 'before')
#2 C:\xampp\htdocs\tokoku\system\CodeIgniter.php(326): CodeIgniter\CodeIgniter->handleRequest(NULL, Object(Config\Cache), false)
#3 C:\xampp\htdocs\tokoku\public\index.php(37): CodeIgniter\CodeIgniter->run()
#4 C:\xampp\htdocs\tokoku\system\Commands\Server\rewrite.php(43): require_once('C:\\xampp\\htdocs...')
#5 {main}
