CRITICAL - 2022-05-14 10:05:17 --> Undefined property: App\Controllers\Home::$ProductModel
#0 C:\xampp\htdocs\tokoku\app\Controllers\Home.php(11): CodeIgniter\Debug\Exceptions->errorHandler(2, 'Undefined prope...', 'C:\\xampp\\htdocs...', 11)
#1 C:\xampp\htdocs\tokoku\system\CodeIgniter.php(832): App\Controllers\Home->index()
#2 C:\xampp\htdocs\tokoku\system\CodeIgniter.php(419): CodeIgniter\CodeIgniter->runController(Object(App\Controllers\Home))
#3 C:\xampp\htdocs\tokoku\system\CodeIgniter.php(326): CodeIgniter\CodeIgniter->handleRequest(NULL, Object(Config\Cache), false)
#4 C:\xampp\htdocs\tokoku\public\index.php(37): CodeIgniter\CodeIgniter->run()
#5 C:\xampp\htdocs\tokoku\system\Commands\Server\rewrite.php(43): require_once('C:\\xampp\\htdocs...')
#6 {main}
CRITICAL - 2022-05-14 10:09:42 --> Undefined property: App\Controllers\Home::$ProductModel
#0 C:\xampp\htdocs\tokoku\app\Controllers\Home.php(16): CodeIgniter\Debug\Exceptions->errorHandler(2, 'Undefined prope...', 'C:\\xampp\\htdocs...', 16)
#1 C:\xampp\htdocs\tokoku\system\CodeIgniter.php(832): App\Controllers\Home->index()
#2 C:\xampp\htdocs\tokoku\system\CodeIgniter.php(419): CodeIgniter\CodeIgniter->runController(Object(App\Controllers\Home))
#3 C:\xampp\htdocs\tokoku\system\CodeIgniter.php(326): CodeIgniter\CodeIgniter->handleRequest(NULL, Object(Config\Cache), false)
#4 C:\xampp\htdocs\tokoku\public\index.php(37): CodeIgniter\CodeIgniter->run()
#5 C:\xampp\htdocs\tokoku\system\Commands\Server\rewrite.php(43): require_once('C:\\xampp\\htdocs...')
#6 {main}
CRITICAL - 2022-05-14 10:09:44 --> Undefined property: App\Controllers\Home::$ProductModel
#0 C:\xampp\htdocs\tokoku\app\Controllers\Home.php(16): CodeIgniter\Debug\Exceptions->errorHandler(2, 'Undefined prope...', 'C:\\xampp\\htdocs...', 16)
#1 C:\xampp\htdocs\tokoku\system\CodeIgniter.php(832): App\Controllers\Home->index()
#2 C:\xampp\htdocs\tokoku\system\CodeIgniter.php(419): CodeIgniter\CodeIgniter->runController(Object(App\Controllers\Home))
#3 C:\xampp\htdocs\tokoku\system\CodeIgniter.php(326): CodeIgniter\CodeIgniter->handleRequest(NULL, Object(Config\Cache), false)
#4 C:\xampp\htdocs\tokoku\public\index.php(37): CodeIgniter\CodeIgniter->run()
#5 C:\xampp\htdocs\tokoku\system\Commands\Server\rewrite.php(43): require_once('C:\\xampp\\htdocs...')
#6 {main}
CRITICAL - 2022-05-14 10:21:18 --> Undefined variable $data
#0 C:\xampp\htdocs\tokoku\app\Views\themes\littlegreenery\home.php(4): CodeIgniter\Debug\Exceptions->errorHandler(2, 'Undefined varia...', 'C:\\xampp\\htdocs...', 4)
#1 C:\xampp\htdocs\tokoku\system\View\View.php(210): include('C:\\xampp\\htdocs...')
#2 C:\xampp\htdocs\tokoku\system\View\View.php(213): CodeIgniter\View\View->CodeIgniter\View\{closure}()
#3 C:\xampp\htdocs\tokoku\system\Common.php(1089): CodeIgniter\View\View->render('themes\\vegefood...', Array, true)
#4 C:\xampp\htdocs\tokoku\app\Controllers\Home.php(24): view('themes\\vegefood...', Array)
#5 C:\xampp\htdocs\tokoku\system\CodeIgniter.php(832): App\Controllers\Home->index()
#6 C:\xampp\htdocs\tokoku\system\CodeIgniter.php(419): CodeIgniter\CodeIgniter->runController(Object(App\Controllers\Home))
#7 C:\xampp\htdocs\tokoku\system\CodeIgniter.php(326): CodeIgniter\CodeIgniter->handleRequest(NULL, Object(Config\Cache), false)
#8 C:\xampp\htdocs\tokoku\public\index.php(37): CodeIgniter\CodeIgniter->run()
#9 C:\xampp\htdocs\tokoku\system\Commands\Server\rewrite.php(43): require_once('C:\\xampp\\htdocs...')
#10 {main}
CRITICAL - 2022-05-14 10:51:10 --> Call to a member function getRow() on array
#0 C:\xampp\htdocs\tokoku\system\CodeIgniter.php(832): App\Controllers\Home->index()
#1 C:\xampp\htdocs\tokoku\system\CodeIgniter.php(419): CodeIgniter\CodeIgniter->runController(Object(App\Controllers\Home))
#2 C:\xampp\htdocs\tokoku\system\CodeIgniter.php(326): CodeIgniter\CodeIgniter->handleRequest(NULL, Object(Config\Cache), false)
#3 C:\xampp\htdocs\tokoku\public\index.php(37): CodeIgniter\CodeIgniter->run()
#4 C:\xampp\htdocs\tokoku\system\Commands\Server\rewrite.php(43): require_once('C:\\xampp\\htdocs...')
#5 {main}
CRITICAL - 2022-05-14 10:51:36 --> Call to undefined function format_rupiah()
#0 C:\xampp\htdocs\tokoku\system\View\View.php(210): include()
#1 C:\xampp\htdocs\tokoku\system\View\View.php(213): CodeIgniter\View\View->CodeIgniter\View\{closure}()
#2 C:\xampp\htdocs\tokoku\system\Common.php(1089): CodeIgniter\View\View->render('themes\\vegefood...', Array, true)
#3 C:\xampp\htdocs\tokoku\app\Controllers\Home.php(24): view('themes\\vegefood...', Array)
#4 C:\xampp\htdocs\tokoku\system\CodeIgniter.php(832): App\Controllers\Home->index()
#5 C:\xampp\htdocs\tokoku\system\CodeIgniter.php(419): CodeIgniter\CodeIgniter->runController(Object(App\Controllers\Home))
#6 C:\xampp\htdocs\tokoku\system\CodeIgniter.php(326): CodeIgniter\CodeIgniter->handleRequest(NULL, Object(Config\Cache), false)
#7 C:\xampp\htdocs\tokoku\public\index.php(37): CodeIgniter\CodeIgniter->run()
#8 C:\xampp\htdocs\tokoku\system\Commands\Server\rewrite.php(43): require_once('C:\\xampp\\htdocs...')
#9 {main}
CRITICAL - 2022-05-14 10:54:19 --> Call to undefined function number_to_currency()
#0 C:\xampp\htdocs\tokoku\system\View\View.php(210): include()
#1 C:\xampp\htdocs\tokoku\system\View\View.php(213): CodeIgniter\View\View->CodeIgniter\View\{closure}()
#2 C:\xampp\htdocs\tokoku\system\Common.php(1089): CodeIgniter\View\View->render('themes\\vegefood...', Array, true)
#3 C:\xampp\htdocs\tokoku\app\Controllers\Home.php(24): view('themes\\vegefood...', Array)
#4 C:\xampp\htdocs\tokoku\system\CodeIgniter.php(832): App\Controllers\Home->index()
#5 C:\xampp\htdocs\tokoku\system\CodeIgniter.php(419): CodeIgniter\CodeIgniter->runController(Object(App\Controllers\Home))
#6 C:\xampp\htdocs\tokoku\system\CodeIgniter.php(326): CodeIgniter\CodeIgniter->handleRequest(NULL, Object(Config\Cache), false)
#7 C:\xampp\htdocs\tokoku\public\index.php(37): CodeIgniter\CodeIgniter->run()
#8 C:\xampp\htdocs\tokoku\system\Commands\Server\rewrite.php(43): require_once('C:\\xampp\\htdocs...')
#9 {main}
CRITICAL - 2022-05-14 10:54:29 --> Call to undefined function number_to_currency()
#0 C:\xampp\htdocs\tokoku\system\View\View.php(210): include()
#1 C:\xampp\htdocs\tokoku\system\View\View.php(213): CodeIgniter\View\View->CodeIgniter\View\{closure}()
#2 C:\xampp\htdocs\tokoku\system\Common.php(1089): CodeIgniter\View\View->render('themes\\vegefood...', Array, true)
#3 C:\xampp\htdocs\tokoku\app\Controllers\Home.php(24): view('themes\\vegefood...', Array)
#4 C:\xampp\htdocs\tokoku\system\CodeIgniter.php(832): App\Controllers\Home->index()
#5 C:\xampp\htdocs\tokoku\system\CodeIgniter.php(419): CodeIgniter\CodeIgniter->runController(Object(App\Controllers\Home))
#6 C:\xampp\htdocs\tokoku\system\CodeIgniter.php(326): CodeIgniter\CodeIgniter->handleRequest(NULL, Object(Config\Cache), false)
#7 C:\xampp\htdocs\tokoku\public\index.php(37): CodeIgniter\CodeIgniter->run()
#8 C:\xampp\htdocs\tokoku\system\Commands\Server\rewrite.php(43): require_once('C:\\xampp\\htdocs...')
#9 {main}
CRITICAL - 2022-05-14 10:54:40 --> Call to undefined function number_to_currency()
#0 C:\xampp\htdocs\tokoku\system\View\View.php(210): include()
#1 C:\xampp\htdocs\tokoku\system\View\View.php(213): CodeIgniter\View\View->CodeIgniter\View\{closure}()
#2 C:\xampp\htdocs\tokoku\system\Common.php(1089): CodeIgniter\View\View->render('themes\\vegefood...', Array, true)
#3 C:\xampp\htdocs\tokoku\app\Controllers\Home.php(24): view('themes\\vegefood...', Array)
#4 C:\xampp\htdocs\tokoku\system\CodeIgniter.php(832): App\Controllers\Home->index()
#5 C:\xampp\htdocs\tokoku\system\CodeIgniter.php(419): CodeIgniter\CodeIgniter->runController(Object(App\Controllers\Home))
#6 C:\xampp\htdocs\tokoku\system\CodeIgniter.php(326): CodeIgniter\CodeIgniter->handleRequest(NULL, Object(Config\Cache), false)
#7 C:\xampp\htdocs\tokoku\public\index.php(37): CodeIgniter\CodeIgniter->run()
#8 C:\xampp\htdocs\tokoku\system\Commands\Server\rewrite.php(43): require_once('C:\\xampp\\htdocs...')
#9 {main}
CRITICAL - 2022-05-14 10:54:42 --> Call to undefined function number_to_currency()
#0 C:\xampp\htdocs\tokoku\system\View\View.php(210): include()
#1 C:\xampp\htdocs\tokoku\system\View\View.php(213): CodeIgniter\View\View->CodeIgniter\View\{closure}()
#2 C:\xampp\htdocs\tokoku\system\Common.php(1089): CodeIgniter\View\View->render('themes\\vegefood...', Array, true)
#3 C:\xampp\htdocs\tokoku\app\Controllers\Home.php(24): view('themes\\vegefood...', Array)
#4 C:\xampp\htdocs\tokoku\system\CodeIgniter.php(832): App\Controllers\Home->index()
#5 C:\xampp\htdocs\tokoku\system\CodeIgniter.php(419): CodeIgniter\CodeIgniter->runController(Object(App\Controllers\Home))
#6 C:\xampp\htdocs\tokoku\system\CodeIgniter.php(326): CodeIgniter\CodeIgniter->handleRequest(NULL, Object(Config\Cache), false)
#7 C:\xampp\htdocs\tokoku\public\index.php(37): CodeIgniter\CodeIgniter->run()
#8 C:\xampp\htdocs\tokoku\system\Commands\Server\rewrite.php(43): require_once('C:\\xampp\\htdocs...')
#9 {main}
CRITICAL - 2022-05-14 10:55:15 --> Call to undefined function number_to_currency()
#0 C:\xampp\htdocs\tokoku\system\View\View.php(210): include()
#1 C:\xampp\htdocs\tokoku\system\View\View.php(213): CodeIgniter\View\View->CodeIgniter\View\{closure}()
#2 C:\xampp\htdocs\tokoku\system\Common.php(1089): CodeIgniter\View\View->render('themes\\vegefood...', Array, true)
#3 C:\xampp\htdocs\tokoku\app\Controllers\Home.php(24): view('themes\\vegefood...', Array)
#4 C:\xampp\htdocs\tokoku\system\CodeIgniter.php(832): App\Controllers\Home->index()
#5 C:\xampp\htdocs\tokoku\system\CodeIgniter.php(419): CodeIgniter\CodeIgniter->runController(Object(App\Controllers\Home))
#6 C:\xampp\htdocs\tokoku\system\CodeIgniter.php(326): CodeIgniter\CodeIgniter->handleRequest(NULL, Object(Config\Cache), false)
#7 C:\xampp\htdocs\tokoku\public\index.php(37): CodeIgniter\CodeIgniter->run()
#8 C:\xampp\htdocs\tokoku\system\Commands\Server\rewrite.php(43): require_once('C:\\xampp\\htdocs...')
#9 {main}
CRITICAL - 2022-05-14 10:59:56 --> Call to undefined function number_to_currency()
#0 C:\xampp\htdocs\tokoku\system\View\View.php(210): include()
#1 C:\xampp\htdocs\tokoku\system\View\View.php(213): CodeIgniter\View\View->CodeIgniter\View\{closure}()
#2 C:\xampp\htdocs\tokoku\system\Common.php(1089): CodeIgniter\View\View->render('themes\\vegefood...', Array, true)
#3 C:\xampp\htdocs\tokoku\app\Controllers\Home.php(24): view('themes\\vegefood...', Array)
#4 C:\xampp\htdocs\tokoku\system\CodeIgniter.php(832): App\Controllers\Home->index()
#5 C:\xampp\htdocs\tokoku\system\CodeIgniter.php(419): CodeIgniter\CodeIgniter->runController(Object(App\Controllers\Home))
#6 C:\xampp\htdocs\tokoku\system\CodeIgniter.php(326): CodeIgniter\CodeIgniter->handleRequest(NULL, Object(Config\Cache), false)
#7 C:\xampp\htdocs\tokoku\public\index.php(37): CodeIgniter\CodeIgniter->run()
#8 C:\xampp\htdocs\tokoku\system\Commands\Server\rewrite.php(43): require_once('C:\\xampp\\htdocs...')
#9 {main}
CRITICAL - 2022-05-14 11:00:54 --> Call to undefined function number_to_currency()
#0 C:\xampp\htdocs\tokoku\system\View\View.php(210): include()
#1 C:\xampp\htdocs\tokoku\system\View\View.php(213): CodeIgniter\View\View->CodeIgniter\View\{closure}()
#2 C:\xampp\htdocs\tokoku\system\Common.php(1089): CodeIgniter\View\View->render('themes\\vegefood...', Array, true)
#3 C:\xampp\htdocs\tokoku\app\Controllers\Home.php(24): view('themes\\vegefood...', Array)
#4 C:\xampp\htdocs\tokoku\system\CodeIgniter.php(832): App\Controllers\Home->index()
#5 C:\xampp\htdocs\tokoku\system\CodeIgniter.php(419): CodeIgniter\CodeIgniter->runController(Object(App\Controllers\Home))
#6 C:\xampp\htdocs\tokoku\system\CodeIgniter.php(326): CodeIgniter\CodeIgniter->handleRequest(NULL, Object(Config\Cache), false)
#7 C:\xampp\htdocs\tokoku\public\index.php(37): CodeIgniter\CodeIgniter->run()
#8 C:\xampp\htdocs\tokoku\system\Commands\Server\rewrite.php(43): require_once('C:\\xampp\\htdocs...')
#9 {main}
CRITICAL - 2022-05-14 11:02:34 --> Call to undefined function number_to_currency()
#0 C:\xampp\htdocs\tokoku\system\View\View.php(210): include()
#1 C:\xampp\htdocs\tokoku\system\View\View.php(213): CodeIgniter\View\View->CodeIgniter\View\{closure}()
#2 C:\xampp\htdocs\tokoku\system\Common.php(1089): CodeIgniter\View\View->render('themes\\vegefood...', Array, true)
#3 C:\xampp\htdocs\tokoku\app\Controllers\Home.php(24): view('themes\\vegefood...', Array)
#4 C:\xampp\htdocs\tokoku\system\CodeIgniter.php(832): App\Controllers\Home->index()
#5 C:\xampp\htdocs\tokoku\system\CodeIgniter.php(419): CodeIgniter\CodeIgniter->runController(Object(App\Controllers\Home))
#6 C:\xampp\htdocs\tokoku\system\CodeIgniter.php(326): CodeIgniter\CodeIgniter->handleRequest(NULL, Object(Config\Cache), false)
#7 C:\xampp\htdocs\tokoku\public\index.php(37): CodeIgniter\CodeIgniter->run()
#8 C:\xampp\htdocs\tokoku\system\Commands\Server\rewrite.php(43): require_once('C:\\xampp\\htdocs...')
#9 {main}
CRITICAL - 2022-05-14 11:02:45 --> Call to undefined function number_to_currency()
#0 C:\xampp\htdocs\tokoku\system\View\View.php(210): include()
#1 C:\xampp\htdocs\tokoku\system\View\View.php(213): CodeIgniter\View\View->CodeIgniter\View\{closure}()
#2 C:\xampp\htdocs\tokoku\system\Common.php(1089): CodeIgniter\View\View->render('themes\\vegefood...', Array, true)
#3 C:\xampp\htdocs\tokoku\app\Controllers\Home.php(24): view('themes\\vegefood...', Array)
#4 C:\xampp\htdocs\tokoku\system\CodeIgniter.php(832): App\Controllers\Home->index()
#5 C:\xampp\htdocs\tokoku\system\CodeIgniter.php(419): CodeIgniter\CodeIgniter->runController(Object(App\Controllers\Home))
#6 C:\xampp\htdocs\tokoku\system\CodeIgniter.php(326): CodeIgniter\CodeIgniter->handleRequest(NULL, Object(Config\Cache), false)
#7 C:\xampp\htdocs\tokoku\public\index.php(37): CodeIgniter\CodeIgniter->run()
#8 C:\xampp\htdocs\tokoku\system\Commands\Server\rewrite.php(43): require_once('C:\\xampp\\htdocs...')
#9 {main}
CRITICAL - 2022-05-14 11:03:35 --> Call to undefined function number_to_currency()
#0 C:\xampp\htdocs\tokoku\system\View\View.php(210): include()
#1 C:\xampp\htdocs\tokoku\system\View\View.php(213): CodeIgniter\View\View->CodeIgniter\View\{closure}()
#2 C:\xampp\htdocs\tokoku\system\Common.php(1089): CodeIgniter\View\View->render('themes\\vegefood...', Array, true)
#3 C:\xampp\htdocs\tokoku\app\Controllers\Home.php(24): view('themes\\vegefood...', Array)
#4 C:\xampp\htdocs\tokoku\system\CodeIgniter.php(832): App\Controllers\Home->index()
#5 C:\xampp\htdocs\tokoku\system\CodeIgniter.php(419): CodeIgniter\CodeIgniter->runController(Object(App\Controllers\Home))
#6 C:\xampp\htdocs\tokoku\system\CodeIgniter.php(326): CodeIgniter\CodeIgniter->handleRequest(NULL, Object(Config\Cache), false)
#7 C:\xampp\htdocs\tokoku\public\index.php(37): CodeIgniter\CodeIgniter->run()
#8 C:\xampp\htdocs\tokoku\system\Commands\Server\rewrite.php(43): require_once('C:\\xampp\\htdocs...')
#9 {main}
CRITICAL - 2022-05-14 11:15:54 --> Call to undefined function App\Controllers\register_ci_instance()
#0 C:\xampp\htdocs\tokoku\system\CodeIgniter.php(810): App\Controllers\BaseController->initController(Object(CodeIgniter\HTTP\IncomingRequest), Object(CodeIgniter\HTTP\Response), Object(CodeIgniter\Log\Logger))
#1 C:\xampp\htdocs\tokoku\system\CodeIgniter.php(410): CodeIgniter\CodeIgniter->createController()
#2 C:\xampp\htdocs\tokoku\system\CodeIgniter.php(326): CodeIgniter\CodeIgniter->handleRequest(NULL, Object(Config\Cache), false)
#3 C:\xampp\htdocs\tokoku\public\index.php(37): CodeIgniter\CodeIgniter->run()
#4 C:\xampp\htdocs\tokoku\system\Commands\Server\rewrite.php(43): require_once('C:\\xampp\\htdocs...')
#5 {main}
CRITICAL - 2022-05-14 11:17:21 --> Call to undefined function App\Controllers\register_ci_instance()
#0 C:\xampp\htdocs\tokoku\system\CodeIgniter.php(810): App\Controllers\BaseController->initController(Object(CodeIgniter\HTTP\IncomingRequest), Object(CodeIgniter\HTTP\Response), Object(CodeIgniter\Log\Logger))
#1 C:\xampp\htdocs\tokoku\system\CodeIgniter.php(410): CodeIgniter\CodeIgniter->createController()
#2 C:\xampp\htdocs\tokoku\system\CodeIgniter.php(326): CodeIgniter\CodeIgniter->handleRequest(NULL, Object(Config\Cache), false)
#3 C:\xampp\htdocs\tokoku\public\index.php(37): CodeIgniter\CodeIgniter->run()
#4 C:\xampp\htdocs\tokoku\system\Commands\Server\rewrite.php(43): require_once('C:\\xampp\\htdocs...')
#5 {main}
CRITICAL - 2022-05-14 11:20:39 --> Constant expression contains invalid operations
#0 [internal function]: CodeIgniter\Debug\Exceptions->shutdownHandler()
#1 {main}
CRITICAL - 2022-05-14 11:21:55 --> Call to undefined function App\Controllers\register_ci_instance()
#0 C:\xampp\htdocs\tokoku\system\Autoloader\Autoloader.php(264): include_once()
#1 C:\xampp\htdocs\tokoku\system\Autoloader\Autoloader.php(241): CodeIgniter\Autoloader\Autoloader->includeFile('C:\\xampp\\htdocs...')
#2 C:\xampp\htdocs\tokoku\system\Autoloader\Autoloader.php(219): CodeIgniter\Autoloader\Autoloader->loadInNamespace('App\\Controllers...')
#3 C:\xampp\htdocs\tokoku\app\Controllers\Home.php(8): CodeIgniter\Autoloader\Autoloader->loadClass('App\\Controllers...')
#4 C:\xampp\htdocs\tokoku\system\Autoloader\Autoloader.php(264): include_once('C:\\xampp\\htdocs...')
#5 C:\xampp\htdocs\tokoku\system\Autoloader\Autoloader.php(241): CodeIgniter\Autoloader\Autoloader->includeFile('C:\\xampp\\htdocs...')
#6 C:\xampp\htdocs\tokoku\system\Autoloader\Autoloader.php(219): CodeIgniter\Autoloader\Autoloader->loadInNamespace('App\\Controllers...')
#7 [internal function]: CodeIgniter\Autoloader\Autoloader->loadClass('App\\Controllers...')
#8 C:\xampp\htdocs\tokoku\system\CodeIgniter.php(797): class_exists('\\App\\Controller...', true)
#9 C:\xampp\htdocs\tokoku\system\CodeIgniter.php(406): CodeIgniter\CodeIgniter->startController()
#10 C:\xampp\htdocs\tokoku\system\CodeIgniter.php(326): CodeIgniter\CodeIgniter->handleRequest(NULL, Object(Config\Cache), false)
#11 C:\xampp\htdocs\tokoku\public\index.php(37): CodeIgniter\CodeIgniter->run()
#12 C:\xampp\htdocs\tokoku\system\Commands\Server\rewrite.php(43): require_once('C:\\xampp\\htdocs...')
#13 {main}
CRITICAL - 2022-05-14 11:22:32 --> Call to undefined function App\Controllers\register_ci_instance()
#0 C:\xampp\htdocs\tokoku\system\CodeIgniter.php(809): App\Controllers\Home->__construct()
#1 C:\xampp\htdocs\tokoku\system\CodeIgniter.php(410): CodeIgniter\CodeIgniter->createController()
#2 C:\xampp\htdocs\tokoku\system\CodeIgniter.php(326): CodeIgniter\CodeIgniter->handleRequest(NULL, Object(Config\Cache), false)
#3 C:\xampp\htdocs\tokoku\public\index.php(37): CodeIgniter\CodeIgniter->run()
#4 C:\xampp\htdocs\tokoku\system\Commands\Server\rewrite.php(43): require_once('C:\\xampp\\htdocs...')
#5 {main}
CRITICAL - 2022-05-14 11:22:54 --> Call to undefined function App\Controllers\register_ci_instance()
#0 C:\xampp\htdocs\tokoku\system\CodeIgniter.php(832): App\Controllers\Home->index()
#1 C:\xampp\htdocs\tokoku\system\CodeIgniter.php(419): CodeIgniter\CodeIgniter->runController(Object(App\Controllers\Home))
#2 C:\xampp\htdocs\tokoku\system\CodeIgniter.php(326): CodeIgniter\CodeIgniter->handleRequest(NULL, Object(Config\Cache), false)
#3 C:\xampp\htdocs\tokoku\public\index.php(37): CodeIgniter\CodeIgniter->run()
#4 C:\xampp\htdocs\tokoku\system\Commands\Server\rewrite.php(43): require_once('C:\\xampp\\htdocs...')
#5 {main}
CRITICAL - 2022-05-14 11:23:06 --> Call to undefined function get_store_name()
#0 C:\xampp\htdocs\tokoku\system\View\View.php(210): include()
#1 C:\xampp\htdocs\tokoku\system\View\View.php(213): CodeIgniter\View\View->CodeIgniter\View\{closure}()
#2 C:\xampp\htdocs\tokoku\system\Common.php(1089): CodeIgniter\View\View->render('themes\\vegefood...', Array, true)
#3 C:\xampp\htdocs\tokoku\app\Controllers\Home.php(26): view('themes\\vegefood...', Array)
#4 C:\xampp\htdocs\tokoku\system\CodeIgniter.php(832): App\Controllers\Home->index()
#5 C:\xampp\htdocs\tokoku\system\CodeIgniter.php(419): CodeIgniter\CodeIgniter->runController(Object(App\Controllers\Home))
#6 C:\xampp\htdocs\tokoku\system\CodeIgniter.php(326): CodeIgniter\CodeIgniter->handleRequest(NULL, Object(Config\Cache), false)
#7 C:\xampp\htdocs\tokoku\public\index.php(37): CodeIgniter\CodeIgniter->run()
#8 C:\xampp\htdocs\tokoku\system\Commands\Server\rewrite.php(43): require_once('C:\\xampp\\htdocs...')
#9 {main}
CRITICAL - 2022-05-14 11:27:08 --> Call to undefined function App\Controllers\register_ci_instance()
#0 C:\xampp\htdocs\tokoku\system\CodeIgniter.php(810): App\Controllers\BaseController->initController(Object(CodeIgniter\HTTP\IncomingRequest), Object(CodeIgniter\HTTP\Response), Object(CodeIgniter\Log\Logger))
#1 C:\xampp\htdocs\tokoku\system\CodeIgniter.php(410): CodeIgniter\CodeIgniter->createController()
#2 C:\xampp\htdocs\tokoku\system\CodeIgniter.php(326): CodeIgniter\CodeIgniter->handleRequest(NULL, Object(Config\Cache), false)
#3 C:\xampp\htdocs\tokoku\public\index.php(37): CodeIgniter\CodeIgniter->run()
#4 C:\xampp\htdocs\tokoku\system\Commands\Server\rewrite.php(43): require_once('C:\\xampp\\htdocs...')
#5 {main}
CRITICAL - 2022-05-14 11:31:28 --> Call to undefined function App\Controllers\register_CI4()
#0 C:\xampp\htdocs\tokoku\system\CodeIgniter.php(810): App\Controllers\BaseController->initController(Object(CodeIgniter\HTTP\IncomingRequest), Object(CodeIgniter\HTTP\Response), Object(CodeIgniter\Log\Logger))
#1 C:\xampp\htdocs\tokoku\system\CodeIgniter.php(410): CodeIgniter\CodeIgniter->createController()
#2 C:\xampp\htdocs\tokoku\system\CodeIgniter.php(326): CodeIgniter\CodeIgniter->handleRequest(NULL, Object(Config\Cache), false)
#3 C:\xampp\htdocs\tokoku\public\index.php(37): CodeIgniter\CodeIgniter->run()
#4 C:\xampp\htdocs\tokoku\system\Commands\Server\rewrite.php(43): require_once('C:\\xampp\\htdocs...')
#5 {main}
CRITICAL - 2022-05-14 11:42:27 --> Call to undefined function App\Controllers\register_ci_instance()
#0 C:\xampp\htdocs\tokoku\system\CodeIgniter.php(810): App\Controllers\BaseController->initController(Object(CodeIgniter\HTTP\IncomingRequest), Object(CodeIgniter\HTTP\Response), Object(CodeIgniter\Log\Logger))
#1 C:\xampp\htdocs\tokoku\system\CodeIgniter.php(410): CodeIgniter\CodeIgniter->createController()
#2 C:\xampp\htdocs\tokoku\system\CodeIgniter.php(326): CodeIgniter\CodeIgniter->handleRequest(NULL, Object(Config\Cache), false)
#3 C:\xampp\htdocs\tokoku\public\index.php(37): CodeIgniter\CodeIgniter->run()
#4 C:\xampp\htdocs\tokoku\system\Commands\Server\rewrite.php(43): require_once('C:\\xampp\\htdocs...')
#5 {main}
CRITICAL - 2022-05-14 12:36:31 --> Call to undefined function App\Controllers\register_ci_instance()
#0 C:\xampp\htdocs\tokoku\system\CodeIgniter.php(810): App\Controllers\BaseController->initController(Object(CodeIgniter\HTTP\IncomingRequest), Object(CodeIgniter\HTTP\Response), Object(CodeIgniter\Log\Logger))
#1 C:\xampp\htdocs\tokoku\system\CodeIgniter.php(410): CodeIgniter\CodeIgniter->createController()
#2 C:\xampp\htdocs\tokoku\system\CodeIgniter.php(326): CodeIgniter\CodeIgniter->handleRequest(NULL, Object(Config\Cache), false)
#3 C:\xampp\htdocs\tokoku\public\index.php(37): CodeIgniter\CodeIgniter->run()
#4 C:\xampp\htdocs\tokoku\system\Commands\Server\rewrite.php(43): require_once('C:\\xampp\\htdocs...')
#5 {main}
CRITICAL - 2022-05-14 12:36:43 --> Undefined array key "store_name"
#0 C:\xampp\htdocs\tokoku\app\Views\themes\littlegreenery\home.php(95): CodeIgniter\Debug\Exceptions->errorHandler(2, 'Undefined array...', 'C:\\xampp\\htdocs...', 95)
#1 C:\xampp\htdocs\tokoku\system\View\View.php(210): include('C:\\xampp\\htdocs...')
#2 C:\xampp\htdocs\tokoku\system\View\View.php(213): CodeIgniter\View\View->CodeIgniter\View\{closure}()
#3 C:\xampp\htdocs\tokoku\system\Common.php(1089): CodeIgniter\View\View->render('themes\\vegefood...', Array, true)
#4 C:\xampp\htdocs\tokoku\app\Controllers\Home.php(26): view('themes\\vegefood...', Array)
#5 C:\xampp\htdocs\tokoku\system\CodeIgniter.php(832): App\Controllers\Home->index()
#6 C:\xampp\htdocs\tokoku\system\CodeIgniter.php(419): CodeIgniter\CodeIgniter->runController(Object(App\Controllers\Home))
#7 C:\xampp\htdocs\tokoku\system\CodeIgniter.php(326): CodeIgniter\CodeIgniter->handleRequest(NULL, Object(Config\Cache), false)
#8 C:\xampp\htdocs\tokoku\public\index.php(37): CodeIgniter\CodeIgniter->run()
#9 C:\xampp\htdocs\tokoku\system\Commands\Server\rewrite.php(43): require_once('C:\\xampp\\htdocs...')
#10 {main}
CRITICAL - 2022-05-14 12:38:12 --> Undefined array key "content"
#0 C:\xampp\htdocs\tokoku\app\Views\themes\littlegreenery\home.php(95): CodeIgniter\Debug\Exceptions->errorHandler(2, 'Undefined array...', 'C:\\xampp\\htdocs...', 95)
#1 C:\xampp\htdocs\tokoku\system\View\View.php(210): include('C:\\xampp\\htdocs...')
#2 C:\xampp\htdocs\tokoku\system\View\View.php(213): CodeIgniter\View\View->CodeIgniter\View\{closure}()
#3 C:\xampp\htdocs\tokoku\system\Common.php(1089): CodeIgniter\View\View->render('themes\\vegefood...', Array, true)
#4 C:\xampp\htdocs\tokoku\app\Controllers\Home.php(26): view('themes\\vegefood...', Array)
#5 C:\xampp\htdocs\tokoku\system\CodeIgniter.php(832): App\Controllers\Home->index()
#6 C:\xampp\htdocs\tokoku\system\CodeIgniter.php(419): CodeIgniter\CodeIgniter->runController(Object(App\Controllers\Home))
#7 C:\xampp\htdocs\tokoku\system\CodeIgniter.php(326): CodeIgniter\CodeIgniter->handleRequest(NULL, Object(Config\Cache), false)
#8 C:\xampp\htdocs\tokoku\public\index.php(37): CodeIgniter\CodeIgniter->run()
#9 C:\xampp\htdocs\tokoku\system\Commands\Server\rewrite.php(43): require_once('C:\\xampp\\htdocs...')
#10 {main}
CRITICAL - 2022-05-14 12:44:49 --> Call to undefined function get_settings()
#0 C:\xampp\htdocs\tokoku\system\View\View.php(210): include()
#1 C:\xampp\htdocs\tokoku\system\View\View.php(213): CodeIgniter\View\View->CodeIgniter\View\{closure}()
#2 C:\xampp\htdocs\tokoku\system\Common.php(1089): CodeIgniter\View\View->render('themes\\vegefood...', Array, true)
#3 C:\xampp\htdocs\tokoku\app\Controllers\Home.php(27): view('themes\\vegefood...', Array)
#4 C:\xampp\htdocs\tokoku\system\CodeIgniter.php(832): App\Controllers\Home->index()
#5 C:\xampp\htdocs\tokoku\system\CodeIgniter.php(419): CodeIgniter\CodeIgniter->runController(Object(App\Controllers\Home))
#6 C:\xampp\htdocs\tokoku\system\CodeIgniter.php(326): CodeIgniter\CodeIgniter->handleRequest(NULL, Object(Config\Cache), false)
#7 C:\xampp\htdocs\tokoku\public\index.php(37): CodeIgniter\CodeIgniter->run()
#8 C:\xampp\htdocs\tokoku\system\Commands\Server\rewrite.php(43): require_once('C:\\xampp\\htdocs...')
#9 {main}
CRITICAL - 2022-05-14 12:47:51 --> Call to undefined function get_settings()
#0 C:\xampp\htdocs\tokoku\system\View\View.php(210): include()
#1 C:\xampp\htdocs\tokoku\system\View\View.php(213): CodeIgniter\View\View->CodeIgniter\View\{closure}()
#2 C:\xampp\htdocs\tokoku\system\Common.php(1089): CodeIgniter\View\View->render('themes\\vegefood...', Array, true)
#3 C:\xampp\htdocs\tokoku\app\Controllers\Home.php(27): view('themes\\vegefood...', Array)
#4 C:\xampp\htdocs\tokoku\system\CodeIgniter.php(832): App\Controllers\Home->index()
#5 C:\xampp\htdocs\tokoku\system\CodeIgniter.php(419): CodeIgniter\CodeIgniter->runController(Object(App\Controllers\Home))
#6 C:\xampp\htdocs\tokoku\system\CodeIgniter.php(326): CodeIgniter\CodeIgniter->handleRequest(NULL, Object(Config\Cache), false)
#7 C:\xampp\htdocs\tokoku\public\index.php(37): CodeIgniter\CodeIgniter->run()
#8 C:\xampp\htdocs\tokoku\system\Commands\Server\rewrite.php(43): require_once('C:\\xampp\\htdocs...')
#9 {main}
CRITICAL - 2022-05-14 12:48:37 --> Call to undefined function get_settings()
#0 C:\xampp\htdocs\tokoku\system\View\View.php(210): include()
#1 C:\xampp\htdocs\tokoku\system\View\View.php(213): CodeIgniter\View\View->CodeIgniter\View\{closure}()
#2 C:\xampp\htdocs\tokoku\system\Common.php(1089): CodeIgniter\View\View->render('themes\\vegefood...', Array, true)
#3 C:\xampp\htdocs\tokoku\app\Controllers\Home.php(27): view('themes\\vegefood...', Array)
#4 C:\xampp\htdocs\tokoku\system\CodeIgniter.php(832): App\Controllers\Home->index()
#5 C:\xampp\htdocs\tokoku\system\CodeIgniter.php(419): CodeIgniter\CodeIgniter->runController(Object(App\Controllers\Home))
#6 C:\xampp\htdocs\tokoku\system\CodeIgniter.php(326): CodeIgniter\CodeIgniter->handleRequest(NULL, Object(Config\Cache), false)
#7 C:\xampp\htdocs\tokoku\public\index.php(37): CodeIgniter\CodeIgniter->run()
#8 C:\xampp\htdocs\tokoku\system\Commands\Server\rewrite.php(43): require_once('C:\\xampp\\htdocs...')
#9 {main}
CRITICAL - 2022-05-14 13:01:48 --> syntax error, unexpected end of file, expecting "elseif" or "else" or "endif"
#0 C:\xampp\htdocs\tokoku\system\View\View.php(213): CodeIgniter\View\View->CodeIgniter\View\{closure}()
#1 C:\xampp\htdocs\tokoku\system\Common.php(1089): CodeIgniter\View\View->render('themes\\vegefood...', Array, true)
#2 C:\xampp\htdocs\tokoku\app\Controllers\Home.php(27): view('themes\\vegefood...', Array)
#3 C:\xampp\htdocs\tokoku\system\CodeIgniter.php(832): App\Controllers\Home->index()
#4 C:\xampp\htdocs\tokoku\system\CodeIgniter.php(419): CodeIgniter\CodeIgniter->runController(Object(App\Controllers\Home))
#5 C:\xampp\htdocs\tokoku\system\CodeIgniter.php(326): CodeIgniter\CodeIgniter->handleRequest(NULL, Object(Config\Cache), false)
#6 C:\xampp\htdocs\tokoku\public\index.php(37): CodeIgniter\CodeIgniter->run()
#7 C:\xampp\htdocs\tokoku\system\Commands\Server\rewrite.php(43): require_once('C:\\xampp\\htdocs...')
#8 {main}
CRITICAL - 2022-05-14 13:04:48 --> syntax error, unexpected end of file
#0 C:\xampp\htdocs\tokoku\system\View\View.php(213): CodeIgniter\View\View->CodeIgniter\View\{closure}()
#1 C:\xampp\htdocs\tokoku\system\Common.php(1089): CodeIgniter\View\View->render('themes\\vegefood...', Array, true)
#2 C:\xampp\htdocs\tokoku\app\Controllers\Home.php(27): view('themes\\vegefood...', Array)
#3 C:\xampp\htdocs\tokoku\system\CodeIgniter.php(832): App\Controllers\Home->index()
#4 C:\xampp\htdocs\tokoku\system\CodeIgniter.php(419): CodeIgniter\CodeIgniter->runController(Object(App\Controllers\Home))
#5 C:\xampp\htdocs\tokoku\system\CodeIgniter.php(326): CodeIgniter\CodeIgniter->handleRequest(NULL, Object(Config\Cache), false)
#6 C:\xampp\htdocs\tokoku\public\index.php(37): CodeIgniter\CodeIgniter->run()
#7 C:\xampp\htdocs\tokoku\system\Commands\Server\rewrite.php(43): require_once('C:\\xampp\\htdocs...')
#8 {main}
CRITICAL - 2022-05-14 13:05:11 --> Attempt to read property "id" on array
#0 C:\xampp\htdocs\tokoku\app\Views\themes\littlegreenery\home.php(107): CodeIgniter\Debug\Exceptions->errorHandler(2, 'Attempt to read...', 'C:\\xampp\\htdocs...', 107)
#1 C:\xampp\htdocs\tokoku\system\View\View.php(210): include('C:\\xampp\\htdocs...')
#2 C:\xampp\htdocs\tokoku\system\View\View.php(213): CodeIgniter\View\View->CodeIgniter\View\{closure}()
#3 C:\xampp\htdocs\tokoku\system\Common.php(1089): CodeIgniter\View\View->render('themes\\vegefood...', Array, true)
#4 C:\xampp\htdocs\tokoku\app\Controllers\Home.php(27): view('themes\\vegefood...', Array)
#5 C:\xampp\htdocs\tokoku\system\CodeIgniter.php(832): App\Controllers\Home->index()
#6 C:\xampp\htdocs\tokoku\system\CodeIgniter.php(419): CodeIgniter\CodeIgniter->runController(Object(App\Controllers\Home))
#7 C:\xampp\htdocs\tokoku\system\CodeIgniter.php(326): CodeIgniter\CodeIgniter->handleRequest(NULL, Object(Config\Cache), false)
#8 C:\xampp\htdocs\tokoku\public\index.php(37): CodeIgniter\CodeIgniter->run()
#9 C:\xampp\htdocs\tokoku\system\Commands\Server\rewrite.php(43): require_once('C:\\xampp\\htdocs...')
#10 {main}
CRITICAL - 2022-05-14 13:05:59 --> Attempt to read property "picture_name" on array
#0 C:\xampp\htdocs\tokoku\app\Views\themes\littlegreenery\home.php(109): CodeIgniter\Debug\Exceptions->errorHandler(2, 'Attempt to read...', 'C:\\xampp\\htdocs...', 109)
#1 C:\xampp\htdocs\tokoku\system\View\View.php(210): include('C:\\xampp\\htdocs...')
#2 C:\xampp\htdocs\tokoku\system\View\View.php(213): CodeIgniter\View\View->CodeIgniter\View\{closure}()
#3 C:\xampp\htdocs\tokoku\system\Common.php(1089): CodeIgniter\View\View->render('themes\\vegefood...', Array, true)
#4 C:\xampp\htdocs\tokoku\app\Controllers\Home.php(27): view('themes\\vegefood...', Array)
#5 C:\xampp\htdocs\tokoku\system\CodeIgniter.php(832): App\Controllers\Home->index()
#6 C:\xampp\htdocs\tokoku\system\CodeIgniter.php(419): CodeIgniter\CodeIgniter->runController(Object(App\Controllers\Home))
#7 C:\xampp\htdocs\tokoku\system\CodeIgniter.php(326): CodeIgniter\CodeIgniter->handleRequest(NULL, Object(Config\Cache), false)
#8 C:\xampp\htdocs\tokoku\public\index.php(37): CodeIgniter\CodeIgniter->run()
#9 C:\xampp\htdocs\tokoku\system\Commands\Server\rewrite.php(43): require_once('C:\\xampp\\htdocs...')
#10 {main}
CRITICAL - 2022-05-14 13:06:53 --> Attempt to read property "id" on array
#0 C:\xampp\htdocs\tokoku\app\Views\themes\littlegreenery\home.php(107): CodeIgniter\Debug\Exceptions->errorHandler(2, 'Attempt to read...', 'C:\\xampp\\htdocs...', 107)
#1 C:\xampp\htdocs\tokoku\system\View\View.php(210): include('C:\\xampp\\htdocs...')
#2 C:\xampp\htdocs\tokoku\system\View\View.php(213): CodeIgniter\View\View->CodeIgniter\View\{closure}()
#3 C:\xampp\htdocs\tokoku\system\Common.php(1089): CodeIgniter\View\View->render('themes\\vegefood...', Array, true)
#4 C:\xampp\htdocs\tokoku\app\Controllers\Home.php(27): view('themes\\vegefood...', Array)
#5 C:\xampp\htdocs\tokoku\system\CodeIgniter.php(832): App\Controllers\Home->index()
#6 C:\xampp\htdocs\tokoku\system\CodeIgniter.php(419): CodeIgniter\CodeIgniter->runController(Object(App\Controllers\Home))
#7 C:\xampp\htdocs\tokoku\system\CodeIgniter.php(326): CodeIgniter\CodeIgniter->handleRequest(NULL, Object(Config\Cache), false)
#8 C:\xampp\htdocs\tokoku\public\index.php(37): CodeIgniter\CodeIgniter->run()
#9 C:\xampp\htdocs\tokoku\system\Commands\Server\rewrite.php(43): require_once('C:\\xampp\\htdocs...')
#10 {main}
CRITICAL - 2022-05-14 13:09:09 --> Attempt to read property "picture_name" on array
#0 C:\xampp\htdocs\tokoku\app\Views\themes\littlegreenery\home.php(108): CodeIgniter\Debug\Exceptions->errorHandler(2, 'Attempt to read...', 'C:\\xampp\\htdocs...', 108)
#1 C:\xampp\htdocs\tokoku\system\View\View.php(210): include('C:\\xampp\\htdocs...')
#2 C:\xampp\htdocs\tokoku\system\View\View.php(213): CodeIgniter\View\View->CodeIgniter\View\{closure}()
#3 C:\xampp\htdocs\tokoku\system\Common.php(1089): CodeIgniter\View\View->render('themes\\vegefood...', Array, true)
#4 C:\xampp\htdocs\tokoku\app\Controllers\Home.php(27): view('themes\\vegefood...', Array)
#5 C:\xampp\htdocs\tokoku\system\CodeIgniter.php(832): App\Controllers\Home->index()
#6 C:\xampp\htdocs\tokoku\system\CodeIgniter.php(419): CodeIgniter\CodeIgniter->runController(Object(App\Controllers\Home))
#7 C:\xampp\htdocs\tokoku\system\CodeIgniter.php(326): CodeIgniter\CodeIgniter->handleRequest(NULL, Object(Config\Cache), false)
#8 C:\xampp\htdocs\tokoku\public\index.php(37): CodeIgniter\CodeIgniter->run()
#9 C:\xampp\htdocs\tokoku\system\Commands\Server\rewrite.php(43): require_once('C:\\xampp\\htdocs...')
#10 {main}
CRITICAL - 2022-05-14 13:11:18 --> Attempt to read property "picture_name" on array
#0 C:\xampp\htdocs\tokoku\app\Views\themes\littlegreenery\home.php(109): CodeIgniter\Debug\Exceptions->errorHandler(2, 'Attempt to read...', 'C:\\xampp\\htdocs...', 109)
#1 C:\xampp\htdocs\tokoku\system\View\View.php(210): include('C:\\xampp\\htdocs...')
#2 C:\xampp\htdocs\tokoku\system\View\View.php(213): CodeIgniter\View\View->CodeIgniter\View\{closure}()
#3 C:\xampp\htdocs\tokoku\system\Common.php(1089): CodeIgniter\View\View->render('themes\\vegefood...', Array, true)
#4 C:\xampp\htdocs\tokoku\app\Controllers\Home.php(27): view('themes\\vegefood...', Array)
#5 C:\xampp\htdocs\tokoku\system\CodeIgniter.php(832): App\Controllers\Home->index()
#6 C:\xampp\htdocs\tokoku\system\CodeIgniter.php(419): CodeIgniter\CodeIgniter->runController(Object(App\Controllers\Home))
#7 C:\xampp\htdocs\tokoku\system\CodeIgniter.php(326): CodeIgniter\CodeIgniter->handleRequest(NULL, Object(Config\Cache), false)
#8 C:\xampp\htdocs\tokoku\public\index.php(37): CodeIgniter\CodeIgniter->run()
#9 C:\xampp\htdocs\tokoku\system\Commands\Server\rewrite.php(43): require_once('C:\\xampp\\htdocs...')
#10 {main}
CRITICAL - 2022-05-14 13:13:23 --> Attempt to read property "picture_name" on array
#0 C:\xampp\htdocs\tokoku\app\Views\themes\littlegreenery\home.php(109): CodeIgniter\Debug\Exceptions->errorHandler(2, 'Attempt to read...', 'C:\\xampp\\htdocs...', 109)
#1 C:\xampp\htdocs\tokoku\system\View\View.php(210): include('C:\\xampp\\htdocs...')
#2 C:\xampp\htdocs\tokoku\system\View\View.php(213): CodeIgniter\View\View->CodeIgniter\View\{closure}()
#3 C:\xampp\htdocs\tokoku\system\Common.php(1089): CodeIgniter\View\View->render('themes\\vegefood...', Array, true)
#4 C:\xampp\htdocs\tokoku\app\Controllers\Home.php(27): view('themes\\vegefood...', Array)
#5 C:\xampp\htdocs\tokoku\system\CodeIgniter.php(832): App\Controllers\Home->index()
#6 C:\xampp\htdocs\tokoku\system\CodeIgniter.php(419): CodeIgniter\CodeIgniter->runController(Object(App\Controllers\Home))
#7 C:\xampp\htdocs\tokoku\system\CodeIgniter.php(326): CodeIgniter\CodeIgniter->handleRequest(NULL, Object(Config\Cache), false)
#8 C:\xampp\htdocs\tokoku\public\index.php(37): CodeIgniter\CodeIgniter->run()
#9 C:\xampp\htdocs\tokoku\system\Commands\Server\rewrite.php(43): require_once('C:\\xampp\\htdocs...')
#10 {main}
CRITICAL - 2022-05-14 13:17:53 --> Attempt to read property "current_discount" on array
#0 C:\xampp\htdocs\tokoku\app\Views\themes\littlegreenery\home.php(109): CodeIgniter\Debug\Exceptions->errorHandler(2, 'Attempt to read...', 'C:\\xampp\\htdocs...', 109)
#1 C:\xampp\htdocs\tokoku\system\View\View.php(210): include('C:\\xampp\\htdocs...')
#2 C:\xampp\htdocs\tokoku\system\View\View.php(213): CodeIgniter\View\View->CodeIgniter\View\{closure}()
#3 C:\xampp\htdocs\tokoku\system\Common.php(1089): CodeIgniter\View\View->render('themes\\vegefood...', Array, true)
#4 C:\xampp\htdocs\tokoku\app\Controllers\Home.php(27): view('themes\\vegefood...', Array)
#5 C:\xampp\htdocs\tokoku\system\CodeIgniter.php(832): App\Controllers\Home->index()
#6 C:\xampp\htdocs\tokoku\system\CodeIgniter.php(419): CodeIgniter\CodeIgniter->runController(Object(App\Controllers\Home))
#7 C:\xampp\htdocs\tokoku\system\CodeIgniter.php(326): CodeIgniter\CodeIgniter->handleRequest(NULL, Object(Config\Cache), false)
#8 C:\xampp\htdocs\tokoku\public\index.php(37): CodeIgniter\CodeIgniter->run()
#9 C:\xampp\htdocs\tokoku\system\Commands\Server\rewrite.php(43): require_once('C:\\xampp\\htdocs...')
#10 {main}
CRITICAL - 2022-05-14 13:22:07 --> Attempt to read property "id" on array
#0 C:\xampp\htdocs\tokoku\app\Views\themes\littlegreenery\home.php(116): CodeIgniter\Debug\Exceptions->errorHandler(2, 'Attempt to read...', 'C:\\xampp\\htdocs...', 116)
#1 C:\xampp\htdocs\tokoku\system\View\View.php(210): include('C:\\xampp\\htdocs...')
#2 C:\xampp\htdocs\tokoku\system\View\View.php(213): CodeIgniter\View\View->CodeIgniter\View\{closure}()
#3 C:\xampp\htdocs\tokoku\system\Common.php(1089): CodeIgniter\View\View->render('themes\\vegefood...', Array, true)
#4 C:\xampp\htdocs\tokoku\app\Controllers\Home.php(27): view('themes\\vegefood...', Array)
#5 C:\xampp\htdocs\tokoku\system\CodeIgniter.php(832): App\Controllers\Home->index()
#6 C:\xampp\htdocs\tokoku\system\CodeIgniter.php(419): CodeIgniter\CodeIgniter->runController(Object(App\Controllers\Home))
#7 C:\xampp\htdocs\tokoku\system\CodeIgniter.php(326): CodeIgniter\CodeIgniter->handleRequest(NULL, Object(Config\Cache), false)
#8 C:\xampp\htdocs\tokoku\public\index.php(37): CodeIgniter\CodeIgniter->run()
#9 C:\xampp\htdocs\tokoku\system\Commands\Server\rewrite.php(43): require_once('C:\\xampp\\htdocs...')
#10 {main}
CRITICAL - 2022-05-14 13:23:49 --> Attempt to read property "name" on array
#0 C:\xampp\htdocs\tokoku\app\Views\themes\littlegreenery\home.php(117): CodeIgniter\Debug\Exceptions->errorHandler(2, 'Attempt to read...', 'C:\\xampp\\htdocs...', 117)
#1 C:\xampp\htdocs\tokoku\system\View\View.php(210): include('C:\\xampp\\htdocs...')
#2 C:\xampp\htdocs\tokoku\system\View\View.php(213): CodeIgniter\View\View->CodeIgniter\View\{closure}()
#3 C:\xampp\htdocs\tokoku\system\Common.php(1089): CodeIgniter\View\View->render('themes\\vegefood...', Array, true)
#4 C:\xampp\htdocs\tokoku\app\Controllers\Home.php(27): view('themes\\vegefood...', Array)
#5 C:\xampp\htdocs\tokoku\system\CodeIgniter.php(832): App\Controllers\Home->index()
#6 C:\xampp\htdocs\tokoku\system\CodeIgniter.php(419): CodeIgniter\CodeIgniter->runController(Object(App\Controllers\Home))
#7 C:\xampp\htdocs\tokoku\system\CodeIgniter.php(326): CodeIgniter\CodeIgniter->handleRequest(NULL, Object(Config\Cache), false)
#8 C:\xampp\htdocs\tokoku\public\index.php(37): CodeIgniter\CodeIgniter->run()
#9 C:\xampp\htdocs\tokoku\system\Commands\Server\rewrite.php(43): require_once('C:\\xampp\\htdocs...')
#10 {main}
CRITICAL - 2022-05-14 13:32:53 --> Undefined variable $store_name
#0 C:\xampp\htdocs\tokoku\app\Views\themes\littlegreenery\template.php(48): CodeIgniter\Debug\Exceptions->errorHandler(2, 'Undefined varia...', 'C:\\xampp\\htdocs...', 48)
#1 C:\xampp\htdocs\tokoku\system\View\View.php(210): include('C:\\xampp\\htdocs...')
#2 C:\xampp\htdocs\tokoku\system\View\View.php(213): CodeIgniter\View\View->CodeIgniter\View\{closure}()
#3 C:\xampp\htdocs\tokoku\system\View\View.php(226): CodeIgniter\View\View->render('themes\\vegefood...', Array, true)
#4 C:\xampp\htdocs\tokoku\system\Common.php(1089): CodeIgniter\View\View->render('themes\\vegefood...', Array, true)
#5 C:\xampp\htdocs\tokoku\app\Controllers\Home.php(27): view('themes\\vegefood...', Array)
#6 C:\xampp\htdocs\tokoku\system\CodeIgniter.php(832): App\Controllers\Home->index()
#7 C:\xampp\htdocs\tokoku\system\CodeIgniter.php(419): CodeIgniter\CodeIgniter->runController(Object(App\Controllers\Home))
#8 C:\xampp\htdocs\tokoku\system\CodeIgniter.php(326): CodeIgniter\CodeIgniter->handleRequest(NULL, Object(Config\Cache), false)
#9 C:\xampp\htdocs\tokoku\public\index.php(37): CodeIgniter\CodeIgniter->run()
#10 C:\xampp\htdocs\tokoku\system\Commands\Server\rewrite.php(43): require_once('C:\\xampp\\htdocs...')
#11 {main}
CRITICAL - 2022-05-14 13:45:07 --> Call to a member function where() on null
#0 C:\xampp\htdocs\tokoku\app\Controllers\Home.php(20): App\Models\ProductModel->best_deal_product()
#1 C:\xampp\htdocs\tokoku\system\CodeIgniter.php(832): App\Controllers\Home->index()
#2 C:\xampp\htdocs\tokoku\system\CodeIgniter.php(419): CodeIgniter\CodeIgniter->runController(Object(App\Controllers\Home))
#3 C:\xampp\htdocs\tokoku\system\CodeIgniter.php(326): CodeIgniter\CodeIgniter->handleRequest(NULL, Object(Config\Cache), false)
#4 C:\xampp\htdocs\tokoku\public\index.php(37): CodeIgniter\CodeIgniter->run()
#5 C:\xampp\htdocs\tokoku\system\Commands\Server\rewrite.php(43): require_once('C:\\xampp\\htdocs...')
#6 {main}
CRITICAL - 2022-05-14 13:48:00 --> Call to a member function where() on null
#0 C:\xampp\htdocs\tokoku\app\Controllers\Home.php(20): App\Models\ProductModel->best_deal_product()
#1 C:\xampp\htdocs\tokoku\system\CodeIgniter.php(832): App\Controllers\Home->index()
#2 C:\xampp\htdocs\tokoku\system\CodeIgniter.php(419): CodeIgniter\CodeIgniter->runController(Object(App\Controllers\Home))
#3 C:\xampp\htdocs\tokoku\system\CodeIgniter.php(326): CodeIgniter\CodeIgniter->handleRequest(NULL, Object(Config\Cache), false)
#4 C:\xampp\htdocs\tokoku\public\index.php(37): CodeIgniter\CodeIgniter->run()
#5 C:\xampp\htdocs\tokoku\system\Commands\Server\rewrite.php(43): require_once('C:\\xampp\\htdocs...')
#6 {main}
CRITICAL - 2022-05-14 13:50:14 --> Call to a member function where() on null
#0 C:\xampp\htdocs\tokoku\app\Controllers\Home.php(20): App\Models\ProductModel->best_deal_product()
#1 C:\xampp\htdocs\tokoku\system\CodeIgniter.php(832): App\Controllers\Home->index()
#2 C:\xampp\htdocs\tokoku\system\CodeIgniter.php(419): CodeIgniter\CodeIgniter->runController(Object(App\Controllers\Home))
#3 C:\xampp\htdocs\tokoku\system\CodeIgniter.php(326): CodeIgniter\CodeIgniter->handleRequest(NULL, Object(Config\Cache), false)
#4 C:\xampp\htdocs\tokoku\public\index.php(37): CodeIgniter\CodeIgniter->run()
#5 C:\xampp\htdocs\tokoku\system\Commands\Server\rewrite.php(43): require_once('C:\\xampp\\htdocs...')
#6 {main}
CRITICAL - 2022-05-14 13:52:02 --> Call to undefined method App\Models\ProductModel::order_by
#0 C:\xampp\htdocs\tokoku\app\Controllers\Home.php(20): CodeIgniter\Model->__call('order_by', Array)
#1 C:\xampp\htdocs\tokoku\system\CodeIgniter.php(832): App\Controllers\Home->index()
#2 C:\xampp\htdocs\tokoku\system\CodeIgniter.php(419): CodeIgniter\CodeIgniter->runController(Object(App\Controllers\Home))
#3 C:\xampp\htdocs\tokoku\system\CodeIgniter.php(326): CodeIgniter\CodeIgniter->handleRequest(NULL, Object(Config\Cache), false)
#4 C:\xampp\htdocs\tokoku\public\index.php(37): CodeIgniter\CodeIgniter->run()
#5 C:\xampp\htdocs\tokoku\system\Commands\Server\rewrite.php(43): require_once('C:\\xampp\\htdocs...')
#6 {main}
CRITICAL - 2022-05-14 13:53:05 --> Call to undefined function format_rupiah()
#0 C:\xampp\htdocs\tokoku\system\View\View.php(210): include()
#1 C:\xampp\htdocs\tokoku\system\View\View.php(213): CodeIgniter\View\View->CodeIgniter\View\{closure}()
#2 C:\xampp\htdocs\tokoku\system\Common.php(1089): CodeIgniter\View\View->render('themes\\vegefood...', Array, true)
#3 C:\xampp\htdocs\tokoku\app\Controllers\Home.php(30): view('themes\\vegefood...', Array)
#4 C:\xampp\htdocs\tokoku\system\CodeIgniter.php(832): App\Controllers\Home->index()
#5 C:\xampp\htdocs\tokoku\system\CodeIgniter.php(419): CodeIgniter\CodeIgniter->runController(Object(App\Controllers\Home))
#6 C:\xampp\htdocs\tokoku\system\CodeIgniter.php(326): CodeIgniter\CodeIgniter->handleRequest(NULL, Object(Config\Cache), false)
#7 C:\xampp\htdocs\tokoku\public\index.php(37): CodeIgniter\CodeIgniter->run()
#8 C:\xampp\htdocs\tokoku\system\Commands\Server\rewrite.php(43): require_once('C:\\xampp\\htdocs...')
#9 {main}
CRITICAL - 2022-05-14 13:53:44 --> Call to a member function where() on null
#0 C:\xampp\htdocs\tokoku\app\Controllers\Home.php(20): App\Models\ProductModel->best_deal_product()
#1 C:\xampp\htdocs\tokoku\system\CodeIgniter.php(832): App\Controllers\Home->index()
#2 C:\xampp\htdocs\tokoku\system\CodeIgniter.php(419): CodeIgniter\CodeIgniter->runController(Object(App\Controllers\Home))
#3 C:\xampp\htdocs\tokoku\system\CodeIgniter.php(326): CodeIgniter\CodeIgniter->handleRequest(NULL, Object(Config\Cache), false)
#4 C:\xampp\htdocs\tokoku\public\index.php(37): CodeIgniter\CodeIgniter->run()
#5 C:\xampp\htdocs\tokoku\system\Commands\Server\rewrite.php(43): require_once('C:\\xampp\\htdocs...')
#6 {main}
CRITICAL - 2022-05-14 13:54:21 --> Call to a member function where() on null
#0 C:\xampp\htdocs\tokoku\app\Controllers\Home.php(20): App\Models\ProductModel->best_deal_product()
#1 C:\xampp\htdocs\tokoku\system\CodeIgniter.php(832): App\Controllers\Home->index()
#2 C:\xampp\htdocs\tokoku\system\CodeIgniter.php(419): CodeIgniter\CodeIgniter->runController(Object(App\Controllers\Home))
#3 C:\xampp\htdocs\tokoku\system\CodeIgniter.php(326): CodeIgniter\CodeIgniter->handleRequest(NULL, Object(Config\Cache), false)
#4 C:\xampp\htdocs\tokoku\public\index.php(37): CodeIgniter\CodeIgniter->run()
#5 C:\xampp\htdocs\tokoku\system\Commands\Server\rewrite.php(43): require_once('C:\\xampp\\htdocs...')
#6 {main}
CRITICAL - 2022-05-14 13:54:44 --> Call to undefined function format_rupiah()
#0 C:\xampp\htdocs\tokoku\system\View\View.php(210): include()
#1 C:\xampp\htdocs\tokoku\system\View\View.php(213): CodeIgniter\View\View->CodeIgniter\View\{closure}()
#2 C:\xampp\htdocs\tokoku\system\Common.php(1089): CodeIgniter\View\View->render('themes\\vegefood...', Array, true)
#3 C:\xampp\htdocs\tokoku\app\Controllers\Home.php(30): view('themes\\vegefood...', Array)
#4 C:\xampp\htdocs\tokoku\system\CodeIgniter.php(832): App\Controllers\Home->index()
#5 C:\xampp\htdocs\tokoku\system\CodeIgniter.php(419): CodeIgniter\CodeIgniter->runController(Object(App\Controllers\Home))
#6 C:\xampp\htdocs\tokoku\system\CodeIgniter.php(326): CodeIgniter\CodeIgniter->handleRequest(NULL, Object(Config\Cache), false)
#7 C:\xampp\htdocs\tokoku\public\index.php(37): CodeIgniter\CodeIgniter->run()
#8 C:\xampp\htdocs\tokoku\system\Commands\Server\rewrite.php(43): require_once('C:\\xampp\\htdocs...')
#9 {main}
ERROR - 2022-05-14 14:29:42 --> Table 'db_tokoku.review' doesn't exist
CRITICAL - 2022-05-14 14:29:42 --> Table 'db_tokoku.review' doesn't exist
#0 C:\xampp\htdocs\tokoku\system\Database\MySQLi\Connection.php(292): mysqli->query('SELECT *\nFROM `...', 0)
#1 C:\xampp\htdocs\tokoku\system\Database\BaseConnection.php(670): CodeIgniter\Database\MySQLi\Connection->execute('SELECT *\nFROM `...')
#2 C:\xampp\htdocs\tokoku\system\Database\BaseConnection.php(598): CodeIgniter\Database\BaseConnection->simpleQuery('SELECT *\nFROM `...')
#3 C:\xampp\htdocs\tokoku\system\Database\BaseBuilder.php(1455): CodeIgniter\Database\BaseConnection->query('SELECT *\nFROM `...', Array, false)
#4 C:\xampp\htdocs\tokoku\app\Models\ReviewModel.php(14): CodeIgniter\Database\BaseBuilder->get()
#5 C:\xampp\htdocs\tokoku\app\Controllers\Home.php(24): App\Models\ReviewModel->getReview()
#6 C:\xampp\htdocs\tokoku\system\CodeIgniter.php(832): App\Controllers\Home->index()
#7 C:\xampp\htdocs\tokoku\system\CodeIgniter.php(419): CodeIgniter\CodeIgniter->runController(Object(App\Controllers\Home))
#8 C:\xampp\htdocs\tokoku\system\CodeIgniter.php(326): CodeIgniter\CodeIgniter->handleRequest(NULL, Object(Config\Cache), false)
#9 C:\xampp\htdocs\tokoku\public\index.php(37): CodeIgniter\CodeIgniter->run()
#10 C:\xampp\htdocs\tokoku\system\Commands\Server\rewrite.php(43): require_once('C:\\xampp\\htdocs...')
#11 {main}
ERROR - 2022-05-14 14:30:11 --> Unknown column 'review.order_id' in 'on clause'
CRITICAL - 2022-05-14 14:30:11 --> Unknown column 'review.order_id' in 'on clause'
#0 C:\xampp\htdocs\tokoku\system\Database\MySQLi\Connection.php(292): mysqli->query('SELECT *\nFROM `...', 0)
#1 C:\xampp\htdocs\tokoku\system\Database\BaseConnection.php(670): CodeIgniter\Database\MySQLi\Connection->execute('SELECT *\nFROM `...')
#2 C:\xampp\htdocs\tokoku\system\Database\BaseConnection.php(598): CodeIgniter\Database\BaseConnection->simpleQuery('SELECT *\nFROM `...')
#3 C:\xampp\htdocs\tokoku\system\Database\BaseBuilder.php(1455): CodeIgniter\Database\BaseConnection->query('SELECT *\nFROM `...', Array, false)
#4 C:\xampp\htdocs\tokoku\app\Models\ReviewModel.php(14): CodeIgniter\Database\BaseBuilder->get()
#5 C:\xampp\htdocs\tokoku\app\Controllers\Home.php(24): App\Models\ReviewModel->getReview()
#6 C:\xampp\htdocs\tokoku\system\CodeIgniter.php(832): App\Controllers\Home->index()
#7 C:\xampp\htdocs\tokoku\system\CodeIgniter.php(419): CodeIgniter\CodeIgniter->runController(Object(App\Controllers\Home))
#8 C:\xampp\htdocs\tokoku\system\CodeIgniter.php(326): CodeIgniter\CodeIgniter->handleRequest(NULL, Object(Config\Cache), false)
#9 C:\xampp\htdocs\tokoku\public\index.php(37): CodeIgniter\CodeIgniter->run()
#10 C:\xampp\htdocs\tokoku\system\Commands\Server\rewrite.php(43): require_once('C:\\xampp\\htdocs...')
#11 {main}
ERROR - 2022-05-14 15:05:22 --> Unknown column 'user.id' in 'on clause'
CRITICAL - 2022-05-14 15:05:22 --> Unknown column 'user.id' in 'on clause'
#0 C:\xampp\htdocs\tokoku\system\Database\MySQLi\Connection.php(292): mysqli->query('SELECT `users`....', 0)
#1 C:\xampp\htdocs\tokoku\system\Database\BaseConnection.php(670): CodeIgniter\Database\MySQLi\Connection->execute('SELECT `users`....')
#2 C:\xampp\htdocs\tokoku\system\Database\BaseConnection.php(598): CodeIgniter\Database\BaseConnection->simpleQuery('SELECT `users`....')
#3 C:\xampp\htdocs\tokoku\system\Database\BaseBuilder.php(1455): CodeIgniter\Database\BaseConnection->query('SELECT `users`....', Array, false)
#4 C:\xampp\htdocs\tokoku\app\Models\ReviewModel.php(16): CodeIgniter\Database\BaseBuilder->get()
#5 C:\xampp\htdocs\tokoku\app\Controllers\Home.php(24): App\Models\ReviewModel->getReview()
#6 C:\xampp\htdocs\tokoku\system\CodeIgniter.php(832): App\Controllers\Home->index()
#7 C:\xampp\htdocs\tokoku\system\CodeIgniter.php(419): CodeIgniter\CodeIgniter->runController(Object(App\Controllers\Home))
#8 C:\xampp\htdocs\tokoku\system\CodeIgniter.php(326): CodeIgniter\CodeIgniter->handleRequest(NULL, Object(Config\Cache), false)
#9 C:\xampp\htdocs\tokoku\public\index.php(37): CodeIgniter\CodeIgniter->run()
#10 C:\xampp\htdocs\tokoku\system\Commands\Server\rewrite.php(43): require_once('C:\\xampp\\htdocs...')
#11 {main}
CRITICAL - 2022-05-14 15:05:48 --> Undefined array key "review_text"
#0 C:\xampp\htdocs\tokoku\app\Views\themes\littlegreenery\home.php(206): CodeIgniter\Debug\Exceptions->errorHandler(2, 'Undefined array...', 'C:\\xampp\\htdocs...', 206)
#1 C:\xampp\htdocs\tokoku\system\View\View.php(210): include('C:\\xampp\\htdocs...')
#2 C:\xampp\htdocs\tokoku\system\View\View.php(213): CodeIgniter\View\View->CodeIgniter\View\{closure}()
#3 C:\xampp\htdocs\tokoku\system\Common.php(1089): CodeIgniter\View\View->render('themes\\vegefood...', Array, true)
#4 C:\xampp\htdocs\tokoku\app\Controllers\Home.php(33): view('themes\\vegefood...', Array)
#5 C:\xampp\htdocs\tokoku\system\CodeIgniter.php(832): App\Controllers\Home->index()
#6 C:\xampp\htdocs\tokoku\system\CodeIgniter.php(419): CodeIgniter\CodeIgniter->runController(Object(App\Controllers\Home))
#7 C:\xampp\htdocs\tokoku\system\CodeIgniter.php(326): CodeIgniter\CodeIgniter->handleRequest(NULL, Object(Config\Cache), false)
#8 C:\xampp\htdocs\tokoku\public\index.php(37): CodeIgniter\CodeIgniter->run()
#9 C:\xampp\htdocs\tokoku\system\Commands\Server\rewrite.php(43): require_once('C:\\xampp\\htdocs...')
#10 {main}
CRITICAL - 2022-05-14 15:06:46 --> Undefined array key "review_text"
#0 C:\xampp\htdocs\tokoku\app\Views\themes\littlegreenery\home.php(206): CodeIgniter\Debug\Exceptions->errorHandler(2, 'Undefined array...', 'C:\\xampp\\htdocs...', 206)
#1 C:\xampp\htdocs\tokoku\system\View\View.php(210): include('C:\\xampp\\htdocs...')
#2 C:\xampp\htdocs\tokoku\system\View\View.php(213): CodeIgniter\View\View->CodeIgniter\View\{closure}()
#3 C:\xampp\htdocs\tokoku\system\Common.php(1089): CodeIgniter\View\View->render('themes\\vegefood...', Array, true)
#4 C:\xampp\htdocs\tokoku\app\Controllers\Home.php(33): view('themes\\vegefood...', Array)
#5 C:\xampp\htdocs\tokoku\system\CodeIgniter.php(832): App\Controllers\Home->index()
#6 C:\xampp\htdocs\tokoku\system\CodeIgniter.php(419): CodeIgniter\CodeIgniter->runController(Object(App\Controllers\Home))
#7 C:\xampp\htdocs\tokoku\system\CodeIgniter.php(326): CodeIgniter\CodeIgniter->handleRequest(NULL, Object(Config\Cache), false)
#8 C:\xampp\htdocs\tokoku\public\index.php(37): CodeIgniter\CodeIgniter->run()
#9 C:\xampp\htdocs\tokoku\system\Commands\Server\rewrite.php(43): require_once('C:\\xampp\\htdocs...')
#10 {main}
CRITICAL - 2022-05-14 15:08:47 --> Call to undefined function get_formatted_date()
#0 C:\xampp\htdocs\tokoku\system\View\View.php(210): include()
#1 C:\xampp\htdocs\tokoku\system\View\View.php(213): CodeIgniter\View\View->CodeIgniter\View\{closure}()
#2 C:\xampp\htdocs\tokoku\system\Common.php(1089): CodeIgniter\View\View->render('themes\\vegefood...', Array, true)
#3 C:\xampp\htdocs\tokoku\app\Controllers\Home.php(33): view('themes\\vegefood...', Array)
#4 C:\xampp\htdocs\tokoku\system\CodeIgniter.php(832): App\Controllers\Home->index()
#5 C:\xampp\htdocs\tokoku\system\CodeIgniter.php(419): CodeIgniter\CodeIgniter->runController(Object(App\Controllers\Home))
#6 C:\xampp\htdocs\tokoku\system\CodeIgniter.php(326): CodeIgniter\CodeIgniter->handleRequest(NULL, Object(Config\Cache), false)
#7 C:\xampp\htdocs\tokoku\public\index.php(37): CodeIgniter\CodeIgniter->run()
#8 C:\xampp\htdocs\tokoku\system\Commands\Server\rewrite.php(43): require_once('C:\\xampp\\htdocs...')
#9 {main}
CRITICAL - 2022-05-14 15:12:06 --> Call to undefined function get_formatted_date()
#0 C:\xampp\htdocs\tokoku\system\View\View.php(210): include()
#1 C:\xampp\htdocs\tokoku\system\View\View.php(213): CodeIgniter\View\View->CodeIgniter\View\{closure}()
#2 C:\xampp\htdocs\tokoku\system\Common.php(1089): CodeIgniter\View\View->render('themes\\vegefood...', Array, true)
#3 C:\xampp\htdocs\tokoku\app\Controllers\Home.php(33): view('themes\\vegefood...', Array)
#4 C:\xampp\htdocs\tokoku\system\CodeIgniter.php(832): App\Controllers\Home->index()
#5 C:\xampp\htdocs\tokoku\system\CodeIgniter.php(419): CodeIgniter\CodeIgniter->runController(Object(App\Controllers\Home))
#6 C:\xampp\htdocs\tokoku\system\CodeIgniter.php(326): CodeIgniter\CodeIgniter->handleRequest(NULL, Object(Config\Cache), false)
#7 C:\xampp\htdocs\tokoku\public\index.php(37): CodeIgniter\CodeIgniter->run()
#8 C:\xampp\htdocs\tokoku\system\Commands\Server\rewrite.php(43): require_once('C:\\xampp\\htdocs...')
#9 {main}
CRITICAL - 2022-05-14 17:38:34 --> Call to a member function table() on null
#0 C:\xampp\htdocs\tokoku\app\Views\themes\littlegreenery\home.php(96): get_settings('store_tagline')
#1 C:\xampp\htdocs\tokoku\system\View\View.php(210): include('C:\\xampp\\htdocs...')
#2 C:\xampp\htdocs\tokoku\system\View\View.php(213): CodeIgniter\View\View->CodeIgniter\View\{closure}()
#3 C:\xampp\htdocs\tokoku\system\Common.php(1089): CodeIgniter\View\View->render('themes\\vegefood...', Array, true)
#4 C:\xampp\htdocs\tokoku\app\Controllers\Home.php(32): view('themes\\vegefood...', Array)
#5 C:\xampp\htdocs\tokoku\system\CodeIgniter.php(832): App\Controllers\Home->index()
#6 C:\xampp\htdocs\tokoku\system\CodeIgniter.php(419): CodeIgniter\CodeIgniter->runController(Object(App\Controllers\Home))
#7 C:\xampp\htdocs\tokoku\system\CodeIgniter.php(326): CodeIgniter\CodeIgniter->handleRequest(NULL, Object(Config\Cache), false)
#8 C:\xampp\htdocs\tokoku\public\index.php(37): CodeIgniter\CodeIgniter->run()
#9 C:\xampp\htdocs\tokoku\system\Commands\Server\rewrite.php(43): require_once('C:\\xampp\\htdocs...')
#10 {main}
CRITICAL - 2022-05-14 17:39:34 --> Call to a member function table() on null
#0 C:\xampp\htdocs\tokoku\app\Views\themes\littlegreenery\home.php(96): get_settings('store_tagline')
#1 C:\xampp\htdocs\tokoku\system\View\View.php(210): include('C:\\xampp\\htdocs...')
#2 C:\xampp\htdocs\tokoku\system\View\View.php(213): CodeIgniter\View\View->CodeIgniter\View\{closure}()
#3 C:\xampp\htdocs\tokoku\system\Common.php(1089): CodeIgniter\View\View->render('themes\\vegefood...', Array, true)
#4 C:\xampp\htdocs\tokoku\app\Controllers\Home.php(32): view('themes\\vegefood...', Array)
#5 C:\xampp\htdocs\tokoku\system\CodeIgniter.php(832): App\Controllers\Home->index()
#6 C:\xampp\htdocs\tokoku\system\CodeIgniter.php(419): CodeIgniter\CodeIgniter->runController(Object(App\Controllers\Home))
#7 C:\xampp\htdocs\tokoku\system\CodeIgniter.php(326): CodeIgniter\CodeIgniter->handleRequest(NULL, Object(Config\Cache), false)
#8 C:\xampp\htdocs\tokoku\public\index.php(37): CodeIgniter\CodeIgniter->run()
#9 C:\xampp\htdocs\tokoku\system\Commands\Server\rewrite.php(43): require_once('C:\\xampp\\htdocs...')
#10 {main}
CRITICAL - 2022-05-14 17:52:46 --> You must set the database table to be used with your query.
#0 C:\xampp\htdocs\tokoku\system\Model.php(545): CodeIgniter\Database\BaseConnection->table(NULL)
#1 C:\xampp\htdocs\tokoku\system\Model.php(176): CodeIgniter\Model->builder()
#2 C:\xampp\htdocs\tokoku\system\BaseModel.php(584): CodeIgniter\Model->doFindAll(0, 0)
#3 C:\xampp\htdocs\tokoku\app\Controllers\Home.php(21): CodeIgniter\BaseModel->findAll()
#4 C:\xampp\htdocs\tokoku\system\CodeIgniter.php(832): App\Controllers\Home->index()
#5 C:\xampp\htdocs\tokoku\system\CodeIgniter.php(419): CodeIgniter\CodeIgniter->runController(Object(App\Controllers\Home))
#6 C:\xampp\htdocs\tokoku\system\CodeIgniter.php(326): CodeIgniter\CodeIgniter->handleRequest(NULL, Object(Config\Cache), false)
#7 C:\xampp\htdocs\tokoku\public\index.php(37): CodeIgniter\CodeIgniter->run()
#8 C:\xampp\htdocs\tokoku\system\Commands\Server\rewrite.php(43): require_once('C:\\xampp\\htdocs...')
#9 {main}
CRITICAL - 2022-05-14 17:53:38 --> You must set the database table to be used with your query.
#0 C:\xampp\htdocs\tokoku\system\Model.php(545): CodeIgniter\Database\BaseConnection->table(NULL)
#1 C:\xampp\htdocs\tokoku\system\Model.php(176): CodeIgniter\Model->builder()
#2 C:\xampp\htdocs\tokoku\system\BaseModel.php(584): CodeIgniter\Model->doFindAll(0, 0)
#3 C:\xampp\htdocs\tokoku\app\Controllers\Home.php(21): CodeIgniter\BaseModel->findAll()
#4 C:\xampp\htdocs\tokoku\system\CodeIgniter.php(832): App\Controllers\Home->index()
#5 C:\xampp\htdocs\tokoku\system\CodeIgniter.php(419): CodeIgniter\CodeIgniter->runController(Object(App\Controllers\Home))
#6 C:\xampp\htdocs\tokoku\system\CodeIgniter.php(326): CodeIgniter\CodeIgniter->handleRequest(NULL, Object(Config\Cache), false)
#7 C:\xampp\htdocs\tokoku\public\index.php(37): CodeIgniter\CodeIgniter->run()
#8 C:\xampp\htdocs\tokoku\system\Commands\Server\rewrite.php(43): require_once('C:\\xampp\\htdocs...')
#9 {main}
CRITICAL - 2022-05-14 23:08:33 --> You must set the database table to be used with your query.
#0 C:\xampp\htdocs\tokoku\system\Model.php(545): CodeIgniter\Database\BaseConnection->table(NULL)
#1 C:\xampp\htdocs\tokoku\system\Model.php(176): CodeIgniter\Model->builder()
#2 C:\xampp\htdocs\tokoku\system\BaseModel.php(584): CodeIgniter\Model->doFindAll(0, 0)
#3 C:\xampp\htdocs\tokoku\app\Controllers\Home.php(21): CodeIgniter\BaseModel->findAll()
#4 C:\xampp\htdocs\tokoku\system\CodeIgniter.php(832): App\Controllers\Home->index()
#5 C:\xampp\htdocs\tokoku\system\CodeIgniter.php(419): CodeIgniter\CodeIgniter->runController(Object(App\Controllers\Home))
#6 C:\xampp\htdocs\tokoku\system\CodeIgniter.php(326): CodeIgniter\CodeIgniter->handleRequest(NULL, Object(Config\Cache), false)
#7 C:\xampp\htdocs\tokoku\public\index.php(37): CodeIgniter\CodeIgniter->run()
#8 C:\xampp\htdocs\tokoku\system\Commands\Server\rewrite.php(43): require_once('C:\\xampp\\htdocs...')
#9 {main}
CRITICAL - 2022-05-14 23:10:30 --> You must set the database table to be used with your query.
#0 C:\xampp\htdocs\tokoku\system\Model.php(545): CodeIgniter\Database\BaseConnection->table(NULL)
#1 C:\xampp\htdocs\tokoku\system\Model.php(176): CodeIgniter\Model->builder()
#2 C:\xampp\htdocs\tokoku\system\BaseModel.php(584): CodeIgniter\Model->doFindAll(0, 0)
#3 C:\xampp\htdocs\tokoku\app\Controllers\Home.php(21): CodeIgniter\BaseModel->findAll()
#4 C:\xampp\htdocs\tokoku\system\CodeIgniter.php(832): App\Controllers\Home->index()
#5 C:\xampp\htdocs\tokoku\system\CodeIgniter.php(419): CodeIgniter\CodeIgniter->runController(Object(App\Controllers\Home))
#6 C:\xampp\htdocs\tokoku\system\CodeIgniter.php(326): CodeIgniter\CodeIgniter->handleRequest(NULL, Object(Config\Cache), false)
#7 C:\xampp\htdocs\tokoku\public\index.php(37): CodeIgniter\CodeIgniter->run()
#8 C:\xampp\htdocs\tokoku\system\Commands\Server\rewrite.php(43): require_once('C:\\xampp\\htdocs...')
#9 {main}
CRITICAL - 2022-05-14 23:10:42 --> You must set the database table to be used with your query.
#0 C:\xampp\htdocs\tokoku\system\Model.php(545): CodeIgniter\Database\BaseConnection->table(NULL)
#1 C:\xampp\htdocs\tokoku\system\Model.php(176): CodeIgniter\Model->builder()
#2 C:\xampp\htdocs\tokoku\system\BaseModel.php(584): CodeIgniter\Model->doFindAll(0, 0)
#3 C:\xampp\htdocs\tokoku\app\Controllers\Home.php(21): CodeIgniter\BaseModel->findAll()
#4 C:\xampp\htdocs\tokoku\system\CodeIgniter.php(832): App\Controllers\Home->index()
#5 C:\xampp\htdocs\tokoku\system\CodeIgniter.php(419): CodeIgniter\CodeIgniter->runController(Object(App\Controllers\Home))
#6 C:\xampp\htdocs\tokoku\system\CodeIgniter.php(326): CodeIgniter\CodeIgniter->handleRequest(NULL, Object(Config\Cache), false)
#7 C:\xampp\htdocs\tokoku\public\index.php(37): CodeIgniter\CodeIgniter->run()
#8 C:\xampp\htdocs\tokoku\system\Commands\Server\rewrite.php(43): require_once('C:\\xampp\\htdocs...')
#9 {main}
CRITICAL - 2022-05-14 23:16:34 --> You must set the database table to be used with your query.
#0 C:\xampp\htdocs\tokoku\system\Model.php(545): CodeIgniter\Database\BaseConnection->table(NULL)
#1 C:\xampp\htdocs\tokoku\system\Model.php(176): CodeIgniter\Model->builder()
#2 C:\xampp\htdocs\tokoku\system\BaseModel.php(584): CodeIgniter\Model->doFindAll(0, 0)
#3 C:\xampp\htdocs\tokoku\app\Controllers\Home.php(21): CodeIgniter\BaseModel->findAll()
#4 C:\xampp\htdocs\tokoku\system\CodeIgniter.php(832): App\Controllers\Home->index()
#5 C:\xampp\htdocs\tokoku\system\CodeIgniter.php(419): CodeIgniter\CodeIgniter->runController(Object(App\Controllers\Home))
#6 C:\xampp\htdocs\tokoku\system\CodeIgniter.php(326): CodeIgniter\CodeIgniter->handleRequest(NULL, Object(Config\Cache), false)
#7 C:\xampp\htdocs\tokoku\public\index.php(37): CodeIgniter\CodeIgniter->run()
#8 C:\xampp\htdocs\tokoku\system\Commands\Server\rewrite.php(43): require_once('C:\\xampp\\htdocs...')
#9 {main}
CRITICAL - 2022-05-14 23:16:38 --> You must set the database table to be used with your query.
#0 C:\xampp\htdocs\tokoku\system\Model.php(545): CodeIgniter\Database\BaseConnection->table(NULL)
#1 C:\xampp\htdocs\tokoku\system\Model.php(176): CodeIgniter\Model->builder()
#2 C:\xampp\htdocs\tokoku\system\BaseModel.php(584): CodeIgniter\Model->doFindAll(0, 0)
#3 C:\xampp\htdocs\tokoku\app\Controllers\Home.php(21): CodeIgniter\BaseModel->findAll()
#4 C:\xampp\htdocs\tokoku\system\CodeIgniter.php(832): App\Controllers\Home->index()
#5 C:\xampp\htdocs\tokoku\system\CodeIgniter.php(419): CodeIgniter\CodeIgniter->runController(Object(App\Controllers\Home))
#6 C:\xampp\htdocs\tokoku\system\CodeIgniter.php(326): CodeIgniter\CodeIgniter->handleRequest(NULL, Object(Config\Cache), false)
#7 C:\xampp\htdocs\tokoku\public\index.php(37): CodeIgniter\CodeIgniter->run()
#8 C:\xampp\htdocs\tokoku\system\Commands\Server\rewrite.php(43): require_once('C:\\xampp\\htdocs...')
#9 {main}
CRITICAL - 2022-05-14 23:18:06 --> You must set the database table to be used with your query.
#0 C:\xampp\htdocs\tokoku\system\Model.php(545): CodeIgniter\Database\BaseConnection->table(NULL)
#1 C:\xampp\htdocs\tokoku\system\Model.php(176): CodeIgniter\Model->builder()
#2 C:\xampp\htdocs\tokoku\system\BaseModel.php(584): CodeIgniter\Model->doFindAll(0, 0)
#3 C:\xampp\htdocs\tokoku\app\Controllers\Home.php(21): CodeIgniter\BaseModel->findAll()
#4 C:\xampp\htdocs\tokoku\system\CodeIgniter.php(832): App\Controllers\Home->index()
#5 C:\xampp\htdocs\tokoku\system\CodeIgniter.php(419): CodeIgniter\CodeIgniter->runController(Object(App\Controllers\Home))
#6 C:\xampp\htdocs\tokoku\system\CodeIgniter.php(326): CodeIgniter\CodeIgniter->handleRequest(NULL, Object(Config\Cache), false)
#7 C:\xampp\htdocs\tokoku\public\index.php(37): CodeIgniter\CodeIgniter->run()
#8 C:\xampp\htdocs\tokoku\system\Commands\Server\rewrite.php(43): require_once('C:\\xampp\\htdocs...')
#9 {main}
CRITICAL - 2022-05-14 23:18:33 --> You must set the database table to be used with your query.
#0 C:\xampp\htdocs\tokoku\system\Model.php(545): CodeIgniter\Database\BaseConnection->table(NULL)
#1 C:\xampp\htdocs\tokoku\system\Model.php(176): CodeIgniter\Model->builder()
#2 C:\xampp\htdocs\tokoku\system\BaseModel.php(584): CodeIgniter\Model->doFindAll(0, 0)
#3 C:\xampp\htdocs\tokoku\app\Controllers\Home.php(21): CodeIgniter\BaseModel->findAll()
#4 C:\xampp\htdocs\tokoku\system\CodeIgniter.php(832): App\Controllers\Home->index()
#5 C:\xampp\htdocs\tokoku\system\CodeIgniter.php(419): CodeIgniter\CodeIgniter->runController(Object(App\Controllers\Home))
#6 C:\xampp\htdocs\tokoku\system\CodeIgniter.php(326): CodeIgniter\CodeIgniter->handleRequest(NULL, Object(Config\Cache), false)
#7 C:\xampp\htdocs\tokoku\public\index.php(37): CodeIgniter\CodeIgniter->run()
#8 C:\xampp\htdocs\tokoku\system\Commands\Server\rewrite.php(43): require_once('C:\\xampp\\htdocs...')
#9 {main}
CRITICAL - 2022-05-14 23:23:17 --> You must set the database table to be used with your query.
#0 C:\xampp\htdocs\tokoku\system\Model.php(545): CodeIgniter\Database\BaseConnection->table(NULL)
#1 C:\xampp\htdocs\tokoku\system\Model.php(176): CodeIgniter\Model->builder()
#2 C:\xampp\htdocs\tokoku\system\BaseModel.php(584): CodeIgniter\Model->doFindAll(0, 0)
#3 C:\xampp\htdocs\tokoku\app\Controllers\Home.php(21): CodeIgniter\BaseModel->findAll()
#4 C:\xampp\htdocs\tokoku\system\CodeIgniter.php(832): App\Controllers\Home->index()
#5 C:\xampp\htdocs\tokoku\system\CodeIgniter.php(419): CodeIgniter\CodeIgniter->runController(Object(App\Controllers\Home))
#6 C:\xampp\htdocs\tokoku\system\CodeIgniter.php(326): CodeIgniter\CodeIgniter->handleRequest(NULL, Object(Config\Cache), false)
#7 C:\xampp\htdocs\tokoku\public\index.php(37): CodeIgniter\CodeIgniter->run()
#8 C:\xampp\htdocs\tokoku\system\Commands\Server\rewrite.php(43): require_once('C:\\xampp\\htdocs...')
#9 {main}
CRITICAL - 2022-05-14 23:24:19 --> You must set the database table to be used with your query.
#0 C:\xampp\htdocs\tokoku\system\Model.php(545): CodeIgniter\Database\BaseConnection->table(NULL)
#1 C:\xampp\htdocs\tokoku\system\Model.php(176): CodeIgniter\Model->builder()
#2 C:\xampp\htdocs\tokoku\system\BaseModel.php(584): CodeIgniter\Model->doFindAll(0, 0)
#3 C:\xampp\htdocs\tokoku\app\Controllers\Home.php(21): CodeIgniter\BaseModel->findAll()
#4 C:\xampp\htdocs\tokoku\system\CodeIgniter.php(832): App\Controllers\Home->index()
#5 C:\xampp\htdocs\tokoku\system\CodeIgniter.php(419): CodeIgniter\CodeIgniter->runController(Object(App\Controllers\Home))
#6 C:\xampp\htdocs\tokoku\system\CodeIgniter.php(326): CodeIgniter\CodeIgniter->handleRequest(NULL, Object(Config\Cache), false)
#7 C:\xampp\htdocs\tokoku\public\index.php(37): CodeIgniter\CodeIgniter->run()
#8 C:\xampp\htdocs\tokoku\system\Commands\Server\rewrite.php(43): require_once('C:\\xampp\\htdocs...')
#9 {main}
CRITICAL - 2022-05-14 23:25:24 --> You must set the database table to be used with your query.
#0 C:\xampp\htdocs\tokoku\system\Model.php(545): CodeIgniter\Database\BaseConnection->table(NULL)
#1 C:\xampp\htdocs\tokoku\system\Model.php(176): CodeIgniter\Model->builder()
#2 C:\xampp\htdocs\tokoku\system\BaseModel.php(584): CodeIgniter\Model->doFindAll(0, 0)
#3 C:\xampp\htdocs\tokoku\app\Controllers\Home.php(21): CodeIgniter\BaseModel->findAll()
#4 C:\xampp\htdocs\tokoku\system\CodeIgniter.php(832): App\Controllers\Home->index()
#5 C:\xampp\htdocs\tokoku\system\CodeIgniter.php(419): CodeIgniter\CodeIgniter->runController(Object(App\Controllers\Home))
#6 C:\xampp\htdocs\tokoku\system\CodeIgniter.php(326): CodeIgniter\CodeIgniter->handleRequest(NULL, Object(Config\Cache), false)
#7 C:\xampp\htdocs\tokoku\public\index.php(37): CodeIgniter\CodeIgniter->run()
#8 C:\xampp\htdocs\tokoku\system\Commands\Server\rewrite.php(43): require_once('C:\\xampp\\htdocs...')
#9 {main}
CRITICAL - 2022-05-14 23:30:45 --> You must set the database table to be used with your query.
#0 C:\xampp\htdocs\tokoku\system\Model.php(545): CodeIgniter\Database\BaseConnection->table(NULL)
#1 C:\xampp\htdocs\tokoku\system\Model.php(176): CodeIgniter\Model->builder()
#2 C:\xampp\htdocs\tokoku\system\BaseModel.php(584): CodeIgniter\Model->doFindAll(0, 0)
#3 C:\xampp\htdocs\tokoku\app\Controllers\Home.php(21): CodeIgniter\BaseModel->findAll()
#4 C:\xampp\htdocs\tokoku\system\CodeIgniter.php(832): App\Controllers\Home->index()
#5 C:\xampp\htdocs\tokoku\system\CodeIgniter.php(419): CodeIgniter\CodeIgniter->runController(Object(App\Controllers\Home))
#6 C:\xampp\htdocs\tokoku\system\CodeIgniter.php(326): CodeIgniter\CodeIgniter->handleRequest(NULL, Object(Config\Cache), false)
#7 C:\xampp\htdocs\tokoku\public\index.php(37): CodeIgniter\CodeIgniter->run()
#8 C:\xampp\htdocs\tokoku\system\Commands\Server\rewrite.php(43): require_once('C:\\xampp\\htdocs...')
#9 {main}
CRITICAL - 2022-05-14 23:30:59 --> You must set the database table to be used with your query.
#0 C:\xampp\htdocs\tokoku\system\Model.php(545): CodeIgniter\Database\BaseConnection->table(NULL)
#1 C:\xampp\htdocs\tokoku\system\Model.php(176): CodeIgniter\Model->builder()
#2 C:\xampp\htdocs\tokoku\system\BaseModel.php(584): CodeIgniter\Model->doFindAll(0, 0)
#3 C:\xampp\htdocs\tokoku\app\Controllers\Home.php(21): CodeIgniter\BaseModel->findAll()
#4 C:\xampp\htdocs\tokoku\system\CodeIgniter.php(832): App\Controllers\Home->index()
#5 C:\xampp\htdocs\tokoku\system\CodeIgniter.php(419): CodeIgniter\CodeIgniter->runController(Object(App\Controllers\Home))
#6 C:\xampp\htdocs\tokoku\system\CodeIgniter.php(326): CodeIgniter\CodeIgniter->handleRequest(NULL, Object(Config\Cache), false)
#7 C:\xampp\htdocs\tokoku\public\index.php(37): CodeIgniter\CodeIgniter->run()
#8 C:\xampp\htdocs\tokoku\system\Commands\Server\rewrite.php(43): require_once('C:\\xampp\\htdocs...')
#9 {main}
CRITICAL - 2022-05-14 23:31:51 --> You must set the database table to be used with your query.
#0 C:\xampp\htdocs\tokoku\system\Model.php(545): CodeIgniter\Database\BaseConnection->table(NULL)
#1 C:\xampp\htdocs\tokoku\system\Model.php(176): CodeIgniter\Model->builder()
#2 C:\xampp\htdocs\tokoku\system\BaseModel.php(584): CodeIgniter\Model->doFindAll(0, 0)
#3 C:\xampp\htdocs\tokoku\app\Controllers\Home.php(21): CodeIgniter\BaseModel->findAll()
#4 C:\xampp\htdocs\tokoku\system\CodeIgniter.php(832): App\Controllers\Home->index()
#5 C:\xampp\htdocs\tokoku\system\CodeIgniter.php(419): CodeIgniter\CodeIgniter->runController(Object(App\Controllers\Home))
#6 C:\xampp\htdocs\tokoku\system\CodeIgniter.php(326): CodeIgniter\CodeIgniter->handleRequest(NULL, Object(Config\Cache), false)
#7 C:\xampp\htdocs\tokoku\public\index.php(37): CodeIgniter\CodeIgniter->run()
#8 C:\xampp\htdocs\tokoku\system\Commands\Server\rewrite.php(43): require_once('C:\\xampp\\htdocs...')
#9 {main}
CRITICAL - 2022-05-14 23:31:59 --> You must set the database table to be used with your query.
#0 C:\xampp\htdocs\tokoku\system\Model.php(545): CodeIgniter\Database\BaseConnection->table(NULL)
#1 C:\xampp\htdocs\tokoku\system\Model.php(176): CodeIgniter\Model->builder()
#2 C:\xampp\htdocs\tokoku\system\BaseModel.php(584): CodeIgniter\Model->doFindAll(0, 0)
#3 C:\xampp\htdocs\tokoku\app\Controllers\Home.php(21): CodeIgniter\BaseModel->findAll()
#4 C:\xampp\htdocs\tokoku\system\CodeIgniter.php(832): App\Controllers\Home->index()
#5 C:\xampp\htdocs\tokoku\system\CodeIgniter.php(419): CodeIgniter\CodeIgniter->runController(Object(App\Controllers\Home))
#6 C:\xampp\htdocs\tokoku\system\CodeIgniter.php(326): CodeIgniter\CodeIgniter->handleRequest(NULL, Object(Config\Cache), false)
#7 C:\xampp\htdocs\tokoku\public\index.php(37): CodeIgniter\CodeIgniter->run()
#8 C:\xampp\htdocs\tokoku\system\Commands\Server\rewrite.php(43): require_once('C:\\xampp\\htdocs...')
#9 {main}
CRITICAL - 2022-05-14 23:32:12 --> You must set the database table to be used with your query.
#0 C:\xampp\htdocs\tokoku\system\Model.php(545): CodeIgniter\Database\BaseConnection->table(NULL)
#1 C:\xampp\htdocs\tokoku\system\Model.php(176): CodeIgniter\Model->builder()
#2 C:\xampp\htdocs\tokoku\system\BaseModel.php(584): CodeIgniter\Model->doFindAll(0, 0)
#3 C:\xampp\htdocs\tokoku\app\Controllers\Home.php(21): CodeIgniter\BaseModel->findAll()
#4 C:\xampp\htdocs\tokoku\system\CodeIgniter.php(832): App\Controllers\Home->index()
#5 C:\xampp\htdocs\tokoku\system\CodeIgniter.php(419): CodeIgniter\CodeIgniter->runController(Object(App\Controllers\Home))
#6 C:\xampp\htdocs\tokoku\system\CodeIgniter.php(326): CodeIgniter\CodeIgniter->handleRequest(NULL, Object(Config\Cache), false)
#7 C:\xampp\htdocs\tokoku\public\index.php(37): CodeIgniter\CodeIgniter->run()
#8 C:\xampp\htdocs\tokoku\system\Commands\Server\rewrite.php(43): require_once('C:\\xampp\\htdocs...')
#9 {main}
CRITICAL - 2022-05-14 23:33:07 --> You must set the database table to be used with your query.
#0 C:\xampp\htdocs\tokoku\system\Model.php(545): CodeIgniter\Database\BaseConnection->table(NULL)
#1 C:\xampp\htdocs\tokoku\system\Model.php(176): CodeIgniter\Model->builder()
#2 C:\xampp\htdocs\tokoku\system\BaseModel.php(584): CodeIgniter\Model->doFindAll(0, 0)
#3 C:\xampp\htdocs\tokoku\app\Controllers\Home.php(21): CodeIgniter\BaseModel->findAll()
#4 C:\xampp\htdocs\tokoku\system\CodeIgniter.php(832): App\Controllers\Home->index()
#5 C:\xampp\htdocs\tokoku\system\CodeIgniter.php(419): CodeIgniter\CodeIgniter->runController(Object(App\Controllers\Home))
#6 C:\xampp\htdocs\tokoku\system\CodeIgniter.php(326): CodeIgniter\CodeIgniter->handleRequest(NULL, Object(Config\Cache), false)
#7 C:\xampp\htdocs\tokoku\public\index.php(37): CodeIgniter\CodeIgniter->run()
#8 C:\xampp\htdocs\tokoku\system\Commands\Server\rewrite.php(43): require_once('C:\\xampp\\htdocs...')
#9 {main}
CRITICAL - 2022-05-14 23:35:34 --> You must set the database table to be used with your query.
#0 C:\xampp\htdocs\tokoku\system\Model.php(545): CodeIgniter\Database\BaseConnection->table(NULL)
#1 C:\xampp\htdocs\tokoku\system\Model.php(176): CodeIgniter\Model->builder()
#2 C:\xampp\htdocs\tokoku\system\BaseModel.php(584): CodeIgniter\Model->doFindAll(0, 0)
#3 C:\xampp\htdocs\tokoku\app\Controllers\Home.php(21): CodeIgniter\BaseModel->findAll()
#4 C:\xampp\htdocs\tokoku\system\CodeIgniter.php(832): App\Controllers\Home->index()
#5 C:\xampp\htdocs\tokoku\system\CodeIgniter.php(419): CodeIgniter\CodeIgniter->runController(Object(App\Controllers\Home))
#6 C:\xampp\htdocs\tokoku\system\CodeIgniter.php(326): CodeIgniter\CodeIgniter->handleRequest(NULL, Object(Config\Cache), false)
#7 C:\xampp\htdocs\tokoku\public\index.php(37): CodeIgniter\CodeIgniter->run()
#8 C:\xampp\htdocs\tokoku\system\Commands\Server\rewrite.php(43): require_once('C:\\xampp\\htdocs...')
#9 {main}
CRITICAL - 2022-05-14 23:37:35 --> You must set the database table to be used with your query.
#0 C:\xampp\htdocs\tokoku\system\Model.php(545): CodeIgniter\Database\BaseConnection->table(NULL)
#1 C:\xampp\htdocs\tokoku\system\Model.php(176): CodeIgniter\Model->builder()
#2 C:\xampp\htdocs\tokoku\system\BaseModel.php(584): CodeIgniter\Model->doFindAll(0, 0)
#3 C:\xampp\htdocs\tokoku\app\Controllers\Home.php(21): CodeIgniter\BaseModel->findAll()
#4 C:\xampp\htdocs\tokoku\system\CodeIgniter.php(832): App\Controllers\Home->index()
#5 C:\xampp\htdocs\tokoku\system\CodeIgniter.php(419): CodeIgniter\CodeIgniter->runController(Object(App\Controllers\Home))
#6 C:\xampp\htdocs\tokoku\system\CodeIgniter.php(326): CodeIgniter\CodeIgniter->handleRequest(NULL, Object(Config\Cache), false)
#7 C:\xampp\htdocs\tokoku\public\index.php(37): CodeIgniter\CodeIgniter->run()
#8 C:\xampp\htdocs\tokoku\system\Commands\Server\rewrite.php(43): require_once('C:\\xampp\\htdocs...')
#9 {main}
CRITICAL - 2022-05-14 23:39:00 --> You must set the database table to be used with your query.
#0 C:\xampp\htdocs\tokoku\system\Model.php(545): CodeIgniter\Database\BaseConnection->table(NULL)
#1 C:\xampp\htdocs\tokoku\system\Model.php(176): CodeIgniter\Model->builder()
#2 C:\xampp\htdocs\tokoku\system\BaseModel.php(584): CodeIgniter\Model->doFindAll(0, 0)
#3 C:\xampp\htdocs\tokoku\app\Controllers\Home.php(21): CodeIgniter\BaseModel->findAll()
#4 C:\xampp\htdocs\tokoku\system\CodeIgniter.php(832): App\Controllers\Home->index()
#5 C:\xampp\htdocs\tokoku\system\CodeIgniter.php(419): CodeIgniter\CodeIgniter->runController(Object(App\Controllers\Home))
#6 C:\xampp\htdocs\tokoku\system\CodeIgniter.php(326): CodeIgniter\CodeIgniter->handleRequest(NULL, Object(Config\Cache), false)
#7 C:\xampp\htdocs\tokoku\public\index.php(37): CodeIgniter\CodeIgniter->run()
#8 C:\xampp\htdocs\tokoku\system\Commands\Server\rewrite.php(43): require_once('C:\\xampp\\htdocs...')
#9 {main}
CRITICAL - 2022-05-14 23:40:46 --> You must set the database table to be used with your query.
#0 C:\xampp\htdocs\tokoku\system\Model.php(545): CodeIgniter\Database\BaseConnection->table(NULL)
#1 C:\xampp\htdocs\tokoku\system\Model.php(176): CodeIgniter\Model->builder()
#2 C:\xampp\htdocs\tokoku\system\BaseModel.php(584): CodeIgniter\Model->doFindAll(0, 0)
#3 C:\xampp\htdocs\tokoku\app\Controllers\Home.php(21): CodeIgniter\BaseModel->findAll()
#4 C:\xampp\htdocs\tokoku\system\CodeIgniter.php(832): App\Controllers\Home->index()
#5 C:\xampp\htdocs\tokoku\system\CodeIgniter.php(419): CodeIgniter\CodeIgniter->runController(Object(App\Controllers\Home))
#6 C:\xampp\htdocs\tokoku\system\CodeIgniter.php(326): CodeIgniter\CodeIgniter->handleRequest(NULL, Object(Config\Cache), false)
#7 C:\xampp\htdocs\tokoku\public\index.php(37): CodeIgniter\CodeIgniter->run()
#8 C:\xampp\htdocs\tokoku\system\Commands\Server\rewrite.php(43): require_once('C:\\xampp\\htdocs...')
#9 {main}
CRITICAL - 2022-05-14 23:43:59 --> You must set the database table to be used with your query.
#0 C:\xampp\htdocs\tokoku\system\Model.php(545): CodeIgniter\Database\BaseConnection->table(NULL)
#1 C:\xampp\htdocs\tokoku\system\Model.php(176): CodeIgniter\Model->builder()
#2 C:\xampp\htdocs\tokoku\system\BaseModel.php(584): CodeIgniter\Model->doFindAll(0, 0)
#3 C:\xampp\htdocs\tokoku\app\Controllers\Home.php(21): CodeIgniter\BaseModel->findAll()
#4 C:\xampp\htdocs\tokoku\system\CodeIgniter.php(832): App\Controllers\Home->index()
#5 C:\xampp\htdocs\tokoku\system\CodeIgniter.php(419): CodeIgniter\CodeIgniter->runController(Object(App\Controllers\Home))
#6 C:\xampp\htdocs\tokoku\system\CodeIgniter.php(326): CodeIgniter\CodeIgniter->handleRequest(NULL, Object(Config\Cache), false)
#7 C:\xampp\htdocs\tokoku\public\index.php(37): CodeIgniter\CodeIgniter->run()
#8 C:\xampp\htdocs\tokoku\system\Commands\Server\rewrite.php(43): require_once('C:\\xampp\\htdocs...')
#9 {main}
CRITICAL - 2022-05-14 23:44:48 --> You must set the database table to be used with your query.
#0 C:\xampp\htdocs\tokoku\system\Model.php(545): CodeIgniter\Database\BaseConnection->table(NULL)
#1 C:\xampp\htdocs\tokoku\system\Model.php(176): CodeIgniter\Model->builder()
#2 C:\xampp\htdocs\tokoku\system\BaseModel.php(584): CodeIgniter\Model->doFindAll(0, 0)
#3 C:\xampp\htdocs\tokoku\app\Controllers\Home.php(21): CodeIgniter\BaseModel->findAll()
#4 C:\xampp\htdocs\tokoku\system\CodeIgniter.php(832): App\Controllers\Home->index()
#5 C:\xampp\htdocs\tokoku\system\CodeIgniter.php(419): CodeIgniter\CodeIgniter->runController(Object(App\Controllers\Home))
#6 C:\xampp\htdocs\tokoku\system\CodeIgniter.php(326): CodeIgniter\CodeIgniter->handleRequest(NULL, Object(Config\Cache), false)
#7 C:\xampp\htdocs\tokoku\public\index.php(37): CodeIgniter\CodeIgniter->run()
#8 C:\xampp\htdocs\tokoku\system\Commands\Server\rewrite.php(43): require_once('C:\\xampp\\htdocs...')
#9 {main}
CRITICAL - 2022-05-14 23:46:11 --> You must set the database table to be used with your query.
#0 C:\xampp\htdocs\tokoku\system\Model.php(545): CodeIgniter\Database\BaseConnection->table(NULL)
#1 C:\xampp\htdocs\tokoku\system\Model.php(176): CodeIgniter\Model->builder()
#2 C:\xampp\htdocs\tokoku\system\BaseModel.php(584): CodeIgniter\Model->doFindAll(0, 0)
#3 C:\xampp\htdocs\tokoku\app\Controllers\Home.php(21): CodeIgniter\BaseModel->findAll()
#4 C:\xampp\htdocs\tokoku\system\CodeIgniter.php(832): App\Controllers\Home->index()
#5 C:\xampp\htdocs\tokoku\system\CodeIgniter.php(419): CodeIgniter\CodeIgniter->runController(Object(App\Controllers\Home))
#6 C:\xampp\htdocs\tokoku\system\CodeIgniter.php(326): CodeIgniter\CodeIgniter->handleRequest(NULL, Object(Config\Cache), false)
#7 C:\xampp\htdocs\tokoku\public\index.php(37): CodeIgniter\CodeIgniter->run()
#8 C:\xampp\htdocs\tokoku\system\Commands\Server\rewrite.php(43): require_once('C:\\xampp\\htdocs...')
#9 {main}
CRITICAL - 2022-05-14 23:46:22 --> You must set the database table to be used with your query.
#0 C:\xampp\htdocs\tokoku\system\Model.php(545): CodeIgniter\Database\BaseConnection->table(NULL)
#1 C:\xampp\htdocs\tokoku\system\Model.php(176): CodeIgniter\Model->builder()
#2 C:\xampp\htdocs\tokoku\system\BaseModel.php(584): CodeIgniter\Model->doFindAll(0, 0)
#3 C:\xampp\htdocs\tokoku\app\Controllers\Home.php(21): CodeIgniter\BaseModel->findAll()
#4 C:\xampp\htdocs\tokoku\system\CodeIgniter.php(832): App\Controllers\Home->index()
#5 C:\xampp\htdocs\tokoku\system\CodeIgniter.php(419): CodeIgniter\CodeIgniter->runController(Object(App\Controllers\Home))
#6 C:\xampp\htdocs\tokoku\system\CodeIgniter.php(326): CodeIgniter\CodeIgniter->handleRequest(NULL, Object(Config\Cache), false)
#7 C:\xampp\htdocs\tokoku\public\index.php(37): CodeIgniter\CodeIgniter->run()
#8 {main}
CRITICAL - 2022-05-14 23:47:41 --> You must set the database table to be used with your query.
#0 C:\xampp\htdocs\tokoku\system\Model.php(545): CodeIgniter\Database\BaseConnection->table(NULL)
#1 C:\xampp\htdocs\tokoku\system\Model.php(176): CodeIgniter\Model->builder()
#2 C:\xampp\htdocs\tokoku\system\BaseModel.php(584): CodeIgniter\Model->doFindAll(0, 0)
#3 C:\xampp\htdocs\tokoku\app\Controllers\Home.php(21): CodeIgniter\BaseModel->findAll()
#4 C:\xampp\htdocs\tokoku\system\CodeIgniter.php(832): App\Controllers\Home->index()
#5 C:\xampp\htdocs\tokoku\system\CodeIgniter.php(419): CodeIgniter\CodeIgniter->runController(Object(App\Controllers\Home))
#6 C:\xampp\htdocs\tokoku\system\CodeIgniter.php(326): CodeIgniter\CodeIgniter->handleRequest(NULL, Object(Config\Cache), false)
#7 C:\xampp\htdocs\tokoku\public\index.php(37): CodeIgniter\CodeIgniter->run()
#8 {main}
CRITICAL - 2022-05-14 23:47:44 --> You must set the database table to be used with your query.
#0 C:\xampp\htdocs\tokoku\system\Model.php(545): CodeIgniter\Database\BaseConnection->table(NULL)
#1 C:\xampp\htdocs\tokoku\system\Model.php(176): CodeIgniter\Model->builder()
#2 C:\xampp\htdocs\tokoku\system\BaseModel.php(584): CodeIgniter\Model->doFindAll(0, 0)
#3 C:\xampp\htdocs\tokoku\app\Controllers\Home.php(21): CodeIgniter\BaseModel->findAll()
#4 C:\xampp\htdocs\tokoku\system\CodeIgniter.php(832): App\Controllers\Home->index()
#5 C:\xampp\htdocs\tokoku\system\CodeIgniter.php(419): CodeIgniter\CodeIgniter->runController(Object(App\Controllers\Home))
#6 C:\xampp\htdocs\tokoku\system\CodeIgniter.php(326): CodeIgniter\CodeIgniter->handleRequest(NULL, Object(Config\Cache), false)
#7 C:\xampp\htdocs\tokoku\public\index.php(37): CodeIgniter\CodeIgniter->run()
#8 {main}
CRITICAL - 2022-05-14 23:50:34 --> You must set the database table to be used with your query.
#0 C:\xampp\htdocs\tokoku\system\Model.php(545): CodeIgniter\Database\BaseConnection->table(NULL)
#1 C:\xampp\htdocs\tokoku\system\Model.php(722): CodeIgniter\Model->builder()
#2 C:\xampp\htdocs\tokoku\app\Controllers\Home.php(20): CodeIgniter\Model->__call('where', Array)
#3 C:\xampp\htdocs\tokoku\system\CodeIgniter.php(832): App\Controllers\Home->index()
#4 C:\xampp\htdocs\tokoku\system\CodeIgniter.php(419): CodeIgniter\CodeIgniter->runController(Object(App\Controllers\Home))
#5 C:\xampp\htdocs\tokoku\system\CodeIgniter.php(326): CodeIgniter\CodeIgniter->handleRequest(NULL, Object(Config\Cache), false)
#6 C:\xampp\htdocs\tokoku\public\index.php(37): CodeIgniter\CodeIgniter->run()
#7 {main}
CRITICAL - 2022-05-14 23:56:58 --> You must set the database table to be used with your query.
#0 C:\xampp\htdocs\tokoku\system\Model.php(545): CodeIgniter\Database\BaseConnection->table(NULL)
#1 C:\xampp\htdocs\tokoku\system\Model.php(722): CodeIgniter\Model->builder()
#2 C:\xampp\htdocs\tokoku\app\Controllers\Home.php(20): CodeIgniter\Model->__call('where', Array)
#3 C:\xampp\htdocs\tokoku\system\CodeIgniter.php(832): App\Controllers\Home->index()
#4 C:\xampp\htdocs\tokoku\system\CodeIgniter.php(419): CodeIgniter\CodeIgniter->runController(Object(App\Controllers\Home))
#5 C:\xampp\htdocs\tokoku\system\CodeIgniter.php(326): CodeIgniter\CodeIgniter->handleRequest(NULL, Object(Config\Cache), false)
#6 C:\xampp\htdocs\tokoku\public\index.php(37): CodeIgniter\CodeIgniter->run()
#7 {main}
