CRITICAL - 2022-06-03 01:25:21 --> Call to undefined function get_store_name()
#0 C:\xampp\htdocs\littlegreenery\system\View\View.php(210): include()
#1 C:\xampp\htdocs\littlegreenery\system\View\View.php(213): CodeIgniter\View\View->CodeIgniter\View\{closure}()
#2 C:\xampp\htdocs\littlegreenery\system\Common.php(1089): CodeIgniter\View\View->render('App\\Views\\auth\\...', Array, true)
#3 C:\xampp\htdocs\littlegreenery\vendor\myth\auth\src\Controllers\AuthController.php(405): view('App\\Views\\auth\\...', Array)
#4 C:\xampp\htdocs\littlegreenery\vendor\myth\auth\src\Controllers\AuthController.php(58): Myth\Auth\Controllers\AuthController->_render('App\\Views\\auth\\...', Array)
#5 C:\xampp\htdocs\littlegreenery\system\CodeIgniter.php(832): Myth\Auth\Controllers\AuthController->login()
#6 C:\xampp\htdocs\littlegreenery\system\CodeIgniter.php(419): CodeIgniter\CodeIgniter->runController(Object(Myth\Auth\Controllers\AuthController))
#7 C:\xampp\htdocs\littlegreenery\system\CodeIgniter.php(326): CodeIgniter\CodeIgniter->handleRequest(NULL, Object(Config\Cache), false)
#8 C:\xampp\htdocs\littlegreenery\public\index.php(37): CodeIgniter\CodeIgniter->run()
#9 C:\xampp\htdocs\littlegreenery\system\Commands\Server\rewrite.php(43): require_once('C:\\xampp\\htdocs...')
#10 {main}
CRITICAL - 2022-06-03 01:31:47 --> Call to undefined function get_store_name()
#0 C:\xampp\htdocs\littlegreenery\system\View\View.php(210): include()
#1 C:\xampp\htdocs\littlegreenery\system\View\View.php(213): CodeIgniter\View\View->CodeIgniter\View\{closure}()
#2 C:\xampp\htdocs\littlegreenery\system\Common.php(1089): CodeIgniter\View\View->render('App\\Views\\auth\\...', Array, true)
#3 C:\xampp\htdocs\littlegreenery\vendor\myth\auth\src\Controllers\AuthController.php(405): view('App\\Views\\auth\\...', Array)
#4 C:\xampp\htdocs\littlegreenery\vendor\myth\auth\src\Controllers\AuthController.php(58): Myth\Auth\Controllers\AuthController->_render('App\\Views\\auth\\...', Array)
#5 C:\xampp\htdocs\littlegreenery\system\CodeIgniter.php(832): Myth\Auth\Controllers\AuthController->login()
#6 C:\xampp\htdocs\littlegreenery\system\CodeIgniter.php(419): CodeIgniter\CodeIgniter->runController(Object(Myth\Auth\Controllers\AuthController))
#7 C:\xampp\htdocs\littlegreenery\system\CodeIgniter.php(326): CodeIgniter\CodeIgniter->handleRequest(NULL, Object(Config\Cache), false)
#8 C:\xampp\htdocs\littlegreenery\public\index.php(37): CodeIgniter\CodeIgniter->run()
#9 C:\xampp\htdocs\littlegreenery\system\Commands\Server\rewrite.php(43): require_once('C:\\xampp\\htdocs...')
#10 {main}
CRITICAL - 2022-06-03 01:31:50 --> Call to undefined function get_store_name()
#0 C:\xampp\htdocs\littlegreenery\system\View\View.php(210): include()
#1 C:\xampp\htdocs\littlegreenery\system\View\View.php(213): CodeIgniter\View\View->CodeIgniter\View\{closure}()
#2 C:\xampp\htdocs\littlegreenery\system\Common.php(1089): CodeIgniter\View\View->render('App\\Views\\auth\\...', Array, true)
#3 C:\xampp\htdocs\littlegreenery\vendor\myth\auth\src\Controllers\AuthController.php(405): view('App\\Views\\auth\\...', Array)
#4 C:\xampp\htdocs\littlegreenery\vendor\myth\auth\src\Controllers\AuthController.php(58): Myth\Auth\Controllers\AuthController->_render('App\\Views\\auth\\...', Array)
#5 C:\xampp\htdocs\littlegreenery\system\CodeIgniter.php(832): Myth\Auth\Controllers\AuthController->login()
#6 C:\xampp\htdocs\littlegreenery\system\CodeIgniter.php(419): CodeIgniter\CodeIgniter->runController(Object(Myth\Auth\Controllers\AuthController))
#7 C:\xampp\htdocs\littlegreenery\system\CodeIgniter.php(326): CodeIgniter\CodeIgniter->handleRequest(NULL, Object(Config\Cache), false)
#8 C:\xampp\htdocs\littlegreenery\public\index.php(37): CodeIgniter\CodeIgniter->run()
#9 C:\xampp\htdocs\littlegreenery\system\Commands\Server\rewrite.php(43): require_once('C:\\xampp\\htdocs...')
#10 {main}
CRITICAL - 2022-06-03 02:51:35 --> Invalid file: auth\register.php
#0 C:\xampp\htdocs\littlegreenery\system\View\View.php(198): CodeIgniter\Exceptions\FrameworkException::forInvalidFile('auth\\register.p...')
#1 C:\xampp\htdocs\littlegreenery\system\Common.php(1089): CodeIgniter\View\View->render('auth\\register', Array, true)
#2 C:\xampp\htdocs\littlegreenery\app\Controllers\Login.php(28): view('auth\\register')
#3 C:\xampp\htdocs\littlegreenery\system\CodeIgniter.php(832): App\Controllers\Login->daftar()
#4 C:\xampp\htdocs\littlegreenery\system\CodeIgniter.php(419): CodeIgniter\CodeIgniter->runController(Object(App\Controllers\Login))
#5 C:\xampp\htdocs\littlegreenery\system\CodeIgniter.php(326): CodeIgniter\CodeIgniter->handleRequest(NULL, Object(Config\Cache), false)
#6 C:\xampp\htdocs\littlegreenery\public\index.php(37): CodeIgniter\CodeIgniter->run()
#7 C:\xampp\htdocs\littlegreenery\system\Commands\Server\rewrite.php(43): require_once('C:\\xampp\\htdocs...')
#8 {main}
CRITICAL - 2022-06-03 03:57:20 --> Attempt to read property "profile_picture" on null
#0 C:\xampp\htdocs\littlegreenery\app\Helpers\global_helper.php(94): CodeIgniter\Debug\Exceptions->errorHandler(2, 'Attempt to read...', 'C:\\xampp\\htdocs...', 94)
#1 C:\xampp\htdocs\littlegreenery\app\Views\admin\header.php(162): get_admin_image()
#2 C:\xampp\htdocs\littlegreenery\system\View\View.php(210): include('C:\\xampp\\htdocs...')
#3 C:\xampp\htdocs\littlegreenery\system\View\View.php(213): CodeIgniter\View\View->CodeIgniter\View\{closure}()
#4 C:\xampp\htdocs\littlegreenery\system\View\View.php(226): CodeIgniter\View\View->render('admin\\header', Array, true)
#5 C:\xampp\htdocs\littlegreenery\system\Common.php(1089): CodeIgniter\View\View->render('admin/reviews/r...', Array, true)
#6 C:\xampp\htdocs\littlegreenery\app\Controllers\Admin_Reviews.php(34): view('admin/reviews/r...', Array)
#7 C:\xampp\htdocs\littlegreenery\system\CodeIgniter.php(832): App\Controllers\Admin_Reviews->index()
#8 C:\xampp\htdocs\littlegreenery\system\CodeIgniter.php(419): CodeIgniter\CodeIgniter->runController(Object(App\Controllers\Admin_Reviews))
#9 C:\xampp\htdocs\littlegreenery\system\CodeIgniter.php(326): CodeIgniter\CodeIgniter->handleRequest(NULL, Object(Config\Cache), false)
#10 C:\xampp\htdocs\littlegreenery\public\index.php(37): CodeIgniter\CodeIgniter->run()
#11 C:\xampp\htdocs\littlegreenery\system\Commands\Server\rewrite.php(43): require_once('C:\\xampp\\htdocs...')
#12 {main}
