CRITICAL - 2022-05-17 02:08:54 --> Call to a member function model() on null
#0 C:\xampp\htdocs\tokoku\app\Views\themes\littlegreenery\shop\cart.php(39): get_product_image('13')
#1 C:\xampp\htdocs\tokoku\system\View\View.php(210): include('C:\\xampp\\htdocs...')
#2 C:\xampp\htdocs\tokoku\system\View\View.php(213): CodeIgniter\View\View->CodeIgniter\View\{closure}()
#3 C:\xampp\htdocs\tokoku\system\Common.php(1089): CodeIgniter\View\View->render('themes\\vegefood...', Array, true)
#4 C:\xampp\htdocs\tokoku\app\Controllers\Shop.php(48): view('themes\\vegefood...', Array)
#5 C:\xampp\htdocs\tokoku\system\CodeIgniter.php(832): App\Controllers\Shop->cart()
#6 C:\xampp\htdocs\tokoku\system\CodeIgniter.php(419): CodeIgniter\CodeIgniter->runController(Object(App\Controllers\Shop))
#7 C:\xampp\htdocs\tokoku\system\CodeIgniter.php(326): CodeIgniter\CodeIgniter->handleRequest(NULL, Object(Config\Cache), false)
#8 C:\xampp\htdocs\tokoku\public\index.php(37): CodeIgniter\CodeIgniter->run()
#9 C:\xampp\htdocs\tokoku\system\Commands\Server\rewrite.php(43): require_once('C:\\xampp\\htdocs...')
#10 {main}
CRITICAL - 2022-05-17 02:20:25 --> Unmatched '}'
#0 C:\xampp\htdocs\tokoku\system\Autoloader\Autoloader.php(241): CodeIgniter\Autoloader\Autoloader->includeFile('C:\\xampp\\htdocs...')
#1 C:\xampp\htdocs\tokoku\system\Autoloader\Autoloader.php(219): CodeIgniter\Autoloader\Autoloader->loadInNamespace('App\\Models\\Prod...')
#2 C:\xampp\htdocs\tokoku\app\Controllers\Shop.php(16): CodeIgniter\Autoloader\Autoloader->loadClass('App\\Models\\Prod...')
#3 C:\xampp\htdocs\tokoku\system\CodeIgniter.php(809): App\Controllers\Shop->__construct()
#4 C:\xampp\htdocs\tokoku\system\CodeIgniter.php(410): CodeIgniter\CodeIgniter->createController()
#5 C:\xampp\htdocs\tokoku\system\CodeIgniter.php(326): CodeIgniter\CodeIgniter->handleRequest(NULL, Object(Config\Cache), false)
#6 C:\xampp\htdocs\tokoku\public\index.php(37): CodeIgniter\CodeIgniter->run()
#7 C:\xampp\htdocs\tokoku\system\Commands\Server\rewrite.php(43): require_once('C:\\xampp\\htdocs...')
#8 {main}
CRITICAL - 2022-05-17 03:21:42 --> Undefined property: App\Controllers\Shop::$product
#0 C:\xampp\htdocs\tokoku\app\Controllers\Shop.php(24): CodeIgniter\Debug\Exceptions->errorHandler(2, 'Undefined prope...', 'C:\\xampp\\htdocs...', 24)
#1 C:\xampp\htdocs\tokoku\system\CodeIgniter.php(832): App\Controllers\Shop->product('10', 'BMS120283')
#2 C:\xampp\htdocs\tokoku\system\CodeIgniter.php(419): CodeIgniter\CodeIgniter->runController(Object(App\Controllers\Shop))
#3 C:\xampp\htdocs\tokoku\system\CodeIgniter.php(326): CodeIgniter\CodeIgniter->handleRequest(NULL, Object(Config\Cache), false)
#4 C:\xampp\htdocs\tokoku\public\index.php(37): CodeIgniter\CodeIgniter->run()
#5 C:\xampp\htdocs\tokoku\system\Commands\Server\rewrite.php(43): require_once('C:\\xampp\\htdocs...')
#6 {main}
ERROR - 2022-05-17 03:38:48 --> You have an error in your SQL syntax; check the manual that corresponds to your MariaDB server version for the right syntax to use near 'key = 'min_shop_to_free_shipping_cost'' at line 1
CRITICAL - 2022-05-17 03:38:48 --> You have an error in your SQL syntax; check the manual that corresponds to your MariaDB server version for the right syntax to use near 'key = 'min_shop_to_free_shipping_cost'' at line 1
#0 C:\xampp\htdocs\tokoku\system\Database\MySQLi\Connection.php(292): mysqli->query('\r\n        SELEC...', 0)
#1 C:\xampp\htdocs\tokoku\system\Database\BaseConnection.php(670): CodeIgniter\Database\MySQLi\Connection->execute('\r\n        SELEC...')
#2 C:\xampp\htdocs\tokoku\system\Database\BaseConnection.php(598): CodeIgniter\Database\BaseConnection->simpleQuery('\r\n        SELEC...')
#3 C:\xampp\htdocs\tokoku\app\Helpers\global_helper.php(21): CodeIgniter\Database\BaseConnection->query('\r\n        SELEC...')
#4 C:\xampp\htdocs\tokoku\app\Controllers\Shop.php(45): get_settings('min_shop_to_fre...')
#5 C:\xampp\htdocs\tokoku\system\CodeIgniter.php(832): App\Controllers\Shop->cart()
#6 C:\xampp\htdocs\tokoku\system\CodeIgniter.php(419): CodeIgniter\CodeIgniter->runController(Object(App\Controllers\Shop))
#7 C:\xampp\htdocs\tokoku\system\CodeIgniter.php(326): CodeIgniter\CodeIgniter->handleRequest(NULL, Object(Config\Cache), false)
#8 C:\xampp\htdocs\tokoku\public\index.php(37): CodeIgniter\CodeIgniter->run()
#9 C:\xampp\htdocs\tokoku\system\Commands\Server\rewrite.php(43): require_once('C:\\xampp\\htdocs...')
#10 {main}
ERROR - 2022-05-17 03:55:04 --> You have an error in your SQL syntax; check the manual that corresponds to your MariaDB server version for the right syntax to use near 'key = 'min_shop_to_free_shipping_cost'' at line 1
CRITICAL - 2022-05-17 03:55:04 --> You have an error in your SQL syntax; check the manual that corresponds to your MariaDB server version for the right syntax to use near 'key = 'min_shop_to_free_shipping_cost'' at line 1
#0 C:\xampp\htdocs\tokoku\system\Database\MySQLi\Connection.php(292): mysqli->query('\r\n        SELEC...', 0)
#1 C:\xampp\htdocs\tokoku\system\Database\BaseConnection.php(670): CodeIgniter\Database\MySQLi\Connection->execute('\r\n        SELEC...')
#2 C:\xampp\htdocs\tokoku\system\Database\BaseConnection.php(598): CodeIgniter\Database\BaseConnection->simpleQuery('\r\n        SELEC...')
#3 C:\xampp\htdocs\tokoku\app\Helpers\global_helper.php(21): CodeIgniter\Database\BaseConnection->query('\r\n        SELEC...')
#4 C:\xampp\htdocs\tokoku\app\Controllers\Shop.php(45): get_settings('min_shop_to_fre...')
#5 C:\xampp\htdocs\tokoku\system\CodeIgniter.php(832): App\Controllers\Shop->cart()
#6 C:\xampp\htdocs\tokoku\system\CodeIgniter.php(419): CodeIgniter\CodeIgniter->runController(Object(App\Controllers\Shop))
#7 C:\xampp\htdocs\tokoku\system\CodeIgniter.php(326): CodeIgniter\CodeIgniter->handleRequest(NULL, Object(Config\Cache), false)
#8 C:\xampp\htdocs\tokoku\public\index.php(37): CodeIgniter\CodeIgniter->run()
#9 C:\xampp\htdocs\tokoku\system\Commands\Server\rewrite.php(43): require_once('C:\\xampp\\htdocs...')
#10 {main}
ERROR - 2022-05-17 03:55:06 --> You have an error in your SQL syntax; check the manual that corresponds to your MariaDB server version for the right syntax to use near 'key = 'min_shop_to_free_shipping_cost'' at line 1
CRITICAL - 2022-05-17 03:55:06 --> You have an error in your SQL syntax; check the manual that corresponds to your MariaDB server version for the right syntax to use near 'key = 'min_shop_to_free_shipping_cost'' at line 1
#0 C:\xampp\htdocs\tokoku\system\Database\MySQLi\Connection.php(292): mysqli->query('\r\n        SELEC...', 0)
#1 C:\xampp\htdocs\tokoku\system\Database\BaseConnection.php(670): CodeIgniter\Database\MySQLi\Connection->execute('\r\n        SELEC...')
#2 C:\xampp\htdocs\tokoku\system\Database\BaseConnection.php(598): CodeIgniter\Database\BaseConnection->simpleQuery('\r\n        SELEC...')
#3 C:\xampp\htdocs\tokoku\app\Helpers\global_helper.php(21): CodeIgniter\Database\BaseConnection->query('\r\n        SELEC...')
#4 C:\xampp\htdocs\tokoku\app\Controllers\Shop.php(45): get_settings('min_shop_to_fre...')
#5 C:\xampp\htdocs\tokoku\system\CodeIgniter.php(832): App\Controllers\Shop->cart()
#6 C:\xampp\htdocs\tokoku\system\CodeIgniter.php(419): CodeIgniter\CodeIgniter->runController(Object(App\Controllers\Shop))
#7 C:\xampp\htdocs\tokoku\system\CodeIgniter.php(326): CodeIgniter\CodeIgniter->handleRequest(NULL, Object(Config\Cache), false)
#8 C:\xampp\htdocs\tokoku\public\index.php(37): CodeIgniter\CodeIgniter->run()
#9 C:\xampp\htdocs\tokoku\system\Commands\Server\rewrite.php(43): require_once('C:\\xampp\\htdocs...')
#10 {main}
ERROR - 2022-05-17 03:55:08 --> You have an error in your SQL syntax; check the manual that corresponds to your MariaDB server version for the right syntax to use near 'key = 'min_shop_to_free_shipping_cost'' at line 1
CRITICAL - 2022-05-17 03:55:08 --> You have an error in your SQL syntax; check the manual that corresponds to your MariaDB server version for the right syntax to use near 'key = 'min_shop_to_free_shipping_cost'' at line 1
#0 C:\xampp\htdocs\tokoku\system\Database\MySQLi\Connection.php(292): mysqli->query('\r\n        SELEC...', 0)
#1 C:\xampp\htdocs\tokoku\system\Database\BaseConnection.php(670): CodeIgniter\Database\MySQLi\Connection->execute('\r\n        SELEC...')
#2 C:\xampp\htdocs\tokoku\system\Database\BaseConnection.php(598): CodeIgniter\Database\BaseConnection->simpleQuery('\r\n        SELEC...')
#3 C:\xampp\htdocs\tokoku\app\Helpers\global_helper.php(21): CodeIgniter\Database\BaseConnection->query('\r\n        SELEC...')
#4 C:\xampp\htdocs\tokoku\app\Controllers\Shop.php(45): get_settings('min_shop_to_fre...')
#5 C:\xampp\htdocs\tokoku\system\CodeIgniter.php(832): App\Controllers\Shop->cart()
#6 C:\xampp\htdocs\tokoku\system\CodeIgniter.php(419): CodeIgniter\CodeIgniter->runController(Object(App\Controllers\Shop))
#7 C:\xampp\htdocs\tokoku\system\CodeIgniter.php(326): CodeIgniter\CodeIgniter->handleRequest(NULL, Object(Config\Cache), false)
#8 C:\xampp\htdocs\tokoku\public\index.php(37): CodeIgniter\CodeIgniter->run()
#9 C:\xampp\htdocs\tokoku\system\Commands\Server\rewrite.php(43): require_once('C:\\xampp\\htdocs...')
#10 {main}
ERROR - 2022-05-17 03:55:27 --> You have an error in your SQL syntax; check the manual that corresponds to your MariaDB server version for the right syntax to use near 'key = 'min_shop_to_free_shipping_cost'' at line 1
CRITICAL - 2022-05-17 03:55:27 --> You have an error in your SQL syntax; check the manual that corresponds to your MariaDB server version for the right syntax to use near 'key = 'min_shop_to_free_shipping_cost'' at line 1
#0 C:\xampp\htdocs\tokoku\system\Database\MySQLi\Connection.php(292): mysqli->query('\r\n        SELEC...', 0)
#1 C:\xampp\htdocs\tokoku\system\Database\BaseConnection.php(670): CodeIgniter\Database\MySQLi\Connection->execute('\r\n        SELEC...')
#2 C:\xampp\htdocs\tokoku\system\Database\BaseConnection.php(598): CodeIgniter\Database\BaseConnection->simpleQuery('\r\n        SELEC...')
#3 C:\xampp\htdocs\tokoku\app\Helpers\global_helper.php(21): CodeIgniter\Database\BaseConnection->query('\r\n        SELEC...')
#4 C:\xampp\htdocs\tokoku\app\Controllers\Shop.php(45): get_settings('min_shop_to_fre...')
#5 C:\xampp\htdocs\tokoku\system\CodeIgniter.php(832): App\Controllers\Shop->cart()
#6 C:\xampp\htdocs\tokoku\system\CodeIgniter.php(419): CodeIgniter\CodeIgniter->runController(Object(App\Controllers\Shop))
#7 C:\xampp\htdocs\tokoku\system\CodeIgniter.php(326): CodeIgniter\CodeIgniter->handleRequest(NULL, Object(Config\Cache), false)
#8 C:\xampp\htdocs\tokoku\public\index.php(37): CodeIgniter\CodeIgniter->run()
#9 C:\xampp\htdocs\tokoku\system\Commands\Server\rewrite.php(43): require_once('C:\\xampp\\htdocs...')
#10 {main}
ERROR - 2022-05-17 03:55:59 --> You have an error in your SQL syntax; check the manual that corresponds to your MariaDB server version for the right syntax to use near ''settings' WHERE key = 'min_shop_to_free_shipping_cost'' at line 1
CRITICAL - 2022-05-17 03:55:59 --> You have an error in your SQL syntax; check the manual that corresponds to your MariaDB server version for the right syntax to use near ''settings' WHERE key = 'min_shop_to_free_shipping_cost'' at line 1
#0 C:\xampp\htdocs\tokoku\system\Database\MySQLi\Connection.php(292): mysqli->query('\r\n        SELEC...', 0)
#1 C:\xampp\htdocs\tokoku\system\Database\BaseConnection.php(670): CodeIgniter\Database\MySQLi\Connection->execute('\r\n        SELEC...')
#2 C:\xampp\htdocs\tokoku\system\Database\BaseConnection.php(598): CodeIgniter\Database\BaseConnection->simpleQuery('\r\n        SELEC...')
#3 C:\xampp\htdocs\tokoku\app\Helpers\global_helper.php(21): CodeIgniter\Database\BaseConnection->query('\r\n        SELEC...')
#4 C:\xampp\htdocs\tokoku\app\Controllers\Shop.php(45): get_settings('min_shop_to_fre...')
#5 C:\xampp\htdocs\tokoku\system\CodeIgniter.php(832): App\Controllers\Shop->cart()
#6 C:\xampp\htdocs\tokoku\system\CodeIgniter.php(419): CodeIgniter\CodeIgniter->runController(Object(App\Controllers\Shop))
#7 C:\xampp\htdocs\tokoku\system\CodeIgniter.php(326): CodeIgniter\CodeIgniter->handleRequest(NULL, Object(Config\Cache), false)
#8 C:\xampp\htdocs\tokoku\public\index.php(37): CodeIgniter\CodeIgniter->run()
#9 C:\xampp\htdocs\tokoku\system\Commands\Server\rewrite.php(43): require_once('C:\\xampp\\htdocs...')
#10 {main}
ERROR - 2022-05-17 03:56:13 --> You have an error in your SQL syntax; check the manual that corresponds to your MariaDB server version for the right syntax to use near 'key = min_shop_to_free_shipping_cost' at line 1
CRITICAL - 2022-05-17 03:56:13 --> You have an error in your SQL syntax; check the manual that corresponds to your MariaDB server version for the right syntax to use near 'key = min_shop_to_free_shipping_cost' at line 1
#0 C:\xampp\htdocs\tokoku\system\Database\MySQLi\Connection.php(292): mysqli->query('\r\n        SELEC...', 0)
#1 C:\xampp\htdocs\tokoku\system\Database\BaseConnection.php(670): CodeIgniter\Database\MySQLi\Connection->execute('\r\n        SELEC...')
#2 C:\xampp\htdocs\tokoku\system\Database\BaseConnection.php(598): CodeIgniter\Database\BaseConnection->simpleQuery('\r\n        SELEC...')
#3 C:\xampp\htdocs\tokoku\app\Helpers\global_helper.php(21): CodeIgniter\Database\BaseConnection->query('\r\n        SELEC...')
#4 C:\xampp\htdocs\tokoku\app\Controllers\Shop.php(45): get_settings('min_shop_to_fre...')
#5 C:\xampp\htdocs\tokoku\system\CodeIgniter.php(832): App\Controllers\Shop->cart()
#6 C:\xampp\htdocs\tokoku\system\CodeIgniter.php(419): CodeIgniter\CodeIgniter->runController(Object(App\Controllers\Shop))
#7 C:\xampp\htdocs\tokoku\system\CodeIgniter.php(326): CodeIgniter\CodeIgniter->handleRequest(NULL, Object(Config\Cache), false)
#8 C:\xampp\htdocs\tokoku\public\index.php(37): CodeIgniter\CodeIgniter->run()
#9 C:\xampp\htdocs\tokoku\system\Commands\Server\rewrite.php(43): require_once('C:\\xampp\\htdocs...')
#10 {main}
ERROR - 2022-05-17 03:56:27 --> Unknown column 'min_shop_to_free_shipping_cost' in 'where clause'
CRITICAL - 2022-05-17 03:56:27 --> Unknown column 'min_shop_to_free_shipping_cost' in 'where clause'
#0 C:\xampp\htdocs\tokoku\system\Database\MySQLi\Connection.php(292): mysqli->query('\r\n        SELEC...', 0)
#1 C:\xampp\htdocs\tokoku\system\Database\BaseConnection.php(670): CodeIgniter\Database\MySQLi\Connection->execute('\r\n        SELEC...')
#2 C:\xampp\htdocs\tokoku\system\Database\BaseConnection.php(598): CodeIgniter\Database\BaseConnection->simpleQuery('\r\n        SELEC...')
#3 C:\xampp\htdocs\tokoku\app\Helpers\global_helper.php(21): CodeIgniter\Database\BaseConnection->query('\r\n        SELEC...')
#4 C:\xampp\htdocs\tokoku\app\Controllers\Shop.php(45): get_settings('min_shop_to_fre...')
#5 C:\xampp\htdocs\tokoku\system\CodeIgniter.php(832): App\Controllers\Shop->cart()
#6 C:\xampp\htdocs\tokoku\system\CodeIgniter.php(419): CodeIgniter\CodeIgniter->runController(Object(App\Controllers\Shop))
#7 C:\xampp\htdocs\tokoku\system\CodeIgniter.php(326): CodeIgniter\CodeIgniter->handleRequest(NULL, Object(Config\Cache), false)
#8 C:\xampp\htdocs\tokoku\public\index.php(37): CodeIgniter\CodeIgniter->run()
#9 C:\xampp\htdocs\tokoku\system\Commands\Server\rewrite.php(43): require_once('C:\\xampp\\htdocs...')
#10 {main}
ERROR - 2022-05-17 03:56:47 --> Unknown column 'min_shop_to_free_shipping_cost' in 'where clause'
CRITICAL - 2022-05-17 03:56:47 --> Unknown column 'min_shop_to_free_shipping_cost' in 'where clause'
#0 C:\xampp\htdocs\tokoku\system\Database\MySQLi\Connection.php(292): mysqli->query('\r\n        SELEC...', 0)
#1 C:\xampp\htdocs\tokoku\system\Database\BaseConnection.php(670): CodeIgniter\Database\MySQLi\Connection->execute('\r\n        SELEC...')
#2 C:\xampp\htdocs\tokoku\system\Database\BaseConnection.php(598): CodeIgniter\Database\BaseConnection->simpleQuery('\r\n        SELEC...')
#3 C:\xampp\htdocs\tokoku\app\Helpers\global_helper.php(21): CodeIgniter\Database\BaseConnection->query('\r\n        SELEC...')
#4 C:\xampp\htdocs\tokoku\app\Controllers\Shop.php(45): get_settings('min_shop_to_fre...')
#5 C:\xampp\htdocs\tokoku\system\CodeIgniter.php(832): App\Controllers\Shop->cart()
#6 C:\xampp\htdocs\tokoku\system\CodeIgniter.php(419): CodeIgniter\CodeIgniter->runController(Object(App\Controllers\Shop))
#7 C:\xampp\htdocs\tokoku\system\CodeIgniter.php(326): CodeIgniter\CodeIgniter->handleRequest(NULL, Object(Config\Cache), false)
#8 C:\xampp\htdocs\tokoku\public\index.php(37): CodeIgniter\CodeIgniter->run()
#9 C:\xampp\htdocs\tokoku\system\Commands\Server\rewrite.php(43): require_once('C:\\xampp\\htdocs...')
#10 {main}
ERROR - 2022-05-17 03:56:48 --> Unknown column 'min_shop_to_free_shipping_cost' in 'where clause'
CRITICAL - 2022-05-17 03:56:48 --> Unknown column 'min_shop_to_free_shipping_cost' in 'where clause'
#0 C:\xampp\htdocs\tokoku\system\Database\MySQLi\Connection.php(292): mysqli->query('\r\n        SELEC...', 0)
#1 C:\xampp\htdocs\tokoku\system\Database\BaseConnection.php(670): CodeIgniter\Database\MySQLi\Connection->execute('\r\n        SELEC...')
#2 C:\xampp\htdocs\tokoku\system\Database\BaseConnection.php(598): CodeIgniter\Database\BaseConnection->simpleQuery('\r\n        SELEC...')
#3 C:\xampp\htdocs\tokoku\app\Helpers\global_helper.php(21): CodeIgniter\Database\BaseConnection->query('\r\n        SELEC...')
#4 C:\xampp\htdocs\tokoku\app\Controllers\Shop.php(45): get_settings('min_shop_to_fre...')
#5 C:\xampp\htdocs\tokoku\system\CodeIgniter.php(832): App\Controllers\Shop->cart()
#6 C:\xampp\htdocs\tokoku\system\CodeIgniter.php(419): CodeIgniter\CodeIgniter->runController(Object(App\Controllers\Shop))
#7 C:\xampp\htdocs\tokoku\system\CodeIgniter.php(326): CodeIgniter\CodeIgniter->handleRequest(NULL, Object(Config\Cache), false)
#8 C:\xampp\htdocs\tokoku\public\index.php(37): CodeIgniter\CodeIgniter->run()
#9 C:\xampp\htdocs\tokoku\system\Commands\Server\rewrite.php(43): require_once('C:\\xampp\\htdocs...')
#10 {main}
CRITICAL - 2022-05-17 03:59:56 --> CodeIgniter\Database\BaseBuilder::get(): Argument #1 ($limit) must be of type ?int, string given, called in C:\xampp\htdocs\tokoku\app\Helpers\global_helper.php on line 23
#0 C:\xampp\htdocs\tokoku\app\Helpers\global_helper.php(23): CodeIgniter\Database\BaseBuilder->get('settings')
#1 C:\xampp\htdocs\tokoku\app\Controllers\Shop.php(45): get_settings('min_shop_to_fre...')
#2 C:\xampp\htdocs\tokoku\system\CodeIgniter.php(832): App\Controllers\Shop->cart()
#3 C:\xampp\htdocs\tokoku\system\CodeIgniter.php(419): CodeIgniter\CodeIgniter->runController(Object(App\Controllers\Shop))
#4 C:\xampp\htdocs\tokoku\system\CodeIgniter.php(326): CodeIgniter\CodeIgniter->handleRequest(NULL, Object(Config\Cache), false)
#5 C:\xampp\htdocs\tokoku\public\index.php(37): CodeIgniter\CodeIgniter->run()
#6 C:\xampp\htdocs\tokoku\system\Commands\Server\rewrite.php(43): require_once('C:\\xampp\\htdocs...')
#7 {main}
ERROR - 2022-05-17 04:04:23 --> Unknown column 'min_shop_to_free_shipping_cost' in 'where clause'
CRITICAL - 2022-05-17 04:04:23 --> Unknown column 'min_shop_to_free_shipping_cost' in 'where clause'
#0 C:\xampp\htdocs\tokoku\system\Database\MySQLi\Connection.php(292): mysqli->query('\r\n        SELEC...', 0)
#1 C:\xampp\htdocs\tokoku\system\Database\BaseConnection.php(670): CodeIgniter\Database\MySQLi\Connection->execute('\r\n        SELEC...')
#2 C:\xampp\htdocs\tokoku\system\Database\BaseConnection.php(598): CodeIgniter\Database\BaseConnection->simpleQuery('\r\n        SELEC...')
#3 C:\xampp\htdocs\tokoku\app\Helpers\global_helper.php(21): CodeIgniter\Database\BaseConnection->query('\r\n        SELEC...')
#4 C:\xampp\htdocs\tokoku\app\Controllers\Shop.php(45): get_settings('min_shop_to_fre...')
#5 C:\xampp\htdocs\tokoku\system\CodeIgniter.php(832): App\Controllers\Shop->cart()
#6 C:\xampp\htdocs\tokoku\system\CodeIgniter.php(419): CodeIgniter\CodeIgniter->runController(Object(App\Controllers\Shop))
#7 C:\xampp\htdocs\tokoku\system\CodeIgniter.php(326): CodeIgniter\CodeIgniter->handleRequest(NULL, Object(Config\Cache), false)
#8 C:\xampp\htdocs\tokoku\public\index.php(37): CodeIgniter\CodeIgniter->run()
#9 C:\xampp\htdocs\tokoku\system\Commands\Server\rewrite.php(43): require_once('C:\\xampp\\htdocs...')
#10 {main}
ERROR - 2022-05-17 04:17:49 --> You have an error in your SQL syntax; check the manual that corresponds to your MariaDB server version for the right syntax to use near ''settings`.`key` = min_shop_to_free_shipping_cost' at line 1
CRITICAL - 2022-05-17 04:17:49 --> You have an error in your SQL syntax; check the manual that corresponds to your MariaDB server version for the right syntax to use near ''settings`.`key` = min_shop_to_free_shipping_cost' at line 1
#0 C:\xampp\htdocs\tokoku\system\Database\MySQLi\Connection.php(292): mysqli->query('\r\n        SELEC...', 0)
#1 C:\xampp\htdocs\tokoku\system\Database\BaseConnection.php(670): CodeIgniter\Database\MySQLi\Connection->execute('\r\n        SELEC...')
#2 C:\xampp\htdocs\tokoku\system\Database\BaseConnection.php(598): CodeIgniter\Database\BaseConnection->simpleQuery('\r\n        SELEC...')
#3 C:\xampp\htdocs\tokoku\app\Helpers\global_helper.php(21): CodeIgniter\Database\BaseConnection->query('\r\n        SELEC...')
#4 C:\xampp\htdocs\tokoku\app\Controllers\Shop.php(45): get_settings('min_shop_to_fre...')
#5 C:\xampp\htdocs\tokoku\system\CodeIgniter.php(832): App\Controllers\Shop->cart()
#6 C:\xampp\htdocs\tokoku\system\CodeIgniter.php(419): CodeIgniter\CodeIgniter->runController(Object(App\Controllers\Shop))
#7 C:\xampp\htdocs\tokoku\system\CodeIgniter.php(326): CodeIgniter\CodeIgniter->handleRequest(NULL, Object(Config\Cache), false)
#8 C:\xampp\htdocs\tokoku\public\index.php(37): CodeIgniter\CodeIgniter->run()
#9 C:\xampp\htdocs\tokoku\system\Commands\Server\rewrite.php(43): require_once('C:\\xampp\\htdocs...')
#10 {main}
ERROR - 2022-05-17 04:18:10 --> You have an error in your SQL syntax; check the manual that corresponds to your MariaDB server version for the right syntax to use near '.'key' = min_shop_to_free_shipping_cost' at line 1
CRITICAL - 2022-05-17 04:18:10 --> You have an error in your SQL syntax; check the manual that corresponds to your MariaDB server version for the right syntax to use near '.'key' = min_shop_to_free_shipping_cost' at line 1
#0 C:\xampp\htdocs\tokoku\system\Database\MySQLi\Connection.php(292): mysqli->query('\r\n        SELEC...', 0)
#1 C:\xampp\htdocs\tokoku\system\Database\BaseConnection.php(670): CodeIgniter\Database\MySQLi\Connection->execute('\r\n        SELEC...')
#2 C:\xampp\htdocs\tokoku\system\Database\BaseConnection.php(598): CodeIgniter\Database\BaseConnection->simpleQuery('\r\n        SELEC...')
#3 C:\xampp\htdocs\tokoku\app\Helpers\global_helper.php(21): CodeIgniter\Database\BaseConnection->query('\r\n        SELEC...')
#4 C:\xampp\htdocs\tokoku\app\Controllers\Shop.php(45): get_settings('min_shop_to_fre...')
#5 C:\xampp\htdocs\tokoku\system\CodeIgniter.php(832): App\Controllers\Shop->cart()
#6 C:\xampp\htdocs\tokoku\system\CodeIgniter.php(419): CodeIgniter\CodeIgniter->runController(Object(App\Controllers\Shop))
#7 C:\xampp\htdocs\tokoku\system\CodeIgniter.php(326): CodeIgniter\CodeIgniter->handleRequest(NULL, Object(Config\Cache), false)
#8 C:\xampp\htdocs\tokoku\public\index.php(37): CodeIgniter\CodeIgniter->run()
#9 C:\xampp\htdocs\tokoku\system\Commands\Server\rewrite.php(43): require_once('C:\\xampp\\htdocs...')
#10 {main}
ERROR - 2022-05-17 04:18:25 --> You have an error in your SQL syntax; check the manual that corresponds to your MariaDB server version for the right syntax to use near ''key' = min_shop_to_free_shipping_cost' at line 1
CRITICAL - 2022-05-17 04:18:25 --> You have an error in your SQL syntax; check the manual that corresponds to your MariaDB server version for the right syntax to use near ''key' = min_shop_to_free_shipping_cost' at line 1
#0 C:\xampp\htdocs\tokoku\system\Database\MySQLi\Connection.php(292): mysqli->query('\r\n        SELEC...', 0)
#1 C:\xampp\htdocs\tokoku\system\Database\BaseConnection.php(670): CodeIgniter\Database\MySQLi\Connection->execute('\r\n        SELEC...')
#2 C:\xampp\htdocs\tokoku\system\Database\BaseConnection.php(598): CodeIgniter\Database\BaseConnection->simpleQuery('\r\n        SELEC...')
#3 C:\xampp\htdocs\tokoku\app\Helpers\global_helper.php(21): CodeIgniter\Database\BaseConnection->query('\r\n        SELEC...')
#4 C:\xampp\htdocs\tokoku\app\Controllers\Shop.php(45): get_settings('min_shop_to_fre...')
#5 C:\xampp\htdocs\tokoku\system\CodeIgniter.php(832): App\Controllers\Shop->cart()
#6 C:\xampp\htdocs\tokoku\system\CodeIgniter.php(419): CodeIgniter\CodeIgniter->runController(Object(App\Controllers\Shop))
#7 C:\xampp\htdocs\tokoku\system\CodeIgniter.php(326): CodeIgniter\CodeIgniter->handleRequest(NULL, Object(Config\Cache), false)
#8 C:\xampp\htdocs\tokoku\public\index.php(37): CodeIgniter\CodeIgniter->run()
#9 C:\xampp\htdocs\tokoku\system\Commands\Server\rewrite.php(43): require_once('C:\\xampp\\htdocs...')
#10 {main}
CRITICAL - 2022-05-17 04:19:14 --> Call to undefined function App\Controllers\is_login()
#0 C:\xampp\htdocs\tokoku\system\CodeIgniter.php(832): App\Controllers\Shop->checkout()
#1 C:\xampp\htdocs\tokoku\system\CodeIgniter.php(419): CodeIgniter\CodeIgniter->runController(Object(App\Controllers\Shop))
#2 C:\xampp\htdocs\tokoku\system\CodeIgniter.php(326): CodeIgniter\CodeIgniter->handleRequest(NULL, Object(Config\Cache), false)
#3 C:\xampp\htdocs\tokoku\public\index.php(37): CodeIgniter\CodeIgniter->run()
#4 C:\xampp\htdocs\tokoku\system\Commands\Server\rewrite.php(43): require_once('C:\\xampp\\htdocs...')
#5 {main}
CRITICAL - 2022-05-17 04:19:58 --> Call to undefined function App\Controllers\is_login()
#0 C:\xampp\htdocs\tokoku\system\CodeIgniter.php(832): App\Controllers\Shop->checkout()
#1 C:\xampp\htdocs\tokoku\system\CodeIgniter.php(419): CodeIgniter\CodeIgniter->runController(Object(App\Controllers\Shop))
#2 C:\xampp\htdocs\tokoku\system\CodeIgniter.php(326): CodeIgniter\CodeIgniter->handleRequest(NULL, Object(Config\Cache), false)
#3 C:\xampp\htdocs\tokoku\public\index.php(37): CodeIgniter\CodeIgniter->run()
#4 C:\xampp\htdocs\tokoku\system\Commands\Server\rewrite.php(43): require_once('C:\\xampp\\htdocs...')
#5 {main}
CRITICAL - 2022-05-17 05:16:30 --> Call to undefined function App\Controllers\is_login()
#0 C:\xampp\htdocs\tokoku\system\CodeIgniter.php(832): App\Controllers\Shop->checkout()
#1 C:\xampp\htdocs\tokoku\system\CodeIgniter.php(419): CodeIgniter\CodeIgniter->runController(Object(App\Controllers\Shop))
#2 C:\xampp\htdocs\tokoku\system\CodeIgniter.php(326): CodeIgniter\CodeIgniter->handleRequest(NULL, Object(Config\Cache), false)
#3 C:\xampp\htdocs\tokoku\public\index.php(37): CodeIgniter\CodeIgniter->run()
#4 C:\xampp\htdocs\tokoku\system\Commands\Server\rewrite.php(43): require_once('C:\\xampp\\htdocs...')
#5 {main}
CRITICAL - 2022-05-17 07:45:10 --> Call to undefined function App\Controllers\is_login()
#0 C:\xampp\htdocs\tokoku\system\CodeIgniter.php(832): App\Controllers\Shop->checkout()
#1 C:\xampp\htdocs\tokoku\system\CodeIgniter.php(419): CodeIgniter\CodeIgniter->runController(Object(App\Controllers\Shop))
#2 C:\xampp\htdocs\tokoku\system\CodeIgniter.php(326): CodeIgniter\CodeIgniter->handleRequest(NULL, Object(Config\Cache), false)
#3 C:\xampp\htdocs\tokoku\public\index.php(37): CodeIgniter\CodeIgniter->run()
#4 C:\xampp\htdocs\tokoku\system\Commands\Server\rewrite.php(43): require_once('C:\\xampp\\htdocs...')
#5 {main}
CRITICAL - 2022-05-17 07:50:03 --> Call to undefined function App\Controllers\is_login()
#0 C:\xampp\htdocs\tokoku\system\CodeIgniter.php(832): App\Controllers\Shop->checkout()
#1 C:\xampp\htdocs\tokoku\system\CodeIgniter.php(419): CodeIgniter\CodeIgniter->runController(Object(App\Controllers\Shop))
#2 C:\xampp\htdocs\tokoku\system\CodeIgniter.php(326): CodeIgniter\CodeIgniter->handleRequest(NULL, Object(Config\Cache), false)
#3 C:\xampp\htdocs\tokoku\public\index.php(37): CodeIgniter\CodeIgniter->run()
#4 C:\xampp\htdocs\tokoku\system\Commands\Server\rewrite.php(43): require_once('C:\\xampp\\htdocs...')
#5 {main}
CRITICAL - 2022-05-17 07:50:09 --> Call to undefined function App\Controllers\is_login()
#0 C:\xampp\htdocs\tokoku\system\CodeIgniter.php(832): App\Controllers\Shop->checkout()
#1 C:\xampp\htdocs\tokoku\system\CodeIgniter.php(419): CodeIgniter\CodeIgniter->runController(Object(App\Controllers\Shop))
#2 C:\xampp\htdocs\tokoku\system\CodeIgniter.php(326): CodeIgniter\CodeIgniter->handleRequest(NULL, Object(Config\Cache), false)
#3 C:\xampp\htdocs\tokoku\public\index.php(37): CodeIgniter\CodeIgniter->run()
#4 C:\xampp\htdocs\tokoku\system\Commands\Server\rewrite.php(43): require_once('C:\\xampp\\htdocs...')
#5 {main}
CRITICAL - 2022-05-17 07:50:33 --> Undefined property: App\Controllers\Shop::$input
#0 C:\xampp\htdocs\tokoku\app\Controllers\Shop.php(64): CodeIgniter\Debug\Exceptions->errorHandler(2, 'Undefined prope...', 'C:\\xampp\\htdocs...', 64)
#1 C:\xampp\htdocs\tokoku\system\CodeIgniter.php(832): App\Controllers\Shop->checkout()
#2 C:\xampp\htdocs\tokoku\system\CodeIgniter.php(419): CodeIgniter\CodeIgniter->runController(Object(App\Controllers\Shop))
#3 C:\xampp\htdocs\tokoku\system\CodeIgniter.php(326): CodeIgniter\CodeIgniter->handleRequest(NULL, Object(Config\Cache), false)
#4 C:\xampp\htdocs\tokoku\public\index.php(37): CodeIgniter\CodeIgniter->run()
#5 C:\xampp\htdocs\tokoku\system\Commands\Server\rewrite.php(43): require_once('C:\\xampp\\htdocs...')
#6 {main}
CRITICAL - 2022-05-17 07:50:34 --> Undefined property: App\Controllers\Shop::$input
#0 C:\xampp\htdocs\tokoku\app\Controllers\Shop.php(64): CodeIgniter\Debug\Exceptions->errorHandler(2, 'Undefined prope...', 'C:\\xampp\\htdocs...', 64)
#1 C:\xampp\htdocs\tokoku\system\CodeIgniter.php(832): App\Controllers\Shop->checkout()
#2 C:\xampp\htdocs\tokoku\system\CodeIgniter.php(419): CodeIgniter\CodeIgniter->runController(Object(App\Controllers\Shop))
#3 C:\xampp\htdocs\tokoku\system\CodeIgniter.php(326): CodeIgniter\CodeIgniter->handleRequest(NULL, Object(Config\Cache), false)
#4 C:\xampp\htdocs\tokoku\public\index.php(37): CodeIgniter\CodeIgniter->run()
#5 C:\xampp\htdocs\tokoku\system\Commands\Server\rewrite.php(43): require_once('C:\\xampp\\htdocs...')
#6 {main}
CRITICAL - 2022-05-17 07:50:48 --> Undefined property: App\Controllers\Shop::$input
#0 C:\xampp\htdocs\tokoku\app\Controllers\Shop.php(64): CodeIgniter\Debug\Exceptions->errorHandler(2, 'Undefined prope...', 'C:\\xampp\\htdocs...', 64)
#1 C:\xampp\htdocs\tokoku\system\CodeIgniter.php(832): App\Controllers\Shop->checkout()
#2 C:\xampp\htdocs\tokoku\system\CodeIgniter.php(419): CodeIgniter\CodeIgniter->runController(Object(App\Controllers\Shop))
#3 C:\xampp\htdocs\tokoku\system\CodeIgniter.php(326): CodeIgniter\CodeIgniter->handleRequest(NULL, Object(Config\Cache), false)
#4 C:\xampp\htdocs\tokoku\public\index.php(37): CodeIgniter\CodeIgniter->run()
#5 C:\xampp\htdocs\tokoku\system\Commands\Server\rewrite.php(43): require_once('C:\\xampp\\htdocs...')
#6 {main}
CRITICAL - 2022-05-17 07:52:01 --> Undefined property: App\Controllers\Shop::$session
#0 C:\xampp\htdocs\tokoku\app\Controllers\Shop.php(64): CodeIgniter\Debug\Exceptions->errorHandler(2, 'Undefined prope...', 'C:\\xampp\\htdocs...', 64)
#1 C:\xampp\htdocs\tokoku\system\CodeIgniter.php(832): App\Controllers\Shop->checkout()
#2 C:\xampp\htdocs\tokoku\system\CodeIgniter.php(419): CodeIgniter\CodeIgniter->runController(Object(App\Controllers\Shop))
#3 C:\xampp\htdocs\tokoku\system\CodeIgniter.php(326): CodeIgniter\CodeIgniter->handleRequest(NULL, Object(Config\Cache), false)
#4 C:\xampp\htdocs\tokoku\public\index.php(37): CodeIgniter\CodeIgniter->run()
#5 C:\xampp\htdocs\tokoku\system\Commands\Server\rewrite.php(43): require_once('C:\\xampp\\htdocs...')
#6 {main}
CRITICAL - 2022-05-17 07:52:15 --> Undefined property: App\Controllers\Shop::$session
#0 C:\xampp\htdocs\tokoku\app\Controllers\Shop.php(64): CodeIgniter\Debug\Exceptions->errorHandler(2, 'Undefined prope...', 'C:\\xampp\\htdocs...', 64)
#1 C:\xampp\htdocs\tokoku\system\CodeIgniter.php(832): App\Controllers\Shop->checkout()
#2 C:\xampp\htdocs\tokoku\system\CodeIgniter.php(419): CodeIgniter\CodeIgniter->runController(Object(App\Controllers\Shop))
#3 C:\xampp\htdocs\tokoku\system\CodeIgniter.php(326): CodeIgniter\CodeIgniter->handleRequest(NULL, Object(Config\Cache), false)
#4 C:\xampp\htdocs\tokoku\public\index.php(37): CodeIgniter\CodeIgniter->run()
#5 C:\xampp\htdocs\tokoku\system\Commands\Server\rewrite.php(43): require_once('C:\\xampp\\htdocs...')
#6 {main}
CRITICAL - 2022-05-17 08:02:20 --> Undefined property: App\Controllers\Shop::$session
#0 C:\xampp\htdocs\tokoku\app\Controllers\Shop.php(66): CodeIgniter\Debug\Exceptions->errorHandler(2, 'Undefined prope...', 'C:\\xampp\\htdocs...', 66)
#1 C:\xampp\htdocs\tokoku\system\CodeIgniter.php(832): App\Controllers\Shop->checkout()
#2 C:\xampp\htdocs\tokoku\system\CodeIgniter.php(419): CodeIgniter\CodeIgniter->runController(Object(App\Controllers\Shop))
#3 C:\xampp\htdocs\tokoku\system\CodeIgniter.php(326): CodeIgniter\CodeIgniter->handleRequest(NULL, Object(Config\Cache), false)
#4 C:\xampp\htdocs\tokoku\public\index.php(37): CodeIgniter\CodeIgniter->run()
#5 C:\xampp\htdocs\tokoku\system\Commands\Server\rewrite.php(43): require_once('C:\\xampp\\htdocs...')
#6 {main}
CRITICAL - 2022-05-17 08:03:47 --> Undefined property: App\Controllers\Shop::$cart
#0 C:\xampp\htdocs\tokoku\app\Controllers\Shop.php(112): CodeIgniter\Debug\Exceptions->errorHandler(2, 'Undefined prope...', 'C:\\xampp\\htdocs...', 112)
#1 C:\xampp\htdocs\tokoku\system\CodeIgniter.php(832): App\Controllers\Shop->checkout()
#2 C:\xampp\htdocs\tokoku\system\CodeIgniter.php(419): CodeIgniter\CodeIgniter->runController(Object(App\Controllers\Shop))
#3 C:\xampp\htdocs\tokoku\system\CodeIgniter.php(326): CodeIgniter\CodeIgniter->handleRequest(NULL, Object(Config\Cache), false)
#4 C:\xampp\htdocs\tokoku\public\index.php(37): CodeIgniter\CodeIgniter->run()
#5 C:\xampp\htdocs\tokoku\system\Commands\Server\rewrite.php(43): require_once('C:\\xampp\\htdocs...')
#6 {main}
CRITICAL - 2022-05-17 08:11:36 --> Undefined property: App\Controllers\Shop::$session
#0 C:\xampp\htdocs\tokoku\app\Controllers\Shop.php(126): CodeIgniter\Debug\Exceptions->errorHandler(2, 'Undefined prope...', 'C:\\xampp\\htdocs...', 126)
#1 C:\xampp\htdocs\tokoku\system\CodeIgniter.php(832): App\Controllers\Shop->checkout()
#2 C:\xampp\htdocs\tokoku\system\CodeIgniter.php(419): CodeIgniter\CodeIgniter->runController(Object(App\Controllers\Shop))
#3 C:\xampp\htdocs\tokoku\system\CodeIgniter.php(326): CodeIgniter\CodeIgniter->handleRequest(NULL, Object(Config\Cache), false)
#4 C:\xampp\htdocs\tokoku\public\index.php(37): CodeIgniter\CodeIgniter->run()
#5 C:\xampp\htdocs\tokoku\system\Commands\Server\rewrite.php(43): require_once('C:\\xampp\\htdocs...')
#6 {main}
CRITICAL - 2022-05-17 08:25:56 --> Invalid file: shop/checkout.php
#0 C:\xampp\htdocs\tokoku\system\View\View.php(198): CodeIgniter\Exceptions\FrameworkException::forInvalidFile('shop/checkout.p...')
#1 C:\xampp\htdocs\tokoku\system\Common.php(1089): CodeIgniter\View\View->render('shop/checkout', Array, true)
#2 C:\xampp\htdocs\tokoku\app\Controllers\Shop.php(133): view('shop/checkout', Array)
#3 C:\xampp\htdocs\tokoku\system\CodeIgniter.php(832): App\Controllers\Shop->checkout()
#4 C:\xampp\htdocs\tokoku\system\CodeIgniter.php(419): CodeIgniter\CodeIgniter->runController(Object(App\Controllers\Shop))
#5 C:\xampp\htdocs\tokoku\system\CodeIgniter.php(326): CodeIgniter\CodeIgniter->handleRequest(NULL, Object(Config\Cache), false)
#6 C:\xampp\htdocs\tokoku\public\index.php(37): CodeIgniter\CodeIgniter->run()
#7 C:\xampp\htdocs\tokoku\system\Commands\Server\rewrite.php(43): require_once('C:\\xampp\\htdocs...')
#8 {main}
CRITICAL - 2022-05-17 08:26:00 --> Invalid file: shop/checkout.php
#0 C:\xampp\htdocs\tokoku\system\View\View.php(198): CodeIgniter\Exceptions\FrameworkException::forInvalidFile('shop/checkout.p...')
#1 C:\xampp\htdocs\tokoku\system\Common.php(1089): CodeIgniter\View\View->render('shop/checkout', Array, true)
#2 C:\xampp\htdocs\tokoku\app\Controllers\Shop.php(133): view('shop/checkout', Array)
#3 C:\xampp\htdocs\tokoku\system\CodeIgniter.php(832): App\Controllers\Shop->checkout()
#4 C:\xampp\htdocs\tokoku\system\CodeIgniter.php(419): CodeIgniter\CodeIgniter->runController(Object(App\Controllers\Shop))
#5 C:\xampp\htdocs\tokoku\system\CodeIgniter.php(326): CodeIgniter\CodeIgniter->handleRequest(NULL, Object(Config\Cache), false)
#6 C:\xampp\htdocs\tokoku\public\index.php(37): CodeIgniter\CodeIgniter->run()
#7 C:\xampp\htdocs\tokoku\system\Commands\Server\rewrite.php(43): require_once('C:\\xampp\\htdocs...')
#8 {main}
CRITICAL - 2022-05-17 08:27:12 --> Invalid file: shop/checkout.php
#0 C:\xampp\htdocs\tokoku\system\View\View.php(198): CodeIgniter\Exceptions\FrameworkException::forInvalidFile('shop/checkout.p...')
#1 C:\xampp\htdocs\tokoku\system\Common.php(1089): CodeIgniter\View\View->render('shop/checkout', Array, true)
#2 C:\xampp\htdocs\tokoku\app\Controllers\Shop.php(133): view('shop/checkout', Array)
#3 C:\xampp\htdocs\tokoku\system\CodeIgniter.php(832): App\Controllers\Shop->checkout()
#4 C:\xampp\htdocs\tokoku\system\CodeIgniter.php(419): CodeIgniter\CodeIgniter->runController(Object(App\Controllers\Shop))
#5 C:\xampp\htdocs\tokoku\system\CodeIgniter.php(326): CodeIgniter\CodeIgniter->handleRequest(NULL, Object(Config\Cache), false)
#6 C:\xampp\htdocs\tokoku\public\index.php(37): CodeIgniter\CodeIgniter->run()
#7 C:\xampp\htdocs\tokoku\system\Commands\Server\rewrite.php(43): require_once('C:\\xampp\\htdocs...')
#8 {main}
CRITICAL - 2022-05-17 08:27:19 --> foreach() argument must be of type array|object, null given
#0 C:\xampp\htdocs\tokoku\app\Controllers\Shop.php(79): CodeIgniter\Debug\Exceptions->errorHandler(2, 'foreach() argum...', 'C:\\xampp\\htdocs...', 79)
#1 C:\xampp\htdocs\tokoku\system\CodeIgniter.php(832): App\Controllers\Shop->checkout()
#2 C:\xampp\htdocs\tokoku\system\CodeIgniter.php(419): CodeIgniter\CodeIgniter->runController(Object(App\Controllers\Shop))
#3 C:\xampp\htdocs\tokoku\system\CodeIgniter.php(326): CodeIgniter\CodeIgniter->handleRequest(NULL, Object(Config\Cache), false)
#4 C:\xampp\htdocs\tokoku\public\index.php(37): CodeIgniter\CodeIgniter->run()
#5 C:\xampp\htdocs\tokoku\system\Commands\Server\rewrite.php(43): require_once('C:\\xampp\\htdocs...')
#6 {main}
CRITICAL - 2022-05-17 08:28:20 --> foreach() argument must be of type array|object, null given
#0 C:\xampp\htdocs\tokoku\app\Controllers\Shop.php(77): CodeIgniter\Debug\Exceptions->errorHandler(2, 'foreach() argum...', 'C:\\xampp\\htdocs...', 77)
#1 C:\xampp\htdocs\tokoku\system\CodeIgniter.php(832): App\Controllers\Shop->checkout()
#2 C:\xampp\htdocs\tokoku\system\CodeIgniter.php(419): CodeIgniter\CodeIgniter->runController(Object(App\Controllers\Shop))
#3 C:\xampp\htdocs\tokoku\system\CodeIgniter.php(326): CodeIgniter\CodeIgniter->handleRequest(NULL, Object(Config\Cache), false)
#4 C:\xampp\htdocs\tokoku\public\index.php(37): CodeIgniter\CodeIgniter->run()
#5 C:\xampp\htdocs\tokoku\system\Commands\Server\rewrite.php(43): require_once('C:\\xampp\\htdocs...')
#6 {main}
CRITICAL - 2022-05-17 08:28:21 --> foreach() argument must be of type array|object, null given
#0 C:\xampp\htdocs\tokoku\app\Controllers\Shop.php(77): CodeIgniter\Debug\Exceptions->errorHandler(2, 'foreach() argum...', 'C:\\xampp\\htdocs...', 77)
#1 C:\xampp\htdocs\tokoku\system\CodeIgniter.php(832): App\Controllers\Shop->checkout()
#2 C:\xampp\htdocs\tokoku\system\CodeIgniter.php(419): CodeIgniter\CodeIgniter->runController(Object(App\Controllers\Shop))
#3 C:\xampp\htdocs\tokoku\system\CodeIgniter.php(326): CodeIgniter\CodeIgniter->handleRequest(NULL, Object(Config\Cache), false)
#4 C:\xampp\htdocs\tokoku\public\index.php(37): CodeIgniter\CodeIgniter->run()
#5 C:\xampp\htdocs\tokoku\system\Commands\Server\rewrite.php(43): require_once('C:\\xampp\\htdocs...')
#6 {main}
CRITICAL - 2022-05-17 08:31:17 --> Invalid file: shop/checkout.php
#0 C:\xampp\htdocs\tokoku\system\View\View.php(198): CodeIgniter\Exceptions\FrameworkException::forInvalidFile('shop/checkout.p...')
#1 C:\xampp\htdocs\tokoku\system\Common.php(1089): CodeIgniter\View\View->render('shop/checkout', Array, true)
#2 C:\xampp\htdocs\tokoku\app\Controllers\Shop.php(131): view('shop/checkout', Array)
#3 C:\xampp\htdocs\tokoku\system\CodeIgniter.php(832): App\Controllers\Shop->checkout()
#4 C:\xampp\htdocs\tokoku\system\CodeIgniter.php(419): CodeIgniter\CodeIgniter->runController(Object(App\Controllers\Shop))
#5 C:\xampp\htdocs\tokoku\system\CodeIgniter.php(326): CodeIgniter\CodeIgniter->handleRequest(NULL, Object(Config\Cache), false)
#6 C:\xampp\htdocs\tokoku\public\index.php(37): CodeIgniter\CodeIgniter->run()
#7 C:\xampp\htdocs\tokoku\system\Commands\Server\rewrite.php(43): require_once('C:\\xampp\\htdocs...')
#8 {main}
CRITICAL - 2022-05-17 08:33:36 --> Undefined property: CodeIgniter\Database\MySQLi\Result::$name
#0 C:\xampp\htdocs\tokoku\app\Views\themes\littlegreenery\shop\checkout.php(25): CodeIgniter\Debug\Exceptions->errorHandler(2, 'Undefined prope...', 'C:\\xampp\\htdocs...', 25)
#1 C:\xampp\htdocs\tokoku\system\View\View.php(210): include('C:\\xampp\\htdocs...')
#2 C:\xampp\htdocs\tokoku\system\View\View.php(213): CodeIgniter\View\View->CodeIgniter\View\{closure}()
#3 C:\xampp\htdocs\tokoku\system\Common.php(1089): CodeIgniter\View\View->render('themes\\vegefood...', Array, true)
#4 C:\xampp\htdocs\tokoku\app\Controllers\Shop.php(131): view('themes\\vegefood...', Array)
#5 C:\xampp\htdocs\tokoku\system\CodeIgniter.php(832): App\Controllers\Shop->checkout()
#6 C:\xampp\htdocs\tokoku\system\CodeIgniter.php(419): CodeIgniter\CodeIgniter->runController(Object(App\Controllers\Shop))
#7 C:\xampp\htdocs\tokoku\system\CodeIgniter.php(326): CodeIgniter\CodeIgniter->handleRequest(NULL, Object(Config\Cache), false)
#8 C:\xampp\htdocs\tokoku\public\index.php(37): CodeIgniter\CodeIgniter->run()
#9 C:\xampp\htdocs\tokoku\system\Commands\Server\rewrite.php(43): require_once('C:\\xampp\\htdocs...')
#10 {main}
CRITICAL - 2022-05-17 08:34:52 --> Undefined property: CodeIgniter\Database\MySQLi\Result::$name
#0 C:\xampp\htdocs\tokoku\app\Views\themes\littlegreenery\shop\checkout.php(25): CodeIgniter\Debug\Exceptions->errorHandler(2, 'Undefined prope...', 'C:\\xampp\\htdocs...', 25)
#1 C:\xampp\htdocs\tokoku\system\View\View.php(210): include('C:\\xampp\\htdocs...')
#2 C:\xampp\htdocs\tokoku\system\View\View.php(213): CodeIgniter\View\View->CodeIgniter\View\{closure}()
#3 C:\xampp\htdocs\tokoku\system\Common.php(1089): CodeIgniter\View\View->render('themes\\vegefood...', Array, true)
#4 C:\xampp\htdocs\tokoku\app\Controllers\Shop.php(131): view('themes\\vegefood...', Array)
#5 C:\xampp\htdocs\tokoku\system\CodeIgniter.php(832): App\Controllers\Shop->checkout()
#6 C:\xampp\htdocs\tokoku\system\CodeIgniter.php(419): CodeIgniter\CodeIgniter->runController(Object(App\Controllers\Shop))
#7 C:\xampp\htdocs\tokoku\system\CodeIgniter.php(326): CodeIgniter\CodeIgniter->handleRequest(NULL, Object(Config\Cache), false)
#8 C:\xampp\htdocs\tokoku\public\index.php(37): CodeIgniter\CodeIgniter->run()
#9 C:\xampp\htdocs\tokoku\system\Commands\Server\rewrite.php(43): require_once('C:\\xampp\\htdocs...')
#10 {main}
CRITICAL - 2022-05-17 08:47:01 --> Undefined property: App\Controllers\Shop::$load
#0 C:\xampp\htdocs\tokoku\app\Controllers\Shop.php(278): CodeIgniter\Debug\Exceptions->errorHandler(2, 'Undefined prope...', 'C:\\xampp\\htdocs...', 278)
#1 C:\xampp\htdocs\tokoku\app\Controllers\Shop.php(138): App\Controllers\Shop->_create_order_number(Array, '10', NULL)
#2 C:\xampp\htdocs\tokoku\system\CodeIgniter.php(832): App\Controllers\Shop->checkout('order')
#3 C:\xampp\htdocs\tokoku\system\CodeIgniter.php(419): CodeIgniter\CodeIgniter->runController(Object(App\Controllers\Shop))
#4 C:\xampp\htdocs\tokoku\system\CodeIgniter.php(326): CodeIgniter\CodeIgniter->handleRequest(NULL, Object(Config\Cache), false)
#5 C:\xampp\htdocs\tokoku\public\index.php(37): CodeIgniter\CodeIgniter->run()
#6 C:\xampp\htdocs\tokoku\system\Commands\Server\rewrite.php(43): require_once('C:\\xampp\\htdocs...')
#7 {main}
CRITICAL - 2022-05-17 08:48:01 --> Undefined property: App\Controllers\Shop::$load
#0 C:\xampp\htdocs\tokoku\app\Controllers\Shop.php(280): CodeIgniter\Debug\Exceptions->errorHandler(2, 'Undefined prope...', 'C:\\xampp\\htdocs...', 280)
#1 C:\xampp\htdocs\tokoku\app\Controllers\Shop.php(140): App\Controllers\Shop->_create_order_number(Array, '10', NULL)
#2 C:\xampp\htdocs\tokoku\system\CodeIgniter.php(832): App\Controllers\Shop->checkout('order')
#3 C:\xampp\htdocs\tokoku\system\CodeIgniter.php(419): CodeIgniter\CodeIgniter->runController(Object(App\Controllers\Shop))
#4 C:\xampp\htdocs\tokoku\system\CodeIgniter.php(326): CodeIgniter\CodeIgniter->handleRequest(NULL, Object(Config\Cache), false)
#5 C:\xampp\htdocs\tokoku\public\index.php(37): CodeIgniter\CodeIgniter->run()
#6 C:\xampp\htdocs\tokoku\system\Commands\Server\rewrite.php(43): require_once('C:\\xampp\\htdocs...')
#7 {main}
CRITICAL - 2022-05-17 08:48:03 --> Undefined property: App\Controllers\Shop::$load
#0 C:\xampp\htdocs\tokoku\app\Controllers\Shop.php(280): CodeIgniter\Debug\Exceptions->errorHandler(2, 'Undefined prope...', 'C:\\xampp\\htdocs...', 280)
#1 C:\xampp\htdocs\tokoku\app\Controllers\Shop.php(140): App\Controllers\Shop->_create_order_number(Array, '10', NULL)
#2 C:\xampp\htdocs\tokoku\system\CodeIgniter.php(832): App\Controllers\Shop->checkout('order')
#3 C:\xampp\htdocs\tokoku\system\CodeIgniter.php(419): CodeIgniter\CodeIgniter->runController(Object(App\Controllers\Shop))
#4 C:\xampp\htdocs\tokoku\system\CodeIgniter.php(326): CodeIgniter\CodeIgniter->handleRequest(NULL, Object(Config\Cache), false)
#5 C:\xampp\htdocs\tokoku\public\index.php(37): CodeIgniter\CodeIgniter->run()
#6 C:\xampp\htdocs\tokoku\system\Commands\Server\rewrite.php(43): require_once('C:\\xampp\\htdocs...')
#7 {main}
CRITICAL - 2022-05-17 08:51:30 --> Undefined property: App\Controllers\Shop::$product
#0 C:\xampp\htdocs\tokoku\app\Controllers\Shop.php(174): CodeIgniter\Debug\Exceptions->errorHandler(2, 'Undefined prope...', 'C:\\xampp\\htdocs...', 174)
#1 C:\xampp\htdocs\tokoku\system\CodeIgniter.php(832): App\Controllers\Shop->checkout('order')
#2 C:\xampp\htdocs\tokoku\system\CodeIgniter.php(419): CodeIgniter\CodeIgniter->runController(Object(App\Controllers\Shop))
#3 C:\xampp\htdocs\tokoku\system\CodeIgniter.php(326): CodeIgniter\CodeIgniter->handleRequest(NULL, Object(Config\Cache), false)
#4 C:\xampp\htdocs\tokoku\public\index.php(37): CodeIgniter\CodeIgniter->run()
#5 C:\xampp\htdocs\tokoku\system\Commands\Server\rewrite.php(43): require_once('C:\\xampp\\htdocs...')
#6 {main}
CRITICAL - 2022-05-17 09:17:34 --> Call to undefined method CodeIgniter\Database\MySQLi\Connection::insert()
#0 C:\xampp\htdocs\tokoku\app\Controllers\Shop.php(174): App\Models\ProductModel->create_order(Array)
#1 C:\xampp\htdocs\tokoku\system\CodeIgniter.php(832): App\Controllers\Shop->checkout('order')
#2 C:\xampp\htdocs\tokoku\system\CodeIgniter.php(419): CodeIgniter\CodeIgniter->runController(Object(App\Controllers\Shop))
#3 C:\xampp\htdocs\tokoku\system\CodeIgniter.php(326): CodeIgniter\CodeIgniter->handleRequest(NULL, Object(Config\Cache), false)
#4 C:\xampp\htdocs\tokoku\public\index.php(37): CodeIgniter\CodeIgniter->run()
#5 C:\xampp\htdocs\tokoku\system\Commands\Server\rewrite.php(43): require_once('C:\\xampp\\htdocs...')
#6 {main}
ERROR - 2022-05-17 09:29:20 --> Cannot add or update a child row: a foreign key constraint fails (`db_tokoku`.`order_items`, CONSTRAINT `order_items_ibfk_1` FOREIGN KEY (`order_id`) REFERENCES `orders` (`id`) ON DELETE CASCADE ON UPDATE NO ACTION)
CRITICAL - 2022-05-17 09:29:20 --> Cannot add or update a child row: a foreign key constraint fails (`db_tokoku`.`order_items`, CONSTRAINT `order_items_ibfk_1` FOREIGN KEY (`order_id`) REFERENCES `orders` (`id`) ON DELETE CASCADE ON UPDATE NO ACTION)
#0 C:\xampp\htdocs\tokoku\system\Database\MySQLi\Connection.php(292): mysqli->query('INSERT INTO `or...', 0)
#1 C:\xampp\htdocs\tokoku\system\Database\BaseConnection.php(670): CodeIgniter\Database\MySQLi\Connection->execute('INSERT INTO `or...')
#2 C:\xampp\htdocs\tokoku\system\Database\BaseConnection.php(598): CodeIgniter\Database\BaseConnection->simpleQuery('INSERT INTO `or...')
#3 C:\xampp\htdocs\tokoku\system\Database\BaseBuilder.php(1648): CodeIgniter\Database\BaseConnection->query('INSERT INTO `or...', NULL, false)
#4 C:\xampp\htdocs\tokoku\app\Models\ProductModel.php(64): CodeIgniter\Database\BaseBuilder->insertBatch(Array)
#5 C:\xampp\htdocs\tokoku\app\Controllers\Shop.php(186): App\Models\ProductModel->create_order_items(Array)
#6 C:\xampp\htdocs\tokoku\system\CodeIgniter.php(832): App\Controllers\Shop->checkout('order')
#7 C:\xampp\htdocs\tokoku\system\CodeIgniter.php(419): CodeIgniter\CodeIgniter->runController(Object(App\Controllers\Shop))
#8 C:\xampp\htdocs\tokoku\system\CodeIgniter.php(326): CodeIgniter\CodeIgniter->handleRequest(NULL, Object(Config\Cache), false)
#9 C:\xampp\htdocs\tokoku\public\index.php(37): CodeIgniter\CodeIgniter->run()
#10 C:\xampp\htdocs\tokoku\system\Commands\Server\rewrite.php(43): require_once('C:\\xampp\\htdocs...')
#11 {main}
ERROR - 2022-05-17 09:57:10 --> Cannot add or update a child row: a foreign key constraint fails (`db_tokoku`.`orders`, CONSTRAINT `FK_orders_users` FOREIGN KEY (`user_id`) REFERENCES `users` (`id`) ON DELETE NO ACTION ON UPDATE CASCADE)
CRITICAL - 2022-05-17 09:57:10 --> Cannot add or update a child row: a foreign key constraint fails (`db_tokoku`.`orders`, CONSTRAINT `FK_orders_users` FOREIGN KEY (`user_id`) REFERENCES `users` (`id`) ON DELETE NO ACTION ON UPDATE CASCADE)
#0 C:\xampp\htdocs\tokoku\system\Database\MySQLi\Connection.php(292): mysqli->query('INSERT INTO `or...', 0)
#1 C:\xampp\htdocs\tokoku\system\Database\BaseConnection.php(670): CodeIgniter\Database\MySQLi\Connection->execute('INSERT INTO `or...')
#2 C:\xampp\htdocs\tokoku\system\Database\BaseConnection.php(598): CodeIgniter\Database\BaseConnection->simpleQuery('INSERT INTO `or...')
#3 C:\xampp\htdocs\tokoku\system\Database\BaseBuilder.php(1771): CodeIgniter\Database\BaseConnection->query('INSERT INTO `or...', Array, false)
#4 C:\xampp\htdocs\tokoku\app\Models\ProductModel.php(56): CodeIgniter\Database\BaseBuilder->insert(Array)
#5 C:\xampp\htdocs\tokoku\app\Controllers\Shop.php(174): App\Models\ProductModel->create_order(Array)
#6 C:\xampp\htdocs\tokoku\system\CodeIgniter.php(832): App\Controllers\Shop->checkout('order')
#7 C:\xampp\htdocs\tokoku\system\CodeIgniter.php(419): CodeIgniter\CodeIgniter->runController(Object(App\Controllers\Shop))
#8 C:\xampp\htdocs\tokoku\system\CodeIgniter.php(326): CodeIgniter\CodeIgniter->handleRequest(NULL, Object(Config\Cache), false)
#9 C:\xampp\htdocs\tokoku\public\index.php(37): CodeIgniter\CodeIgniter->run()
#10 C:\xampp\htdocs\tokoku\system\Commands\Server\rewrite.php(43): require_once('C:\\xampp\\htdocs...')
#11 {main}
ERROR - 2022-05-17 09:57:44 --> Cannot add or update a child row: a foreign key constraint fails (`db_tokoku`.`orders`, CONSTRAINT `FK_orders_users` FOREIGN KEY (`user_id`) REFERENCES `users` (`id`) ON DELETE NO ACTION ON UPDATE CASCADE)
CRITICAL - 2022-05-17 09:57:44 --> Cannot add or update a child row: a foreign key constraint fails (`db_tokoku`.`orders`, CONSTRAINT `FK_orders_users` FOREIGN KEY (`user_id`) REFERENCES `users` (`id`) ON DELETE NO ACTION ON UPDATE CASCADE)
#0 C:\xampp\htdocs\tokoku\system\Database\MySQLi\Connection.php(292): mysqli->query('INSERT INTO `or...', 0)
#1 C:\xampp\htdocs\tokoku\system\Database\BaseConnection.php(670): CodeIgniter\Database\MySQLi\Connection->execute('INSERT INTO `or...')
#2 C:\xampp\htdocs\tokoku\system\Database\BaseConnection.php(598): CodeIgniter\Database\BaseConnection->simpleQuery('INSERT INTO `or...')
#3 C:\xampp\htdocs\tokoku\system\Database\BaseBuilder.php(1771): CodeIgniter\Database\BaseConnection->query('INSERT INTO `or...', Array, false)
#4 C:\xampp\htdocs\tokoku\app\Models\ProductModel.php(56): CodeIgniter\Database\BaseBuilder->insert(Array)
#5 C:\xampp\htdocs\tokoku\app\Controllers\Shop.php(174): App\Models\ProductModel->create_order(Array)
#6 C:\xampp\htdocs\tokoku\system\CodeIgniter.php(832): App\Controllers\Shop->checkout('order')
#7 C:\xampp\htdocs\tokoku\system\CodeIgniter.php(419): CodeIgniter\CodeIgniter->runController(Object(App\Controllers\Shop))
#8 C:\xampp\htdocs\tokoku\system\CodeIgniter.php(326): CodeIgniter\CodeIgniter->handleRequest(NULL, Object(Config\Cache), false)
#9 C:\xampp\htdocs\tokoku\public\index.php(37): CodeIgniter\CodeIgniter->run()
#10 C:\xampp\htdocs\tokoku\system\Commands\Server\rewrite.php(43): require_once('C:\\xampp\\htdocs...')
#11 {main}
CRITICAL - 2022-05-17 10:04:28 --> CodeIgniter\Model::insert(): Argument #2 ($returnID) must be of type bool, array given, called in C:\xampp\htdocs\tokoku\app\Models\ProductModel.php on line 56
#0 C:\xampp\htdocs\tokoku\app\Models\ProductModel.php(56): CodeIgniter\Model->insert('orders', Array)
#1 C:\xampp\htdocs\tokoku\app\Controllers\Shop.php(174): App\Models\ProductModel->create_order(Array)
#2 C:\xampp\htdocs\tokoku\system\CodeIgniter.php(832): App\Controllers\Shop->checkout('order')
#3 C:\xampp\htdocs\tokoku\system\CodeIgniter.php(419): CodeIgniter\CodeIgniter->runController(Object(App\Controllers\Shop))
#4 C:\xampp\htdocs\tokoku\system\CodeIgniter.php(326): CodeIgniter\CodeIgniter->handleRequest(NULL, Object(Config\Cache), false)
#5 C:\xampp\htdocs\tokoku\public\index.php(37): CodeIgniter\CodeIgniter->run()
#6 C:\xampp\htdocs\tokoku\system\Commands\Server\rewrite.php(43): require_once('C:\\xampp\\htdocs...')
#7 {main}
CRITICAL - 2022-05-17 10:04:54 --> CodeIgniter\Model::insert(): Argument #2 ($returnID) must be of type bool, array given, called in C:\xampp\htdocs\tokoku\app\Models\ProductModel.php on line 56
#0 C:\xampp\htdocs\tokoku\app\Models\ProductModel.php(56): CodeIgniter\Model->insert('orders', Array)
#1 C:\xampp\htdocs\tokoku\app\Controllers\Shop.php(174): App\Models\ProductModel->create_order(Array)
#2 C:\xampp\htdocs\tokoku\system\CodeIgniter.php(832): App\Controllers\Shop->checkout('order')
#3 C:\xampp\htdocs\tokoku\system\CodeIgniter.php(419): CodeIgniter\CodeIgniter->runController(Object(App\Controllers\Shop))
#4 C:\xampp\htdocs\tokoku\system\CodeIgniter.php(326): CodeIgniter\CodeIgniter->handleRequest(NULL, Object(Config\Cache), false)
#5 C:\xampp\htdocs\tokoku\public\index.php(37): CodeIgniter\CodeIgniter->run()
#6 C:\xampp\htdocs\tokoku\system\Commands\Server\rewrite.php(43): require_once('C:\\xampp\\htdocs...')
#7 {main}
ERROR - 2022-05-17 10:05:44 --> Cannot add or update a child row: a foreign key constraint fails (`db_tokoku`.`order_items`, CONSTRAINT `order_items_ibfk_1` FOREIGN KEY (`order_id`) REFERENCES `orders` (`id`) ON DELETE CASCADE ON UPDATE NO ACTION)
CRITICAL - 2022-05-17 10:05:44 --> Cannot add or update a child row: a foreign key constraint fails (`db_tokoku`.`order_items`, CONSTRAINT `order_items_ibfk_1` FOREIGN KEY (`order_id`) REFERENCES `orders` (`id`) ON DELETE CASCADE ON UPDATE NO ACTION)
#0 C:\xampp\htdocs\tokoku\system\Database\MySQLi\Connection.php(292): mysqli->query('INSERT INTO `or...', 0)
#1 C:\xampp\htdocs\tokoku\system\Database\BaseConnection.php(670): CodeIgniter\Database\MySQLi\Connection->execute('INSERT INTO `or...')
#2 C:\xampp\htdocs\tokoku\system\Database\BaseConnection.php(598): CodeIgniter\Database\BaseConnection->simpleQuery('INSERT INTO `or...')
#3 C:\xampp\htdocs\tokoku\system\Database\BaseBuilder.php(1648): CodeIgniter\Database\BaseConnection->query('INSERT INTO `or...', NULL, false)
#4 C:\xampp\htdocs\tokoku\app\Models\ProductModel.php(64): CodeIgniter\Database\BaseBuilder->insertBatch(Array)
#5 C:\xampp\htdocs\tokoku\app\Controllers\Shop.php(186): App\Models\ProductModel->create_order_items(Array)
#6 C:\xampp\htdocs\tokoku\system\CodeIgniter.php(832): App\Controllers\Shop->checkout('order')
#7 C:\xampp\htdocs\tokoku\system\CodeIgniter.php(419): CodeIgniter\CodeIgniter->runController(Object(App\Controllers\Shop))
#8 C:\xampp\htdocs\tokoku\system\CodeIgniter.php(326): CodeIgniter\CodeIgniter->handleRequest(NULL, Object(Config\Cache), false)
#9 C:\xampp\htdocs\tokoku\public\index.php(37): CodeIgniter\CodeIgniter->run()
#10 C:\xampp\htdocs\tokoku\system\Commands\Server\rewrite.php(43): require_once('C:\\xampp\\htdocs...')
#11 {main}
CRITICAL - 2022-05-17 10:28:08 --> array_keys(): Argument #1 ($array) must be of type array, string given
#0 C:\xampp\htdocs\tokoku\system\Database\BaseBuilder.php(1687): array_keys('10')
#1 C:\xampp\htdocs\tokoku\system\Database\BaseBuilder.php(1640): CodeIgniter\Database\BaseBuilder->setInsertBatch(Array, '', true)
#2 C:\xampp\htdocs\tokoku\app\Models\ProductModel.php(56): CodeIgniter\Database\BaseBuilder->insertBatch(Array)
#3 C:\xampp\htdocs\tokoku\app\Controllers\Shop.php(174): App\Models\ProductModel->create_order(Array)
#4 C:\xampp\htdocs\tokoku\system\CodeIgniter.php(832): App\Controllers\Shop->checkout('order')
#5 C:\xampp\htdocs\tokoku\system\CodeIgniter.php(419): CodeIgniter\CodeIgniter->runController(Object(App\Controllers\Shop))
#6 C:\xampp\htdocs\tokoku\system\CodeIgniter.php(326): CodeIgniter\CodeIgniter->handleRequest(NULL, Object(Config\Cache), false)
#7 C:\xampp\htdocs\tokoku\public\index.php(37): CodeIgniter\CodeIgniter->run()
#8 C:\xampp\htdocs\tokoku\system\Commands\Server\rewrite.php(43): require_once('C:\\xampp\\htdocs...')
#9 {main}
ERROR - 2022-05-17 10:28:41 --> Cannot add or update a child row: a foreign key constraint fails (`db_tokoku`.`orders`, CONSTRAINT `FK_orders_users` FOREIGN KEY (`user_id`) REFERENCES `users` (`id`) ON DELETE NO ACTION ON UPDATE CASCADE)
CRITICAL - 2022-05-17 10:28:41 --> Cannot add or update a child row: a foreign key constraint fails (`db_tokoku`.`orders`, CONSTRAINT `FK_orders_users` FOREIGN KEY (`user_id`) REFERENCES `users` (`id`) ON DELETE NO ACTION ON UPDATE CASCADE)
#0 C:\xampp\htdocs\tokoku\system\Database\MySQLi\Connection.php(292): mysqli->query('INSERT INTO `or...', 0)
#1 C:\xampp\htdocs\tokoku\system\Database\BaseConnection.php(670): CodeIgniter\Database\MySQLi\Connection->execute('INSERT INTO `or...')
#2 C:\xampp\htdocs\tokoku\system\Database\BaseConnection.php(598): CodeIgniter\Database\BaseConnection->simpleQuery('INSERT INTO `or...')
#3 C:\xampp\htdocs\tokoku\system\Database\BaseBuilder.php(1771): CodeIgniter\Database\BaseConnection->query('INSERT INTO `or...', Array, false)
#4 C:\xampp\htdocs\tokoku\app\Models\ProductModel.php(56): CodeIgniter\Database\BaseBuilder->insert(Array)
#5 C:\xampp\htdocs\tokoku\app\Controllers\Shop.php(174): App\Models\ProductModel->create_order(Array)
#6 C:\xampp\htdocs\tokoku\system\CodeIgniter.php(832): App\Controllers\Shop->checkout('order')
#7 C:\xampp\htdocs\tokoku\system\CodeIgniter.php(419): CodeIgniter\CodeIgniter->runController(Object(App\Controllers\Shop))
#8 C:\xampp\htdocs\tokoku\system\CodeIgniter.php(326): CodeIgniter\CodeIgniter->handleRequest(NULL, Object(Config\Cache), false)
#9 C:\xampp\htdocs\tokoku\public\index.php(37): CodeIgniter\CodeIgniter->run()
#10 C:\xampp\htdocs\tokoku\system\Commands\Server\rewrite.php(43): require_once('C:\\xampp\\htdocs...')
#11 {main}
ERROR - 2022-05-17 10:32:08 --> Cannot add or update a child row: a foreign key constraint fails (`db_tokoku`.`order_items`, CONSTRAINT `order_items_ibfk_1` FOREIGN KEY (`order_id`) REFERENCES `orders` (`id`) ON DELETE CASCADE ON UPDATE NO ACTION)
CRITICAL - 2022-05-17 10:32:08 --> Cannot add or update a child row: a foreign key constraint fails (`db_tokoku`.`order_items`, CONSTRAINT `order_items_ibfk_1` FOREIGN KEY (`order_id`) REFERENCES `orders` (`id`) ON DELETE CASCADE ON UPDATE NO ACTION)
#0 C:\xampp\htdocs\tokoku\system\Database\MySQLi\Connection.php(292): mysqli->query('INSERT INTO `or...', 0)
#1 C:\xampp\htdocs\tokoku\system\Database\BaseConnection.php(670): CodeIgniter\Database\MySQLi\Connection->execute('INSERT INTO `or...')
#2 C:\xampp\htdocs\tokoku\system\Database\BaseConnection.php(598): CodeIgniter\Database\BaseConnection->simpleQuery('INSERT INTO `or...')
#3 C:\xampp\htdocs\tokoku\system\Database\BaseBuilder.php(1648): CodeIgniter\Database\BaseConnection->query('INSERT INTO `or...', NULL, false)
#4 C:\xampp\htdocs\tokoku\app\Models\ProductModel.php(64): CodeIgniter\Database\BaseBuilder->insertBatch(Array)
#5 C:\xampp\htdocs\tokoku\app\Controllers\Shop.php(186): App\Models\ProductModel->create_order_items(Array)
#6 C:\xampp\htdocs\tokoku\system\CodeIgniter.php(832): App\Controllers\Shop->checkout('order')
#7 C:\xampp\htdocs\tokoku\system\CodeIgniter.php(419): CodeIgniter\CodeIgniter->runController(Object(App\Controllers\Shop))
#8 C:\xampp\htdocs\tokoku\system\CodeIgniter.php(326): CodeIgniter\CodeIgniter->handleRequest(NULL, Object(Config\Cache), false)
#9 C:\xampp\htdocs\tokoku\public\index.php(37): CodeIgniter\CodeIgniter->run()
#10 C:\xampp\htdocs\tokoku\system\Commands\Server\rewrite.php(43): require_once('C:\\xampp\\htdocs...')
#11 {main}
ERROR - 2022-05-17 10:43:01 --> Cannot add or update a child row: a foreign key constraint fails (`db_tokoku`.`orders`, CONSTRAINT `FK_orders_users` FOREIGN KEY (`user_id`) REFERENCES `users` (`id`) ON DELETE NO ACTION ON UPDATE CASCADE)
CRITICAL - 2022-05-17 10:43:01 --> Cannot add or update a child row: a foreign key constraint fails (`db_tokoku`.`orders`, CONSTRAINT `FK_orders_users` FOREIGN KEY (`user_id`) REFERENCES `users` (`id`) ON DELETE NO ACTION ON UPDATE CASCADE)
#0 C:\xampp\htdocs\tokoku\system\Database\MySQLi\Connection.php(292): mysqli->query('INSERT INTO `or...', 0)
#1 C:\xampp\htdocs\tokoku\system\Database\BaseConnection.php(670): CodeIgniter\Database\MySQLi\Connection->execute('INSERT INTO `or...')
#2 C:\xampp\htdocs\tokoku\system\Database\BaseConnection.php(598): CodeIgniter\Database\BaseConnection->simpleQuery('INSERT INTO `or...')
#3 C:\xampp\htdocs\tokoku\system\Database\BaseBuilder.php(1771): CodeIgniter\Database\BaseConnection->query('INSERT INTO `or...', Array, false)
#4 C:\xampp\htdocs\tokoku\app\Models\ProductModel.php(56): CodeIgniter\Database\BaseBuilder->insert(Array)
#5 C:\xampp\htdocs\tokoku\app\Controllers\Shop.php(174): App\Models\ProductModel->create_order(Array)
#6 C:\xampp\htdocs\tokoku\system\CodeIgniter.php(832): App\Controllers\Shop->checkout('order')
#7 C:\xampp\htdocs\tokoku\system\CodeIgniter.php(419): CodeIgniter\CodeIgniter->runController(Object(App\Controllers\Shop))
#8 C:\xampp\htdocs\tokoku\system\CodeIgniter.php(326): CodeIgniter\CodeIgniter->handleRequest(NULL, Object(Config\Cache), false)
#9 C:\xampp\htdocs\tokoku\public\index.php(37): CodeIgniter\CodeIgniter->run()
#10 C:\xampp\htdocs\tokoku\system\Commands\Server\rewrite.php(43): require_once('C:\\xampp\\htdocs...')
#11 {main}
CRITICAL - 2022-05-17 10:43:45 -->  route cannot be found while reverse-routing.
#0 C:\xampp\htdocs\tokoku\system\HTTP\RedirectResponse.php(56): CodeIgniter\HTTP\Exceptions\HTTPException::forInvalidRedirectRoute('')
#1 C:\xampp\htdocs\tokoku\system\Common.php(832): CodeIgniter\HTTP\RedirectResponse->route(false)
#2 C:\xampp\htdocs\tokoku\app\Controllers\Shop.php(195): redirect('customer/orders...')
#3 C:\xampp\htdocs\tokoku\system\CodeIgniter.php(832): App\Controllers\Shop->checkout('order')
#4 C:\xampp\htdocs\tokoku\system\CodeIgniter.php(419): CodeIgniter\CodeIgniter->runController(Object(App\Controllers\Shop))
#5 C:\xampp\htdocs\tokoku\system\CodeIgniter.php(326): CodeIgniter\CodeIgniter->handleRequest(NULL, Object(Config\Cache), false)
#6 C:\xampp\htdocs\tokoku\public\index.php(37): CodeIgniter\CodeIgniter->run()
#7 C:\xampp\htdocs\tokoku\system\Commands\Server\rewrite.php(43): require_once('C:\\xampp\\htdocs...')
#8 {main}
CRITICAL - 2022-05-17 10:44:04 --> count(): Argument #1 ($value) must be of type Countable|array, null given
#0 C:\xampp\htdocs\tokoku\app\Controllers\Shop.php(282): count(NULL)
#1 C:\xampp\htdocs\tokoku\app\Controllers\Shop.php(140): App\Controllers\Shop->_create_order_number(NULL, '10', NULL)
#2 C:\xampp\htdocs\tokoku\system\CodeIgniter.php(832): App\Controllers\Shop->checkout('order')
#3 C:\xampp\htdocs\tokoku\system\CodeIgniter.php(419): CodeIgniter\CodeIgniter->runController(Object(App\Controllers\Shop))
#4 C:\xampp\htdocs\tokoku\system\CodeIgniter.php(326): CodeIgniter\CodeIgniter->handleRequest(NULL, Object(Config\Cache), false)
#5 C:\xampp\htdocs\tokoku\public\index.php(37): CodeIgniter\CodeIgniter->run()
#6 C:\xampp\htdocs\tokoku\system\Commands\Server\rewrite.php(43): require_once('C:\\xampp\\htdocs...')
#7 {main}
CRITICAL - 2022-05-17 10:52:54 --> count(): Argument #1 ($value) must be of type Countable|array, null given
#0 C:\xampp\htdocs\tokoku\app\Controllers\Shop.php(282): count(NULL)
#1 C:\xampp\htdocs\tokoku\app\Controllers\Shop.php(140): App\Controllers\Shop->_create_order_number(NULL, '10', NULL)
#2 C:\xampp\htdocs\tokoku\system\CodeIgniter.php(832): App\Controllers\Shop->checkout('order')
#3 C:\xampp\htdocs\tokoku\system\CodeIgniter.php(419): CodeIgniter\CodeIgniter->runController(Object(App\Controllers\Shop))
#4 C:\xampp\htdocs\tokoku\system\CodeIgniter.php(326): CodeIgniter\CodeIgniter->handleRequest(NULL, Object(Config\Cache), false)
#5 C:\xampp\htdocs\tokoku\public\index.php(37): CodeIgniter\CodeIgniter->run()
#6 C:\xampp\htdocs\tokoku\system\Commands\Server\rewrite.php(43): require_once('C:\\xampp\\htdocs...')
#7 {main}
CRITICAL - 2022-05-17 10:52:59 --> foreach() argument must be of type array|object, null given
#0 C:\xampp\htdocs\tokoku\app\Controllers\Shop.php(79): CodeIgniter\Debug\Exceptions->errorHandler(2, 'foreach() argum...', 'C:\\xampp\\htdocs...', 79)
#1 C:\xampp\htdocs\tokoku\system\CodeIgniter.php(832): App\Controllers\Shop->checkout()
#2 C:\xampp\htdocs\tokoku\system\CodeIgniter.php(419): CodeIgniter\CodeIgniter->runController(Object(App\Controllers\Shop))
#3 C:\xampp\htdocs\tokoku\system\CodeIgniter.php(326): CodeIgniter\CodeIgniter->handleRequest(NULL, Object(Config\Cache), false)
#4 C:\xampp\htdocs\tokoku\public\index.php(37): CodeIgniter\CodeIgniter->run()
#5 C:\xampp\htdocs\tokoku\system\Commands\Server\rewrite.php(43): require_once('C:\\xampp\\htdocs...')
#6 {main}
