CRITICAL - 2022-05-20 05:14:00 --> You do not have sufficient permissions to access that page.
#0 C:\xampp\htdocs\tokoku\system\Filters\Filters.php(173): Myth\Auth\Filters\RoleFilter->before(Object(CodeIgniter\HTTP\IncomingRequest), Array)
#1 C:\xampp\htdocs\tokoku\system\CodeIgniter.php(393): CodeIgniter\Filters\Filters->run('shop/checkout', 'before')
#2 C:\xampp\htdocs\tokoku\system\CodeIgniter.php(326): CodeIgniter\CodeIgniter->handleRequest(NULL, Object(Config\Cache), false)
#3 C:\xampp\htdocs\tokoku\public\index.php(37): CodeIgniter\CodeIgniter->run()
#4 C:\xampp\htdocs\tokoku\system\Commands\Server\rewrite.php(43): require_once('C:\\xampp\\htdocs...')
#5 {main}
CRITICAL - 2022-05-20 05:14:20 --> You do not have sufficient permissions to access that page.
#0 C:\xampp\htdocs\tokoku\system\Filters\Filters.php(173): Myth\Auth\Filters\RoleFilter->before(Object(CodeIgniter\HTTP\IncomingRequest), Array)
#1 C:\xampp\htdocs\tokoku\system\CodeIgniter.php(393): CodeIgniter\Filters\Filters->run('shop/checkout', 'before')
#2 C:\xampp\htdocs\tokoku\system\CodeIgniter.php(326): CodeIgniter\CodeIgniter->handleRequest(NULL, Object(Config\Cache), false)
#3 C:\xampp\htdocs\tokoku\public\index.php(37): CodeIgniter\CodeIgniter->run()
#4 C:\xampp\htdocs\tokoku\system\Commands\Server\rewrite.php(43): require_once('C:\\xampp\\htdocs...')
#5 {main}
CRITICAL - 2022-05-20 05:15:11 -->  route cannot be found while reverse-routing.
#0 C:\xampp\htdocs\tokoku\system\HTTP\RedirectResponse.php(56): CodeIgniter\HTTP\Exceptions\HTTPException::forInvalidRedirectRoute('')
#1 C:\xampp\htdocs\tokoku\system\Common.php(832): CodeIgniter\HTTP\RedirectResponse->route(false)
#2 C:\xampp\htdocs\tokoku\app\Controllers\Shop.php(198): redirect('customers/order...')
#3 C:\xampp\htdocs\tokoku\system\CodeIgniter.php(832): App\Controllers\Shop->checkout('order')
#4 C:\xampp\htdocs\tokoku\system\CodeIgniter.php(419): CodeIgniter\CodeIgniter->runController(Object(App\Controllers\Shop))
#5 C:\xampp\htdocs\tokoku\system\CodeIgniter.php(326): CodeIgniter\CodeIgniter->handleRequest(NULL, Object(Config\Cache), false)
#6 C:\xampp\htdocs\tokoku\public\index.php(37): CodeIgniter\CodeIgniter->run()
#7 C:\xampp\htdocs\tokoku\system\Commands\Server\rewrite.php(43): require_once('C:\\xampp\\htdocs...')
#8 {main}
CRITICAL - 2022-05-20 05:19:27 -->  route cannot be found while reverse-routing.
#0 C:\xampp\htdocs\tokoku\system\HTTP\RedirectResponse.php(56): CodeIgniter\HTTP\Exceptions\HTTPException::forInvalidRedirectRoute('')
#1 C:\xampp\htdocs\tokoku\system\Common.php(832): CodeIgniter\HTTP\RedirectResponse->route(false)
#2 C:\xampp\htdocs\tokoku\app\Controllers\Shop.php(198): redirect('customers/order...')
#3 C:\xampp\htdocs\tokoku\system\CodeIgniter.php(832): App\Controllers\Shop->checkout('order')
#4 C:\xampp\htdocs\tokoku\system\CodeIgniter.php(419): CodeIgniter\CodeIgniter->runController(Object(App\Controllers\Shop))
#5 C:\xampp\htdocs\tokoku\system\CodeIgniter.php(326): CodeIgniter\CodeIgniter->handleRequest(NULL, Object(Config\Cache), false)
#6 C:\xampp\htdocs\tokoku\public\index.php(37): CodeIgniter\CodeIgniter->run()
#7 C:\xampp\htdocs\tokoku\system\Commands\Server\rewrite.php(43): require_once('C:\\xampp\\htdocs...')
#8 {main}
CRITICAL - 2022-05-20 05:24:05 -->  route cannot be found while reverse-routing.
#0 C:\xampp\htdocs\tokoku\system\HTTP\RedirectResponse.php(56): CodeIgniter\HTTP\Exceptions\HTTPException::forInvalidRedirectRoute('')
#1 C:\xampp\htdocs\tokoku\system\Common.php(832): CodeIgniter\HTTP\RedirectResponse->route(false)
#2 C:\xampp\htdocs\tokoku\app\Controllers\Shop.php(198): redirect('customer/orders...')
#3 C:\xampp\htdocs\tokoku\system\CodeIgniter.php(832): App\Controllers\Shop->checkout('order')
#4 C:\xampp\htdocs\tokoku\system\CodeIgniter.php(419): CodeIgniter\CodeIgniter->runController(Object(App\Controllers\Shop))
#5 C:\xampp\htdocs\tokoku\system\CodeIgniter.php(326): CodeIgniter\CodeIgniter->handleRequest(NULL, Object(Config\Cache), false)
#6 C:\xampp\htdocs\tokoku\public\index.php(37): CodeIgniter\CodeIgniter->run()
#7 C:\xampp\htdocs\tokoku\system\Commands\Server\rewrite.php(43): require_once('C:\\xampp\\htdocs...')
#8 {main}
CRITICAL - 2022-05-20 05:30:15 --> Invalid file: customer/orders/view/55.php
#0 C:\xampp\htdocs\tokoku\system\View\View.php(198): CodeIgniter\Exceptions\FrameworkException::forInvalidFile('customer/orders...')
#1 C:\xampp\htdocs\tokoku\system\Common.php(1089): CodeIgniter\View\View->render('customer/orders...', Array, true)
#2 C:\xampp\htdocs\tokoku\app\Controllers\Shop.php(198): view('customer/orders...')
#3 C:\xampp\htdocs\tokoku\system\CodeIgniter.php(832): App\Controllers\Shop->checkout('order')
#4 C:\xampp\htdocs\tokoku\system\CodeIgniter.php(419): CodeIgniter\CodeIgniter->runController(Object(App\Controllers\Shop))
#5 C:\xampp\htdocs\tokoku\system\CodeIgniter.php(326): CodeIgniter\CodeIgniter->handleRequest(NULL, Object(Config\Cache), false)
#6 C:\xampp\htdocs\tokoku\public\index.php(37): CodeIgniter\CodeIgniter->run()
#7 C:\xampp\htdocs\tokoku\system\Commands\Server\rewrite.php(43): require_once('C:\\xampp\\htdocs...')
#8 {main}
CRITICAL - 2022-05-20 05:36:26 -->  route cannot be found while reverse-routing.
#0 C:\xampp\htdocs\tokoku\system\HTTP\RedirectResponse.php(56): CodeIgniter\HTTP\Exceptions\HTTPException::forInvalidRedirectRoute('')
#1 C:\xampp\htdocs\tokoku\app\Controllers\Shop.php(198): CodeIgniter\HTTP\RedirectResponse->route(false, Array)
#2 C:\xampp\htdocs\tokoku\system\CodeIgniter.php(832): App\Controllers\Shop->checkout('order')
#3 C:\xampp\htdocs\tokoku\system\CodeIgniter.php(419): CodeIgniter\CodeIgniter->runController(Object(App\Controllers\Shop))
#4 C:\xampp\htdocs\tokoku\system\CodeIgniter.php(326): CodeIgniter\CodeIgniter->handleRequest(NULL, Object(Config\Cache), false)
#5 C:\xampp\htdocs\tokoku\public\index.php(37): CodeIgniter\CodeIgniter->run()
#6 C:\xampp\htdocs\tokoku\system\Commands\Server\rewrite.php(43): require_once('C:\\xampp\\htdocs...')
#7 {main}
ERROR - 2022-05-20 15:09:16 --> Table 'db_tokoku.customers' doesn't exist
CRITICAL - 2022-05-20 15:09:16 --> Table 'db_tokoku.customers' doesn't exist
#0 C:\xampp\htdocs\tokoku\system\Database\MySQLi\Connection.php(292): mysqli->query('SELECT COUNT(*)...', 0)
#1 C:\xampp\htdocs\tokoku\system\Database\BaseConnection.php(670): CodeIgniter\Database\MySQLi\Connection->execute('SELECT COUNT(*)...')
#2 C:\xampp\htdocs\tokoku\system\Database\BaseConnection.php(598): CodeIgniter\Database\BaseConnection->simpleQuery('SELECT COUNT(*)...')
#3 C:\xampp\htdocs\tokoku\system\Database\BaseBuilder.php(1539): CodeIgniter\Database\BaseConnection->query('SELECT COUNT(*)...', Array, false)
#4 C:\xampp\htdocs\tokoku\app\Models\Admin\Customer_model.php(16): CodeIgniter\Database\BaseBuilder->countAllResults()
#5 C:\xampp\htdocs\tokoku\app\Controllers\Admin.php(25): App\Models\Admin\Customer_model->count_all_customers()
#6 C:\xampp\htdocs\tokoku\system\CodeIgniter.php(832): App\Controllers\Admin->index()
#7 C:\xampp\htdocs\tokoku\system\CodeIgniter.php(419): CodeIgniter\CodeIgniter->runController(Object(App\Controllers\Admin))
#8 C:\xampp\htdocs\tokoku\system\CodeIgniter.php(326): CodeIgniter\CodeIgniter->handleRequest(NULL, Object(Config\Cache), false)
#9 C:\xampp\htdocs\tokoku\public\index.php(37): CodeIgniter\CodeIgniter->run()
#10 C:\xampp\htdocs\tokoku\system\Commands\Server\rewrite.php(43): require_once('C:\\xampp\\htdocs...')
#11 {main}
ERROR - 2022-05-20 15:34:47 --> Table 'db_tokoku.customers' doesn't exist
CRITICAL - 2022-05-20 15:34:47 --> Table 'db_tokoku.customers' doesn't exist
#0 C:\xampp\htdocs\tokoku\system\Database\MySQLi\Connection.php(292): mysqli->query('\n            SE...', 0)
#1 C:\xampp\htdocs\tokoku\system\Database\BaseConnection.php(670): CodeIgniter\Database\MySQLi\Connection->execute('\n            SE...')
#2 C:\xampp\htdocs\tokoku\system\Database\BaseConnection.php(598): CodeIgniter\Database\BaseConnection->simpleQuery('\n            SE...')
#3 C:\xampp\htdocs\tokoku\app\Models\Admin\Payment_model.php(26): CodeIgniter\Database\BaseConnection->query('\n            SE...')
#4 C:\xampp\htdocs\tokoku\app\Controllers\Admin.php(31): App\Models\Admin\Payment_model->payment_overview()
#5 C:\xampp\htdocs\tokoku\system\CodeIgniter.php(832): App\Controllers\Admin->index()
#6 C:\xampp\htdocs\tokoku\system\CodeIgniter.php(419): CodeIgniter\CodeIgniter->runController(Object(App\Controllers\Admin))
#7 C:\xampp\htdocs\tokoku\system\CodeIgniter.php(326): CodeIgniter\CodeIgniter->handleRequest(NULL, Object(Config\Cache), false)
#8 C:\xampp\htdocs\tokoku\public\index.php(37): CodeIgniter\CodeIgniter->run()
#9 C:\xampp\htdocs\tokoku\system\Commands\Server\rewrite.php(43): require_once('C:\\xampp\\htdocs...')
#10 {main}
ERROR - 2022-05-20 15:35:44 --> Unknown column 'c.user_id' in 'on clause'
CRITICAL - 2022-05-20 15:35:44 --> Unknown column 'c.user_id' in 'on clause'
#0 C:\xampp\htdocs\tokoku\system\Database\MySQLi\Connection.php(292): mysqli->query('\n            SE...', 0)
#1 C:\xampp\htdocs\tokoku\system\Database\BaseConnection.php(670): CodeIgniter\Database\MySQLi\Connection->execute('\n            SE...')
#2 C:\xampp\htdocs\tokoku\system\Database\BaseConnection.php(598): CodeIgniter\Database\BaseConnection->simpleQuery('\n            SE...')
#3 C:\xampp\htdocs\tokoku\app\Models\Admin\Payment_model.php(26): CodeIgniter\Database\BaseConnection->query('\n            SE...')
#4 C:\xampp\htdocs\tokoku\app\Controllers\Admin.php(31): App\Models\Admin\Payment_model->payment_overview()
#5 C:\xampp\htdocs\tokoku\system\CodeIgniter.php(832): App\Controllers\Admin->index()
#6 C:\xampp\htdocs\tokoku\system\CodeIgniter.php(419): CodeIgniter\CodeIgniter->runController(Object(App\Controllers\Admin))
#7 C:\xampp\htdocs\tokoku\system\CodeIgniter.php(326): CodeIgniter\CodeIgniter->handleRequest(NULL, Object(Config\Cache), false)
#8 C:\xampp\htdocs\tokoku\public\index.php(37): CodeIgniter\CodeIgniter->run()
#9 C:\xampp\htdocs\tokoku\system\Commands\Server\rewrite.php(43): require_once('C:\\xampp\\htdocs...')
#10 {main}
ERROR - 2022-05-20 15:36:13 --> Table 'db_tokoku.customers' doesn't exist
CRITICAL - 2022-05-20 15:36:13 --> Table 'db_tokoku.customers' doesn't exist
#0 C:\xampp\htdocs\tokoku\system\Database\MySQLi\Connection.php(292): mysqli->query('\n            SE...', 0)
#1 C:\xampp\htdocs\tokoku\system\Database\BaseConnection.php(670): CodeIgniter\Database\MySQLi\Connection->execute('\n            SE...')
#2 C:\xampp\htdocs\tokoku\system\Database\BaseConnection.php(598): CodeIgniter\Database\BaseConnection->simpleQuery('\n            SE...')
#3 C:\xampp\htdocs\tokoku\app\Models\Admin\Order_model.php(59): CodeIgniter\Database\BaseConnection->query('\n            SE...')
#4 C:\xampp\htdocs\tokoku\app\Controllers\Admin.php(32): App\Models\Admin\Order_model->latest_orders()
#5 C:\xampp\htdocs\tokoku\system\CodeIgniter.php(832): App\Controllers\Admin->index()
#6 C:\xampp\htdocs\tokoku\system\CodeIgniter.php(419): CodeIgniter\CodeIgniter->runController(Object(App\Controllers\Admin))
#7 C:\xampp\htdocs\tokoku\system\CodeIgniter.php(326): CodeIgniter\CodeIgniter->handleRequest(NULL, Object(Config\Cache), false)
#8 C:\xampp\htdocs\tokoku\public\index.php(37): CodeIgniter\CodeIgniter->run()
#9 C:\xampp\htdocs\tokoku\system\Commands\Server\rewrite.php(43): require_once('C:\\xampp\\htdocs...')
#10 {main}
ERROR - 2022-05-20 15:36:45 --> Table 'db_tokoku.customers' doesn't exist
CRITICAL - 2022-05-20 15:36:45 --> Table 'db_tokoku.customers' doesn't exist
#0 C:\xampp\htdocs\tokoku\system\Database\MySQLi\Connection.php(292): mysqli->query('\n            SE...', 0)
#1 C:\xampp\htdocs\tokoku\system\Database\BaseConnection.php(670): CodeIgniter\Database\MySQLi\Connection->execute('\n            SE...')
#2 C:\xampp\htdocs\tokoku\system\Database\BaseConnection.php(598): CodeIgniter\Database\BaseConnection->simpleQuery('\n            SE...')
#3 C:\xampp\htdocs\tokoku\app\Models\Admin\Order_model.php(59): CodeIgniter\Database\BaseConnection->query('\n            SE...')
#4 C:\xampp\htdocs\tokoku\app\Controllers\Admin.php(32): App\Models\Admin\Order_model->latest_orders()
#5 C:\xampp\htdocs\tokoku\system\CodeIgniter.php(832): App\Controllers\Admin->index()
#6 C:\xampp\htdocs\tokoku\system\CodeIgniter.php(419): CodeIgniter\CodeIgniter->runController(Object(App\Controllers\Admin))
#7 C:\xampp\htdocs\tokoku\system\CodeIgniter.php(326): CodeIgniter\CodeIgniter->handleRequest(NULL, Object(Config\Cache), false)
#8 C:\xampp\htdocs\tokoku\public\index.php(37): CodeIgniter\CodeIgniter->run()
#9 C:\xampp\htdocs\tokoku\system\Commands\Server\rewrite.php(43): require_once('C:\\xampp\\htdocs...')
#10 {main}
ERROR - 2022-05-20 15:36:46 --> Table 'db_tokoku.customers' doesn't exist
CRITICAL - 2022-05-20 15:36:46 --> Table 'db_tokoku.customers' doesn't exist
#0 C:\xampp\htdocs\tokoku\system\Database\MySQLi\Connection.php(292): mysqli->query('\n            SE...', 0)
#1 C:\xampp\htdocs\tokoku\system\Database\BaseConnection.php(670): CodeIgniter\Database\MySQLi\Connection->execute('\n            SE...')
#2 C:\xampp\htdocs\tokoku\system\Database\BaseConnection.php(598): CodeIgniter\Database\BaseConnection->simpleQuery('\n            SE...')
#3 C:\xampp\htdocs\tokoku\app\Models\Admin\Order_model.php(59): CodeIgniter\Database\BaseConnection->query('\n            SE...')
#4 C:\xampp\htdocs\tokoku\app\Controllers\Admin.php(32): App\Models\Admin\Order_model->latest_orders()
#5 C:\xampp\htdocs\tokoku\system\CodeIgniter.php(832): App\Controllers\Admin->index()
#6 C:\xampp\htdocs\tokoku\system\CodeIgniter.php(419): CodeIgniter\CodeIgniter->runController(Object(App\Controllers\Admin))
#7 C:\xampp\htdocs\tokoku\system\CodeIgniter.php(326): CodeIgniter\CodeIgniter->handleRequest(NULL, Object(Config\Cache), false)
#8 C:\xampp\htdocs\tokoku\public\index.php(37): CodeIgniter\CodeIgniter->run()
#9 C:\xampp\htdocs\tokoku\system\Commands\Server\rewrite.php(43): require_once('C:\\xampp\\htdocs...')
#10 {main}
ERROR - 2022-05-20 15:36:48 --> Table 'db_tokoku.customers' doesn't exist
CRITICAL - 2022-05-20 15:36:48 --> Table 'db_tokoku.customers' doesn't exist
#0 C:\xampp\htdocs\tokoku\system\Database\MySQLi\Connection.php(292): mysqli->query('\n            SE...', 0)
#1 C:\xampp\htdocs\tokoku\system\Database\BaseConnection.php(670): CodeIgniter\Database\MySQLi\Connection->execute('\n            SE...')
#2 C:\xampp\htdocs\tokoku\system\Database\BaseConnection.php(598): CodeIgniter\Database\BaseConnection->simpleQuery('\n            SE...')
#3 C:\xampp\htdocs\tokoku\app\Models\Admin\Order_model.php(59): CodeIgniter\Database\BaseConnection->query('\n            SE...')
#4 C:\xampp\htdocs\tokoku\app\Controllers\Admin.php(32): App\Models\Admin\Order_model->latest_orders()
#5 C:\xampp\htdocs\tokoku\system\CodeIgniter.php(832): App\Controllers\Admin->index()
#6 C:\xampp\htdocs\tokoku\system\CodeIgniter.php(419): CodeIgniter\CodeIgniter->runController(Object(App\Controllers\Admin))
#7 C:\xampp\htdocs\tokoku\system\CodeIgniter.php(326): CodeIgniter\CodeIgniter->handleRequest(NULL, Object(Config\Cache), false)
#8 C:\xampp\htdocs\tokoku\public\index.php(37): CodeIgniter\CodeIgniter->run()
#9 C:\xampp\htdocs\tokoku\system\Commands\Server\rewrite.php(43): require_once('C:\\xampp\\htdocs...')
#10 {main}
ERROR - 2022-05-20 15:37:11 --> Table 'db_tokoku.customers' doesn't exist
CRITICAL - 2022-05-20 15:37:11 --> Table 'db_tokoku.customers' doesn't exist
#0 C:\xampp\htdocs\tokoku\system\Database\MySQLi\Connection.php(292): mysqli->query('\n            SE...', 0)
#1 C:\xampp\htdocs\tokoku\system\Database\BaseConnection.php(670): CodeIgniter\Database\MySQLi\Connection->execute('\n            SE...')
#2 C:\xampp\htdocs\tokoku\system\Database\BaseConnection.php(598): CodeIgniter\Database\BaseConnection->simpleQuery('\n            SE...')
#3 C:\xampp\htdocs\tokoku\app\Models\Admin\Order_model.php(59): CodeIgniter\Database\BaseConnection->query('\n            SE...')
#4 C:\xampp\htdocs\tokoku\app\Controllers\Admin.php(32): App\Models\Admin\Order_model->latest_orders()
#5 C:\xampp\htdocs\tokoku\system\CodeIgniter.php(832): App\Controllers\Admin->index()
#6 C:\xampp\htdocs\tokoku\system\CodeIgniter.php(419): CodeIgniter\CodeIgniter->runController(Object(App\Controllers\Admin))
#7 C:\xampp\htdocs\tokoku\system\CodeIgniter.php(326): CodeIgniter\CodeIgniter->handleRequest(NULL, Object(Config\Cache), false)
#8 C:\xampp\htdocs\tokoku\public\index.php(37): CodeIgniter\CodeIgniter->run()
#9 C:\xampp\htdocs\tokoku\system\Commands\Server\rewrite.php(43): require_once('C:\\xampp\\htdocs...')
#10 {main}
ERROR - 2022-05-20 15:37:11 --> Table 'db_tokoku.customers' doesn't exist
CRITICAL - 2022-05-20 15:37:11 --> Table 'db_tokoku.customers' doesn't exist
#0 C:\xampp\htdocs\tokoku\system\Database\MySQLi\Connection.php(292): mysqli->query('\n            SE...', 0)
#1 C:\xampp\htdocs\tokoku\system\Database\BaseConnection.php(670): CodeIgniter\Database\MySQLi\Connection->execute('\n            SE...')
#2 C:\xampp\htdocs\tokoku\system\Database\BaseConnection.php(598): CodeIgniter\Database\BaseConnection->simpleQuery('\n            SE...')
#3 C:\xampp\htdocs\tokoku\app\Models\Admin\Order_model.php(59): CodeIgniter\Database\BaseConnection->query('\n            SE...')
#4 C:\xampp\htdocs\tokoku\app\Controllers\Admin.php(32): App\Models\Admin\Order_model->latest_orders()
#5 C:\xampp\htdocs\tokoku\system\CodeIgniter.php(832): App\Controllers\Admin->index()
#6 C:\xampp\htdocs\tokoku\system\CodeIgniter.php(419): CodeIgniter\CodeIgniter->runController(Object(App\Controllers\Admin))
#7 C:\xampp\htdocs\tokoku\system\CodeIgniter.php(326): CodeIgniter\CodeIgniter->handleRequest(NULL, Object(Config\Cache), false)
#8 C:\xampp\htdocs\tokoku\public\index.php(37): CodeIgniter\CodeIgniter->run()
#9 C:\xampp\htdocs\tokoku\system\Commands\Server\rewrite.php(43): require_once('C:\\xampp\\htdocs...')
#10 {main}
ERROR - 2022-05-20 15:39:00 --> Table 'db_tokoku.customers' doesn't exist
CRITICAL - 2022-05-20 15:39:00 --> Table 'db_tokoku.customers' doesn't exist
#0 C:\xampp\htdocs\tokoku\system\Database\MySQLi\Connection.php(292): mysqli->query('\n            SE...', 0)
#1 C:\xampp\htdocs\tokoku\system\Database\BaseConnection.php(670): CodeIgniter\Database\MySQLi\Connection->execute('\n            SE...')
#2 C:\xampp\htdocs\tokoku\system\Database\BaseConnection.php(598): CodeIgniter\Database\BaseConnection->simpleQuery('\n            SE...')
#3 C:\xampp\htdocs\tokoku\app\Models\Admin\Order_model.php(59): CodeIgniter\Database\BaseConnection->query('\n            SE...')
#4 C:\xampp\htdocs\tokoku\app\Controllers\Admin.php(32): App\Models\Admin\Order_model->latest_orders()
#5 C:\xampp\htdocs\tokoku\system\CodeIgniter.php(832): App\Controllers\Admin->index()
#6 C:\xampp\htdocs\tokoku\system\CodeIgniter.php(419): CodeIgniter\CodeIgniter->runController(Object(App\Controllers\Admin))
#7 C:\xampp\htdocs\tokoku\system\CodeIgniter.php(326): CodeIgniter\CodeIgniter->handleRequest(NULL, Object(Config\Cache), false)
#8 C:\xampp\htdocs\tokoku\public\index.php(37): CodeIgniter\CodeIgniter->run()
#9 C:\xampp\htdocs\tokoku\system\Commands\Server\rewrite.php(43): require_once('C:\\xampp\\htdocs...')
#10 {main}
CRITICAL - 2022-05-20 15:39:46 --> Undefined property: stdClass::$id
#0 C:\xampp\htdocs\tokoku\app\Views\admin\overview.php(185): CodeIgniter\Debug\Exceptions->errorHandler(2, 'Undefined prope...', 'C:\\xampp\\htdocs...', 185)
#1 C:\xampp\htdocs\tokoku\system\View\View.php(210): include('C:\\xampp\\htdocs...')
#2 C:\xampp\htdocs\tokoku\system\View\View.php(213): CodeIgniter\View\View->CodeIgniter\View\{closure}()
#3 C:\xampp\htdocs\tokoku\system\Common.php(1089): CodeIgniter\View\View->render('admin\\overview', Array, true)
#4 C:\xampp\htdocs\tokoku\app\Controllers\Admin.php(38): view('admin\\overview', Array)
#5 C:\xampp\htdocs\tokoku\system\CodeIgniter.php(832): App\Controllers\Admin->index()
#6 C:\xampp\htdocs\tokoku\system\CodeIgniter.php(419): CodeIgniter\CodeIgniter->runController(Object(App\Controllers\Admin))
#7 C:\xampp\htdocs\tokoku\system\CodeIgniter.php(326): CodeIgniter\CodeIgniter->handleRequest(NULL, Object(Config\Cache), false)
#8 C:\xampp\htdocs\tokoku\public\index.php(37): CodeIgniter\CodeIgniter->run()
#9 C:\xampp\htdocs\tokoku\system\Commands\Server\rewrite.php(43): require_once('C:\\xampp\\htdocs...')
#10 {main}
CRITICAL - 2022-05-20 15:48:55 --> Undefined property: CodeIgniter\View\View::$input
#0 C:\xampp\htdocs\tokoku\app\Views\admin\header.php(3): CodeIgniter\Debug\Exceptions->errorHandler(2, 'Undefined prope...', 'C:\\xampp\\htdocs...', 3)
#1 C:\xampp\htdocs\tokoku\system\View\View.php(210): include('C:\\xampp\\htdocs...')
#2 C:\xampp\htdocs\tokoku\system\View\View.php(213): CodeIgniter\View\View->CodeIgniter\View\{closure}()
#3 C:\xampp\htdocs\tokoku\system\View\View.php(226): CodeIgniter\View\View->render('admin\\header', Array, true)
#4 C:\xampp\htdocs\tokoku\system\Common.php(1089): CodeIgniter\View\View->render('admin\\overview', Array, true)
#5 C:\xampp\htdocs\tokoku\app\Controllers\Admin.php(38): view('admin\\overview', Array)
#6 C:\xampp\htdocs\tokoku\system\CodeIgniter.php(832): App\Controllers\Admin->index()
#7 C:\xampp\htdocs\tokoku\system\CodeIgniter.php(419): CodeIgniter\CodeIgniter->runController(Object(App\Controllers\Admin))
#8 C:\xampp\htdocs\tokoku\system\CodeIgniter.php(326): CodeIgniter\CodeIgniter->handleRequest(NULL, Object(Config\Cache), false)
#9 C:\xampp\htdocs\tokoku\public\index.php(37): CodeIgniter\CodeIgniter->run()
#10 C:\xampp\htdocs\tokoku\system\Commands\Server\rewrite.php(43): require_once('C:\\xampp\\htdocs...')
#11 {main}
CRITICAL - 2022-05-20 15:49:01 --> Undefined property: CodeIgniter\View\View::$input
#0 C:\xampp\htdocs\tokoku\app\Views\admin\header.php(3): CodeIgniter\Debug\Exceptions->errorHandler(2, 'Undefined prope...', 'C:\\xampp\\htdocs...', 3)
#1 C:\xampp\htdocs\tokoku\system\View\View.php(210): include('C:\\xampp\\htdocs...')
#2 C:\xampp\htdocs\tokoku\system\View\View.php(213): CodeIgniter\View\View->CodeIgniter\View\{closure}()
#3 C:\xampp\htdocs\tokoku\system\View\View.php(226): CodeIgniter\View\View->render('admin\\header', Array, true)
#4 C:\xampp\htdocs\tokoku\system\Common.php(1089): CodeIgniter\View\View->render('admin\\overview', Array, true)
#5 C:\xampp\htdocs\tokoku\app\Controllers\Admin.php(38): view('admin\\overview', Array)
#6 C:\xampp\htdocs\tokoku\system\CodeIgniter.php(832): App\Controllers\Admin->index()
#7 C:\xampp\htdocs\tokoku\system\CodeIgniter.php(419): CodeIgniter\CodeIgniter->runController(Object(App\Controllers\Admin))
#8 C:\xampp\htdocs\tokoku\system\CodeIgniter.php(326): CodeIgniter\CodeIgniter->handleRequest(NULL, Object(Config\Cache), false)
#9 C:\xampp\htdocs\tokoku\public\index.php(37): CodeIgniter\CodeIgniter->run()
#10 C:\xampp\htdocs\tokoku\system\Commands\Server\rewrite.php(43): require_once('C:\\xampp\\htdocs...')
#11 {main}
CRITICAL - 2022-05-20 15:50:36 --> Undefined property: CodeIgniter\View\View::$request
#0 C:\xampp\htdocs\tokoku\app\Views\admin\header.php(3): CodeIgniter\Debug\Exceptions->errorHandler(2, 'Undefined prope...', 'C:\\xampp\\htdocs...', 3)
#1 C:\xampp\htdocs\tokoku\system\View\View.php(210): include('C:\\xampp\\htdocs...')
#2 C:\xampp\htdocs\tokoku\system\View\View.php(213): CodeIgniter\View\View->CodeIgniter\View\{closure}()
#3 C:\xampp\htdocs\tokoku\system\View\View.php(226): CodeIgniter\View\View->render('admin\\header', Array, true)
#4 C:\xampp\htdocs\tokoku\system\Common.php(1089): CodeIgniter\View\View->render('admin\\overview', Array, true)
#5 C:\xampp\htdocs\tokoku\app\Controllers\Admin.php(38): view('admin\\overview', Array)
#6 C:\xampp\htdocs\tokoku\system\CodeIgniter.php(832): App\Controllers\Admin->index()
#7 C:\xampp\htdocs\tokoku\system\CodeIgniter.php(419): CodeIgniter\CodeIgniter->runController(Object(App\Controllers\Admin))
#8 C:\xampp\htdocs\tokoku\system\CodeIgniter.php(326): CodeIgniter\CodeIgniter->handleRequest(NULL, Object(Config\Cache), false)
#9 C:\xampp\htdocs\tokoku\public\index.php(37): CodeIgniter\CodeIgniter->run()
#10 C:\xampp\htdocs\tokoku\system\Commands\Server\rewrite.php(43): require_once('C:\\xampp\\htdocs...')
#11 {main}
CRITICAL - 2022-05-20 15:50:47 --> Call to a member function fetch_class() on null
#0 C:\xampp\htdocs\tokoku\app\Views\admin\header.php(120): get_controller()
#1 C:\xampp\htdocs\tokoku\system\View\View.php(210): include('C:\\xampp\\htdocs...')
#2 C:\xampp\htdocs\tokoku\system\View\View.php(213): CodeIgniter\View\View->CodeIgniter\View\{closure}()
#3 C:\xampp\htdocs\tokoku\system\View\View.php(226): CodeIgniter\View\View->render('admin\\header', Array, true)
#4 C:\xampp\htdocs\tokoku\system\Common.php(1089): CodeIgniter\View\View->render('admin\\overview', Array, true)
#5 C:\xampp\htdocs\tokoku\app\Controllers\Admin.php(38): view('admin\\overview', Array)
#6 C:\xampp\htdocs\tokoku\system\CodeIgniter.php(832): App\Controllers\Admin->index()
#7 C:\xampp\htdocs\tokoku\system\CodeIgniter.php(419): CodeIgniter\CodeIgniter->runController(Object(App\Controllers\Admin))
#8 C:\xampp\htdocs\tokoku\system\CodeIgniter.php(326): CodeIgniter\CodeIgniter->handleRequest(NULL, Object(Config\Cache), false)
#9 C:\xampp\htdocs\tokoku\public\index.php(37): CodeIgniter\CodeIgniter->run()
#10 C:\xampp\htdocs\tokoku\system\Commands\Server\rewrite.php(43): require_once('C:\\xampp\\htdocs...')
#11 {main}
CRITICAL - 2022-05-20 16:16:57 --> Undefined property: CodeIgniter\View\View::$request
#0 C:\xampp\htdocs\tokoku\app\Views\admin\header.php(3): CodeIgniter\Debug\Exceptions->errorHandler(2, 'Undefined prope...', 'C:\\xampp\\htdocs...', 3)
#1 C:\xampp\htdocs\tokoku\system\View\View.php(210): include('C:\\xampp\\htdocs...')
#2 C:\xampp\htdocs\tokoku\system\View\View.php(213): CodeIgniter\View\View->CodeIgniter\View\{closure}()
#3 C:\xampp\htdocs\tokoku\system\View\View.php(226): CodeIgniter\View\View->render('admin\\header', Array, true)
#4 C:\xampp\htdocs\tokoku\system\Common.php(1089): CodeIgniter\View\View->render('admin\\overview', Array, true)
#5 C:\xampp\htdocs\tokoku\app\Controllers\Admin.php(38): view('admin\\overview', Array)
#6 C:\xampp\htdocs\tokoku\system\CodeIgniter.php(832): App\Controllers\Admin->index()
#7 C:\xampp\htdocs\tokoku\system\CodeIgniter.php(419): CodeIgniter\CodeIgniter->runController(Object(App\Controllers\Admin))
#8 C:\xampp\htdocs\tokoku\system\CodeIgniter.php(326): CodeIgniter\CodeIgniter->handleRequest(NULL, Object(Config\Cache), false)
#9 C:\xampp\htdocs\tokoku\public\index.php(37): CodeIgniter\CodeIgniter->run()
#10 C:\xampp\htdocs\tokoku\system\Commands\Server\rewrite.php(43): require_once('C:\\xampp\\htdocs...')
#11 {main}
CRITICAL - 2022-05-20 16:18:39 --> Undefined property: CodeIgniter\View\View::$input
#0 C:\xampp\htdocs\tokoku\app\Views\admin\header.php(3): CodeIgniter\Debug\Exceptions->errorHandler(2, 'Undefined prope...', 'C:\\xampp\\htdocs...', 3)
#1 C:\xampp\htdocs\tokoku\system\View\View.php(210): include('C:\\xampp\\htdocs...')
#2 C:\xampp\htdocs\tokoku\system\View\View.php(213): CodeIgniter\View\View->CodeIgniter\View\{closure}()
#3 C:\xampp\htdocs\tokoku\system\View\View.php(226): CodeIgniter\View\View->render('admin\\header', Array, true)
#4 C:\xampp\htdocs\tokoku\system\Common.php(1089): CodeIgniter\View\View->render('admin\\overview', Array, true)
#5 C:\xampp\htdocs\tokoku\app\Controllers\Admin.php(38): view('admin\\overview', Array)
#6 C:\xampp\htdocs\tokoku\system\CodeIgniter.php(832): App\Controllers\Admin->index()
#7 C:\xampp\htdocs\tokoku\system\CodeIgniter.php(419): CodeIgniter\CodeIgniter->runController(Object(App\Controllers\Admin))
#8 C:\xampp\htdocs\tokoku\system\CodeIgniter.php(326): CodeIgniter\CodeIgniter->handleRequest(NULL, Object(Config\Cache), false)
#9 C:\xampp\htdocs\tokoku\public\index.php(37): CodeIgniter\CodeIgniter->run()
#10 C:\xampp\htdocs\tokoku\system\Commands\Server\rewrite.php(43): require_once('C:\\xampp\\htdocs...')
#11 {main}
CRITICAL - 2022-05-20 16:19:25 --> Undefined property: CodeIgniter\View\View::$request
#0 C:\xampp\htdocs\tokoku\app\Views\admin\header.php(3): CodeIgniter\Debug\Exceptions->errorHandler(2, 'Undefined prope...', 'C:\\xampp\\htdocs...', 3)
#1 C:\xampp\htdocs\tokoku\system\View\View.php(210): include('C:\\xampp\\htdocs...')
#2 C:\xampp\htdocs\tokoku\system\View\View.php(213): CodeIgniter\View\View->CodeIgniter\View\{closure}()
#3 C:\xampp\htdocs\tokoku\system\View\View.php(226): CodeIgniter\View\View->render('admin\\header', Array, true)
#4 C:\xampp\htdocs\tokoku\system\Common.php(1089): CodeIgniter\View\View->render('admin\\overview', Array, true)
#5 C:\xampp\htdocs\tokoku\app\Controllers\Admin.php(38): view('admin\\overview', Array)
#6 C:\xampp\htdocs\tokoku\system\CodeIgniter.php(832): App\Controllers\Admin->index()
#7 C:\xampp\htdocs\tokoku\system\CodeIgniter.php(419): CodeIgniter\CodeIgniter->runController(Object(App\Controllers\Admin))
#8 C:\xampp\htdocs\tokoku\system\CodeIgniter.php(326): CodeIgniter\CodeIgniter->handleRequest(NULL, Object(Config\Cache), false)
#9 C:\xampp\htdocs\tokoku\public\index.php(37): CodeIgniter\CodeIgniter->run()
#10 C:\xampp\htdocs\tokoku\system\Commands\Server\rewrite.php(43): require_once('C:\\xampp\\htdocs...')
#11 {main}
CRITICAL - 2022-05-20 16:19:25 --> Undefined property: CodeIgniter\View\View::$request
#0 C:\xampp\htdocs\tokoku\app\Views\admin\header.php(3): CodeIgniter\Debug\Exceptions->errorHandler(2, 'Undefined prope...', 'C:\\xampp\\htdocs...', 3)
#1 C:\xampp\htdocs\tokoku\system\View\View.php(210): include('C:\\xampp\\htdocs...')
#2 C:\xampp\htdocs\tokoku\system\View\View.php(213): CodeIgniter\View\View->CodeIgniter\View\{closure}()
#3 C:\xampp\htdocs\tokoku\system\View\View.php(226): CodeIgniter\View\View->render('admin\\header', Array, true)
#4 C:\xampp\htdocs\tokoku\system\Common.php(1089): CodeIgniter\View\View->render('admin\\overview', Array, true)
#5 C:\xampp\htdocs\tokoku\app\Controllers\Admin.php(38): view('admin\\overview', Array)
#6 C:\xampp\htdocs\tokoku\system\CodeIgniter.php(832): App\Controllers\Admin->index()
#7 C:\xampp\htdocs\tokoku\system\CodeIgniter.php(419): CodeIgniter\CodeIgniter->runController(Object(App\Controllers\Admin))
#8 C:\xampp\htdocs\tokoku\system\CodeIgniter.php(326): CodeIgniter\CodeIgniter->handleRequest(NULL, Object(Config\Cache), false)
#9 C:\xampp\htdocs\tokoku\public\index.php(37): CodeIgniter\CodeIgniter->run()
#10 C:\xampp\htdocs\tokoku\system\Commands\Server\rewrite.php(43): require_once('C:\\xampp\\htdocs...')
#11 {main}
CRITICAL - 2022-05-20 16:19:26 --> Undefined property: CodeIgniter\View\View::$request
#0 C:\xampp\htdocs\tokoku\app\Views\admin\header.php(3): CodeIgniter\Debug\Exceptions->errorHandler(2, 'Undefined prope...', 'C:\\xampp\\htdocs...', 3)
#1 C:\xampp\htdocs\tokoku\system\View\View.php(210): include('C:\\xampp\\htdocs...')
#2 C:\xampp\htdocs\tokoku\system\View\View.php(213): CodeIgniter\View\View->CodeIgniter\View\{closure}()
#3 C:\xampp\htdocs\tokoku\system\View\View.php(226): CodeIgniter\View\View->render('admin\\header', Array, true)
#4 C:\xampp\htdocs\tokoku\system\Common.php(1089): CodeIgniter\View\View->render('admin\\overview', Array, true)
#5 C:\xampp\htdocs\tokoku\app\Controllers\Admin.php(38): view('admin\\overview', Array)
#6 C:\xampp\htdocs\tokoku\system\CodeIgniter.php(832): App\Controllers\Admin->index()
#7 C:\xampp\htdocs\tokoku\system\CodeIgniter.php(419): CodeIgniter\CodeIgniter->runController(Object(App\Controllers\Admin))
#8 C:\xampp\htdocs\tokoku\system\CodeIgniter.php(326): CodeIgniter\CodeIgniter->handleRequest(NULL, Object(Config\Cache), false)
#9 C:\xampp\htdocs\tokoku\public\index.php(37): CodeIgniter\CodeIgniter->run()
#10 C:\xampp\htdocs\tokoku\system\Commands\Server\rewrite.php(43): require_once('C:\\xampp\\htdocs...')
#11 {main}
CRITICAL - 2022-05-20 16:38:37 --> syntax error, unexpected token "="
#0 C:\xampp\htdocs\tokoku\system\Router\Router.php(175): CodeIgniter\Router\Router->autoRoute('admin_products/...')
#1 C:\xampp\htdocs\tokoku\system\CodeIgniter.php(726): CodeIgniter\Router\Router->handle('admin_products/...')
#2 C:\xampp\htdocs\tokoku\system\CodeIgniter.php(368): CodeIgniter\CodeIgniter->tryToRouteIt(Object(CodeIgniter\Router\RouteCollection))
#3 C:\xampp\htdocs\tokoku\system\CodeIgniter.php(326): CodeIgniter\CodeIgniter->handleRequest(NULL, Object(Config\Cache), false)
#4 C:\xampp\htdocs\tokoku\public\index.php(37): CodeIgniter\CodeIgniter->run()
#5 C:\xampp\htdocs\tokoku\system\Commands\Server\rewrite.php(43): require_once('C:\\xampp\\htdocs...')
#6 {main}
CRITICAL - 2022-05-20 17:47:00 --> Undefined property: App\Controllers\Admin_Products::$load
#0 C:\xampp\htdocs\tokoku\app\Controllers\Admin_Products.php(52): CodeIgniter\Debug\Exceptions->errorHandler(2, 'Undefined prope...', 'C:\\xampp\\htdocs...', 52)
#1 C:\xampp\htdocs\tokoku\system\CodeIgniter.php(832): App\Controllers\Admin_Products->index()
#2 C:\xampp\htdocs\tokoku\system\CodeIgniter.php(419): CodeIgniter\CodeIgniter->runController(Object(App\Controllers\Admin_Products))
#3 C:\xampp\htdocs\tokoku\system\CodeIgniter.php(326): CodeIgniter\CodeIgniter->handleRequest(NULL, Object(Config\Cache), false)
#4 C:\xampp\htdocs\tokoku\public\index.php(37): CodeIgniter\CodeIgniter->run()
#5 C:\xampp\htdocs\tokoku\system\Commands\Server\rewrite.php(43): require_once('C:\\xampp\\htdocs...')
#6 {main}
CRITICAL - 2022-05-20 17:56:06 --> Attempt to read property "profile_picture" on null
#0 C:\xampp\htdocs\tokoku\app\Helpers\global_helper.php(94): CodeIgniter\Debug\Exceptions->errorHandler(2, 'Attempt to read...', 'C:\\xampp\\htdocs...', 94)
#1 C:\xampp\htdocs\tokoku\app\Views\admin\header.php(161): get_admin_image()
#2 C:\xampp\htdocs\tokoku\system\View\View.php(210): include('C:\\xampp\\htdocs...')
#3 C:\xampp\htdocs\tokoku\system\View\View.php(213): CodeIgniter\View\View->CodeIgniter\View\{closure}()
#4 C:\xampp\htdocs\tokoku\system\View\View.php(226): CodeIgniter\View\View->render('admin\\header', Array, true)
#5 C:\xampp\htdocs\tokoku\system\Common.php(1089): CodeIgniter\View\View->render('admin/products/...', Array, true)
#6 C:\xampp\htdocs\tokoku\app\Controllers\Admin_Products.php(330): view('admin/products/...', Array)
#7 C:\xampp\htdocs\tokoku\system\CodeIgniter.php(832): App\Controllers\Admin_Products->category()
#8 C:\xampp\htdocs\tokoku\system\CodeIgniter.php(419): CodeIgniter\CodeIgniter->runController(Object(App\Controllers\Admin_Products))
#9 C:\xampp\htdocs\tokoku\system\CodeIgniter.php(326): CodeIgniter\CodeIgniter->handleRequest(NULL, Object(Config\Cache), false)
#10 C:\xampp\htdocs\tokoku\public\index.php(37): CodeIgniter\CodeIgniter->run()
#11 C:\xampp\htdocs\tokoku\system\Commands\Server\rewrite.php(43): require_once('C:\\xampp\\htdocs...')
#12 {main}
CRITICAL - 2022-05-20 17:56:07 --> Attempt to read property "profile_picture" on null
#0 C:\xampp\htdocs\tokoku\app\Helpers\global_helper.php(94): CodeIgniter\Debug\Exceptions->errorHandler(2, 'Attempt to read...', 'C:\\xampp\\htdocs...', 94)
#1 C:\xampp\htdocs\tokoku\app\Views\admin\header.php(161): get_admin_image()
#2 C:\xampp\htdocs\tokoku\system\View\View.php(210): include('C:\\xampp\\htdocs...')
#3 C:\xampp\htdocs\tokoku\system\View\View.php(213): CodeIgniter\View\View->CodeIgniter\View\{closure}()
#4 C:\xampp\htdocs\tokoku\system\View\View.php(226): CodeIgniter\View\View->render('admin\\header', Array, true)
#5 C:\xampp\htdocs\tokoku\system\Common.php(1089): CodeIgniter\View\View->render('admin\\overview', Array, true)
#6 C:\xampp\htdocs\tokoku\app\Controllers\Admin.php(38): view('admin\\overview', Array)
#7 C:\xampp\htdocs\tokoku\system\CodeIgniter.php(832): App\Controllers\Admin->index()
#8 C:\xampp\htdocs\tokoku\system\CodeIgniter.php(419): CodeIgniter\CodeIgniter->runController(Object(App\Controllers\Admin))
#9 C:\xampp\htdocs\tokoku\system\CodeIgniter.php(326): CodeIgniter\CodeIgniter->handleRequest(NULL, Object(Config\Cache), false)
#10 C:\xampp\htdocs\tokoku\public\index.php(37): CodeIgniter\CodeIgniter->run()
#11 C:\xampp\htdocs\tokoku\system\Commands\Server\rewrite.php(43): require_once('C:\\xampp\\htdocs...')
#12 {main}
CRITICAL - 2022-05-20 17:56:09 --> Attempt to read property "profile_picture" on null
#0 C:\xampp\htdocs\tokoku\app\Helpers\global_helper.php(94): CodeIgniter\Debug\Exceptions->errorHandler(2, 'Attempt to read...', 'C:\\xampp\\htdocs...', 94)
#1 C:\xampp\htdocs\tokoku\app\Views\admin\header.php(161): get_admin_image()
#2 C:\xampp\htdocs\tokoku\system\View\View.php(210): include('C:\\xampp\\htdocs...')
#3 C:\xampp\htdocs\tokoku\system\View\View.php(213): CodeIgniter\View\View->CodeIgniter\View\{closure}()
#4 C:\xampp\htdocs\tokoku\system\View\View.php(226): CodeIgniter\View\View->render('admin\\header', Array, true)
#5 C:\xampp\htdocs\tokoku\system\Common.php(1089): CodeIgniter\View\View->render('admin\\overview', Array, true)
#6 C:\xampp\htdocs\tokoku\app\Controllers\Admin.php(38): view('admin\\overview', Array)
#7 C:\xampp\htdocs\tokoku\system\CodeIgniter.php(832): App\Controllers\Admin->index()
#8 C:\xampp\htdocs\tokoku\system\CodeIgniter.php(419): CodeIgniter\CodeIgniter->runController(Object(App\Controllers\Admin))
#9 C:\xampp\htdocs\tokoku\system\CodeIgniter.php(326): CodeIgniter\CodeIgniter->handleRequest(NULL, Object(Config\Cache), false)
#10 C:\xampp\htdocs\tokoku\public\index.php(37): CodeIgniter\CodeIgniter->run()
#11 C:\xampp\htdocs\tokoku\system\Commands\Server\rewrite.php(43): require_once('C:\\xampp\\htdocs...')
#12 {main}
CRITICAL - 2022-05-20 17:56:54 --> Undefined property: App\Controllers\Admin_Products::$load
#0 C:\xampp\htdocs\tokoku\app\Controllers\Admin_Products.php(52): CodeIgniter\Debug\Exceptions->errorHandler(2, 'Undefined prope...', 'C:\\xampp\\htdocs...', 52)
#1 C:\xampp\htdocs\tokoku\system\CodeIgniter.php(832): App\Controllers\Admin_Products->index()
#2 C:\xampp\htdocs\tokoku\system\CodeIgniter.php(419): CodeIgniter\CodeIgniter->runController(Object(App\Controllers\Admin_Products))
#3 C:\xampp\htdocs\tokoku\system\CodeIgniter.php(326): CodeIgniter\CodeIgniter->handleRequest(NULL, Object(Config\Cache), false)
#4 C:\xampp\htdocs\tokoku\public\index.php(37): CodeIgniter\CodeIgniter->run()
#5 C:\xampp\htdocs\tokoku\system\Commands\Server\rewrite.php(43): require_once('C:\\xampp\\htdocs...')
#6 {main}
CRITICAL - 2022-05-20 18:07:33 --> Undefined property: App\Controllers\Admin_Products::$load
#0 C:\xampp\htdocs\tokoku\app\Controllers\Admin_Products.php(52): CodeIgniter\Debug\Exceptions->errorHandler(2, 'Undefined prope...', 'C:\\xampp\\htdocs...', 52)
#1 C:\xampp\htdocs\tokoku\system\CodeIgniter.php(832): App\Controllers\Admin_Products->index()
#2 C:\xampp\htdocs\tokoku\system\CodeIgniter.php(419): CodeIgniter\CodeIgniter->runController(Object(App\Controllers\Admin_Products))
#3 C:\xampp\htdocs\tokoku\system\CodeIgniter.php(326): CodeIgniter\CodeIgniter->handleRequest(NULL, Object(Config\Cache), false)
#4 C:\xampp\htdocs\tokoku\public\index.php(37): CodeIgniter\CodeIgniter->run()
#5 C:\xampp\htdocs\tokoku\system\Commands\Server\rewrite.php(43): require_once('C:\\xampp\\htdocs...')
#6 {main}
CRITICAL - 2022-05-20 18:20:24 --> CodeIgniter\Database\BaseResult::getResult(): Argument #1 ($type) must be of type string, null given, called in C:\xampp\htdocs\tokoku\system\Model.php on line 184
#0 C:\xampp\htdocs\tokoku\system\Model.php(184): CodeIgniter\Database\BaseResult->getResult(NULL)
#1 C:\xampp\htdocs\tokoku\system\BaseModel.php(584): CodeIgniter\Model->doFindAll(4, 0)
#2 C:\xampp\htdocs\tokoku\system\BaseModel.php(1088): CodeIgniter\BaseModel->findAll(4, 0)
#3 C:\xampp\htdocs\tokoku\app\Controllers\Admin_Products.php(25): CodeIgniter\BaseModel->paginate(4)
#4 C:\xampp\htdocs\tokoku\system\CodeIgniter.php(832): App\Controllers\Admin_Products->index()
#5 C:\xampp\htdocs\tokoku\system\CodeIgniter.php(419): CodeIgniter\CodeIgniter->runController(Object(App\Controllers\Admin_Products))
#6 C:\xampp\htdocs\tokoku\system\CodeIgniter.php(326): CodeIgniter\CodeIgniter->handleRequest(NULL, Object(Config\Cache), false)
#7 C:\xampp\htdocs\tokoku\public\index.php(37): CodeIgniter\CodeIgniter->run()
#8 C:\xampp\htdocs\tokoku\system\Commands\Server\rewrite.php(43): require_once('C:\\xampp\\htdocs...')
#9 {main}
CRITICAL - 2022-05-20 18:23:17 --> CodeIgniter\Database\BaseResult::getResult(): Argument #1 ($type) must be of type string, null given, called in C:\xampp\htdocs\tokoku\system\Model.php on line 184
#0 C:\xampp\htdocs\tokoku\system\Model.php(184): CodeIgniter\Database\BaseResult->getResult(NULL)
#1 C:\xampp\htdocs\tokoku\system\BaseModel.php(584): CodeIgniter\Model->doFindAll(4, 0)
#2 C:\xampp\htdocs\tokoku\system\BaseModel.php(1088): CodeIgniter\BaseModel->findAll(4, 0)
#3 C:\xampp\htdocs\tokoku\app\Controllers\Admin_Products.php(25): CodeIgniter\BaseModel->paginate(4)
#4 C:\xampp\htdocs\tokoku\system\CodeIgniter.php(832): App\Controllers\Admin_Products->index()
#5 C:\xampp\htdocs\tokoku\system\CodeIgniter.php(419): CodeIgniter\CodeIgniter->runController(Object(App\Controllers\Admin_Products))
#6 C:\xampp\htdocs\tokoku\system\CodeIgniter.php(326): CodeIgniter\CodeIgniter->handleRequest(NULL, Object(Config\Cache), false)
#7 C:\xampp\htdocs\tokoku\public\index.php(37): CodeIgniter\CodeIgniter->run()
#8 C:\xampp\htdocs\tokoku\system\Commands\Server\rewrite.php(43): require_once('C:\\xampp\\htdocs...')
#9 {main}
CRITICAL - 2022-05-20 18:24:03 --> CodeIgniter\Database\BaseResult::getResult(): Argument #1 ($type) must be of type string, null given, called in C:\xampp\htdocs\tokoku\system\Model.php on line 184
#0 C:\xampp\htdocs\tokoku\system\Model.php(184): CodeIgniter\Database\BaseResult->getResult(NULL)
#1 C:\xampp\htdocs\tokoku\system\BaseModel.php(584): CodeIgniter\Model->doFindAll(4, 0)
#2 C:\xampp\htdocs\tokoku\system\BaseModel.php(1088): CodeIgniter\BaseModel->findAll(4, 0)
#3 C:\xampp\htdocs\tokoku\app\Controllers\Admin_Products.php(25): CodeIgniter\BaseModel->paginate(4)
#4 C:\xampp\htdocs\tokoku\system\CodeIgniter.php(832): App\Controllers\Admin_Products->index()
#5 C:\xampp\htdocs\tokoku\system\CodeIgniter.php(419): CodeIgniter\CodeIgniter->runController(Object(App\Controllers\Admin_Products))
#6 C:\xampp\htdocs\tokoku\system\CodeIgniter.php(326): CodeIgniter\CodeIgniter->handleRequest(NULL, Object(Config\Cache), false)
#7 C:\xampp\htdocs\tokoku\public\index.php(37): CodeIgniter\CodeIgniter->run()
#8 C:\xampp\htdocs\tokoku\system\Commands\Server\rewrite.php(43): require_once('C:\\xampp\\htdocs...')
#9 {main}
CRITICAL - 2022-05-20 18:24:04 --> CodeIgniter\Database\BaseResult::getResult(): Argument #1 ($type) must be of type string, null given, called in C:\xampp\htdocs\tokoku\system\Model.php on line 184
#0 C:\xampp\htdocs\tokoku\system\Model.php(184): CodeIgniter\Database\BaseResult->getResult(NULL)
#1 C:\xampp\htdocs\tokoku\system\BaseModel.php(584): CodeIgniter\Model->doFindAll(4, 0)
#2 C:\xampp\htdocs\tokoku\system\BaseModel.php(1088): CodeIgniter\BaseModel->findAll(4, 0)
#3 C:\xampp\htdocs\tokoku\app\Controllers\Admin_Products.php(25): CodeIgniter\BaseModel->paginate(4)
#4 C:\xampp\htdocs\tokoku\system\CodeIgniter.php(832): App\Controllers\Admin_Products->index()
#5 C:\xampp\htdocs\tokoku\system\CodeIgniter.php(419): CodeIgniter\CodeIgniter->runController(Object(App\Controllers\Admin_Products))
#6 C:\xampp\htdocs\tokoku\system\CodeIgniter.php(326): CodeIgniter\CodeIgniter->handleRequest(NULL, Object(Config\Cache), false)
#7 C:\xampp\htdocs\tokoku\public\index.php(37): CodeIgniter\CodeIgniter->run()
#8 C:\xampp\htdocs\tokoku\system\Commands\Server\rewrite.php(43): require_once('C:\\xampp\\htdocs...')
#9 {main}
CRITICAL - 2022-05-20 18:24:05 --> CodeIgniter\Database\BaseResult::getResult(): Argument #1 ($type) must be of type string, null given, called in C:\xampp\htdocs\tokoku\system\Model.php on line 184
#0 C:\xampp\htdocs\tokoku\system\Model.php(184): CodeIgniter\Database\BaseResult->getResult(NULL)
#1 C:\xampp\htdocs\tokoku\system\BaseModel.php(584): CodeIgniter\Model->doFindAll(4, 0)
#2 C:\xampp\htdocs\tokoku\system\BaseModel.php(1088): CodeIgniter\BaseModel->findAll(4, 0)
#3 C:\xampp\htdocs\tokoku\app\Controllers\Admin_Products.php(25): CodeIgniter\BaseModel->paginate(4)
#4 C:\xampp\htdocs\tokoku\system\CodeIgniter.php(832): App\Controllers\Admin_Products->index()
#5 C:\xampp\htdocs\tokoku\system\CodeIgniter.php(419): CodeIgniter\CodeIgniter->runController(Object(App\Controllers\Admin_Products))
#6 C:\xampp\htdocs\tokoku\system\CodeIgniter.php(326): CodeIgniter\CodeIgniter->handleRequest(NULL, Object(Config\Cache), false)
#7 C:\xampp\htdocs\tokoku\public\index.php(37): CodeIgniter\CodeIgniter->run()
#8 C:\xampp\htdocs\tokoku\system\Commands\Server\rewrite.php(43): require_once('C:\\xampp\\htdocs...')
#9 {main}
CRITICAL - 2022-05-20 18:24:05 --> CodeIgniter\Database\BaseResult::getResult(): Argument #1 ($type) must be of type string, null given, called in C:\xampp\htdocs\tokoku\system\Model.php on line 184
#0 C:\xampp\htdocs\tokoku\system\Model.php(184): CodeIgniter\Database\BaseResult->getResult(NULL)
#1 C:\xampp\htdocs\tokoku\system\BaseModel.php(584): CodeIgniter\Model->doFindAll(4, 0)
#2 C:\xampp\htdocs\tokoku\system\BaseModel.php(1088): CodeIgniter\BaseModel->findAll(4, 0)
#3 C:\xampp\htdocs\tokoku\app\Controllers\Admin_Products.php(25): CodeIgniter\BaseModel->paginate(4)
#4 C:\xampp\htdocs\tokoku\system\CodeIgniter.php(832): App\Controllers\Admin_Products->index()
#5 C:\xampp\htdocs\tokoku\system\CodeIgniter.php(419): CodeIgniter\CodeIgniter->runController(Object(App\Controllers\Admin_Products))
#6 C:\xampp\htdocs\tokoku\system\CodeIgniter.php(326): CodeIgniter\CodeIgniter->handleRequest(NULL, Object(Config\Cache), false)
#7 C:\xampp\htdocs\tokoku\public\index.php(37): CodeIgniter\CodeIgniter->run()
#8 C:\xampp\htdocs\tokoku\system\Commands\Server\rewrite.php(43): require_once('C:\\xampp\\htdocs...')
#9 {main}
CRITICAL - 2022-05-20 18:24:06 --> CodeIgniter\Database\BaseResult::getResult(): Argument #1 ($type) must be of type string, null given, called in C:\xampp\htdocs\tokoku\system\Model.php on line 184
#0 C:\xampp\htdocs\tokoku\system\Model.php(184): CodeIgniter\Database\BaseResult->getResult(NULL)
#1 C:\xampp\htdocs\tokoku\system\BaseModel.php(584): CodeIgniter\Model->doFindAll(4, 0)
#2 C:\xampp\htdocs\tokoku\system\BaseModel.php(1088): CodeIgniter\BaseModel->findAll(4, 0)
#3 C:\xampp\htdocs\tokoku\app\Controllers\Admin_Products.php(25): CodeIgniter\BaseModel->paginate(4)
#4 C:\xampp\htdocs\tokoku\system\CodeIgniter.php(832): App\Controllers\Admin_Products->index()
#5 C:\xampp\htdocs\tokoku\system\CodeIgniter.php(419): CodeIgniter\CodeIgniter->runController(Object(App\Controllers\Admin_Products))
#6 C:\xampp\htdocs\tokoku\system\CodeIgniter.php(326): CodeIgniter\CodeIgniter->handleRequest(NULL, Object(Config\Cache), false)
#7 C:\xampp\htdocs\tokoku\public\index.php(37): CodeIgniter\CodeIgniter->run()
#8 C:\xampp\htdocs\tokoku\system\Commands\Server\rewrite.php(43): require_once('C:\\xampp\\htdocs...')
#9 {main}
CRITICAL - 2022-05-20 18:28:15 --> CodeIgniter\Database\BaseResult::getResult(): Argument #1 ($type) must be of type string, null given, called in C:\xampp\htdocs\tokoku\system\Model.php on line 184
#0 C:\xampp\htdocs\tokoku\system\Model.php(184): CodeIgniter\Database\BaseResult->getResult(NULL)
#1 C:\xampp\htdocs\tokoku\system\BaseModel.php(584): CodeIgniter\Model->doFindAll(4, 0)
#2 C:\xampp\htdocs\tokoku\system\BaseModel.php(1088): CodeIgniter\BaseModel->findAll(4, 0)
#3 C:\xampp\htdocs\tokoku\app\Controllers\Admin_Products.php(26): CodeIgniter\BaseModel->paginate(4)
#4 C:\xampp\htdocs\tokoku\system\CodeIgniter.php(832): App\Controllers\Admin_Products->index()
#5 C:\xampp\htdocs\tokoku\system\CodeIgniter.php(419): CodeIgniter\CodeIgniter->runController(Object(App\Controllers\Admin_Products))
#6 C:\xampp\htdocs\tokoku\system\CodeIgniter.php(326): CodeIgniter\CodeIgniter->handleRequest(NULL, Object(Config\Cache), false)
#7 C:\xampp\htdocs\tokoku\public\index.php(37): CodeIgniter\CodeIgniter->run()
#8 C:\xampp\htdocs\tokoku\system\Commands\Server\rewrite.php(43): require_once('C:\\xampp\\htdocs...')
#9 {main}
CRITICAL - 2022-05-20 18:28:16 --> CodeIgniter\Database\BaseResult::getResult(): Argument #1 ($type) must be of type string, null given, called in C:\xampp\htdocs\tokoku\system\Model.php on line 184
#0 C:\xampp\htdocs\tokoku\system\Model.php(184): CodeIgniter\Database\BaseResult->getResult(NULL)
#1 C:\xampp\htdocs\tokoku\system\BaseModel.php(584): CodeIgniter\Model->doFindAll(4, 0)
#2 C:\xampp\htdocs\tokoku\system\BaseModel.php(1088): CodeIgniter\BaseModel->findAll(4, 0)
#3 C:\xampp\htdocs\tokoku\app\Controllers\Admin_Products.php(26): CodeIgniter\BaseModel->paginate(4)
#4 C:\xampp\htdocs\tokoku\system\CodeIgniter.php(832): App\Controllers\Admin_Products->index()
#5 C:\xampp\htdocs\tokoku\system\CodeIgniter.php(419): CodeIgniter\CodeIgniter->runController(Object(App\Controllers\Admin_Products))
#6 C:\xampp\htdocs\tokoku\system\CodeIgniter.php(326): CodeIgniter\CodeIgniter->handleRequest(NULL, Object(Config\Cache), false)
#7 C:\xampp\htdocs\tokoku\public\index.php(37): CodeIgniter\CodeIgniter->run()
#8 C:\xampp\htdocs\tokoku\system\Commands\Server\rewrite.php(43): require_once('C:\\xampp\\htdocs...')
#9 {main}
CRITICAL - 2022-05-20 18:28:16 --> CodeIgniter\Database\BaseResult::getResult(): Argument #1 ($type) must be of type string, null given, called in C:\xampp\htdocs\tokoku\system\Model.php on line 184
#0 C:\xampp\htdocs\tokoku\system\Model.php(184): CodeIgniter\Database\BaseResult->getResult(NULL)
#1 C:\xampp\htdocs\tokoku\system\BaseModel.php(584): CodeIgniter\Model->doFindAll(4, 0)
#2 C:\xampp\htdocs\tokoku\system\BaseModel.php(1088): CodeIgniter\BaseModel->findAll(4, 0)
#3 C:\xampp\htdocs\tokoku\app\Controllers\Admin_Products.php(26): CodeIgniter\BaseModel->paginate(4)
#4 C:\xampp\htdocs\tokoku\system\CodeIgniter.php(832): App\Controllers\Admin_Products->index()
#5 C:\xampp\htdocs\tokoku\system\CodeIgniter.php(419): CodeIgniter\CodeIgniter->runController(Object(App\Controllers\Admin_Products))
#6 C:\xampp\htdocs\tokoku\system\CodeIgniter.php(326): CodeIgniter\CodeIgniter->handleRequest(NULL, Object(Config\Cache), false)
#7 C:\xampp\htdocs\tokoku\public\index.php(37): CodeIgniter\CodeIgniter->run()
#8 C:\xampp\htdocs\tokoku\system\Commands\Server\rewrite.php(43): require_once('C:\\xampp\\htdocs...')
#9 {main}
CRITICAL - 2022-05-20 18:28:16 --> CodeIgniter\Database\BaseResult::getResult(): Argument #1 ($type) must be of type string, null given, called in C:\xampp\htdocs\tokoku\system\Model.php on line 184
#0 C:\xampp\htdocs\tokoku\system\Model.php(184): CodeIgniter\Database\BaseResult->getResult(NULL)
#1 C:\xampp\htdocs\tokoku\system\BaseModel.php(584): CodeIgniter\Model->doFindAll(4, 0)
#2 C:\xampp\htdocs\tokoku\system\BaseModel.php(1088): CodeIgniter\BaseModel->findAll(4, 0)
#3 C:\xampp\htdocs\tokoku\app\Controllers\Admin_Products.php(26): CodeIgniter\BaseModel->paginate(4)
#4 C:\xampp\htdocs\tokoku\system\CodeIgniter.php(832): App\Controllers\Admin_Products->index()
#5 C:\xampp\htdocs\tokoku\system\CodeIgniter.php(419): CodeIgniter\CodeIgniter->runController(Object(App\Controllers\Admin_Products))
#6 C:\xampp\htdocs\tokoku\system\CodeIgniter.php(326): CodeIgniter\CodeIgniter->handleRequest(NULL, Object(Config\Cache), false)
#7 C:\xampp\htdocs\tokoku\public\index.php(37): CodeIgniter\CodeIgniter->run()
#8 C:\xampp\htdocs\tokoku\system\Commands\Server\rewrite.php(43): require_once('C:\\xampp\\htdocs...')
#9 {main}
CRITICAL - 2022-05-20 18:28:17 --> CodeIgniter\Database\BaseResult::getResult(): Argument #1 ($type) must be of type string, null given, called in C:\xampp\htdocs\tokoku\system\Model.php on line 184
#0 C:\xampp\htdocs\tokoku\system\Model.php(184): CodeIgniter\Database\BaseResult->getResult(NULL)
#1 C:\xampp\htdocs\tokoku\system\BaseModel.php(584): CodeIgniter\Model->doFindAll(4, 0)
#2 C:\xampp\htdocs\tokoku\system\BaseModel.php(1088): CodeIgniter\BaseModel->findAll(4, 0)
#3 C:\xampp\htdocs\tokoku\app\Controllers\Admin_Products.php(26): CodeIgniter\BaseModel->paginate(4)
#4 C:\xampp\htdocs\tokoku\system\CodeIgniter.php(832): App\Controllers\Admin_Products->index()
#5 C:\xampp\htdocs\tokoku\system\CodeIgniter.php(419): CodeIgniter\CodeIgniter->runController(Object(App\Controllers\Admin_Products))
#6 C:\xampp\htdocs\tokoku\system\CodeIgniter.php(326): CodeIgniter\CodeIgniter->handleRequest(NULL, Object(Config\Cache), false)
#7 C:\xampp\htdocs\tokoku\public\index.php(37): CodeIgniter\CodeIgniter->run()
#8 C:\xampp\htdocs\tokoku\system\Commands\Server\rewrite.php(43): require_once('C:\\xampp\\htdocs...')
#9 {main}
CRITICAL - 2022-05-20 18:28:17 --> CodeIgniter\Database\BaseResult::getResult(): Argument #1 ($type) must be of type string, null given, called in C:\xampp\htdocs\tokoku\system\Model.php on line 184
#0 C:\xampp\htdocs\tokoku\system\Model.php(184): CodeIgniter\Database\BaseResult->getResult(NULL)
#1 C:\xampp\htdocs\tokoku\system\BaseModel.php(584): CodeIgniter\Model->doFindAll(4, 0)
#2 C:\xampp\htdocs\tokoku\system\BaseModel.php(1088): CodeIgniter\BaseModel->findAll(4, 0)
#3 C:\xampp\htdocs\tokoku\app\Controllers\Admin_Products.php(26): CodeIgniter\BaseModel->paginate(4)
#4 C:\xampp\htdocs\tokoku\system\CodeIgniter.php(832): App\Controllers\Admin_Products->index()
#5 C:\xampp\htdocs\tokoku\system\CodeIgniter.php(419): CodeIgniter\CodeIgniter->runController(Object(App\Controllers\Admin_Products))
#6 C:\xampp\htdocs\tokoku\system\CodeIgniter.php(326): CodeIgniter\CodeIgniter->handleRequest(NULL, Object(Config\Cache), false)
#7 C:\xampp\htdocs\tokoku\public\index.php(37): CodeIgniter\CodeIgniter->run()
#8 C:\xampp\htdocs\tokoku\system\Commands\Server\rewrite.php(43): require_once('C:\\xampp\\htdocs...')
#9 {main}
CRITICAL - 2022-05-20 18:28:39 --> CodeIgniter\Database\BaseResult::getResult(): Argument #1 ($type) must be of type string, null given, called in C:\xampp\htdocs\tokoku\system\Model.php on line 184
#0 C:\xampp\htdocs\tokoku\system\Model.php(184): CodeIgniter\Database\BaseResult->getResult(NULL)
#1 C:\xampp\htdocs\tokoku\system\BaseModel.php(584): CodeIgniter\Model->doFindAll(4, 0)
#2 C:\xampp\htdocs\tokoku\system\BaseModel.php(1088): CodeIgniter\BaseModel->findAll(4, 0)
#3 C:\xampp\htdocs\tokoku\app\Controllers\Admin_Products.php(61): CodeIgniter\BaseModel->paginate(4)
#4 C:\xampp\htdocs\tokoku\system\CodeIgniter.php(832): App\Controllers\Admin_Products->index()
#5 C:\xampp\htdocs\tokoku\system\CodeIgniter.php(419): CodeIgniter\CodeIgniter->runController(Object(App\Controllers\Admin_Products))
#6 C:\xampp\htdocs\tokoku\system\CodeIgniter.php(326): CodeIgniter\CodeIgniter->handleRequest(NULL, Object(Config\Cache), false)
#7 C:\xampp\htdocs\tokoku\public\index.php(37): CodeIgniter\CodeIgniter->run()
#8 C:\xampp\htdocs\tokoku\system\Commands\Server\rewrite.php(43): require_once('C:\\xampp\\htdocs...')
#9 {main}
CRITICAL - 2022-05-20 18:28:40 --> CodeIgniter\Database\BaseResult::getResult(): Argument #1 ($type) must be of type string, null given, called in C:\xampp\htdocs\tokoku\system\Model.php on line 184
#0 C:\xampp\htdocs\tokoku\system\Model.php(184): CodeIgniter\Database\BaseResult->getResult(NULL)
#1 C:\xampp\htdocs\tokoku\system\BaseModel.php(584): CodeIgniter\Model->doFindAll(4, 0)
#2 C:\xampp\htdocs\tokoku\system\BaseModel.php(1088): CodeIgniter\BaseModel->findAll(4, 0)
#3 C:\xampp\htdocs\tokoku\app\Controllers\Admin_Products.php(61): CodeIgniter\BaseModel->paginate(4)
#4 C:\xampp\htdocs\tokoku\system\CodeIgniter.php(832): App\Controllers\Admin_Products->index()
#5 C:\xampp\htdocs\tokoku\system\CodeIgniter.php(419): CodeIgniter\CodeIgniter->runController(Object(App\Controllers\Admin_Products))
#6 C:\xampp\htdocs\tokoku\system\CodeIgniter.php(326): CodeIgniter\CodeIgniter->handleRequest(NULL, Object(Config\Cache), false)
#7 C:\xampp\htdocs\tokoku\public\index.php(37): CodeIgniter\CodeIgniter->run()
#8 C:\xampp\htdocs\tokoku\system\Commands\Server\rewrite.php(43): require_once('C:\\xampp\\htdocs...')
#9 {main}
CRITICAL - 2022-05-20 18:28:41 --> CodeIgniter\Database\BaseResult::getResult(): Argument #1 ($type) must be of type string, null given, called in C:\xampp\htdocs\tokoku\system\Model.php on line 184
#0 C:\xampp\htdocs\tokoku\system\Model.php(184): CodeIgniter\Database\BaseResult->getResult(NULL)
#1 C:\xampp\htdocs\tokoku\system\BaseModel.php(584): CodeIgniter\Model->doFindAll(4, 0)
#2 C:\xampp\htdocs\tokoku\system\BaseModel.php(1088): CodeIgniter\BaseModel->findAll(4, 0)
#3 C:\xampp\htdocs\tokoku\app\Controllers\Admin_Products.php(61): CodeIgniter\BaseModel->paginate(4)
#4 C:\xampp\htdocs\tokoku\system\CodeIgniter.php(832): App\Controllers\Admin_Products->index()
#5 C:\xampp\htdocs\tokoku\system\CodeIgniter.php(419): CodeIgniter\CodeIgniter->runController(Object(App\Controllers\Admin_Products))
#6 C:\xampp\htdocs\tokoku\system\CodeIgniter.php(326): CodeIgniter\CodeIgniter->handleRequest(NULL, Object(Config\Cache), false)
#7 C:\xampp\htdocs\tokoku\public\index.php(37): CodeIgniter\CodeIgniter->run()
#8 C:\xampp\htdocs\tokoku\system\Commands\Server\rewrite.php(43): require_once('C:\\xampp\\htdocs...')
#9 {main}
CRITICAL - 2022-05-20 18:28:41 --> CodeIgniter\Database\BaseResult::getResult(): Argument #1 ($type) must be of type string, null given, called in C:\xampp\htdocs\tokoku\system\Model.php on line 184
#0 C:\xampp\htdocs\tokoku\system\Model.php(184): CodeIgniter\Database\BaseResult->getResult(NULL)
#1 C:\xampp\htdocs\tokoku\system\BaseModel.php(584): CodeIgniter\Model->doFindAll(4, 0)
#2 C:\xampp\htdocs\tokoku\system\BaseModel.php(1088): CodeIgniter\BaseModel->findAll(4, 0)
#3 C:\xampp\htdocs\tokoku\app\Controllers\Admin_Products.php(61): CodeIgniter\BaseModel->paginate(4)
#4 C:\xampp\htdocs\tokoku\system\CodeIgniter.php(832): App\Controllers\Admin_Products->index()
#5 C:\xampp\htdocs\tokoku\system\CodeIgniter.php(419): CodeIgniter\CodeIgniter->runController(Object(App\Controllers\Admin_Products))
#6 C:\xampp\htdocs\tokoku\system\CodeIgniter.php(326): CodeIgniter\CodeIgniter->handleRequest(NULL, Object(Config\Cache), false)
#7 C:\xampp\htdocs\tokoku\public\index.php(37): CodeIgniter\CodeIgniter->run()
#8 C:\xampp\htdocs\tokoku\system\Commands\Server\rewrite.php(43): require_once('C:\\xampp\\htdocs...')
#9 {main}
CRITICAL - 2022-05-20 18:28:41 --> CodeIgniter\Database\BaseResult::getResult(): Argument #1 ($type) must be of type string, null given, called in C:\xampp\htdocs\tokoku\system\Model.php on line 184
#0 C:\xampp\htdocs\tokoku\system\Model.php(184): CodeIgniter\Database\BaseResult->getResult(NULL)
#1 C:\xampp\htdocs\tokoku\system\BaseModel.php(584): CodeIgniter\Model->doFindAll(4, 0)
#2 C:\xampp\htdocs\tokoku\system\BaseModel.php(1088): CodeIgniter\BaseModel->findAll(4, 0)
#3 C:\xampp\htdocs\tokoku\app\Controllers\Admin_Products.php(61): CodeIgniter\BaseModel->paginate(4)
#4 C:\xampp\htdocs\tokoku\system\CodeIgniter.php(832): App\Controllers\Admin_Products->index()
#5 C:\xampp\htdocs\tokoku\system\CodeIgniter.php(419): CodeIgniter\CodeIgniter->runController(Object(App\Controllers\Admin_Products))
#6 C:\xampp\htdocs\tokoku\system\CodeIgniter.php(326): CodeIgniter\CodeIgniter->handleRequest(NULL, Object(Config\Cache), false)
#7 C:\xampp\htdocs\tokoku\public\index.php(37): CodeIgniter\CodeIgniter->run()
#8 C:\xampp\htdocs\tokoku\system\Commands\Server\rewrite.php(43): require_once('C:\\xampp\\htdocs...')
#9 {main}
CRITICAL - 2022-05-20 18:28:42 --> CodeIgniter\Database\BaseResult::getResult(): Argument #1 ($type) must be of type string, null given, called in C:\xampp\htdocs\tokoku\system\Model.php on line 184
#0 C:\xampp\htdocs\tokoku\system\Model.php(184): CodeIgniter\Database\BaseResult->getResult(NULL)
#1 C:\xampp\htdocs\tokoku\system\BaseModel.php(584): CodeIgniter\Model->doFindAll(4, 0)
#2 C:\xampp\htdocs\tokoku\system\BaseModel.php(1088): CodeIgniter\BaseModel->findAll(4, 0)
#3 C:\xampp\htdocs\tokoku\app\Controllers\Admin_Products.php(61): CodeIgniter\BaseModel->paginate(4)
#4 C:\xampp\htdocs\tokoku\system\CodeIgniter.php(832): App\Controllers\Admin_Products->index()
#5 C:\xampp\htdocs\tokoku\system\CodeIgniter.php(419): CodeIgniter\CodeIgniter->runController(Object(App\Controllers\Admin_Products))
#6 C:\xampp\htdocs\tokoku\system\CodeIgniter.php(326): CodeIgniter\CodeIgniter->handleRequest(NULL, Object(Config\Cache), false)
#7 C:\xampp\htdocs\tokoku\public\index.php(37): CodeIgniter\CodeIgniter->run()
#8 C:\xampp\htdocs\tokoku\system\Commands\Server\rewrite.php(43): require_once('C:\\xampp\\htdocs...')
#9 {main}
CRITICAL - 2022-05-20 18:28:42 --> CodeIgniter\Database\BaseResult::getResult(): Argument #1 ($type) must be of type string, null given, called in C:\xampp\htdocs\tokoku\system\Model.php on line 184
#0 C:\xampp\htdocs\tokoku\system\Model.php(184): CodeIgniter\Database\BaseResult->getResult(NULL)
#1 C:\xampp\htdocs\tokoku\system\BaseModel.php(584): CodeIgniter\Model->doFindAll(4, 0)
#2 C:\xampp\htdocs\tokoku\system\BaseModel.php(1088): CodeIgniter\BaseModel->findAll(4, 0)
#3 C:\xampp\htdocs\tokoku\app\Controllers\Admin_Products.php(61): CodeIgniter\BaseModel->paginate(4)
#4 C:\xampp\htdocs\tokoku\system\CodeIgniter.php(832): App\Controllers\Admin_Products->index()
#5 C:\xampp\htdocs\tokoku\system\CodeIgniter.php(419): CodeIgniter\CodeIgniter->runController(Object(App\Controllers\Admin_Products))
#6 C:\xampp\htdocs\tokoku\system\CodeIgniter.php(326): CodeIgniter\CodeIgniter->handleRequest(NULL, Object(Config\Cache), false)
#7 C:\xampp\htdocs\tokoku\public\index.php(37): CodeIgniter\CodeIgniter->run()
#8 C:\xampp\htdocs\tokoku\system\Commands\Server\rewrite.php(43): require_once('C:\\xampp\\htdocs...')
#9 {main}
CRITICAL - 2022-05-20 18:28:42 --> CodeIgniter\Database\BaseResult::getResult(): Argument #1 ($type) must be of type string, null given, called in C:\xampp\htdocs\tokoku\system\Model.php on line 184
#0 C:\xampp\htdocs\tokoku\system\Model.php(184): CodeIgniter\Database\BaseResult->getResult(NULL)
#1 C:\xampp\htdocs\tokoku\system\BaseModel.php(584): CodeIgniter\Model->doFindAll(4, 0)
#2 C:\xampp\htdocs\tokoku\system\BaseModel.php(1088): CodeIgniter\BaseModel->findAll(4, 0)
#3 C:\xampp\htdocs\tokoku\app\Controllers\Admin_Products.php(61): CodeIgniter\BaseModel->paginate(4)
#4 C:\xampp\htdocs\tokoku\system\CodeIgniter.php(832): App\Controllers\Admin_Products->index()
#5 C:\xampp\htdocs\tokoku\system\CodeIgniter.php(419): CodeIgniter\CodeIgniter->runController(Object(App\Controllers\Admin_Products))
#6 C:\xampp\htdocs\tokoku\system\CodeIgniter.php(326): CodeIgniter\CodeIgniter->handleRequest(NULL, Object(Config\Cache), false)
#7 C:\xampp\htdocs\tokoku\public\index.php(37): CodeIgniter\CodeIgniter->run()
#8 C:\xampp\htdocs\tokoku\system\Commands\Server\rewrite.php(43): require_once('C:\\xampp\\htdocs...')
#9 {main}
CRITICAL - 2022-05-20 18:30:18 --> CodeIgniter\Database\BaseResult::getResult(): Argument #1 ($type) must be of type string, null given, called in C:\xampp\htdocs\tokoku\system\Model.php on line 184
#0 C:\xampp\htdocs\tokoku\system\Model.php(184): CodeIgniter\Database\BaseResult->getResult(NULL)
#1 C:\xampp\htdocs\tokoku\system\BaseModel.php(584): CodeIgniter\Model->doFindAll(4, 0)
#2 C:\xampp\htdocs\tokoku\system\BaseModel.php(1088): CodeIgniter\BaseModel->findAll(4, 0)
#3 C:\xampp\htdocs\tokoku\app\Controllers\Admin_Products.php(61): CodeIgniter\BaseModel->paginate(4)
#4 C:\xampp\htdocs\tokoku\system\CodeIgniter.php(832): App\Controllers\Admin_Products->index()
#5 C:\xampp\htdocs\tokoku\system\CodeIgniter.php(419): CodeIgniter\CodeIgniter->runController(Object(App\Controllers\Admin_Products))
#6 C:\xampp\htdocs\tokoku\system\CodeIgniter.php(326): CodeIgniter\CodeIgniter->handleRequest(NULL, Object(Config\Cache), false)
#7 C:\xampp\htdocs\tokoku\public\index.php(37): CodeIgniter\CodeIgniter->run()
#8 C:\xampp\htdocs\tokoku\system\Commands\Server\rewrite.php(43): require_once('C:\\xampp\\htdocs...')
#9 {main}
CRITICAL - 2022-05-20 18:30:19 --> CodeIgniter\Database\BaseResult::getResult(): Argument #1 ($type) must be of type string, null given, called in C:\xampp\htdocs\tokoku\system\Model.php on line 184
#0 C:\xampp\htdocs\tokoku\system\Model.php(184): CodeIgniter\Database\BaseResult->getResult(NULL)
#1 C:\xampp\htdocs\tokoku\system\BaseModel.php(584): CodeIgniter\Model->doFindAll(4, 0)
#2 C:\xampp\htdocs\tokoku\system\BaseModel.php(1088): CodeIgniter\BaseModel->findAll(4, 0)
#3 C:\xampp\htdocs\tokoku\app\Controllers\Admin_Products.php(61): CodeIgniter\BaseModel->paginate(4)
#4 C:\xampp\htdocs\tokoku\system\CodeIgniter.php(832): App\Controllers\Admin_Products->index()
#5 C:\xampp\htdocs\tokoku\system\CodeIgniter.php(419): CodeIgniter\CodeIgniter->runController(Object(App\Controllers\Admin_Products))
#6 C:\xampp\htdocs\tokoku\system\CodeIgniter.php(326): CodeIgniter\CodeIgniter->handleRequest(NULL, Object(Config\Cache), false)
#7 C:\xampp\htdocs\tokoku\public\index.php(37): CodeIgniter\CodeIgniter->run()
#8 C:\xampp\htdocs\tokoku\system\Commands\Server\rewrite.php(43): require_once('C:\\xampp\\htdocs...')
#9 {main}
CRITICAL - 2022-05-20 18:32:53 --> CodeIgniter\Database\BaseResult::getResult(): Argument #1 ($type) must be of type string, null given, called in C:\xampp\htdocs\tokoku\system\Model.php on line 184
#0 C:\xampp\htdocs\tokoku\system\Model.php(184): CodeIgniter\Database\BaseResult->getResult(NULL)
#1 C:\xampp\htdocs\tokoku\system\BaseModel.php(584): CodeIgniter\Model->doFindAll(4, 0)
#2 C:\xampp\htdocs\tokoku\system\BaseModel.php(1088): CodeIgniter\BaseModel->findAll(4, 0)
#3 C:\xampp\htdocs\tokoku\app\Controllers\Admin_Products.php(61): CodeIgniter\BaseModel->paginate(4)
#4 C:\xampp\htdocs\tokoku\system\CodeIgniter.php(832): App\Controllers\Admin_Products->index()
#5 C:\xampp\htdocs\tokoku\system\CodeIgniter.php(419): CodeIgniter\CodeIgniter->runController(Object(App\Controllers\Admin_Products))
#6 C:\xampp\htdocs\tokoku\system\CodeIgniter.php(326): CodeIgniter\CodeIgniter->handleRequest(NULL, Object(Config\Cache), false)
#7 C:\xampp\htdocs\tokoku\public\index.php(37): CodeIgniter\CodeIgniter->run()
#8 C:\xampp\htdocs\tokoku\system\Commands\Server\rewrite.php(43): require_once('C:\\xampp\\htdocs...')
#9 {main}
CRITICAL - 2022-05-20 18:36:16 --> CodeIgniter\Database\BaseResult::getResult(): Argument #1 ($type) must be of type string, null given, called in C:\xampp\htdocs\tokoku\system\Model.php on line 184
#0 C:\xampp\htdocs\tokoku\system\Model.php(184): CodeIgniter\Database\BaseResult->getResult(NULL)
#1 C:\xampp\htdocs\tokoku\system\BaseModel.php(584): CodeIgniter\Model->doFindAll(4, 0)
#2 C:\xampp\htdocs\tokoku\system\BaseModel.php(1088): CodeIgniter\BaseModel->findAll(4, 0)
#3 C:\xampp\htdocs\tokoku\app\Controllers\Admin_Products.php(26): CodeIgniter\BaseModel->paginate(4)
#4 C:\xampp\htdocs\tokoku\system\CodeIgniter.php(832): App\Controllers\Admin_Products->index()
#5 C:\xampp\htdocs\tokoku\system\CodeIgniter.php(419): CodeIgniter\CodeIgniter->runController(Object(App\Controllers\Admin_Products))
#6 C:\xampp\htdocs\tokoku\system\CodeIgniter.php(326): CodeIgniter\CodeIgniter->handleRequest(NULL, Object(Config\Cache), false)
#7 C:\xampp\htdocs\tokoku\public\index.php(37): CodeIgniter\CodeIgniter->run()
#8 C:\xampp\htdocs\tokoku\system\Commands\Server\rewrite.php(43): require_once('C:\\xampp\\htdocs...')
#9 {main}
CRITICAL - 2022-05-20 18:36:17 --> CodeIgniter\Database\BaseResult::getResult(): Argument #1 ($type) must be of type string, null given, called in C:\xampp\htdocs\tokoku\system\Model.php on line 184
#0 C:\xampp\htdocs\tokoku\system\Model.php(184): CodeIgniter\Database\BaseResult->getResult(NULL)
#1 C:\xampp\htdocs\tokoku\system\BaseModel.php(584): CodeIgniter\Model->doFindAll(4, 0)
#2 C:\xampp\htdocs\tokoku\system\BaseModel.php(1088): CodeIgniter\BaseModel->findAll(4, 0)
#3 C:\xampp\htdocs\tokoku\app\Controllers\Admin_Products.php(26): CodeIgniter\BaseModel->paginate(4)
#4 C:\xampp\htdocs\tokoku\system\CodeIgniter.php(832): App\Controllers\Admin_Products->index()
#5 C:\xampp\htdocs\tokoku\system\CodeIgniter.php(419): CodeIgniter\CodeIgniter->runController(Object(App\Controllers\Admin_Products))
#6 C:\xampp\htdocs\tokoku\system\CodeIgniter.php(326): CodeIgniter\CodeIgniter->handleRequest(NULL, Object(Config\Cache), false)
#7 C:\xampp\htdocs\tokoku\public\index.php(37): CodeIgniter\CodeIgniter->run()
#8 C:\xampp\htdocs\tokoku\system\Commands\Server\rewrite.php(43): require_once('C:\\xampp\\htdocs...')
#9 {main}
CRITICAL - 2022-05-20 18:38:49 --> CodeIgniter\Database\BaseResult::getResult(): Argument #1 ($type) must be of type string, null given, called in C:\xampp\htdocs\tokoku\system\Model.php on line 184
#0 C:\xampp\htdocs\tokoku\system\Model.php(184): CodeIgniter\Database\BaseResult->getResult(NULL)
#1 C:\xampp\htdocs\tokoku\system\BaseModel.php(584): CodeIgniter\Model->doFindAll(4, 0)
#2 C:\xampp\htdocs\tokoku\system\BaseModel.php(1088): CodeIgniter\BaseModel->findAll(4, 0)
#3 C:\xampp\htdocs\tokoku\app\Controllers\Admin_Products.php(26): CodeIgniter\BaseModel->paginate(4)
#4 C:\xampp\htdocs\tokoku\system\CodeIgniter.php(832): App\Controllers\Admin_Products->index()
#5 C:\xampp\htdocs\tokoku\system\CodeIgniter.php(419): CodeIgniter\CodeIgniter->runController(Object(App\Controllers\Admin_Products))
#6 C:\xampp\htdocs\tokoku\system\CodeIgniter.php(326): CodeIgniter\CodeIgniter->handleRequest(NULL, Object(Config\Cache), false)
#7 C:\xampp\htdocs\tokoku\public\index.php(37): CodeIgniter\CodeIgniter->run()
#8 C:\xampp\htdocs\tokoku\system\Commands\Server\rewrite.php(43): require_once('C:\\xampp\\htdocs...')
#9 {main}
CRITICAL - 2022-05-20 18:38:50 --> CodeIgniter\Database\BaseResult::getResult(): Argument #1 ($type) must be of type string, null given, called in C:\xampp\htdocs\tokoku\system\Model.php on line 184
#0 C:\xampp\htdocs\tokoku\system\Model.php(184): CodeIgniter\Database\BaseResult->getResult(NULL)
#1 C:\xampp\htdocs\tokoku\system\BaseModel.php(584): CodeIgniter\Model->doFindAll(4, 0)
#2 C:\xampp\htdocs\tokoku\system\BaseModel.php(1088): CodeIgniter\BaseModel->findAll(4, 0)
#3 C:\xampp\htdocs\tokoku\app\Controllers\Admin_Products.php(26): CodeIgniter\BaseModel->paginate(4)
#4 C:\xampp\htdocs\tokoku\system\CodeIgniter.php(832): App\Controllers\Admin_Products->index()
#5 C:\xampp\htdocs\tokoku\system\CodeIgniter.php(419): CodeIgniter\CodeIgniter->runController(Object(App\Controllers\Admin_Products))
#6 C:\xampp\htdocs\tokoku\system\CodeIgniter.php(326): CodeIgniter\CodeIgniter->handleRequest(NULL, Object(Config\Cache), false)
#7 C:\xampp\htdocs\tokoku\public\index.php(37): CodeIgniter\CodeIgniter->run()
#8 C:\xampp\htdocs\tokoku\system\Commands\Server\rewrite.php(43): require_once('C:\\xampp\\htdocs...')
#9 {main}
CRITICAL - 2022-05-20 18:38:51 --> CodeIgniter\Database\BaseResult::getResult(): Argument #1 ($type) must be of type string, null given, called in C:\xampp\htdocs\tokoku\system\Model.php on line 184
#0 C:\xampp\htdocs\tokoku\system\Model.php(184): CodeIgniter\Database\BaseResult->getResult(NULL)
#1 C:\xampp\htdocs\tokoku\system\BaseModel.php(584): CodeIgniter\Model->doFindAll(4, 0)
#2 C:\xampp\htdocs\tokoku\system\BaseModel.php(1088): CodeIgniter\BaseModel->findAll(4, 0)
#3 C:\xampp\htdocs\tokoku\app\Controllers\Admin_Products.php(26): CodeIgniter\BaseModel->paginate(4)
#4 C:\xampp\htdocs\tokoku\system\CodeIgniter.php(832): App\Controllers\Admin_Products->index()
#5 C:\xampp\htdocs\tokoku\system\CodeIgniter.php(419): CodeIgniter\CodeIgniter->runController(Object(App\Controllers\Admin_Products))
#6 C:\xampp\htdocs\tokoku\system\CodeIgniter.php(326): CodeIgniter\CodeIgniter->handleRequest(NULL, Object(Config\Cache), false)
#7 C:\xampp\htdocs\tokoku\public\index.php(37): CodeIgniter\CodeIgniter->run()
#8 C:\xampp\htdocs\tokoku\system\Commands\Server\rewrite.php(43): require_once('C:\\xampp\\htdocs...')
#9 {main}
CRITICAL - 2022-05-20 18:38:51 --> CodeIgniter\Database\BaseResult::getResult(): Argument #1 ($type) must be of type string, null given, called in C:\xampp\htdocs\tokoku\system\Model.php on line 184
#0 C:\xampp\htdocs\tokoku\system\Model.php(184): CodeIgniter\Database\BaseResult->getResult(NULL)
#1 C:\xampp\htdocs\tokoku\system\BaseModel.php(584): CodeIgniter\Model->doFindAll(4, 0)
#2 C:\xampp\htdocs\tokoku\system\BaseModel.php(1088): CodeIgniter\BaseModel->findAll(4, 0)
#3 C:\xampp\htdocs\tokoku\app\Controllers\Admin_Products.php(26): CodeIgniter\BaseModel->paginate(4)
#4 C:\xampp\htdocs\tokoku\system\CodeIgniter.php(832): App\Controllers\Admin_Products->index()
#5 C:\xampp\htdocs\tokoku\system\CodeIgniter.php(419): CodeIgniter\CodeIgniter->runController(Object(App\Controllers\Admin_Products))
#6 C:\xampp\htdocs\tokoku\system\CodeIgniter.php(326): CodeIgniter\CodeIgniter->handleRequest(NULL, Object(Config\Cache), false)
#7 C:\xampp\htdocs\tokoku\public\index.php(37): CodeIgniter\CodeIgniter->run()
#8 C:\xampp\htdocs\tokoku\system\Commands\Server\rewrite.php(43): require_once('C:\\xampp\\htdocs...')
#9 {main}
CRITICAL - 2022-05-20 18:38:52 --> CodeIgniter\Database\BaseResult::getResult(): Argument #1 ($type) must be of type string, null given, called in C:\xampp\htdocs\tokoku\system\Model.php on line 184
#0 C:\xampp\htdocs\tokoku\system\Model.php(184): CodeIgniter\Database\BaseResult->getResult(NULL)
#1 C:\xampp\htdocs\tokoku\system\BaseModel.php(584): CodeIgniter\Model->doFindAll(4, 0)
#2 C:\xampp\htdocs\tokoku\system\BaseModel.php(1088): CodeIgniter\BaseModel->findAll(4, 0)
#3 C:\xampp\htdocs\tokoku\app\Controllers\Admin_Products.php(26): CodeIgniter\BaseModel->paginate(4)
#4 C:\xampp\htdocs\tokoku\system\CodeIgniter.php(832): App\Controllers\Admin_Products->index()
#5 C:\xampp\htdocs\tokoku\system\CodeIgniter.php(419): CodeIgniter\CodeIgniter->runController(Object(App\Controllers\Admin_Products))
#6 C:\xampp\htdocs\tokoku\system\CodeIgniter.php(326): CodeIgniter\CodeIgniter->handleRequest(NULL, Object(Config\Cache), false)
#7 C:\xampp\htdocs\tokoku\public\index.php(37): CodeIgniter\CodeIgniter->run()
#8 C:\xampp\htdocs\tokoku\system\Commands\Server\rewrite.php(43): require_once('C:\\xampp\\htdocs...')
#9 {main}
CRITICAL - 2022-05-20 18:38:52 --> CodeIgniter\Database\BaseResult::getResult(): Argument #1 ($type) must be of type string, null given, called in C:\xampp\htdocs\tokoku\system\Model.php on line 184
#0 C:\xampp\htdocs\tokoku\system\Model.php(184): CodeIgniter\Database\BaseResult->getResult(NULL)
#1 C:\xampp\htdocs\tokoku\system\BaseModel.php(584): CodeIgniter\Model->doFindAll(4, 0)
#2 C:\xampp\htdocs\tokoku\system\BaseModel.php(1088): CodeIgniter\BaseModel->findAll(4, 0)
#3 C:\xampp\htdocs\tokoku\app\Controllers\Admin_Products.php(26): CodeIgniter\BaseModel->paginate(4)
#4 C:\xampp\htdocs\tokoku\system\CodeIgniter.php(832): App\Controllers\Admin_Products->index()
#5 C:\xampp\htdocs\tokoku\system\CodeIgniter.php(419): CodeIgniter\CodeIgniter->runController(Object(App\Controllers\Admin_Products))
#6 C:\xampp\htdocs\tokoku\system\CodeIgniter.php(326): CodeIgniter\CodeIgniter->handleRequest(NULL, Object(Config\Cache), false)
#7 C:\xampp\htdocs\tokoku\public\index.php(37): CodeIgniter\CodeIgniter->run()
#8 C:\xampp\htdocs\tokoku\system\Commands\Server\rewrite.php(43): require_once('C:\\xampp\\htdocs...')
#9 {main}
CRITICAL - 2022-05-20 18:38:52 --> CodeIgniter\Database\BaseResult::getResult(): Argument #1 ($type) must be of type string, null given, called in C:\xampp\htdocs\tokoku\system\Model.php on line 184
#0 C:\xampp\htdocs\tokoku\system\Model.php(184): CodeIgniter\Database\BaseResult->getResult(NULL)
#1 C:\xampp\htdocs\tokoku\system\BaseModel.php(584): CodeIgniter\Model->doFindAll(4, 0)
#2 C:\xampp\htdocs\tokoku\system\BaseModel.php(1088): CodeIgniter\BaseModel->findAll(4, 0)
#3 C:\xampp\htdocs\tokoku\app\Controllers\Admin_Products.php(26): CodeIgniter\BaseModel->paginate(4)
#4 C:\xampp\htdocs\tokoku\system\CodeIgniter.php(832): App\Controllers\Admin_Products->index()
#5 C:\xampp\htdocs\tokoku\system\CodeIgniter.php(419): CodeIgniter\CodeIgniter->runController(Object(App\Controllers\Admin_Products))
#6 C:\xampp\htdocs\tokoku\system\CodeIgniter.php(326): CodeIgniter\CodeIgniter->handleRequest(NULL, Object(Config\Cache), false)
#7 C:\xampp\htdocs\tokoku\public\index.php(37): CodeIgniter\CodeIgniter->run()
#8 C:\xampp\htdocs\tokoku\system\Commands\Server\rewrite.php(43): require_once('C:\\xampp\\htdocs...')
#9 {main}
CRITICAL - 2022-05-20 18:38:52 --> CodeIgniter\Database\BaseResult::getResult(): Argument #1 ($type) must be of type string, null given, called in C:\xampp\htdocs\tokoku\system\Model.php on line 184
#0 C:\xampp\htdocs\tokoku\system\Model.php(184): CodeIgniter\Database\BaseResult->getResult(NULL)
#1 C:\xampp\htdocs\tokoku\system\BaseModel.php(584): CodeIgniter\Model->doFindAll(4, 0)
#2 C:\xampp\htdocs\tokoku\system\BaseModel.php(1088): CodeIgniter\BaseModel->findAll(4, 0)
#3 C:\xampp\htdocs\tokoku\app\Controllers\Admin_Products.php(26): CodeIgniter\BaseModel->paginate(4)
#4 C:\xampp\htdocs\tokoku\system\CodeIgniter.php(832): App\Controllers\Admin_Products->index()
#5 C:\xampp\htdocs\tokoku\system\CodeIgniter.php(419): CodeIgniter\CodeIgniter->runController(Object(App\Controllers\Admin_Products))
#6 C:\xampp\htdocs\tokoku\system\CodeIgniter.php(326): CodeIgniter\CodeIgniter->handleRequest(NULL, Object(Config\Cache), false)
#7 C:\xampp\htdocs\tokoku\public\index.php(37): CodeIgniter\CodeIgniter->run()
#8 C:\xampp\htdocs\tokoku\system\Commands\Server\rewrite.php(43): require_once('C:\\xampp\\htdocs...')
#9 {main}
CRITICAL - 2022-05-20 18:39:44 --> CodeIgniter\Database\BaseResult::getResult(): Argument #1 ($type) must be of type string, null given, called in C:\xampp\htdocs\tokoku\system\Model.php on line 184
#0 C:\xampp\htdocs\tokoku\system\Model.php(184): CodeIgniter\Database\BaseResult->getResult(NULL)
#1 C:\xampp\htdocs\tokoku\system\BaseModel.php(584): CodeIgniter\Model->doFindAll(4, 0)
#2 C:\xampp\htdocs\tokoku\system\BaseModel.php(1088): CodeIgniter\BaseModel->findAll(4, 0)
#3 C:\xampp\htdocs\tokoku\app\Controllers\Admin_Products.php(26): CodeIgniter\BaseModel->paginate(4)
#4 C:\xampp\htdocs\tokoku\system\CodeIgniter.php(832): App\Controllers\Admin_Products->index()
#5 C:\xampp\htdocs\tokoku\system\CodeIgniter.php(419): CodeIgniter\CodeIgniter->runController(Object(App\Controllers\Admin_Products))
#6 C:\xampp\htdocs\tokoku\system\CodeIgniter.php(326): CodeIgniter\CodeIgniter->handleRequest(NULL, Object(Config\Cache), false)
#7 C:\xampp\htdocs\tokoku\public\index.php(37): CodeIgniter\CodeIgniter->run()
#8 C:\xampp\htdocs\tokoku\system\Commands\Server\rewrite.php(43): require_once('C:\\xampp\\htdocs...')
#9 {main}
CRITICAL - 2022-05-20 18:39:44 --> CodeIgniter\Database\BaseResult::getResult(): Argument #1 ($type) must be of type string, null given, called in C:\xampp\htdocs\tokoku\system\Model.php on line 184
#0 C:\xampp\htdocs\tokoku\system\Model.php(184): CodeIgniter\Database\BaseResult->getResult(NULL)
#1 C:\xampp\htdocs\tokoku\system\BaseModel.php(584): CodeIgniter\Model->doFindAll(4, 0)
#2 C:\xampp\htdocs\tokoku\system\BaseModel.php(1088): CodeIgniter\BaseModel->findAll(4, 0)
#3 C:\xampp\htdocs\tokoku\app\Controllers\Admin_Products.php(26): CodeIgniter\BaseModel->paginate(4)
#4 C:\xampp\htdocs\tokoku\system\CodeIgniter.php(832): App\Controllers\Admin_Products->index()
#5 C:\xampp\htdocs\tokoku\system\CodeIgniter.php(419): CodeIgniter\CodeIgniter->runController(Object(App\Controllers\Admin_Products))
#6 C:\xampp\htdocs\tokoku\system\CodeIgniter.php(326): CodeIgniter\CodeIgniter->handleRequest(NULL, Object(Config\Cache), false)
#7 C:\xampp\htdocs\tokoku\public\index.php(37): CodeIgniter\CodeIgniter->run()
#8 C:\xampp\htdocs\tokoku\system\Commands\Server\rewrite.php(43): require_once('C:\\xampp\\htdocs...')
#9 {main}
CRITICAL - 2022-05-20 18:39:45 --> CodeIgniter\Database\BaseResult::getResult(): Argument #1 ($type) must be of type string, null given, called in C:\xampp\htdocs\tokoku\system\Model.php on line 184
#0 C:\xampp\htdocs\tokoku\system\Model.php(184): CodeIgniter\Database\BaseResult->getResult(NULL)
#1 C:\xampp\htdocs\tokoku\system\BaseModel.php(584): CodeIgniter\Model->doFindAll(4, 0)
#2 C:\xampp\htdocs\tokoku\system\BaseModel.php(1088): CodeIgniter\BaseModel->findAll(4, 0)
#3 C:\xampp\htdocs\tokoku\app\Controllers\Admin_Products.php(26): CodeIgniter\BaseModel->paginate(4)
#4 C:\xampp\htdocs\tokoku\system\CodeIgniter.php(832): App\Controllers\Admin_Products->index()
#5 C:\xampp\htdocs\tokoku\system\CodeIgniter.php(419): CodeIgniter\CodeIgniter->runController(Object(App\Controllers\Admin_Products))
#6 C:\xampp\htdocs\tokoku\system\CodeIgniter.php(326): CodeIgniter\CodeIgniter->handleRequest(NULL, Object(Config\Cache), false)
#7 C:\xampp\htdocs\tokoku\public\index.php(37): CodeIgniter\CodeIgniter->run()
#8 C:\xampp\htdocs\tokoku\system\Commands\Server\rewrite.php(43): require_once('C:\\xampp\\htdocs...')
#9 {main}
CRITICAL - 2022-05-20 18:40:15 --> Attempt to read property "name" on array
#0 C:\xampp\htdocs\tokoku\app\Views\admin\products\products.php(36): CodeIgniter\Debug\Exceptions->errorHandler(2, 'Attempt to read...', 'C:\\xampp\\htdocs...', 36)
#1 C:\xampp\htdocs\tokoku\system\View\View.php(210): include('C:\\xampp\\htdocs...')
#2 C:\xampp\htdocs\tokoku\system\View\View.php(213): CodeIgniter\View\View->CodeIgniter\View\{closure}()
#3 C:\xampp\htdocs\tokoku\system\Common.php(1089): CodeIgniter\View\View->render('admin/products/...', Array, true)
#4 C:\xampp\htdocs\tokoku\app\Controllers\Admin_Products.php(64): view('admin/products/...', Array)
#5 C:\xampp\htdocs\tokoku\system\CodeIgniter.php(832): App\Controllers\Admin_Products->index()
#6 C:\xampp\htdocs\tokoku\system\CodeIgniter.php(419): CodeIgniter\CodeIgniter->runController(Object(App\Controllers\Admin_Products))
#7 C:\xampp\htdocs\tokoku\system\CodeIgniter.php(326): CodeIgniter\CodeIgniter->handleRequest(NULL, Object(Config\Cache), false)
#8 C:\xampp\htdocs\tokoku\public\index.php(37): CodeIgniter\CodeIgniter->run()
#9 C:\xampp\htdocs\tokoku\system\Commands\Server\rewrite.php(43): require_once('C:\\xampp\\htdocs...')
#10 {main}
CRITICAL - 2022-05-20 18:40:17 --> Attempt to read property "name" on array
#0 C:\xampp\htdocs\tokoku\app\Views\admin\products\products.php(36): CodeIgniter\Debug\Exceptions->errorHandler(2, 'Attempt to read...', 'C:\\xampp\\htdocs...', 36)
#1 C:\xampp\htdocs\tokoku\system\View\View.php(210): include('C:\\xampp\\htdocs...')
#2 C:\xampp\htdocs\tokoku\system\View\View.php(213): CodeIgniter\View\View->CodeIgniter\View\{closure}()
#3 C:\xampp\htdocs\tokoku\system\Common.php(1089): CodeIgniter\View\View->render('admin/products/...', Array, true)
#4 C:\xampp\htdocs\tokoku\app\Controllers\Admin_Products.php(64): view('admin/products/...', Array)
#5 C:\xampp\htdocs\tokoku\system\CodeIgniter.php(832): App\Controllers\Admin_Products->index()
#6 C:\xampp\htdocs\tokoku\system\CodeIgniter.php(419): CodeIgniter\CodeIgniter->runController(Object(App\Controllers\Admin_Products))
#7 C:\xampp\htdocs\tokoku\system\CodeIgniter.php(326): CodeIgniter\CodeIgniter->handleRequest(NULL, Object(Config\Cache), false)
#8 C:\xampp\htdocs\tokoku\public\index.php(37): CodeIgniter\CodeIgniter->run()
#9 C:\xampp\htdocs\tokoku\system\Commands\Server\rewrite.php(43): require_once('C:\\xampp\\htdocs...')
#10 {main}
CRITICAL - 2022-05-20 18:40:41 --> Attempt to read property "picture_name" on array
#0 C:\xampp\htdocs\tokoku\app\Views\admin\products\products.php(40): CodeIgniter\Debug\Exceptions->errorHandler(2, 'Attempt to read...', 'C:\\xampp\\htdocs...', 40)
#1 C:\xampp\htdocs\tokoku\system\View\View.php(210): include('C:\\xampp\\htdocs...')
#2 C:\xampp\htdocs\tokoku\system\View\View.php(213): CodeIgniter\View\View->CodeIgniter\View\{closure}()
#3 C:\xampp\htdocs\tokoku\system\Common.php(1089): CodeIgniter\View\View->render('admin/products/...', Array, true)
#4 C:\xampp\htdocs\tokoku\app\Controllers\Admin_Products.php(64): view('admin/products/...', Array)
#5 C:\xampp\htdocs\tokoku\system\CodeIgniter.php(832): App\Controllers\Admin_Products->index()
#6 C:\xampp\htdocs\tokoku\system\CodeIgniter.php(419): CodeIgniter\CodeIgniter->runController(Object(App\Controllers\Admin_Products))
#7 C:\xampp\htdocs\tokoku\system\CodeIgniter.php(326): CodeIgniter\CodeIgniter->handleRequest(NULL, Object(Config\Cache), false)
#8 C:\xampp\htdocs\tokoku\public\index.php(37): CodeIgniter\CodeIgniter->run()
#9 C:\xampp\htdocs\tokoku\system\Commands\Server\rewrite.php(43): require_once('C:\\xampp\\htdocs...')
#10 {main}
CRITICAL - 2022-05-20 18:40:57 --> Undefined variable $title
#0 C:\xampp\htdocs\tokoku\app\Views\admin\header.php(12): CodeIgniter\Debug\Exceptions->errorHandler(2, 'Undefined varia...', 'C:\\xampp\\htdocs...', 12)
#1 C:\xampp\htdocs\tokoku\system\View\View.php(210): include('C:\\xampp\\htdocs...')
#2 C:\xampp\htdocs\tokoku\system\View\View.php(213): CodeIgniter\View\View->CodeIgniter\View\{closure}()
#3 C:\xampp\htdocs\tokoku\system\View\View.php(226): CodeIgniter\View\View->render('admin\\header', Array, true)
#4 C:\xampp\htdocs\tokoku\system\Common.php(1089): CodeIgniter\View\View->render('admin/products/...', Array, true)
#5 C:\xampp\htdocs\tokoku\app\Controllers\Admin_Products.php(64): view('admin/products/...', Array)
#6 C:\xampp\htdocs\tokoku\system\CodeIgniter.php(832): App\Controllers\Admin_Products->index()
#7 C:\xampp\htdocs\tokoku\system\CodeIgniter.php(419): CodeIgniter\CodeIgniter->runController(Object(App\Controllers\Admin_Products))
#8 C:\xampp\htdocs\tokoku\system\CodeIgniter.php(326): CodeIgniter\CodeIgniter->handleRequest(NULL, Object(Config\Cache), false)
#9 C:\xampp\htdocs\tokoku\public\index.php(37): CodeIgniter\CodeIgniter->run()
#10 C:\xampp\htdocs\tokoku\system\Commands\Server\rewrite.php(43): require_once('C:\\xampp\\htdocs...')
#11 {main}
CRITICAL - 2022-05-20 20:12:06 --> Call to undefined method CodeIgniter\Session\Session::flashdata()
#0 C:\xampp\htdocs\tokoku\system\CodeIgniter.php(832): App\Controllers\Admin_Products->view('1')
#1 C:\xampp\htdocs\tokoku\system\CodeIgniter.php(419): CodeIgniter\CodeIgniter->runController(Object(App\Controllers\Admin_Products))
#2 C:\xampp\htdocs\tokoku\system\CodeIgniter.php(326): CodeIgniter\CodeIgniter->handleRequest(NULL, Object(Config\Cache), false)
#3 C:\xampp\htdocs\tokoku\public\index.php(37): CodeIgniter\CodeIgniter->run()
#4 C:\xampp\htdocs\tokoku\system\Commands\Server\rewrite.php(43): require_once('C:\\xampp\\htdocs...')
#5 {main}
