CRITICAL - 2022-05-13 23:22:05 --> Call to undefined function get_theme_uri()
#0 C:\xampp\htdocs\tokoku\system\View\View.php(210): include()
#1 C:\xampp\htdocs\tokoku\system\View\View.php(213): CodeIgniter\View\View->CodeIgniter\View\{closure}()
#2 C:\xampp\htdocs\tokoku\system\Common.php(1089): CodeIgniter\View\View->render('themes\\vegefood...', Array, true)
#3 C:\xampp\htdocs\tokoku\app\Controllers\Home.php(9): view('themes\\vegefood...')
#4 C:\xampp\htdocs\tokoku\system\CodeIgniter.php(832): App\Controllers\Home->index()
#5 C:\xampp\htdocs\tokoku\system\CodeIgniter.php(419): CodeIgniter\CodeIgniter->runController(Object(App\Controllers\Home))
#6 C:\xampp\htdocs\tokoku\system\CodeIgniter.php(326): CodeIgniter\CodeIgniter->handleRequest(NULL, Object(Config\Cache), false)
#7 C:\xampp\htdocs\tokoku\public\index.php(37): CodeIgniter\CodeIgniter->run()
#8 C:\xampp\htdocs\tokoku\system\Commands\Server\rewrite.php(43): require_once('C:\\xampp\\htdocs...')
#9 {main}
CRITICAL - 2022-05-13 23:34:47 --> syntax error, unexpected end of file, expecting "elseif" or "else" or "endif"
#0 C:\xampp\htdocs\tokoku\system\View\View.php(213): CodeIgniter\View\View->CodeIgniter\View\{closure}()
#1 C:\xampp\htdocs\tokoku\system\Common.php(1089): CodeIgniter\View\View->render('themes\\vegefood...', Array, true)
#2 C:\xampp\htdocs\tokoku\app\Controllers\Home.php(9): view('themes\\vegefood...')
#3 C:\xampp\htdocs\tokoku\system\CodeIgniter.php(832): App\Controllers\Home->index()
#4 C:\xampp\htdocs\tokoku\system\CodeIgniter.php(419): CodeIgniter\CodeIgniter->runController(Object(App\Controllers\Home))
#5 C:\xampp\htdocs\tokoku\system\CodeIgniter.php(326): CodeIgniter\CodeIgniter->handleRequest(NULL, Object(Config\Cache), false)
#6 C:\xampp\htdocs\tokoku\public\index.php(37): CodeIgniter\CodeIgniter->run()
#7 C:\xampp\htdocs\tokoku\system\Commands\Server\rewrite.php(43): require_once('C:\\xampp\\htdocs...')
#8 {main}
CRITICAL - 2022-05-13 23:42:27 --> Invalid file: template.php
#0 C:\xampp\htdocs\tokoku\system\View\View.php(198): CodeIgniter\Exceptions\FrameworkException::forInvalidFile('template.php')
#1 C:\xampp\htdocs\tokoku\system\View\View.php(226): CodeIgniter\View\View->render('template', Array, true)
#2 C:\xampp\htdocs\tokoku\system\Common.php(1089): CodeIgniter\View\View->render('themes\\vegefood...', Array, true)
#3 C:\xampp\htdocs\tokoku\app\Controllers\Home.php(9): view('themes\\vegefood...')
#4 C:\xampp\htdocs\tokoku\system\CodeIgniter.php(832): App\Controllers\Home->index()
#5 C:\xampp\htdocs\tokoku\system\CodeIgniter.php(419): CodeIgniter\CodeIgniter->runController(Object(App\Controllers\Home))
#6 C:\xampp\htdocs\tokoku\system\CodeIgniter.php(326): CodeIgniter\CodeIgniter->handleRequest(NULL, Object(Config\Cache), false)
#7 C:\xampp\htdocs\tokoku\public\index.php(37): CodeIgniter\CodeIgniter->run()
#8 C:\xampp\htdocs\tokoku\system\Commands\Server\rewrite.php(43): require_once('C:\\xampp\\htdocs...')
#9 {main}
CRITICAL - 2022-05-13 23:43:21 --> Invalid file: template.php
#0 C:\xampp\htdocs\tokoku\system\View\View.php(198): CodeIgniter\Exceptions\FrameworkException::forInvalidFile('template.php')
#1 C:\xampp\htdocs\tokoku\system\View\View.php(226): CodeIgniter\View\View->render('template.php', Array, true)
#2 C:\xampp\htdocs\tokoku\system\Common.php(1089): CodeIgniter\View\View->render('themes\\vegefood...', Array, true)
#3 C:\xampp\htdocs\tokoku\app\Controllers\Home.php(9): view('themes\\vegefood...')
#4 C:\xampp\htdocs\tokoku\system\CodeIgniter.php(832): App\Controllers\Home->index()
#5 C:\xampp\htdocs\tokoku\system\CodeIgniter.php(419): CodeIgniter\CodeIgniter->runController(Object(App\Controllers\Home))
#6 C:\xampp\htdocs\tokoku\system\CodeIgniter.php(326): CodeIgniter\CodeIgniter->handleRequest(NULL, Object(Config\Cache), false)
#7 C:\xampp\htdocs\tokoku\public\index.php(37): CodeIgniter\CodeIgniter->run()
#8 C:\xampp\htdocs\tokoku\system\Commands\Server\rewrite.php(43): require_once('C:\\xampp\\htdocs...')
#9 {main}
CRITICAL - 2022-05-13 23:45:22 --> Invalid file: template.php
#0 C:\xampp\htdocs\tokoku\system\View\View.php(198): CodeIgniter\Exceptions\FrameworkException::forInvalidFile('template.php')
#1 C:\xampp\htdocs\tokoku\system\View\View.php(226): CodeIgniter\View\View->render('template', Array, true)
#2 C:\xampp\htdocs\tokoku\system\Common.php(1089): CodeIgniter\View\View->render('themes\\vegefood...', Array, true)
#3 C:\xampp\htdocs\tokoku\app\Controllers\Home.php(9): view('themes\\vegefood...')
#4 C:\xampp\htdocs\tokoku\system\CodeIgniter.php(832): App\Controllers\Home->index()
#5 C:\xampp\htdocs\tokoku\system\CodeIgniter.php(419): CodeIgniter\CodeIgniter->runController(Object(App\Controllers\Home))
#6 C:\xampp\htdocs\tokoku\system\CodeIgniter.php(326): CodeIgniter\CodeIgniter->handleRequest(NULL, Object(Config\Cache), false)
#7 C:\xampp\htdocs\tokoku\public\index.php(37): CodeIgniter\CodeIgniter->run()
#8 C:\xampp\htdocs\tokoku\system\Commands\Server\rewrite.php(43): require_once('C:\\xampp\\htdocs...')
#9 {main}
